INFO     04/10 20:18:40   antiSMASH version: 6.0.1
INFO     04/10 20:18:40   diamond using executable: /usr/bin/diamond-aligner (0.9.24)
INFO     04/10 20:18:40   hmmpfam2 using executable: /usr/bin/hmm2pfam (2.3.2)
INFO     04/10 20:18:40   fasttree using executable: /usr/bin/fasttree
INFO     04/10 20:18:40   hmmsearch using executable: /usr/bin/hmmsearch (3.2.1)
INFO     04/10 20:18:40   hmmpress using executable: /usr/bin/hmmpress (3.2.1)
INFO     04/10 20:18:40   hmmscan using executable: /usr/bin/hmmscan (3.2.1)
INFO     04/10 20:18:41   meme using executable: /usr/bin/meme (4.11.2)
INFO     04/10 20:18:41   fimo using executable: /usr/bin/fimo (4.11.2)
INFO     04/10 20:18:41   glimmerhmm using executable: /usr/bin/glimmerhmm
INFO     04/10 20:18:41   prodigal using executable: /usr/bin/prodigal (V2.6.3)
INFO     04/10 20:18:41   muscle using executable: /usr/bin/muscle (v3.8.1551)
INFO     04/10 20:18:41   java using executable: /usr/bin/java (11.0.9)
INFO     04/10 20:18:42   blastp using executable: /usr/bin/blastp (2.8.1+)
INFO     04/10 20:18:42   makeblastdb using executable: /usr/bin/makeblastdb (2.8.1+)
DEBUG    04/10 20:18:42   Checking prerequisites for antismash.detection.genefinding
DEBUG    04/10 20:18:42   Checking prerequisites for antismash.detection.hmm_detection
DEBUG    04/10 20:18:42   Found file '/usr/local/lib/python3.7/dist-packages/antismash/detection/hmm_detection/data/bgc_seeds.hmm'
DEBUG    04/10 20:18:42   Found file '/usr/local/lib/python3.7/dist-packages/antismash/detection/hmm_detection/data/bgc_seeds.hmm.h3f'
DEBUG    04/10 20:18:42   Found file '/usr/local/lib/python3.7/dist-packages/antismash/detection/hmm_detection/data/bgc_seeds.hmm.h3i'
DEBUG    04/10 20:18:42   Found file '/usr/local/lib/python3.7/dist-packages/antismash/detection/hmm_detection/data/bgc_seeds.hmm.h3m'
DEBUG    04/10 20:18:42   Found file '/usr/local/lib/python3.7/dist-packages/antismash/detection/hmm_detection/data/bgc_seeds.hmm.h3p'
DEBUG    04/10 20:18:42   Checking prerequisites for antismash.detection.nrps_pks_domains
DEBUG    04/10 20:18:42   Found file '/usr/local/lib/python3.7/dist-packages/antismash/detection/nrps_pks_domains/data/abmotifs.hmm.h3f'
DEBUG    04/10 20:18:42   Found file '/usr/local/lib/python3.7/dist-packages/antismash/detection/nrps_pks_domains/data/abmotifs.hmm.h3i'
DEBUG    04/10 20:18:42   Found file '/usr/local/lib/python3.7/dist-packages/antismash/detection/nrps_pks_domains/data/abmotifs.hmm.h3m'
DEBUG    04/10 20:18:42   Found file '/usr/local/lib/python3.7/dist-packages/antismash/detection/nrps_pks_domains/data/abmotifs.hmm.h3p'
DEBUG    04/10 20:18:42   Found file '/usr/local/lib/python3.7/dist-packages/antismash/detection/nrps_pks_domains/data/dockingdomains.hmm.h3f'
DEBUG    04/10 20:18:42   Found file '/usr/local/lib/python3.7/dist-packages/antismash/detection/nrps_pks_domains/data/dockingdomains.hmm.h3i'
DEBUG    04/10 20:18:42   Found file '/usr/local/lib/python3.7/dist-packages/antismash/detection/nrps_pks_domains/data/dockingdomains.hmm.h3m'
DEBUG    04/10 20:18:42   Found file '/usr/local/lib/python3.7/dist-packages/antismash/detection/nrps_pks_domains/data/dockingdomains.hmm.h3p'
DEBUG    04/10 20:18:42   Found file '/usr/local/lib/python3.7/dist-packages/antismash/detection/nrps_pks_domains/data/ksdomains.hmm.h3f'
DEBUG    04/10 20:18:42   Found file '/usr/local/lib/python3.7/dist-packages/antismash/detection/nrps_pks_domains/data/ksdomains.hmm.h3i'
DEBUG    04/10 20:18:42   Found file '/usr/local/lib/python3.7/dist-packages/antismash/detection/nrps_pks_domains/data/ksdomains.hmm.h3m'
DEBUG    04/10 20:18:42   Found file '/usr/local/lib/python3.7/dist-packages/antismash/detection/nrps_pks_domains/data/ksdomains.hmm.h3p'
DEBUG    04/10 20:18:42   Found file '/usr/local/lib/python3.7/dist-packages/antismash/detection/nrps_pks_domains/data/nrpspksdomains.hmm.h3f'
DEBUG    04/10 20:18:42   Found file '/usr/local/lib/python3.7/dist-packages/antismash/detection/nrps_pks_domains/data/nrpspksdomains.hmm.h3i'
DEBUG    04/10 20:18:42   Found file '/usr/local/lib/python3.7/dist-packages/antismash/detection/nrps_pks_domains/data/nrpspksdomains.hmm.h3m'
DEBUG    04/10 20:18:42   Found file '/usr/local/lib/python3.7/dist-packages/antismash/detection/nrps_pks_domains/data/nrpspksdomains.hmm.h3p'
DEBUG    04/10 20:18:42   Checking prerequisites for antismash.detection.cluster_hmmer
DEBUG    04/10 20:18:42   Found file '/databases/pfam/32.0/Pfam-A.hmm'
DEBUG    04/10 20:18:42   Found file '/databases/pfam/32.0/Pfam-A.hmm.h3f'
DEBUG    04/10 20:18:42   Found file '/databases/pfam/32.0/Pfam-A.hmm.h3i'
DEBUG    04/10 20:18:42   Found file '/databases/pfam/32.0/Pfam-A.hmm.h3m'
DEBUG    04/10 20:18:42   Found file '/databases/pfam/32.0/Pfam-A.hmm.h3p'
DEBUG    04/10 20:18:42   Checking prerequisites for antismash.detection.genefunctions
DEBUG    04/10 20:18:42   Found file '/databases/resfam/Resfams.hmm'
DEBUG    04/10 20:18:42   Found file '/usr/local/lib/python3.7/dist-packages/antismash/detection/genefunctions/data/smcogs.hmm.h3f'
DEBUG    04/10 20:18:42   Found file '/usr/local/lib/python3.7/dist-packages/antismash/detection/genefunctions/data/smcogs.hmm.h3i'
DEBUG    04/10 20:18:42   Found file '/usr/local/lib/python3.7/dist-packages/antismash/detection/genefunctions/data/smcogs.hmm.h3m'
DEBUG    04/10 20:18:42   Found file '/usr/local/lib/python3.7/dist-packages/antismash/detection/genefunctions/data/smcogs.hmm.h3p'
DEBUG    04/10 20:18:42   Checking prerequisites for antismash.detection.tigrfam
DEBUG    04/10 20:18:42   Found file '/databases/tigrfam/TIGRFam.hmm'
DEBUG    04/10 20:18:42   Found file '/databases/tigrfam/TIGRFam.hmm.h3f'
DEBUG    04/10 20:18:42   Found file '/databases/tigrfam/TIGRFam.hmm.h3i'
DEBUG    04/10 20:18:42   Found file '/databases/tigrfam/TIGRFam.hmm.h3m'
DEBUG    04/10 20:18:42   Found file '/databases/tigrfam/TIGRFam.hmm.h3p'
DEBUG    04/10 20:18:42   Checking prerequisites for antismash.modules.tta
DEBUG    04/10 20:18:42   Checking prerequisites for antismash.modules.lanthipeptides
DEBUG    04/10 20:18:42   missing cached SVM classifiers, rebuilding
DEBUG    04/10 20:18:42   Checking prerequisites for antismash.modules.thiopeptides
DEBUG    04/10 20:18:42   Checking prerequisites for antismash.modules.nrps_pks
DEBUG    04/10 20:18:42   Checking prerequisites for antismash.modules.clusterblast
DEBUG    04/10 20:18:42   Found file '/usr/local/lib/python3.7/dist-packages/antismash/modules/clusterblast/data/known/clusters.txt'
DEBUG    04/10 20:18:42   Found file '/usr/local/lib/python3.7/dist-packages/antismash/modules/clusterblast/data/known/proteins.fasta'
DEBUG    04/10 20:18:42   Found file '/usr/local/lib/python3.7/dist-packages/antismash/modules/clusterblast/data/known/proteins.dmnd'
DEBUG    04/10 20:18:42   Found file '/usr/local/lib/python3.7/dist-packages/antismash/modules/clusterblast/data/known/proteins.dmnd'
DEBUG    04/10 20:18:42   Found file '/databases/clusterblast/clusters.txt'
DEBUG    04/10 20:18:42   Found file '/databases/clusterblast/proteins.fasta'
DEBUG    04/10 20:18:42   Found file '/databases/clusterblast/proteins.dmnd'
DEBUG    04/10 20:18:42   Found file '/databases/clusterblast/proteins.dmnd'
DEBUG    04/10 20:18:42   Found file '/usr/local/lib/python3.7/dist-packages/antismash/modules/clusterblast/data/sub/proteins.fasta'
DEBUG    04/10 20:18:42   Found file '/usr/local/lib/python3.7/dist-packages/antismash/modules/clusterblast/data/sub/proteins.fasta.phr'
DEBUG    04/10 20:18:42   Found file '/usr/local/lib/python3.7/dist-packages/antismash/modules/clusterblast/data/sub/proteins.fasta.pin'
DEBUG    04/10 20:18:42   Found file '/usr/local/lib/python3.7/dist-packages/antismash/modules/clusterblast/data/sub/proteins.fasta.psq'
DEBUG    04/10 20:18:42   Found file '/usr/local/lib/python3.7/dist-packages/antismash/modules/clusterblast/data/sub/clusters.txt'
DEBUG    04/10 20:18:42   Checking prerequisites for antismash.modules.sactipeptides
DEBUG    04/10 20:18:42   Checking prerequisites for antismash.modules.lassopeptides
DEBUG    04/10 20:18:42   Checking prerequisites for antismash.modules.active_site_finder
DEBUG    04/10 20:18:42   Found file '/usr/local/lib/python3.7/dist-packages/antismash/modules/active_site_finder/data/PKSI-KR.hmm2'
DEBUG    04/10 20:18:42   Found file '/usr/local/lib/python3.7/dist-packages/antismash/modules/active_site_finder/data/PKSI-KS_N.hmm2'
DEBUG    04/10 20:18:42   Found file '/usr/local/lib/python3.7/dist-packages/antismash/modules/active_site_finder/data/PKSI-KS_C.hmm2'
DEBUG    04/10 20:18:42   Found file '/usr/local/lib/python3.7/dist-packages/antismash/modules/active_site_finder/data/PKSI-AT.hmm2'
DEBUG    04/10 20:18:42   Found file '/usr/local/lib/python3.7/dist-packages/antismash/modules/active_site_finder/data/PKSI-ACP.hmm2'
DEBUG    04/10 20:18:42   Found file '/usr/local/lib/python3.7/dist-packages/antismash/modules/active_site_finder/data/PKSI-DH.hmm2'
DEBUG    04/10 20:18:42   Found file '/usr/local/lib/python3.7/dist-packages/antismash/modules/active_site_finder/data/Thioesterase.hmm2'
DEBUG    04/10 20:18:42   Found file '/usr/local/lib/python3.7/dist-packages/antismash/modules/active_site_finder/data/PKSI-ER.hmm2'
DEBUG    04/10 20:18:42   Found file '/usr/local/lib/python3.7/dist-packages/antismash/modules/active_site_finder/data/p450.hmm2'
DEBUG    04/10 20:18:42   Checking prerequisites for antismash.modules.pfam2go
DEBUG    04/10 20:18:42   Found file '/usr/local/lib/python3.7/dist-packages/antismash/modules/pfam2go/data/pfam2go.txt'
DEBUG    04/10 20:18:42   Checking prerequisites for antismash.modules.t2pks
DEBUG    04/10 20:18:42   Found file '/usr/local/lib/python3.7/dist-packages/antismash/modules/t2pks/data/KSIII.fasta'
DEBUG    04/10 20:18:42   Found file '/usr/local/lib/python3.7/dist-packages/antismash/modules/t2pks/data/KSIII.phr'
DEBUG    04/10 20:18:42   Found file '/usr/local/lib/python3.7/dist-packages/antismash/modules/t2pks/data/KSIII.pin'
DEBUG    04/10 20:18:42   Found file '/usr/local/lib/python3.7/dist-packages/antismash/modules/t2pks/data/KSIII.psq'
DEBUG    04/10 20:18:42   Found file '/usr/local/lib/python3.7/dist-packages/antismash/modules/t2pks/data/AT.fasta'
DEBUG    04/10 20:18:42   Found file '/usr/local/lib/python3.7/dist-packages/antismash/modules/t2pks/data/AT.phr'
DEBUG    04/10 20:18:42   Found file '/usr/local/lib/python3.7/dist-packages/antismash/modules/t2pks/data/AT.pin'
DEBUG    04/10 20:18:42   Found file '/usr/local/lib/python3.7/dist-packages/antismash/modules/t2pks/data/AT.psq'
DEBUG    04/10 20:18:42   Found file '/usr/local/lib/python3.7/dist-packages/antismash/modules/t2pks/data/LIG.fasta'
DEBUG    04/10 20:18:42   Found file '/usr/local/lib/python3.7/dist-packages/antismash/modules/t2pks/data/LIG.phr'
DEBUG    04/10 20:18:42   Found file '/usr/local/lib/python3.7/dist-packages/antismash/modules/t2pks/data/LIG.pin'
DEBUG    04/10 20:18:42   Found file '/usr/local/lib/python3.7/dist-packages/antismash/modules/t2pks/data/LIG.psq'
DEBUG    04/10 20:18:42   Found file '/usr/local/lib/python3.7/dist-packages/antismash/modules/t2pks/data/t2pks.hmm.h3f'
DEBUG    04/10 20:18:42   Found file '/usr/local/lib/python3.7/dist-packages/antismash/modules/t2pks/data/t2pks.hmm.h3i'
DEBUG    04/10 20:18:42   Found file '/usr/local/lib/python3.7/dist-packages/antismash/modules/t2pks/data/t2pks.hmm.h3m'
DEBUG    04/10 20:18:42   Found file '/usr/local/lib/python3.7/dist-packages/antismash/modules/t2pks/data/t2pks.hmm.h3p'
DEBUG    04/10 20:18:42   Checking prerequisites for antismash.modules.rrefinder
DEBUG    04/10 20:18:42   Found file '/usr/local/lib/python3.7/dist-packages/antismash/modules/rrefinder/data/RREFam.hmm.h3f'
DEBUG    04/10 20:18:42   Found file '/usr/local/lib/python3.7/dist-packages/antismash/modules/rrefinder/data/RREFam.hmm.h3i'
DEBUG    04/10 20:18:42   Found file '/usr/local/lib/python3.7/dist-packages/antismash/modules/rrefinder/data/RREFam.hmm.h3m'
DEBUG    04/10 20:18:42   Found file '/usr/local/lib/python3.7/dist-packages/antismash/modules/rrefinder/data/RREFam.hmm.h3p'
DEBUG    04/10 20:18:42   Checking prerequisites for antismash.modules.cluster_compare
DEBUG    04/10 20:18:42   Found file '/databases/clustercompare/mibig/data.json'
DEBUG    04/10 20:18:42   Found file '/databases/clustercompare/mibig/proteins.fasta'
DEBUG    04/10 20:18:42   Found file '/databases/clustercompare/mibig/proteins.dmnd'
DEBUG    04/10 20:18:42   Found file '/databases/clustercompare/mibig/proteins.dmnd'
DEBUG    04/10 20:18:42   Checking prerequisites for antismash.outputs.html
DEBUG    04/10 20:18:42   Found file '/usr/local/lib/python3.7/dist-packages/antismash/outputs/html/css/bacteria.css'
DEBUG    04/10 20:18:42   Found file '/usr/local/lib/python3.7/dist-packages/antismash/outputs/html/css/fungi.css'
DEBUG    04/10 20:18:42   Found file '/usr/local/lib/python3.7/dist-packages/antismash/outputs/html/css/plants.css'
DEBUG    04/10 20:18:42   Checking options for antismash.detection.genefinding
DEBUG    04/10 20:18:42   Checking options for antismash.detection.hmm_detection
DEBUG    04/10 20:18:42   Checking options for antismash.detection.nrps_pks_domains
DEBUG    04/10 20:18:42   Checking options for antismash.detection.cluster_hmmer
DEBUG    04/10 20:18:42   Found file '/databases/pfam/32.0/Pfam-A.hmm'
DEBUG    04/10 20:18:42   Found file '/databases/pfam/32.0/Pfam-A.hmm.h3f'
DEBUG    04/10 20:18:42   Found file '/databases/pfam/32.0/Pfam-A.hmm.h3i'
DEBUG    04/10 20:18:42   Found file '/databases/pfam/32.0/Pfam-A.hmm.h3m'
DEBUG    04/10 20:18:42   Found file '/databases/pfam/32.0/Pfam-A.hmm.h3p'
DEBUG    04/10 20:18:42   Checking options for antismash.detection.genefunctions
DEBUG    04/10 20:18:42   Checking options for antismash.detection.tigrfam
DEBUG    04/10 20:18:42   Checking options for antismash.modules.tta
DEBUG    04/10 20:18:42   Checking options for antismash.modules.lanthipeptides
DEBUG    04/10 20:18:42   Checking options for antismash.modules.thiopeptides
DEBUG    04/10 20:18:42   Checking options for antismash.modules.nrps_pks
DEBUG    04/10 20:18:42   Checking options for antismash.modules.clusterblast
DEBUG    04/10 20:18:42   Checking options for antismash.modules.sactipeptides
DEBUG    04/10 20:18:42   Checking options for antismash.modules.lassopeptides
DEBUG    04/10 20:18:42   Checking options for antismash.modules.active_site_finder
DEBUG    04/10 20:18:42   Checking options for antismash.modules.pfam2go
DEBUG    04/10 20:18:42   Checking options for antismash.modules.t2pks
DEBUG    04/10 20:18:42   Checking options for antismash.modules.rrefinder
DEBUG    04/10 20:18:42   Checking options for antismash.modules.cluster_compare
DEBUG    04/10 20:18:42   Checking options for antismash.outputs.html
INFO     04/10 20:18:42   Parsing input sequence '/input/6666666.563199.gbk'
DEBUG    04/10 20:18:44   Stripping antiSMASH features and annotations from record: tig00000001
DEBUG    04/10 20:18:44   Converting records from biopython to secmet
DEBUG    04/10 20:18:45   Removing existing region genbank files
DEBUG    04/10 20:18:45   Reusing output directory: /data/antismash/upload/bacteria-d6dcc2af-a919-48e0-ab18-8f1a43f310b5
DEBUG    04/10 20:18:45   Preprocessing 1 sequences
DEBUG    04/10 20:18:45   Sanitising record ids and sequences
DEBUG    04/10 20:18:48   Removing sequences smaller than 1000 bases
DEBUG    04/10 20:18:48   Ensuring records have CDS features with all required information
INFO     04/10 20:18:51   Analysing record: tig00000001
DEBUG    04/10 20:18:51   Checking if antismash.detection.full_hmmer should be run
INFO     04/10 20:18:51   Detecting secondary metabolite clusters
DEBUG    04/10 20:18:51   Checking if antismash.detection.sideloader should be run
DEBUG    04/10 20:18:51   Checking if antismash.detection.hmm_detection should be run
INFO     04/10 20:18:51   Running antismash.detection.hmm_detection
INFO     04/10 20:18:51   HMM detection using strictness: relaxed
DEBUG    04/10 20:19:12   21 rule-based cluster(s) found in record
DEBUG    04/10 20:19:12   Checking if antismash.detection.cassis should be run
DEBUG    04/10 20:19:12   21 protoclusters found
DEBUG    04/10 20:19:12   0 subregions found
INFO     04/10 20:19:12   15 region(s) detected in record
DEBUG    04/10 20:19:12   Checking if antismash.detection.nrps_pks_domains should be run
INFO     04/10 20:19:12   Running antismash.detection.nrps_pks_domains
DEBUG    04/10 20:19:12   Marking NRPS/PKS CDS features and domains in clusters
DEBUG    04/10 20:19:17   Adding detection results from antismash.detection.nrps_pks_domains to record
DEBUG    04/10 20:19:17   Checking if antismash.detection.cluster_hmmer should be run
INFO     04/10 20:19:17   Running antismash.detection.cluster_hmmer
INFO     04/10 20:19:17   Running cluster PFAM search
DEBUG    04/10 20:23:34   Building mapping for pHMM database Pfam-A.hmm
DEBUG    04/10 20:23:42   Building mapping for HMMer database /databases/pfam/32.0/Pfam-A.hmm
DEBUG    04/10 20:23:50   Adding detection results from antismash.detection.cluster_hmmer to record
DEBUG    04/10 20:23:50   Checking if antismash.detection.genefunctions should be run
INFO     04/10 20:23:50   Running antismash.detection.genefunctions
DEBUG    04/10 20:24:07   Adding detection results from antismash.detection.genefunctions to record
DEBUG    04/10 20:24:07   annotating CDS features with resist info: 0 CDSes
DEBUG    04/10 20:24:07   annotating CDS features with smcogs info: 97 CDSes
DEBUG    04/10 20:24:07   Checking if antismash.detection.tigrfam should be run
INFO     04/10 20:24:07   Running antismash.detection.tigrfam
INFO     04/10 20:24:07   Running TIGRFam search
DEBUG    04/10 20:25:27   Building mapping for pHMM database TIGRFam.hmm
DEBUG    04/10 20:25:29   Adding detection results from antismash.detection.tigrfam to record
DEBUG    04/10 20:25:29   Checking if antismash.modules.smcog_trees should be run
DEBUG    04/10 20:25:29   Checking if antismash.modules.tta should be run
INFO     04/10 20:25:29   Running antismash.modules.tta
INFO     04/10 20:25:29   Detecting TTA codons
DEBUG    04/10 20:25:29   GC content: 73%
DEBUG    04/10 20:25:29   Detected 14 TTA codons
DEBUG    04/10 20:25:29   Checking if antismash.modules.lanthipeptides should be run
INFO     04/10 20:25:29   Running antismash.modules.lanthipeptides
DEBUG    04/10 20:25:31   Lanthipeptide module marked 0 motifs
DEBUG    04/10 20:25:31   Checking if antismash.modules.thiopeptides should be run
INFO     04/10 20:25:31   Running antismash.modules.thiopeptides
DEBUG    04/10 20:25:38   Thiopeptides marked 0 motifs
DEBUG    04/10 20:25:38   Checking if antismash.modules.nrps_pks should be run
INFO     04/10 20:25:38   Running antismash.modules.nrps_pks
INFO     04/10 20:25:38   Predicting A domain substrate specificities with NRPSPredictor2
INFO     04/10 20:25:43   Predicting CAL domain substrate specificities by Minowa et al. method
INFO     04/10 20:25:43   Predicting PKS KR activity and stereochemistry using KR fingerprints from Starcevic et al.
DEBUG    04/10 20:25:46   missing NH2 from SMILES parts for domain nrpspksdomains_cds3396477_3397446_CAL_domain.1
DEBUG    04/10 20:25:46   CandidateCluster 4 monomer ordering method: colinear
DEBUG    04/10 20:25:46   CandidateCluster 9 monomer ordering method: colinear
DEBUG    04/10 20:25:46   CandidateCluster 11 monomer ordering method: colinear
DEBUG    04/10 20:25:46   CandidateCluster 12 monomer ordering method: colinear
DEBUG    04/10 20:25:46   CandidateCluster 13 monomer ordering method: colinear
DEBUG    04/10 20:25:46   CandidateCluster 14 monomer ordering method: colinear
DEBUG    04/10 20:25:46   CandidateCluster 19 monomer ordering method: colinear
DEBUG    04/10 20:25:46   Checking if antismash.modules.clusterblast should be run
INFO     04/10 20:25:46   Running antismash.modules.clusterblast
INFO     04/10 20:25:46   Finding internal homologs in each gene cluster...
INFO     04/10 20:25:52   Running ClusterBlast
INFO     04/10 20:25:52   ClusterBlast: Loading gene cluster database into memory...
INFO     04/10 20:25:55   ClusterBlast: Loading gene cluster database proteins into memory...
INFO     04/10 20:26:14   Comparing regions to reference database
INFO     04/10 20:26:47   Running subcluster search
INFO     04/10 20:26:47   SubClusterBlast: Loading gene cluster database into memory...
INFO     04/10 20:26:47   SubClusterBlast: Loading gene cluster database proteins into memory...
INFO     04/10 20:27:08   Running known cluster search
INFO     04/10 20:27:08   KnownClusterBlast: Loading gene cluster database into memory...
INFO     04/10 20:27:10   KnownClusterBlast: Loading gene cluster database proteins into memory...
DEBUG    04/10 20:27:10   Running DIAMOND knowncluster searches..
INFO     04/10 20:27:10   Comparing regions to reference database
DEBUG    04/10 20:27:15   Checking if antismash.modules.sactipeptides should be run
INFO     04/10 20:27:15   Running antismash.modules.sactipeptides
DEBUG    04/10 20:27:15   Found no sactipeptide motifs
DEBUG    04/10 20:27:15   Checking if antismash.modules.lassopeptides should be run
INFO     04/10 20:27:15   Running antismash.modules.lassopeptides
DEBUG    04/10 20:27:15   Lassopeptide module marked 0 motifs
DEBUG    04/10 20:27:15   Checking if antismash.modules.active_site_finder should be run
INFO     04/10 20:27:15   Running antismash.modules.active_site_finder
DEBUG    04/10 20:27:16   Checking if antismash.modules.pfam2go should be run
INFO     04/10 20:27:16   Running antismash.modules.pfam2go
DEBUG    04/10 20:27:16   Checking if antismash.modules.t2pks should be run
INFO     04/10 20:27:16   Running antismash.modules.t2pks
DEBUG    04/10 20:27:16   No type II PKS clusters to analyze
DEBUG    04/10 20:27:16   Checking if antismash.modules.rrefinder should be run
INFO     04/10 20:27:16   Running antismash.modules.rrefinder
DEBUG    04/10 20:27:17   Building mapping for pHMM database RREFam.hmm
DEBUG    04/10 20:27:17   Checking if antismash.modules.cluster_compare should be run
INFO     04/10 20:27:17   Running antismash.modules.cluster_compare
DEBUG    04/10 20:27:17   Loading comparison database: MIBiG
DEBUG    04/10 20:27:18   Comparison database loaded
INFO     04/10 20:27:18   Comparing regions to reference database
DEBUG    04/10 20:27:22   Writing json results to '/data/antismash/upload/bacteria-d6dcc2af-a919-48e0-ab18-8f1a43f310b5/6666666.563199.json'
DEBUG    04/10 20:27:22   Record tig00000001 has results for modules: hmm_detection, nrps_pks_domains, cluster_hmmer, genefunctions, tigrfam, tta, lanthipeptides, thiopeptides, nrps_pks, clusterblast, sactipeptides, lassopeptides, active_site_finder, pfam2go, t2pks, rrefinder, cluster_compare
DEBUG    04/10 20:27:22   Converting antismash.detection.hmm_detection results to json
DEBUG    04/10 20:27:22   Converting antismash.detection.nrps_pks_domains results to json
DEBUG    04/10 20:27:22   Converting antismash.detection.cluster_hmmer results to json
DEBUG    04/10 20:27:22   Converting antismash.detection.genefunctions results to json
DEBUG    04/10 20:27:22   Converting antismash.detection.tigrfam results to json
DEBUG    04/10 20:27:22   Converting antismash.modules.tta results to json
DEBUG    04/10 20:27:22   Converting antismash.modules.lanthipeptides results to json
DEBUG    04/10 20:27:22   Converting antismash.modules.thiopeptides results to json
DEBUG    04/10 20:27:22   Converting antismash.modules.nrps_pks results to json
DEBUG    04/10 20:27:22   Converting antismash.modules.clusterblast results to json
DEBUG    04/10 20:27:22   Converting antismash.modules.sactipeptides results to json
DEBUG    04/10 20:27:22   Converting antismash.modules.lassopeptides results to json
DEBUG    04/10 20:27:22   Converting antismash.modules.active_site_finder results to json
DEBUG    04/10 20:27:22   Converting antismash.modules.pfam2go results to json
DEBUG    04/10 20:27:22   Converting antismash.modules.t2pks results to json
DEBUG    04/10 20:27:22   Converting antismash.modules.rrefinder results to json
DEBUG    04/10 20:27:22   Converting antismash.modules.cluster_compare results to json
DEBUG    04/10 20:27:23   Annotating record tig00000001 with results from: hmm_detection, nrps_pks_domains, cluster_hmmer, genefunctions, tigrfam, tta, lanthipeptides, thiopeptides, nrps_pks, clusterblast, sactipeptides, lassopeptides, active_site_finder, pfam2go, t2pks, rrefinder, cluster_compare
DEBUG    04/10 20:27:23    Adding results from antismash.modules.tta
DEBUG    04/10 20:27:23    Adding results from antismash.modules.lanthipeptides
DEBUG    04/10 20:27:23    Adding results from antismash.modules.thiopeptides
DEBUG    04/10 20:27:23    Adding results from antismash.modules.nrps_pks
DEBUG    04/10 20:27:23    Adding results from antismash.modules.clusterblast
DEBUG    04/10 20:27:23    Adding results from antismash.modules.sactipeptides
DEBUG    04/10 20:27:23    Adding results from antismash.modules.lassopeptides
DEBUG    04/10 20:27:23    Adding results from antismash.modules.active_site_finder
DEBUG    04/10 20:27:23    Adding results from antismash.modules.pfam2go
DEBUG    04/10 20:27:23    Adding results from antismash.modules.t2pks
DEBUG    04/10 20:27:23    Adding results from antismash.modules.rrefinder
DEBUG    04/10 20:27:23    Adding results from antismash.modules.cluster_compare
DEBUG    04/10 20:27:23   Creating results page
DEBUG    04/10 20:27:46   Creating results SVGs
DEBUG    04/10 20:27:46   Writing seq_records SVGs to '/data/antismash/upload/bacteria-d6dcc2af-a919-48e0-ab18-8f1a43f310b5/svg'
DEBUG    04/10 20:27:49   Writing cluster-specific genbank files
DEBUG    04/10 20:27:49   Writing final genbank file to '/data/antismash/upload/bacteria-d6dcc2af-a919-48e0-ab18-8f1a43f310b5/6666666.563199.gbk'
DEBUG    04/10 20:27:51   Zipping output to '/data/antismash/upload/bacteria-d6dcc2af-a919-48e0-ab18-8f1a43f310b5/6666666.563199.zip'
