INFO     23/10 20:01:19   antiSMASH version: 5.2.0
INFO     23/10 20:01:19   hmmpress using executable: /usr/bin/hmmpress (3.1b2)
INFO     23/10 20:01:19   hmmsearch using executable: /usr/bin/hmmsearch (3.1b2)
INFO     23/10 20:01:19   java using executable: /usr/bin/java (1.8.0_232)
INFO     23/10 20:01:19   meme using executable: /usr/bin/meme (4.11.2)
INFO     23/10 20:01:19   glimmerhmm using executable: /usr/bin/glimmerhmm
INFO     23/10 20:01:19   muscle using executable: /usr/bin/muscle (v3.8.31)
INFO     23/10 20:01:19   fasttree using executable: /usr/bin/fasttree
INFO     23/10 20:01:19   hmmscan using executable: /usr/bin/hmmscan (3.1b2)
INFO     23/10 20:01:19   blastp using executable: /usr/bin/blastp (2.6.0+)
INFO     23/10 20:01:19   fimo using executable: /usr/bin/fimo (4.11.2)
INFO     23/10 20:01:19   prodigal using executable: /usr/bin/prodigal (V2.6.3)
INFO     23/10 20:01:19   makeblastdb using executable: /usr/bin/makeblastdb (2.6.0+)
INFO     23/10 20:01:19   hmmpfam2 using executable: /usr/bin/hmm2pfam (2.3.2)
INFO     23/10 20:01:19   diamond using executable: /usr/bin/diamond-aligner (0.9.24)
DEBUG    23/10 20:01:19   Checking prerequisites for antismash.detection.genefinding
DEBUG    23/10 20:01:19   Checking prerequisites for antismash.detection.hmm_detection
DEBUG    23/10 20:01:19   Found file '/usr/local/lib/python3.5/dist-packages/antismash/detection/hmm_detection/data/bgc_seeds.hmm'
DEBUG    23/10 20:01:19   Found file '/usr/local/lib/python3.5/dist-packages/antismash/detection/hmm_detection/data/bgc_seeds.hmm.h3f'
DEBUG    23/10 20:01:19   Found file '/usr/local/lib/python3.5/dist-packages/antismash/detection/hmm_detection/data/bgc_seeds.hmm.h3i'
DEBUG    23/10 20:01:19   Found file '/usr/local/lib/python3.5/dist-packages/antismash/detection/hmm_detection/data/bgc_seeds.hmm.h3m'
DEBUG    23/10 20:01:19   Found file '/usr/local/lib/python3.5/dist-packages/antismash/detection/hmm_detection/data/bgc_seeds.hmm.h3p'
DEBUG    23/10 20:01:19   Checking prerequisites for antismash.detection.nrps_pks_domains
DEBUG    23/10 20:01:19   Found file '/usr/local/lib/python3.5/dist-packages/antismash/detection/nrps_pks_domains/data/abmotifs.hmm.h3f'
DEBUG    23/10 20:01:19   Found file '/usr/local/lib/python3.5/dist-packages/antismash/detection/nrps_pks_domains/data/abmotifs.hmm.h3i'
DEBUG    23/10 20:01:19   Found file '/usr/local/lib/python3.5/dist-packages/antismash/detection/nrps_pks_domains/data/abmotifs.hmm.h3m'
DEBUG    23/10 20:01:19   Found file '/usr/local/lib/python3.5/dist-packages/antismash/detection/nrps_pks_domains/data/abmotifs.hmm.h3p'
DEBUG    23/10 20:01:19   Found file '/usr/local/lib/python3.5/dist-packages/antismash/detection/nrps_pks_domains/data/dockingdomains.hmm.h3f'
DEBUG    23/10 20:01:19   Found file '/usr/local/lib/python3.5/dist-packages/antismash/detection/nrps_pks_domains/data/dockingdomains.hmm.h3i'
DEBUG    23/10 20:01:19   Found file '/usr/local/lib/python3.5/dist-packages/antismash/detection/nrps_pks_domains/data/dockingdomains.hmm.h3m'
DEBUG    23/10 20:01:19   Found file '/usr/local/lib/python3.5/dist-packages/antismash/detection/nrps_pks_domains/data/dockingdomains.hmm.h3p'
DEBUG    23/10 20:01:19   Found file '/usr/local/lib/python3.5/dist-packages/antismash/detection/nrps_pks_domains/data/ksdomains.hmm.h3f'
DEBUG    23/10 20:01:19   Found file '/usr/local/lib/python3.5/dist-packages/antismash/detection/nrps_pks_domains/data/ksdomains.hmm.h3i'
DEBUG    23/10 20:01:19   Found file '/usr/local/lib/python3.5/dist-packages/antismash/detection/nrps_pks_domains/data/ksdomains.hmm.h3m'
DEBUG    23/10 20:01:19   Found file '/usr/local/lib/python3.5/dist-packages/antismash/detection/nrps_pks_domains/data/ksdomains.hmm.h3p'
DEBUG    23/10 20:01:19   Found file '/usr/local/lib/python3.5/dist-packages/antismash/detection/nrps_pks_domains/data/nrpspksdomains.hmm.h3f'
DEBUG    23/10 20:01:19   Found file '/usr/local/lib/python3.5/dist-packages/antismash/detection/nrps_pks_domains/data/nrpspksdomains.hmm.h3i'
DEBUG    23/10 20:01:19   Found file '/usr/local/lib/python3.5/dist-packages/antismash/detection/nrps_pks_domains/data/nrpspksdomains.hmm.h3m'
DEBUG    23/10 20:01:19   Found file '/usr/local/lib/python3.5/dist-packages/antismash/detection/nrps_pks_domains/data/nrpspksdomains.hmm.h3p'
DEBUG    23/10 20:01:19   Checking prerequisites for antismash.detection.cluster_hmmer
DEBUG    23/10 20:01:19   Found file '/databases/pfam/32.0/Pfam-A.hmm'
DEBUG    23/10 20:01:19   Found file '/databases/pfam/32.0/Pfam-A.hmm.h3f'
DEBUG    23/10 20:01:19   Found file '/databases/pfam/32.0/Pfam-A.hmm.h3i'
DEBUG    23/10 20:01:19   Found file '/databases/pfam/32.0/Pfam-A.hmm.h3m'
DEBUG    23/10 20:01:19   Found file '/databases/pfam/32.0/Pfam-A.hmm.h3p'
DEBUG    23/10 20:01:19   Checking prerequisites for antismash.detection.genefunctions
DEBUG    23/10 20:01:19   Found file '/databases/resfam/Resfams.hmm'
DEBUG    23/10 20:01:19   Found file '/usr/local/lib/python3.5/dist-packages/antismash/detection/genefunctions/data/smcogs.hmm.h3f'
DEBUG    23/10 20:01:19   Found file '/usr/local/lib/python3.5/dist-packages/antismash/detection/genefunctions/data/smcogs.hmm.h3i'
DEBUG    23/10 20:01:19   Found file '/usr/local/lib/python3.5/dist-packages/antismash/detection/genefunctions/data/smcogs.hmm.h3m'
DEBUG    23/10 20:01:19   Found file '/usr/local/lib/python3.5/dist-packages/antismash/detection/genefunctions/data/smcogs.hmm.h3p'
DEBUG    23/10 20:01:19   Checking prerequisites for antismash.modules.tta
DEBUG    23/10 20:01:19   Checking prerequisites for antismash.modules.lanthipeptides
DEBUG    23/10 20:01:19   missing cached SVM classifiers, rebuilding
DEBUG    23/10 20:01:19   Checking prerequisites for antismash.modules.thiopeptides
DEBUG    23/10 20:01:19   Checking prerequisites for antismash.modules.nrps_pks
DEBUG    23/10 20:01:19   Checking prerequisites for antismash.modules.clusterblast
DEBUG    23/10 20:01:19   Found file '/usr/local/lib/python3.5/dist-packages/antismash/modules/clusterblast/data/known/clusters.txt'
DEBUG    23/10 20:01:19   Found file '/usr/local/lib/python3.5/dist-packages/antismash/modules/clusterblast/data/known/proteins.fasta'
DEBUG    23/10 20:01:19   Found file '/usr/local/lib/python3.5/dist-packages/antismash/modules/clusterblast/data/known/proteins.dmnd'
DEBUG    23/10 20:01:19   Found file '/usr/local/lib/python3.5/dist-packages/antismash/modules/clusterblast/data/known/proteins.dmnd'
DEBUG    23/10 20:01:19   Found file '/databases/clusterblast/clusters.txt'
DEBUG    23/10 20:01:19   Found file '/databases/clusterblast/proteins.fasta'
DEBUG    23/10 20:01:19   Found file '/databases/clusterblast/proteins.dmnd'
DEBUG    23/10 20:01:19   Found file '/databases/clusterblast/proteins.dmnd'
DEBUG    23/10 20:01:19   Found file '/usr/local/lib/python3.5/dist-packages/antismash/modules/clusterblast/data/sub/proteins.fasta'
DEBUG    23/10 20:01:19   Found file '/usr/local/lib/python3.5/dist-packages/antismash/modules/clusterblast/data/sub/proteins.fasta.phr'
DEBUG    23/10 20:01:19   Found file '/usr/local/lib/python3.5/dist-packages/antismash/modules/clusterblast/data/sub/proteins.fasta.pin'
DEBUG    23/10 20:01:19   Found file '/usr/local/lib/python3.5/dist-packages/antismash/modules/clusterblast/data/sub/proteins.fasta.psq'
DEBUG    23/10 20:01:19   Found file '/usr/local/lib/python3.5/dist-packages/antismash/modules/clusterblast/data/sub/clusters.txt'
DEBUG    23/10 20:01:19   Checking prerequisites for antismash.modules.sactipeptides
DEBUG    23/10 20:01:19   Checking prerequisites for antismash.modules.lassopeptides
DEBUG    23/10 20:01:19   Checking prerequisites for antismash.modules.active_site_finder
DEBUG    23/10 20:01:19   Found file '/usr/local/lib/python3.5/dist-packages/antismash/modules/active_site_finder/data/PKSI-KR.hmm2'
DEBUG    23/10 20:01:19   Found file '/usr/local/lib/python3.5/dist-packages/antismash/modules/active_site_finder/data/PKSI-KS_N.hmm2'
DEBUG    23/10 20:01:19   Found file '/usr/local/lib/python3.5/dist-packages/antismash/modules/active_site_finder/data/PKSI-KS_C.hmm2'
DEBUG    23/10 20:01:19   Found file '/usr/local/lib/python3.5/dist-packages/antismash/modules/active_site_finder/data/PKSI-AT.hmm2'
DEBUG    23/10 20:01:19   Found file '/usr/local/lib/python3.5/dist-packages/antismash/modules/active_site_finder/data/PKSI-ACP.hmm2'
DEBUG    23/10 20:01:19   Found file '/usr/local/lib/python3.5/dist-packages/antismash/modules/active_site_finder/data/PKSI-DH.hmm2'
DEBUG    23/10 20:01:19   Found file '/usr/local/lib/python3.5/dist-packages/antismash/modules/active_site_finder/data/Thioesterase.hmm2'
DEBUG    23/10 20:01:19   Found file '/usr/local/lib/python3.5/dist-packages/antismash/modules/active_site_finder/data/PKSI-ER.hmm2'
DEBUG    23/10 20:01:19   Found file '/usr/local/lib/python3.5/dist-packages/antismash/modules/active_site_finder/data/p450.hmm2'
DEBUG    23/10 20:01:19   Checking prerequisites for antismash.modules.pfam2go
DEBUG    23/10 20:01:19   Found file '/usr/local/lib/python3.5/dist-packages/antismash/modules/pfam2go/data/pfam2go.txt'
DEBUG    23/10 20:01:19   Checking prerequisites for antismash.modules.t2pks
DEBUG    23/10 20:01:19   Found file '/usr/local/lib/python3.5/dist-packages/antismash/modules/t2pks/data/KSIII.fasta'
DEBUG    23/10 20:01:19   Found file '/usr/local/lib/python3.5/dist-packages/antismash/modules/t2pks/data/KSIII.phr'
DEBUG    23/10 20:01:19   Found file '/usr/local/lib/python3.5/dist-packages/antismash/modules/t2pks/data/KSIII.pin'
DEBUG    23/10 20:01:19   Found file '/usr/local/lib/python3.5/dist-packages/antismash/modules/t2pks/data/KSIII.psq'
DEBUG    23/10 20:01:19   Found file '/usr/local/lib/python3.5/dist-packages/antismash/modules/t2pks/data/AT.fasta'
DEBUG    23/10 20:01:19   Found file '/usr/local/lib/python3.5/dist-packages/antismash/modules/t2pks/data/AT.phr'
DEBUG    23/10 20:01:19   Found file '/usr/local/lib/python3.5/dist-packages/antismash/modules/t2pks/data/AT.pin'
DEBUG    23/10 20:01:19   Found file '/usr/local/lib/python3.5/dist-packages/antismash/modules/t2pks/data/AT.psq'
DEBUG    23/10 20:01:19   Found file '/usr/local/lib/python3.5/dist-packages/antismash/modules/t2pks/data/LIG.fasta'
DEBUG    23/10 20:01:19   Found file '/usr/local/lib/python3.5/dist-packages/antismash/modules/t2pks/data/LIG.phr'
DEBUG    23/10 20:01:19   Found file '/usr/local/lib/python3.5/dist-packages/antismash/modules/t2pks/data/LIG.pin'
DEBUG    23/10 20:01:19   Found file '/usr/local/lib/python3.5/dist-packages/antismash/modules/t2pks/data/LIG.psq'
DEBUG    23/10 20:01:19   Found file '/usr/local/lib/python3.5/dist-packages/antismash/modules/t2pks/data/t2pks.hmm.h3f'
DEBUG    23/10 20:01:19   Found file '/usr/local/lib/python3.5/dist-packages/antismash/modules/t2pks/data/t2pks.hmm.h3i'
DEBUG    23/10 20:01:19   Found file '/usr/local/lib/python3.5/dist-packages/antismash/modules/t2pks/data/t2pks.hmm.h3m'
DEBUG    23/10 20:01:19   Found file '/usr/local/lib/python3.5/dist-packages/antismash/modules/t2pks/data/t2pks.hmm.h3p'
DEBUG    23/10 20:01:19   Checking prerequisites for antismash.outputs.html
DEBUG    23/10 20:01:19   Found file '/usr/local/lib/python3.5/dist-packages/antismash/outputs/html/css/bacteria.css'
DEBUG    23/10 20:01:19   Found file '/usr/local/lib/python3.5/dist-packages/antismash/outputs/html/css/fungi.css'
DEBUG    23/10 20:01:19   Found file '/usr/local/lib/python3.5/dist-packages/antismash/outputs/html/css/plants.css'
DEBUG    23/10 20:01:19   Checking options for antismash.detection.genefinding
DEBUG    23/10 20:01:19   Checking options for antismash.detection.hmm_detection
DEBUG    23/10 20:01:19   Checking options for antismash.detection.nrps_pks_domains
DEBUG    23/10 20:01:19   Checking options for antismash.detection.cluster_hmmer
DEBUG    23/10 20:01:19   Found file '/databases/pfam/32.0/Pfam-A.hmm'
DEBUG    23/10 20:01:19   Found file '/databases/pfam/32.0/Pfam-A.hmm.h3f'
DEBUG    23/10 20:01:19   Found file '/databases/pfam/32.0/Pfam-A.hmm.h3i'
DEBUG    23/10 20:01:19   Found file '/databases/pfam/32.0/Pfam-A.hmm.h3m'
DEBUG    23/10 20:01:19   Found file '/databases/pfam/32.0/Pfam-A.hmm.h3p'
DEBUG    23/10 20:01:19   Checking options for antismash.detection.genefunctions
DEBUG    23/10 20:01:19   Checking options for antismash.modules.tta
DEBUG    23/10 20:01:19   Checking options for antismash.modules.lanthipeptides
DEBUG    23/10 20:01:19   Checking options for antismash.modules.thiopeptides
DEBUG    23/10 20:01:19   Checking options for antismash.modules.nrps_pks
DEBUG    23/10 20:01:19   Checking options for antismash.modules.clusterblast
DEBUG    23/10 20:01:19   Checking options for antismash.modules.sactipeptides
DEBUG    23/10 20:01:19   Checking options for antismash.modules.lassopeptides
DEBUG    23/10 20:01:19   Checking options for antismash.modules.active_site_finder
DEBUG    23/10 20:01:19   Checking options for antismash.modules.pfam2go
DEBUG    23/10 20:01:19   Checking options for antismash.modules.t2pks
DEBUG    23/10 20:01:19   Checking options for antismash.outputs.html
INFO     23/10 20:01:19   Parsing input sequence '/input/Streptomyces_sp._CC208B.gbk'
DEBUG    23/10 20:01:21   Stripping antiSMASH features and annotations from record: tig00000001
DEBUG    23/10 20:01:21   Converting records from biopython to secmet
DEBUG    23/10 20:01:23   Removing existing region genbank files
DEBUG    23/10 20:01:23   Reusing output directory: /data/antismash/upload/bacteria-76cc91a7-6b8d-4919-b753-d494e8d1e822
DEBUG    23/10 20:01:23   Preprocessing 1 sequences
DEBUG    23/10 20:01:23   Sanitising record ids and sequences
DEBUG    23/10 20:01:27   Removing sequences smaller than 1000 bases
DEBUG    23/10 20:01:27   Ensuring records have CDS features with all required information
INFO     23/10 20:01:31   Analysing record: tig00000001
DEBUG    23/10 20:01:31   Checking if antismash.detection.full_hmmer should be run
INFO     23/10 20:01:31   Detecting secondary metabolite clusters
DEBUG    23/10 20:01:31   Checking if antismash.detection.hmm_detection should be run
INFO     23/10 20:01:31   Running antismash.detection.hmm_detection
INFO     23/10 20:01:31   HMM detection using strictness: relaxed
DEBUG    23/10 20:01:54   23 rule-based cluster(s) found in record
DEBUG    23/10 20:01:54   Checking if antismash.detection.cassis should be run
DEBUG    23/10 20:01:54   Checking if antismash.detection.clusterfinder_probabilistic should be run
DEBUG    23/10 20:01:54   23 protoclusters found
DEBUG    23/10 20:01:54   0 subregions found
INFO     23/10 20:01:54   16 region(s) detected in record
DEBUG    23/10 20:01:54   Checking if antismash.detection.nrps_pks_domains should be run
INFO     23/10 20:01:54   Running antismash.detection.nrps_pks_domains
DEBUG    23/10 20:01:54   Marking NRPS/PKS CDS features and domains in clusters
DEBUG    23/10 20:02:02   Adding detection results from antismash.detection.nrps_pks_domains to record
DEBUG    23/10 20:02:02   Checking if antismash.detection.cluster_hmmer should be run
INFO     23/10 20:02:02   Running antismash.detection.cluster_hmmer
INFO     23/10 20:02:02   Running cluster PFAM search
DEBUG    23/10 20:08:09   Generating feature objects for PFAM hits
DEBUG    23/10 20:08:09   Building mapping for PFAM database version 32.0
DEBUG    23/10 20:08:17   Adding detection results from antismash.detection.cluster_hmmer to record
DEBUG    23/10 20:08:17   Checking if antismash.detection.genefunctions should be run
INFO     23/10 20:08:17   Running antismash.detection.genefunctions
DEBUG    23/10 20:08:51   Adding detection results from antismash.detection.genefunctions to record
DEBUG    23/10 20:08:51   annotating CDS features with smcogs info: 124 CDSes
DEBUG    23/10 20:08:51   annotating CDS features with resist info: 0 CDSes
DEBUG    23/10 20:08:51   Checking if antismash.modules.smcog_trees should be run
DEBUG    23/10 20:08:51   Checking if antismash.modules.tta should be run
INFO     23/10 20:08:51   Running antismash.modules.tta
INFO     23/10 20:08:51   Detecting TTA codons
DEBUG    23/10 20:08:51   GC content: 73%
DEBUG    23/10 20:08:52   Detected 17 TTA codons
DEBUG    23/10 20:08:52   Checking if antismash.modules.lanthipeptides should be run
INFO     23/10 20:08:52   Running antismash.modules.lanthipeptides
DEBUG    23/10 20:08:54   Lanthipeptide module marked 0 motifs
DEBUG    23/10 20:08:54   Checking if antismash.modules.thiopeptides should be run
INFO     23/10 20:08:54   Running antismash.modules.thiopeptides
DEBUG    23/10 20:09:01   Thiopeptides marked 0 motifs
DEBUG    23/10 20:09:01   Checking if antismash.modules.nrps_pks should be run
INFO     23/10 20:09:01   Running antismash.modules.nrps_pks
INFO     23/10 20:09:01   Predicting A domain substrate specificities with NRPSPredictor2
INFO     23/10 20:09:08   Predicting CAL domain substrate specificities by Minowa et al. method
INFO     23/10 20:09:09   Predicting PKS KR activity and stereochemistry using KR fingerprints from Starcevic et al.
DEBUG    23/10 20:09:11   missing NH2 from SMILES parts for domain nrpspksdomains_cds3396477_3397446_CAL_domain.1
DEBUG    23/10 20:09:11   CandidateCluster 4 monomer ordering method: colinear
DEBUG    23/10 20:09:11   CandidateCluster 5 monomer ordering method: colinear
DEBUG    23/10 20:09:11   CandidateCluster 6 monomer ordering method: colinear
DEBUG    23/10 20:09:11   CandidateCluster 9 monomer ordering method: colinear
DEBUG    23/10 20:09:11   CandidateCluster 12 monomer ordering method: colinear
DEBUG    23/10 20:09:11   CandidateCluster 14 monomer ordering method: colinear
DEBUG    23/10 20:09:11   CandidateCluster 15 monomer ordering method: colinear
DEBUG    23/10 20:09:11   Checking if antismash.modules.clusterblast should be run
INFO     23/10 20:09:11   Running antismash.modules.clusterblast
INFO     23/10 20:09:11   Finding internal homologs in each gene cluster...
INFO     23/10 20:09:19   Running ClusterBlast
INFO     23/10 20:09:19   ClusterBlast: Loading gene cluster database into memory...
INFO     23/10 20:09:22   ClusterBlast: Loading gene cluster database proteins into memory...
INFO     23/10 20:09:44   Comparing regions to reference database
INFO     23/10 20:10:29   Running subcluster search
INFO     23/10 20:10:29   SubClusterBlast: Loading gene cluster database into memory...
INFO     23/10 20:10:29   SubClusterBlast: Loading gene cluster database proteins into memory...
INFO     23/10 20:10:52   Running known cluster search
INFO     23/10 20:10:52   KnownClusterBlast: Loading gene cluster database into memory...
INFO     23/10 20:10:52   KnownClusterBlast: Loading gene cluster database proteins into memory...
DEBUG    23/10 20:10:52   Running DIAMOND knowncluster searches..
INFO     23/10 20:10:52   Comparing regions to reference database
DEBUG    23/10 20:11:02   Checking if antismash.modules.sactipeptides should be run
INFO     23/10 20:11:02   Running antismash.modules.sactipeptides
DEBUG    23/10 20:11:02   Found no sactipeptide motifs
DEBUG    23/10 20:11:02   Checking if antismash.modules.lassopeptides should be run
INFO     23/10 20:11:02   Running antismash.modules.lassopeptides
DEBUG    23/10 20:11:02   Lassopeptide module marked 0 motifs
DEBUG    23/10 20:11:02   Checking if antismash.modules.active_site_finder should be run
INFO     23/10 20:11:02   Running antismash.modules.active_site_finder
DEBUG    23/10 20:11:03   Checking if antismash.modules.pfam2go should be run
INFO     23/10 20:11:03   Running antismash.modules.pfam2go
DEBUG    23/10 20:11:04   Checking if antismash.modules.t2pks should be run
INFO     23/10 20:11:04   Running antismash.modules.t2pks
DEBUG    23/10 20:11:04   No type II PKS clusters to analyze
DEBUG    23/10 20:11:04   Writing json results to '/data/antismash/upload/bacteria-76cc91a7-6b8d-4919-b753-d494e8d1e822/Streptomyces_sp._CC208B.json'
DEBUG    23/10 20:11:04   Record tig00000001 has results for modules: thiopeptides, tta, t2pks, lanthipeptides, clusterblast, hmm_detection, cluster_hmmer, nrps_pks_domains, sactipeptides, nrps_pks, pfam2go, genefunctions, lassopeptides, active_site_finder
DEBUG    23/10 20:11:04   Converting antismash.modules.thiopeptides results to json
DEBUG    23/10 20:11:04   Converting antismash.modules.tta results to json
DEBUG    23/10 20:11:04   Converting antismash.modules.t2pks results to json
DEBUG    23/10 20:11:04   Converting antismash.modules.lanthipeptides results to json
DEBUG    23/10 20:11:04   Converting antismash.modules.clusterblast results to json
DEBUG    23/10 20:11:04   Converting antismash.detection.hmm_detection results to json
DEBUG    23/10 20:11:04   Converting antismash.detection.cluster_hmmer results to json
DEBUG    23/10 20:11:04   Converting antismash.detection.nrps_pks_domains results to json
DEBUG    23/10 20:11:04   Converting antismash.modules.sactipeptides results to json
DEBUG    23/10 20:11:04   Converting antismash.modules.nrps_pks results to json
DEBUG    23/10 20:11:04   Converting antismash.modules.pfam2go results to json
DEBUG    23/10 20:11:04   Converting antismash.detection.genefunctions results to json
DEBUG    23/10 20:11:04   Converting antismash.modules.lassopeptides results to json
DEBUG    23/10 20:11:04   Converting antismash.modules.active_site_finder results to json
DEBUG    23/10 20:11:05   Annotating record tig00000001 with results from: thiopeptides, tta, t2pks, lanthipeptides, clusterblast, hmm_detection, cluster_hmmer, nrps_pks_domains, sactipeptides, nrps_pks, pfam2go, genefunctions, lassopeptides, active_site_finder
DEBUG    23/10 20:11:05    Adding results from antismash.modules.thiopeptides
DEBUG    23/10 20:11:05    Adding results from antismash.modules.tta
DEBUG    23/10 20:11:05    Adding results from antismash.modules.t2pks
DEBUG    23/10 20:11:05    Adding results from antismash.modules.lanthipeptides
DEBUG    23/10 20:11:05    Adding results from antismash.modules.clusterblast
DEBUG    23/10 20:11:05    Adding results from antismash.modules.sactipeptides
DEBUG    23/10 20:11:05    Adding results from antismash.modules.nrps_pks
DEBUG    23/10 20:11:05    Adding results from antismash.modules.pfam2go
DEBUG    23/10 20:11:05    Adding results from antismash.modules.lassopeptides
DEBUG    23/10 20:11:05    Adding results from antismash.modules.active_site_finder
DEBUG    23/10 20:11:05   Creating results page
DEBUG    23/10 20:11:36   Creating results SVGs
DEBUG    23/10 20:11:36   Writing seq_records SVGs to '/data/antismash/upload/bacteria-76cc91a7-6b8d-4919-b753-d494e8d1e822/svg'
DEBUG    23/10 20:11:39   Writing cluster-specific genbank files
DEBUG    23/10 20:11:40   Writing final genbank file to '/data/antismash/upload/bacteria-76cc91a7-6b8d-4919-b753-d494e8d1e822/Streptomyces_sp._CC208B.gbk'
DEBUG    23/10 20:11:42   Zipping output to '/data/antismash/upload/bacteria-76cc91a7-6b8d-4919-b753-d494e8d1e822/Streptomyces_sp._CC208B.zip'
