INFO     28/09 23:34:03   antiSMASH version: 6.0.1
INFO     28/09 23:34:03   diamond using executable: /usr/bin/diamond-aligner (0.9.24)
INFO     28/09 23:34:03   hmmpfam2 using executable: /usr/bin/hmm2pfam (2.3.2)
INFO     28/09 23:34:03   fasttree using executable: /usr/bin/fasttree
INFO     28/09 23:34:03   hmmsearch using executable: /usr/bin/hmmsearch (3.2.1)
INFO     28/09 23:34:03   hmmpress using executable: /usr/bin/hmmpress (3.2.1)
INFO     28/09 23:34:03   hmmscan using executable: /usr/bin/hmmscan (3.2.1)
INFO     28/09 23:34:04   meme using executable: /usr/bin/meme (4.11.2)
INFO     28/09 23:34:04   fimo using executable: /usr/bin/fimo (4.11.2)
INFO     28/09 23:34:04   glimmerhmm using executable: /usr/bin/glimmerhmm
INFO     28/09 23:34:04   prodigal using executable: /usr/bin/prodigal (V2.6.3)
INFO     28/09 23:34:04   muscle using executable: /usr/bin/muscle (v3.8.1551)
INFO     28/09 23:34:04   java using executable: /usr/bin/java (11.0.9)
INFO     28/09 23:34:04   blastp using executable: /usr/bin/blastp (2.8.1+)
INFO     28/09 23:34:04   makeblastdb using executable: /usr/bin/makeblastdb (2.8.1+)
DEBUG    28/09 23:34:04   Checking prerequisites for antismash.detection.genefinding
DEBUG    28/09 23:34:04   Checking prerequisites for antismash.detection.hmm_detection
DEBUG    28/09 23:34:04   Found file '/usr/local/lib/python3.7/dist-packages/antismash/detection/hmm_detection/data/bgc_seeds.hmm'
DEBUG    28/09 23:34:04   Found file '/usr/local/lib/python3.7/dist-packages/antismash/detection/hmm_detection/data/bgc_seeds.hmm.h3f'
DEBUG    28/09 23:34:04   Found file '/usr/local/lib/python3.7/dist-packages/antismash/detection/hmm_detection/data/bgc_seeds.hmm.h3i'
DEBUG    28/09 23:34:04   Found file '/usr/local/lib/python3.7/dist-packages/antismash/detection/hmm_detection/data/bgc_seeds.hmm.h3m'
DEBUG    28/09 23:34:04   Found file '/usr/local/lib/python3.7/dist-packages/antismash/detection/hmm_detection/data/bgc_seeds.hmm.h3p'
DEBUG    28/09 23:34:04   Checking prerequisites for antismash.detection.nrps_pks_domains
DEBUG    28/09 23:34:04   Found file '/usr/local/lib/python3.7/dist-packages/antismash/detection/nrps_pks_domains/data/abmotifs.hmm.h3f'
DEBUG    28/09 23:34:04   Found file '/usr/local/lib/python3.7/dist-packages/antismash/detection/nrps_pks_domains/data/abmotifs.hmm.h3i'
DEBUG    28/09 23:34:04   Found file '/usr/local/lib/python3.7/dist-packages/antismash/detection/nrps_pks_domains/data/abmotifs.hmm.h3m'
DEBUG    28/09 23:34:04   Found file '/usr/local/lib/python3.7/dist-packages/antismash/detection/nrps_pks_domains/data/abmotifs.hmm.h3p'
DEBUG    28/09 23:34:04   Found file '/usr/local/lib/python3.7/dist-packages/antismash/detection/nrps_pks_domains/data/dockingdomains.hmm.h3f'
DEBUG    28/09 23:34:04   Found file '/usr/local/lib/python3.7/dist-packages/antismash/detection/nrps_pks_domains/data/dockingdomains.hmm.h3i'
DEBUG    28/09 23:34:04   Found file '/usr/local/lib/python3.7/dist-packages/antismash/detection/nrps_pks_domains/data/dockingdomains.hmm.h3m'
DEBUG    28/09 23:34:04   Found file '/usr/local/lib/python3.7/dist-packages/antismash/detection/nrps_pks_domains/data/dockingdomains.hmm.h3p'
DEBUG    28/09 23:34:04   Found file '/usr/local/lib/python3.7/dist-packages/antismash/detection/nrps_pks_domains/data/ksdomains.hmm.h3f'
DEBUG    28/09 23:34:04   Found file '/usr/local/lib/python3.7/dist-packages/antismash/detection/nrps_pks_domains/data/ksdomains.hmm.h3i'
DEBUG    28/09 23:34:04   Found file '/usr/local/lib/python3.7/dist-packages/antismash/detection/nrps_pks_domains/data/ksdomains.hmm.h3m'
DEBUG    28/09 23:34:04   Found file '/usr/local/lib/python3.7/dist-packages/antismash/detection/nrps_pks_domains/data/ksdomains.hmm.h3p'
DEBUG    28/09 23:34:04   Found file '/usr/local/lib/python3.7/dist-packages/antismash/detection/nrps_pks_domains/data/nrpspksdomains.hmm.h3f'
DEBUG    28/09 23:34:04   Found file '/usr/local/lib/python3.7/dist-packages/antismash/detection/nrps_pks_domains/data/nrpspksdomains.hmm.h3i'
DEBUG    28/09 23:34:04   Found file '/usr/local/lib/python3.7/dist-packages/antismash/detection/nrps_pks_domains/data/nrpspksdomains.hmm.h3m'
DEBUG    28/09 23:34:04   Found file '/usr/local/lib/python3.7/dist-packages/antismash/detection/nrps_pks_domains/data/nrpspksdomains.hmm.h3p'
DEBUG    28/09 23:34:04   Checking prerequisites for antismash.detection.cluster_hmmer
DEBUG    28/09 23:34:04   Found file '/databases/pfam/32.0/Pfam-A.hmm'
DEBUG    28/09 23:34:04   Found file '/databases/pfam/32.0/Pfam-A.hmm.h3f'
DEBUG    28/09 23:34:04   Found file '/databases/pfam/32.0/Pfam-A.hmm.h3i'
DEBUG    28/09 23:34:04   Found file '/databases/pfam/32.0/Pfam-A.hmm.h3m'
DEBUG    28/09 23:34:04   Found file '/databases/pfam/32.0/Pfam-A.hmm.h3p'
DEBUG    28/09 23:34:04   Checking prerequisites for antismash.detection.genefunctions
DEBUG    28/09 23:34:04   Found file '/databases/resfam/Resfams.hmm'
DEBUG    28/09 23:34:04   Found file '/usr/local/lib/python3.7/dist-packages/antismash/detection/genefunctions/data/smcogs.hmm.h3f'
DEBUG    28/09 23:34:04   Found file '/usr/local/lib/python3.7/dist-packages/antismash/detection/genefunctions/data/smcogs.hmm.h3i'
DEBUG    28/09 23:34:04   Found file '/usr/local/lib/python3.7/dist-packages/antismash/detection/genefunctions/data/smcogs.hmm.h3m'
DEBUG    28/09 23:34:04   Found file '/usr/local/lib/python3.7/dist-packages/antismash/detection/genefunctions/data/smcogs.hmm.h3p'
DEBUG    28/09 23:34:04   Checking prerequisites for antismash.detection.tigrfam
DEBUG    28/09 23:34:04   Found file '/databases/tigrfam/TIGRFam.hmm'
DEBUG    28/09 23:34:04   Found file '/databases/tigrfam/TIGRFam.hmm.h3f'
DEBUG    28/09 23:34:04   Found file '/databases/tigrfam/TIGRFam.hmm.h3i'
DEBUG    28/09 23:34:04   Found file '/databases/tigrfam/TIGRFam.hmm.h3m'
DEBUG    28/09 23:34:04   Found file '/databases/tigrfam/TIGRFam.hmm.h3p'
DEBUG    28/09 23:34:04   Checking prerequisites for antismash.modules.tta
DEBUG    28/09 23:34:04   Checking prerequisites for antismash.modules.lanthipeptides
DEBUG    28/09 23:34:04   missing cached SVM classifiers, rebuilding
DEBUG    28/09 23:34:04   Checking prerequisites for antismash.modules.thiopeptides
DEBUG    28/09 23:34:04   Checking prerequisites for antismash.modules.nrps_pks
DEBUG    28/09 23:34:04   Checking prerequisites for antismash.modules.clusterblast
DEBUG    28/09 23:34:04   Found file '/usr/local/lib/python3.7/dist-packages/antismash/modules/clusterblast/data/known/clusters.txt'
DEBUG    28/09 23:34:04   Found file '/usr/local/lib/python3.7/dist-packages/antismash/modules/clusterblast/data/known/proteins.fasta'
DEBUG    28/09 23:34:04   Found file '/usr/local/lib/python3.7/dist-packages/antismash/modules/clusterblast/data/known/proteins.dmnd'
DEBUG    28/09 23:34:04   Found file '/usr/local/lib/python3.7/dist-packages/antismash/modules/clusterblast/data/known/proteins.dmnd'
DEBUG    28/09 23:34:04   Found file '/databases/clusterblast/clusters.txt'
DEBUG    28/09 23:34:04   Found file '/databases/clusterblast/proteins.fasta'
DEBUG    28/09 23:34:04   Found file '/databases/clusterblast/proteins.dmnd'
DEBUG    28/09 23:34:04   Found file '/databases/clusterblast/proteins.dmnd'
DEBUG    28/09 23:34:04   Found file '/usr/local/lib/python3.7/dist-packages/antismash/modules/clusterblast/data/sub/proteins.fasta'
DEBUG    28/09 23:34:04   Found file '/usr/local/lib/python3.7/dist-packages/antismash/modules/clusterblast/data/sub/proteins.fasta.phr'
DEBUG    28/09 23:34:04   Found file '/usr/local/lib/python3.7/dist-packages/antismash/modules/clusterblast/data/sub/proteins.fasta.pin'
DEBUG    28/09 23:34:04   Found file '/usr/local/lib/python3.7/dist-packages/antismash/modules/clusterblast/data/sub/proteins.fasta.psq'
DEBUG    28/09 23:34:04   Found file '/usr/local/lib/python3.7/dist-packages/antismash/modules/clusterblast/data/sub/clusters.txt'
DEBUG    28/09 23:34:04   Checking prerequisites for antismash.modules.sactipeptides
DEBUG    28/09 23:34:04   Checking prerequisites for antismash.modules.lassopeptides
DEBUG    28/09 23:34:04   Checking prerequisites for antismash.modules.active_site_finder
DEBUG    28/09 23:34:04   Found file '/usr/local/lib/python3.7/dist-packages/antismash/modules/active_site_finder/data/PKSI-KR.hmm2'
DEBUG    28/09 23:34:04   Found file '/usr/local/lib/python3.7/dist-packages/antismash/modules/active_site_finder/data/PKSI-KS_N.hmm2'
DEBUG    28/09 23:34:04   Found file '/usr/local/lib/python3.7/dist-packages/antismash/modules/active_site_finder/data/PKSI-KS_C.hmm2'
DEBUG    28/09 23:34:04   Found file '/usr/local/lib/python3.7/dist-packages/antismash/modules/active_site_finder/data/PKSI-AT.hmm2'
DEBUG    28/09 23:34:04   Found file '/usr/local/lib/python3.7/dist-packages/antismash/modules/active_site_finder/data/PKSI-ACP.hmm2'
DEBUG    28/09 23:34:04   Found file '/usr/local/lib/python3.7/dist-packages/antismash/modules/active_site_finder/data/PKSI-DH.hmm2'
DEBUG    28/09 23:34:04   Found file '/usr/local/lib/python3.7/dist-packages/antismash/modules/active_site_finder/data/Thioesterase.hmm2'
DEBUG    28/09 23:34:04   Found file '/usr/local/lib/python3.7/dist-packages/antismash/modules/active_site_finder/data/PKSI-ER.hmm2'
DEBUG    28/09 23:34:04   Found file '/usr/local/lib/python3.7/dist-packages/antismash/modules/active_site_finder/data/p450.hmm2'
DEBUG    28/09 23:34:04   Checking prerequisites for antismash.modules.pfam2go
DEBUG    28/09 23:34:04   Found file '/usr/local/lib/python3.7/dist-packages/antismash/modules/pfam2go/data/pfam2go.txt'
DEBUG    28/09 23:34:04   Checking prerequisites for antismash.modules.t2pks
DEBUG    28/09 23:34:04   Found file '/usr/local/lib/python3.7/dist-packages/antismash/modules/t2pks/data/KSIII.fasta'
DEBUG    28/09 23:34:04   Found file '/usr/local/lib/python3.7/dist-packages/antismash/modules/t2pks/data/KSIII.phr'
DEBUG    28/09 23:34:04   Found file '/usr/local/lib/python3.7/dist-packages/antismash/modules/t2pks/data/KSIII.pin'
DEBUG    28/09 23:34:04   Found file '/usr/local/lib/python3.7/dist-packages/antismash/modules/t2pks/data/KSIII.psq'
DEBUG    28/09 23:34:04   Found file '/usr/local/lib/python3.7/dist-packages/antismash/modules/t2pks/data/AT.fasta'
DEBUG    28/09 23:34:04   Found file '/usr/local/lib/python3.7/dist-packages/antismash/modules/t2pks/data/AT.phr'
DEBUG    28/09 23:34:04   Found file '/usr/local/lib/python3.7/dist-packages/antismash/modules/t2pks/data/AT.pin'
DEBUG    28/09 23:34:04   Found file '/usr/local/lib/python3.7/dist-packages/antismash/modules/t2pks/data/AT.psq'
DEBUG    28/09 23:34:04   Found file '/usr/local/lib/python3.7/dist-packages/antismash/modules/t2pks/data/LIG.fasta'
DEBUG    28/09 23:34:04   Found file '/usr/local/lib/python3.7/dist-packages/antismash/modules/t2pks/data/LIG.phr'
DEBUG    28/09 23:34:04   Found file '/usr/local/lib/python3.7/dist-packages/antismash/modules/t2pks/data/LIG.pin'
DEBUG    28/09 23:34:04   Found file '/usr/local/lib/python3.7/dist-packages/antismash/modules/t2pks/data/LIG.psq'
DEBUG    28/09 23:34:04   Found file '/usr/local/lib/python3.7/dist-packages/antismash/modules/t2pks/data/t2pks.hmm.h3f'
DEBUG    28/09 23:34:04   Found file '/usr/local/lib/python3.7/dist-packages/antismash/modules/t2pks/data/t2pks.hmm.h3i'
DEBUG    28/09 23:34:04   Found file '/usr/local/lib/python3.7/dist-packages/antismash/modules/t2pks/data/t2pks.hmm.h3m'
DEBUG    28/09 23:34:04   Found file '/usr/local/lib/python3.7/dist-packages/antismash/modules/t2pks/data/t2pks.hmm.h3p'
DEBUG    28/09 23:34:04   Checking prerequisites for antismash.modules.rrefinder
DEBUG    28/09 23:34:04   Found file '/usr/local/lib/python3.7/dist-packages/antismash/modules/rrefinder/data/RREFam.hmm.h3f'
DEBUG    28/09 23:34:04   Found file '/usr/local/lib/python3.7/dist-packages/antismash/modules/rrefinder/data/RREFam.hmm.h3i'
DEBUG    28/09 23:34:04   Found file '/usr/local/lib/python3.7/dist-packages/antismash/modules/rrefinder/data/RREFam.hmm.h3m'
DEBUG    28/09 23:34:04   Found file '/usr/local/lib/python3.7/dist-packages/antismash/modules/rrefinder/data/RREFam.hmm.h3p'
DEBUG    28/09 23:34:04   Checking prerequisites for antismash.modules.cluster_compare
DEBUG    28/09 23:34:04   Found file '/databases/clustercompare/mibig/data.json'
DEBUG    28/09 23:34:04   Found file '/databases/clustercompare/mibig/proteins.fasta'
DEBUG    28/09 23:34:04   Found file '/databases/clustercompare/mibig/proteins.dmnd'
DEBUG    28/09 23:34:04   Found file '/databases/clustercompare/mibig/proteins.dmnd'
DEBUG    28/09 23:34:04   Checking prerequisites for antismash.outputs.html
DEBUG    28/09 23:34:04   Found file '/usr/local/lib/python3.7/dist-packages/antismash/outputs/html/css/bacteria.css'
DEBUG    28/09 23:34:04   Found file '/usr/local/lib/python3.7/dist-packages/antismash/outputs/html/css/fungi.css'
DEBUG    28/09 23:34:04   Found file '/usr/local/lib/python3.7/dist-packages/antismash/outputs/html/css/plants.css'
DEBUG    28/09 23:34:04   Checking options for antismash.detection.genefinding
DEBUG    28/09 23:34:04   Checking options for antismash.detection.hmm_detection
DEBUG    28/09 23:34:04   Checking options for antismash.detection.nrps_pks_domains
DEBUG    28/09 23:34:04   Checking options for antismash.detection.cluster_hmmer
DEBUG    28/09 23:34:04   Found file '/databases/pfam/32.0/Pfam-A.hmm'
DEBUG    28/09 23:34:04   Found file '/databases/pfam/32.0/Pfam-A.hmm.h3f'
DEBUG    28/09 23:34:04   Found file '/databases/pfam/32.0/Pfam-A.hmm.h3i'
DEBUG    28/09 23:34:04   Found file '/databases/pfam/32.0/Pfam-A.hmm.h3m'
DEBUG    28/09 23:34:04   Found file '/databases/pfam/32.0/Pfam-A.hmm.h3p'
DEBUG    28/09 23:34:04   Checking options for antismash.detection.genefunctions
DEBUG    28/09 23:34:04   Checking options for antismash.detection.tigrfam
DEBUG    28/09 23:34:04   Checking options for antismash.modules.tta
DEBUG    28/09 23:34:04   Checking options for antismash.modules.lanthipeptides
DEBUG    28/09 23:34:04   Checking options for antismash.modules.thiopeptides
DEBUG    28/09 23:34:04   Checking options for antismash.modules.nrps_pks
DEBUG    28/09 23:34:04   Checking options for antismash.modules.clusterblast
DEBUG    28/09 23:34:04   Checking options for antismash.modules.sactipeptides
DEBUG    28/09 23:34:04   Checking options for antismash.modules.lassopeptides
DEBUG    28/09 23:34:04   Checking options for antismash.modules.active_site_finder
DEBUG    28/09 23:34:04   Checking options for antismash.modules.pfam2go
DEBUG    28/09 23:34:04   Checking options for antismash.modules.t2pks
DEBUG    28/09 23:34:04   Checking options for antismash.modules.rrefinder
DEBUG    28/09 23:34:04   Checking options for antismash.modules.cluster_compare
DEBUG    28/09 23:34:04   Checking options for antismash.outputs.html
INFO     28/09 23:34:04   Parsing input sequence '/input/6666666.867958.gbk'
DEBUG    28/09 23:34:06   Stripping antiSMASH features and annotations from record: unitig_1|quiver
DEBUG    28/09 23:34:06   Stripping antiSMASH features and annotations from record: unitig_0|quiver
DEBUG    28/09 23:34:06   Converting records from biopython to secmet
DEBUG    28/09 23:34:07   Removing existing region genbank files
DEBUG    28/09 23:34:07   Reusing output directory: /data/antismash/upload/bacteria-41892c08-821b-42a6-b9f7-94ead3176fe7
DEBUG    28/09 23:34:07   Preprocessing 2 sequences
DEBUG    28/09 23:34:07   Sanitising record ids and sequences
DEBUG    28/09 23:34:11   Removing sequences smaller than 1000 bases
DEBUG    28/09 23:34:11   Ensuring records have CDS features with all required information
INFO     28/09 23:34:13   Analysing record: unitig_1quiver
DEBUG    28/09 23:34:13   Checking if antismash.detection.full_hmmer should be run
INFO     28/09 23:34:13   Detecting secondary metabolite clusters
DEBUG    28/09 23:34:13   Checking if antismash.detection.sideloader should be run
DEBUG    28/09 23:34:13   Checking if antismash.detection.hmm_detection should be run
INFO     28/09 23:34:13   Running antismash.detection.hmm_detection
INFO     28/09 23:34:13   HMM detection using strictness: relaxed
DEBUG    28/09 23:34:15   2 rule-based cluster(s) found in record
DEBUG    28/09 23:34:15   Checking if antismash.detection.cassis should be run
DEBUG    28/09 23:34:15   2 protoclusters found
DEBUG    28/09 23:34:15   0 subregions found
INFO     28/09 23:34:15   1 region(s) detected in record
DEBUG    28/09 23:34:15   Checking if antismash.detection.nrps_pks_domains should be run
INFO     28/09 23:34:15   Running antismash.detection.nrps_pks_domains
DEBUG    28/09 23:34:15   Marking NRPS/PKS CDS features and domains in clusters
DEBUG    28/09 23:34:16   Adding detection results from antismash.detection.nrps_pks_domains to record
DEBUG    28/09 23:34:16   Checking if antismash.detection.cluster_hmmer should be run
INFO     28/09 23:34:16   Running antismash.detection.cluster_hmmer
INFO     28/09 23:34:16   Running cluster PFAM search
DEBUG    28/09 23:34:51   Building mapping for pHMM database Pfam-A.hmm
DEBUG    28/09 23:34:59   Building mapping for HMMer database /databases/pfam/32.0/Pfam-A.hmm
DEBUG    28/09 23:35:06   Adding detection results from antismash.detection.cluster_hmmer to record
DEBUG    28/09 23:35:06   Checking if antismash.detection.genefunctions should be run
INFO     28/09 23:35:06   Running antismash.detection.genefunctions
DEBUG    28/09 23:35:10   Adding detection results from antismash.detection.genefunctions to record
DEBUG    28/09 23:35:10   annotating CDS features with resist info: 1 CDSes
DEBUG    28/09 23:35:10   annotating CDS features with smcogs info: 16 CDSes
DEBUG    28/09 23:35:10   Checking if antismash.detection.tigrfam should be run
INFO     28/09 23:35:10   Running antismash.detection.tigrfam
INFO     28/09 23:35:10   Running TIGRFam search
DEBUG    28/09 23:35:20   Building mapping for pHMM database TIGRFam.hmm
DEBUG    28/09 23:35:22   Adding detection results from antismash.detection.tigrfam to record
DEBUG    28/09 23:35:22   Checking if antismash.modules.smcog_trees should be run
DEBUG    28/09 23:35:22   Checking if antismash.modules.tta should be run
INFO     28/09 23:35:22   Running antismash.modules.tta
INFO     28/09 23:35:22   Skipping TTA codon detection, GC content too low: 62%
DEBUG    28/09 23:35:22   Checking if antismash.modules.lanthipeptides should be run
INFO     28/09 23:35:22   Running antismash.modules.lanthipeptides
DEBUG    28/09 23:35:22   Lanthipeptide module marked 0 motifs
DEBUG    28/09 23:35:22   Checking if antismash.modules.thiopeptides should be run
INFO     28/09 23:35:22   Running antismash.modules.thiopeptides
DEBUG    28/09 23:35:22   Thiopeptides marked 0 motifs
DEBUG    28/09 23:35:22   Checking if antismash.modules.nrps_pks should be run
INFO     28/09 23:35:22   Running antismash.modules.nrps_pks
INFO     28/09 23:35:22   Predicting A domain substrate specificities with NRPSPredictor2
DEBUG    28/09 23:35:26   CandidateCluster 1 monomer ordering method: colinear
DEBUG    28/09 23:35:26   CandidateCluster 2 monomer ordering method: colinear
DEBUG    28/09 23:35:26   CandidateCluster 3 monomer ordering method: colinear
DEBUG    28/09 23:35:26   Checking if antismash.modules.clusterblast should be run
INFO     28/09 23:35:26   Running antismash.modules.clusterblast
INFO     28/09 23:35:26   Finding internal homologs in each gene cluster...
INFO     28/09 23:35:27   Running ClusterBlast
INFO     28/09 23:35:27   ClusterBlast: Loading gene cluster database into memory...
INFO     28/09 23:35:30   ClusterBlast: Loading gene cluster database proteins into memory...
INFO     28/09 23:35:49   Comparing regions to reference database
INFO     28/09 23:36:06   Running subcluster search
INFO     28/09 23:36:06   SubClusterBlast: Loading gene cluster database into memory...
INFO     28/09 23:36:06   SubClusterBlast: Loading gene cluster database proteins into memory...
INFO     28/09 23:36:07   Running known cluster search
INFO     28/09 23:36:07   KnownClusterBlast: Loading gene cluster database into memory...
INFO     28/09 23:36:07   KnownClusterBlast: Loading gene cluster database proteins into memory...
DEBUG    28/09 23:36:07   Running DIAMOND knowncluster searches..
INFO     28/09 23:36:07   Comparing regions to reference database
DEBUG    28/09 23:36:11   Checking if antismash.modules.sactipeptides should be run
INFO     28/09 23:36:11   Running antismash.modules.sactipeptides
DEBUG    28/09 23:36:11   Found no sactipeptide motifs
DEBUG    28/09 23:36:11   Checking if antismash.modules.lassopeptides should be run
INFO     28/09 23:36:11   Running antismash.modules.lassopeptides
DEBUG    28/09 23:36:11   Lassopeptide module marked 0 motifs
DEBUG    28/09 23:36:11   Checking if antismash.modules.active_site_finder should be run
INFO     28/09 23:36:11   Running antismash.modules.active_site_finder
DEBUG    28/09 23:36:12   Checking if antismash.modules.pfam2go should be run
INFO     28/09 23:36:12   Running antismash.modules.pfam2go
DEBUG    28/09 23:36:12   Checking if antismash.modules.t2pks should be run
INFO     28/09 23:36:12   Running antismash.modules.t2pks
DEBUG    28/09 23:36:12   No type II PKS clusters to analyze
DEBUG    28/09 23:36:12   Checking if antismash.modules.rrefinder should be run
INFO     28/09 23:36:12   Running antismash.modules.rrefinder
DEBUG    28/09 23:36:12   Checking if antismash.modules.cluster_compare should be run
INFO     28/09 23:36:12   Running antismash.modules.cluster_compare
DEBUG    28/09 23:36:12   Loading comparison database: MIBiG
DEBUG    28/09 23:36:12   Comparison database loaded
INFO     28/09 23:36:12   Comparing regions to reference database
INFO     28/09 23:36:15   Analysing record: unitig_0quiver
DEBUG    28/09 23:36:15   Checking if antismash.detection.full_hmmer should be run
INFO     28/09 23:36:15   Detecting secondary metabolite clusters
DEBUG    28/09 23:36:15   Checking if antismash.detection.sideloader should be run
DEBUG    28/09 23:36:15   Checking if antismash.detection.hmm_detection should be run
INFO     28/09 23:36:15   Running antismash.detection.hmm_detection
INFO     28/09 23:36:15   HMM detection using strictness: relaxed
DEBUG    28/09 23:36:40   22 rule-based cluster(s) found in record
DEBUG    28/09 23:36:40   Checking if antismash.detection.cassis should be run
DEBUG    28/09 23:36:40   22 protoclusters found
DEBUG    28/09 23:36:40   0 subregions found
INFO     28/09 23:36:40   19 region(s) detected in record
DEBUG    28/09 23:36:40   Checking if antismash.detection.nrps_pks_domains should be run
INFO     28/09 23:36:40   Running antismash.detection.nrps_pks_domains
DEBUG    28/09 23:36:40   Marking NRPS/PKS CDS features and domains in clusters
DEBUG    28/09 23:36:50   Adding detection results from antismash.detection.nrps_pks_domains to record
DEBUG    28/09 23:36:50   Checking if antismash.detection.cluster_hmmer should be run
INFO     28/09 23:36:50   Running antismash.detection.cluster_hmmer
INFO     28/09 23:36:50   Running cluster PFAM search
DEBUG    28/09 23:41:15   Adding detection results from antismash.detection.cluster_hmmer to record
DEBUG    28/09 23:41:15   Checking if antismash.detection.genefunctions should be run
INFO     28/09 23:41:15   Running antismash.detection.genefunctions
DEBUG    28/09 23:41:45   Adding detection results from antismash.detection.genefunctions to record
DEBUG    28/09 23:41:45   annotating CDS features with resist info: 0 CDSes
DEBUG    28/09 23:41:45   annotating CDS features with smcogs info: 211 CDSes
DEBUG    28/09 23:41:45   Checking if antismash.detection.tigrfam should be run
INFO     28/09 23:41:45   Running antismash.detection.tigrfam
INFO     28/09 23:41:45   Running TIGRFam search
DEBUG    28/09 23:43:20   Adding detection results from antismash.detection.tigrfam to record
DEBUG    28/09 23:43:20   Checking if antismash.modules.smcog_trees should be run
DEBUG    28/09 23:43:20   Checking if antismash.modules.tta should be run
INFO     28/09 23:43:20   Running antismash.modules.tta
INFO     28/09 23:43:20   Skipping TTA codon detection, GC content too low: 62%
DEBUG    28/09 23:43:20   Checking if antismash.modules.lanthipeptides should be run
INFO     28/09 23:43:20   Running antismash.modules.lanthipeptides
DEBUG    28/09 23:43:23   Lanthipeptide module marked 18 motifs
DEBUG    28/09 23:43:23   Checking if antismash.modules.thiopeptides should be run
INFO     28/09 23:43:23   Running antismash.modules.thiopeptides
DEBUG    28/09 23:43:23   Thiopeptides marked 0 motifs
DEBUG    28/09 23:43:23   Checking if antismash.modules.nrps_pks should be run
INFO     28/09 23:43:23   Running antismash.modules.nrps_pks
INFO     28/09 23:43:23   Predicting A domain substrate specificities with NRPSPredictor2
INFO     28/09 23:44:04   Predicting PKS AT domain substrate specificities by Yadav et al. PKS signature sequences
INFO     28/09 23:44:05   Predicting PKS AT domain substrate specificities by Minowa et al. method
INFO     28/09 23:44:09   Predicting CAL domain substrate specificities by Minowa et al. method
INFO     28/09 23:44:10   Predicting PKS KR activity and stereochemistry using KR fingerprints from Starcevic et al.
DEBUG    28/09 23:44:20   missing Acetyl-CoA from SMILES parts for domain nrpspksdomains_cds2503843_2505733_CAL_domain.1
DEBUG    28/09 23:44:20   CandidateCluster 1 monomer ordering method: colinear
DEBUG    28/09 23:44:20   CandidateCluster 2 monomer ordering method: colinear
DEBUG    28/09 23:44:20   CandidateCluster 3 monomer ordering method: colinear
DEBUG    28/09 23:44:20   CandidateCluster 5 monomer ordering method: colinear
DEBUG    28/09 23:44:20   CandidateCluster 7 monomer ordering method: colinear
DEBUG    28/09 23:44:20   CandidateCluster 8 monomer ordering method: colinear
DEBUG    28/09 23:44:20   CandidateCluster 12 monomer ordering method: colinear
DEBUG    28/09 23:44:20   CandidateCluster 16 monomer ordering method: colinear
DEBUG    28/09 23:44:20   CandidateCluster 17 monomer ordering method: colinear
DEBUG    28/09 23:44:20   CandidateCluster 18 monomer ordering method: colinear
DEBUG    28/09 23:44:20   CandidateCluster 20 monomer ordering method: colinear
DEBUG    28/09 23:44:20   Checking if antismash.modules.clusterblast should be run
INFO     28/09 23:44:20   Running antismash.modules.clusterblast
INFO     28/09 23:44:20   Finding internal homologs in each gene cluster...
INFO     28/09 23:44:28   Running ClusterBlast
INFO     28/09 23:44:28   ClusterBlast: Loading gene cluster database into memory...
INFO     28/09 23:44:31   ClusterBlast: Loading gene cluster database proteins into memory...
INFO     28/09 23:44:49   Comparing regions to reference database
INFO     28/09 23:49:57   Running subcluster search
INFO     28/09 23:49:57   SubClusterBlast: Loading gene cluster database into memory...
INFO     28/09 23:49:57   SubClusterBlast: Loading gene cluster database proteins into memory...
INFO     28/09 23:50:28   Running known cluster search
INFO     28/09 23:50:28   KnownClusterBlast: Loading gene cluster database into memory...
INFO     28/09 23:50:28   KnownClusterBlast: Loading gene cluster database proteins into memory...
DEBUG    28/09 23:50:28   Running DIAMOND knowncluster searches..
INFO     28/09 23:50:28   Comparing regions to reference database
DEBUG    28/09 23:50:43   Checking if antismash.modules.sactipeptides should be run
INFO     28/09 23:50:43   Running antismash.modules.sactipeptides
DEBUG    28/09 23:50:43   Found no sactipeptide motifs
DEBUG    28/09 23:50:43   Checking if antismash.modules.lassopeptides should be run
INFO     28/09 23:50:43   Running antismash.modules.lassopeptides
DEBUG    28/09 23:50:43   Lassopeptide module marked 0 motifs
DEBUG    28/09 23:50:43   Checking if antismash.modules.active_site_finder should be run
INFO     28/09 23:50:43   Running antismash.modules.active_site_finder
DEBUG    28/09 23:50:46   Checking if antismash.modules.pfam2go should be run
INFO     28/09 23:50:46   Running antismash.modules.pfam2go
DEBUG    28/09 23:50:46   Checking if antismash.modules.t2pks should be run
INFO     28/09 23:50:46   Running antismash.modules.t2pks
DEBUG    28/09 23:50:46   No type II PKS clusters to analyze
DEBUG    28/09 23:50:46   Checking if antismash.modules.rrefinder should be run
INFO     28/09 23:50:46   Running antismash.modules.rrefinder
DEBUG    28/09 23:50:47   Building mapping for pHMM database RREFam.hmm
DEBUG    28/09 23:50:47   Checking if antismash.modules.cluster_compare should be run
INFO     28/09 23:50:47   Running antismash.modules.cluster_compare
DEBUG    28/09 23:50:47   Loading comparison database: MIBiG
DEBUG    28/09 23:50:47   Comparison database loaded
INFO     28/09 23:50:47   Comparing regions to reference database
DEBUG    28/09 23:51:03   Writing json results to '/data/antismash/upload/bacteria-41892c08-821b-42a6-b9f7-94ead3176fe7/6666666.867958.json'
DEBUG    28/09 23:51:03   Record unitig_1quiver has results for modules: hmm_detection, nrps_pks_domains, cluster_hmmer, genefunctions, tigrfam, lanthipeptides, thiopeptides, nrps_pks, clusterblast, sactipeptides, lassopeptides, active_site_finder, pfam2go, t2pks, rrefinder, cluster_compare
DEBUG    28/09 23:51:03   Converting antismash.detection.hmm_detection results to json
DEBUG    28/09 23:51:03   Converting antismash.detection.nrps_pks_domains results to json
DEBUG    28/09 23:51:03   Converting antismash.detection.cluster_hmmer results to json
DEBUG    28/09 23:51:03   Converting antismash.detection.genefunctions results to json
DEBUG    28/09 23:51:03   Converting antismash.detection.tigrfam results to json
DEBUG    28/09 23:51:03   Converting antismash.modules.tta results to json
DEBUG    28/09 23:51:03   Converting antismash.modules.lanthipeptides results to json
DEBUG    28/09 23:51:03   Converting antismash.modules.thiopeptides results to json
DEBUG    28/09 23:51:03   Converting antismash.modules.nrps_pks results to json
DEBUG    28/09 23:51:03   Converting antismash.modules.clusterblast results to json
DEBUG    28/09 23:51:03   Converting antismash.modules.sactipeptides results to json
DEBUG    28/09 23:51:03   Converting antismash.modules.lassopeptides results to json
DEBUG    28/09 23:51:03   Converting antismash.modules.active_site_finder results to json
DEBUG    28/09 23:51:03   Converting antismash.modules.pfam2go results to json
DEBUG    28/09 23:51:03   Converting antismash.modules.t2pks results to json
DEBUG    28/09 23:51:03   Converting antismash.modules.rrefinder results to json
DEBUG    28/09 23:51:03   Converting antismash.modules.cluster_compare results to json
DEBUG    28/09 23:51:03   Record unitig_0quiver has results for modules: hmm_detection, nrps_pks_domains, cluster_hmmer, genefunctions, tigrfam, lanthipeptides, thiopeptides, nrps_pks, clusterblast, sactipeptides, lassopeptides, active_site_finder, pfam2go, t2pks, rrefinder, cluster_compare
DEBUG    28/09 23:51:03   Converting antismash.detection.hmm_detection results to json
DEBUG    28/09 23:51:03   Converting antismash.detection.nrps_pks_domains results to json
DEBUG    28/09 23:51:03   Converting antismash.detection.cluster_hmmer results to json
DEBUG    28/09 23:51:03   Converting antismash.detection.genefunctions results to json
DEBUG    28/09 23:51:03   Converting antismash.detection.tigrfam results to json
DEBUG    28/09 23:51:03   Converting antismash.modules.tta results to json
DEBUG    28/09 23:51:03   Converting antismash.modules.lanthipeptides results to json
DEBUG    28/09 23:51:03   Converting antismash.modules.thiopeptides results to json
DEBUG    28/09 23:51:03   Converting antismash.modules.nrps_pks results to json
DEBUG    28/09 23:51:03   Converting antismash.modules.clusterblast results to json
DEBUG    28/09 23:51:03   Converting antismash.modules.sactipeptides results to json
DEBUG    28/09 23:51:03   Converting antismash.modules.lassopeptides results to json
DEBUG    28/09 23:51:03   Converting antismash.modules.active_site_finder results to json
DEBUG    28/09 23:51:03   Converting antismash.modules.pfam2go results to json
DEBUG    28/09 23:51:03   Converting antismash.modules.t2pks results to json
DEBUG    28/09 23:51:03   Converting antismash.modules.rrefinder results to json
DEBUG    28/09 23:51:03   Converting antismash.modules.cluster_compare results to json
DEBUG    28/09 23:51:05   Annotating record unitig_1quiver with results from: hmm_detection, nrps_pks_domains, cluster_hmmer, genefunctions, tigrfam, tta, lanthipeptides, thiopeptides, nrps_pks, clusterblast, sactipeptides, lassopeptides, active_site_finder, pfam2go, t2pks, rrefinder, cluster_compare
DEBUG    28/09 23:51:05    Adding results from antismash.modules.tta
DEBUG    28/09 23:51:05    Adding results from antismash.modules.lanthipeptides
DEBUG    28/09 23:51:05    Adding results from antismash.modules.thiopeptides
DEBUG    28/09 23:51:05    Adding results from antismash.modules.nrps_pks
DEBUG    28/09 23:51:05    Adding results from antismash.modules.clusterblast
DEBUG    28/09 23:51:05    Adding results from antismash.modules.sactipeptides
DEBUG    28/09 23:51:05    Adding results from antismash.modules.lassopeptides
DEBUG    28/09 23:51:05    Adding results from antismash.modules.active_site_finder
DEBUG    28/09 23:51:05    Adding results from antismash.modules.pfam2go
DEBUG    28/09 23:51:05    Adding results from antismash.modules.t2pks
DEBUG    28/09 23:51:05    Adding results from antismash.modules.rrefinder
DEBUG    28/09 23:51:05    Adding results from antismash.modules.cluster_compare
DEBUG    28/09 23:51:05   Annotating record unitig_0quiver with results from: hmm_detection, nrps_pks_domains, cluster_hmmer, genefunctions, tigrfam, tta, lanthipeptides, thiopeptides, nrps_pks, clusterblast, sactipeptides, lassopeptides, active_site_finder, pfam2go, t2pks, rrefinder, cluster_compare
DEBUG    28/09 23:51:05    Adding results from antismash.modules.tta
DEBUG    28/09 23:51:05    Adding results from antismash.modules.lanthipeptides
DEBUG    28/09 23:51:05    Adding results from antismash.modules.thiopeptides
DEBUG    28/09 23:51:05    Adding results from antismash.modules.nrps_pks
DEBUG    28/09 23:51:05    Adding results from antismash.modules.clusterblast
DEBUG    28/09 23:51:05    Adding results from antismash.modules.sactipeptides
DEBUG    28/09 23:51:05    Adding results from antismash.modules.lassopeptides
DEBUG    28/09 23:51:05    Adding results from antismash.modules.active_site_finder
DEBUG    28/09 23:51:05    Adding results from antismash.modules.pfam2go
DEBUG    28/09 23:51:05    Adding results from antismash.modules.t2pks
DEBUG    28/09 23:51:05    Adding results from antismash.modules.rrefinder
DEBUG    28/09 23:51:05    Adding results from antismash.modules.cluster_compare
DEBUG    28/09 23:51:05   Creating results page
DEBUG    28/09 23:51:33   Creating results SVGs
DEBUG    28/09 23:51:33   Writing seq_records SVGs to '/data/antismash/upload/bacteria-41892c08-821b-42a6-b9f7-94ead3176fe7/svg'
DEBUG    28/09 23:51:35   Writing cluster-specific genbank files
DEBUG    28/09 23:51:36   Writing final genbank file to '/data/antismash/upload/bacteria-41892c08-821b-42a6-b9f7-94ead3176fe7/6666666.867958.gbk'
DEBUG    28/09 23:51:37   Zipping output to '/data/antismash/upload/bacteria-41892c08-821b-42a6-b9f7-94ead3176fe7/6666666.867958.zip'
