INFO     29/09 00:19:20   antiSMASH version: 6.0.1
INFO     29/09 00:19:20   diamond using executable: /usr/bin/diamond-aligner (0.9.24)
INFO     29/09 00:19:20   hmmpfam2 using executable: /usr/bin/hmm2pfam (2.3.2)
INFO     29/09 00:19:20   fasttree using executable: /usr/bin/fasttree
INFO     29/09 00:19:20   hmmsearch using executable: /usr/bin/hmmsearch (3.2.1)
INFO     29/09 00:19:20   hmmpress using executable: /usr/bin/hmmpress (3.2.1)
INFO     29/09 00:19:20   hmmscan using executable: /usr/bin/hmmscan (3.2.1)
INFO     29/09 00:19:21   meme using executable: /usr/bin/meme (4.11.2)
INFO     29/09 00:19:21   fimo using executable: /usr/bin/fimo (4.11.2)
INFO     29/09 00:19:21   glimmerhmm using executable: /usr/bin/glimmerhmm
INFO     29/09 00:19:21   prodigal using executable: /usr/bin/prodigal (V2.6.3)
INFO     29/09 00:19:21   muscle using executable: /usr/bin/muscle (v3.8.1551)
INFO     29/09 00:19:21   java using executable: /usr/bin/java (11.0.9)
INFO     29/09 00:19:21   blastp using executable: /usr/bin/blastp (2.8.1+)
INFO     29/09 00:19:21   makeblastdb using executable: /usr/bin/makeblastdb (2.8.1+)
DEBUG    29/09 00:19:21   Checking prerequisites for antismash.detection.genefinding
DEBUG    29/09 00:19:21   Checking prerequisites for antismash.detection.hmm_detection
DEBUG    29/09 00:19:21   Found file '/usr/local/lib/python3.7/dist-packages/antismash/detection/hmm_detection/data/bgc_seeds.hmm'
DEBUG    29/09 00:19:21   Found file '/usr/local/lib/python3.7/dist-packages/antismash/detection/hmm_detection/data/bgc_seeds.hmm.h3f'
DEBUG    29/09 00:19:21   Found file '/usr/local/lib/python3.7/dist-packages/antismash/detection/hmm_detection/data/bgc_seeds.hmm.h3i'
DEBUG    29/09 00:19:21   Found file '/usr/local/lib/python3.7/dist-packages/antismash/detection/hmm_detection/data/bgc_seeds.hmm.h3m'
DEBUG    29/09 00:19:21   Found file '/usr/local/lib/python3.7/dist-packages/antismash/detection/hmm_detection/data/bgc_seeds.hmm.h3p'
DEBUG    29/09 00:19:21   Checking prerequisites for antismash.detection.nrps_pks_domains
DEBUG    29/09 00:19:21   Found file '/usr/local/lib/python3.7/dist-packages/antismash/detection/nrps_pks_domains/data/abmotifs.hmm.h3f'
DEBUG    29/09 00:19:21   Found file '/usr/local/lib/python3.7/dist-packages/antismash/detection/nrps_pks_domains/data/abmotifs.hmm.h3i'
DEBUG    29/09 00:19:21   Found file '/usr/local/lib/python3.7/dist-packages/antismash/detection/nrps_pks_domains/data/abmotifs.hmm.h3m'
DEBUG    29/09 00:19:21   Found file '/usr/local/lib/python3.7/dist-packages/antismash/detection/nrps_pks_domains/data/abmotifs.hmm.h3p'
DEBUG    29/09 00:19:21   Found file '/usr/local/lib/python3.7/dist-packages/antismash/detection/nrps_pks_domains/data/dockingdomains.hmm.h3f'
DEBUG    29/09 00:19:21   Found file '/usr/local/lib/python3.7/dist-packages/antismash/detection/nrps_pks_domains/data/dockingdomains.hmm.h3i'
DEBUG    29/09 00:19:21   Found file '/usr/local/lib/python3.7/dist-packages/antismash/detection/nrps_pks_domains/data/dockingdomains.hmm.h3m'
DEBUG    29/09 00:19:21   Found file '/usr/local/lib/python3.7/dist-packages/antismash/detection/nrps_pks_domains/data/dockingdomains.hmm.h3p'
DEBUG    29/09 00:19:21   Found file '/usr/local/lib/python3.7/dist-packages/antismash/detection/nrps_pks_domains/data/ksdomains.hmm.h3f'
DEBUG    29/09 00:19:21   Found file '/usr/local/lib/python3.7/dist-packages/antismash/detection/nrps_pks_domains/data/ksdomains.hmm.h3i'
DEBUG    29/09 00:19:21   Found file '/usr/local/lib/python3.7/dist-packages/antismash/detection/nrps_pks_domains/data/ksdomains.hmm.h3m'
DEBUG    29/09 00:19:21   Found file '/usr/local/lib/python3.7/dist-packages/antismash/detection/nrps_pks_domains/data/ksdomains.hmm.h3p'
DEBUG    29/09 00:19:21   Found file '/usr/local/lib/python3.7/dist-packages/antismash/detection/nrps_pks_domains/data/nrpspksdomains.hmm.h3f'
DEBUG    29/09 00:19:21   Found file '/usr/local/lib/python3.7/dist-packages/antismash/detection/nrps_pks_domains/data/nrpspksdomains.hmm.h3i'
DEBUG    29/09 00:19:21   Found file '/usr/local/lib/python3.7/dist-packages/antismash/detection/nrps_pks_domains/data/nrpspksdomains.hmm.h3m'
DEBUG    29/09 00:19:21   Found file '/usr/local/lib/python3.7/dist-packages/antismash/detection/nrps_pks_domains/data/nrpspksdomains.hmm.h3p'
DEBUG    29/09 00:19:21   Checking prerequisites for antismash.detection.cluster_hmmer
DEBUG    29/09 00:19:21   Found file '/databases/pfam/32.0/Pfam-A.hmm'
DEBUG    29/09 00:19:21   Found file '/databases/pfam/32.0/Pfam-A.hmm.h3f'
DEBUG    29/09 00:19:21   Found file '/databases/pfam/32.0/Pfam-A.hmm.h3i'
DEBUG    29/09 00:19:21   Found file '/databases/pfam/32.0/Pfam-A.hmm.h3m'
DEBUG    29/09 00:19:21   Found file '/databases/pfam/32.0/Pfam-A.hmm.h3p'
DEBUG    29/09 00:19:21   Checking prerequisites for antismash.detection.genefunctions
DEBUG    29/09 00:19:21   Found file '/databases/resfam/Resfams.hmm'
DEBUG    29/09 00:19:21   Found file '/usr/local/lib/python3.7/dist-packages/antismash/detection/genefunctions/data/smcogs.hmm.h3f'
DEBUG    29/09 00:19:21   Found file '/usr/local/lib/python3.7/dist-packages/antismash/detection/genefunctions/data/smcogs.hmm.h3i'
DEBUG    29/09 00:19:21   Found file '/usr/local/lib/python3.7/dist-packages/antismash/detection/genefunctions/data/smcogs.hmm.h3m'
DEBUG    29/09 00:19:21   Found file '/usr/local/lib/python3.7/dist-packages/antismash/detection/genefunctions/data/smcogs.hmm.h3p'
DEBUG    29/09 00:19:21   Checking prerequisites for antismash.detection.tigrfam
DEBUG    29/09 00:19:21   Found file '/databases/tigrfam/TIGRFam.hmm'
DEBUG    29/09 00:19:21   Found file '/databases/tigrfam/TIGRFam.hmm.h3f'
DEBUG    29/09 00:19:21   Found file '/databases/tigrfam/TIGRFam.hmm.h3i'
DEBUG    29/09 00:19:21   Found file '/databases/tigrfam/TIGRFam.hmm.h3m'
DEBUG    29/09 00:19:21   Found file '/databases/tigrfam/TIGRFam.hmm.h3p'
DEBUG    29/09 00:19:21   Checking prerequisites for antismash.modules.tta
DEBUG    29/09 00:19:21   Checking prerequisites for antismash.modules.lanthipeptides
DEBUG    29/09 00:19:21   missing cached SVM classifiers, rebuilding
DEBUG    29/09 00:19:21   Checking prerequisites for antismash.modules.thiopeptides
DEBUG    29/09 00:19:21   Checking prerequisites for antismash.modules.nrps_pks
DEBUG    29/09 00:19:21   Checking prerequisites for antismash.modules.clusterblast
DEBUG    29/09 00:19:21   Found file '/usr/local/lib/python3.7/dist-packages/antismash/modules/clusterblast/data/known/clusters.txt'
DEBUG    29/09 00:19:21   Found file '/usr/local/lib/python3.7/dist-packages/antismash/modules/clusterblast/data/known/proteins.fasta'
DEBUG    29/09 00:19:21   Found file '/usr/local/lib/python3.7/dist-packages/antismash/modules/clusterblast/data/known/proteins.dmnd'
DEBUG    29/09 00:19:21   Found file '/usr/local/lib/python3.7/dist-packages/antismash/modules/clusterblast/data/known/proteins.dmnd'
DEBUG    29/09 00:19:21   Found file '/databases/clusterblast/clusters.txt'
DEBUG    29/09 00:19:21   Found file '/databases/clusterblast/proteins.fasta'
DEBUG    29/09 00:19:21   Found file '/databases/clusterblast/proteins.dmnd'
DEBUG    29/09 00:19:21   Found file '/databases/clusterblast/proteins.dmnd'
DEBUG    29/09 00:19:21   Found file '/usr/local/lib/python3.7/dist-packages/antismash/modules/clusterblast/data/sub/proteins.fasta'
DEBUG    29/09 00:19:21   Found file '/usr/local/lib/python3.7/dist-packages/antismash/modules/clusterblast/data/sub/proteins.fasta.phr'
DEBUG    29/09 00:19:21   Found file '/usr/local/lib/python3.7/dist-packages/antismash/modules/clusterblast/data/sub/proteins.fasta.pin'
DEBUG    29/09 00:19:21   Found file '/usr/local/lib/python3.7/dist-packages/antismash/modules/clusterblast/data/sub/proteins.fasta.psq'
DEBUG    29/09 00:19:21   Found file '/usr/local/lib/python3.7/dist-packages/antismash/modules/clusterblast/data/sub/clusters.txt'
DEBUG    29/09 00:19:21   Checking prerequisites for antismash.modules.sactipeptides
DEBUG    29/09 00:19:21   Checking prerequisites for antismash.modules.lassopeptides
DEBUG    29/09 00:19:21   Checking prerequisites for antismash.modules.active_site_finder
DEBUG    29/09 00:19:21   Found file '/usr/local/lib/python3.7/dist-packages/antismash/modules/active_site_finder/data/PKSI-KR.hmm2'
DEBUG    29/09 00:19:21   Found file '/usr/local/lib/python3.7/dist-packages/antismash/modules/active_site_finder/data/PKSI-KS_N.hmm2'
DEBUG    29/09 00:19:21   Found file '/usr/local/lib/python3.7/dist-packages/antismash/modules/active_site_finder/data/PKSI-KS_C.hmm2'
DEBUG    29/09 00:19:21   Found file '/usr/local/lib/python3.7/dist-packages/antismash/modules/active_site_finder/data/PKSI-AT.hmm2'
DEBUG    29/09 00:19:21   Found file '/usr/local/lib/python3.7/dist-packages/antismash/modules/active_site_finder/data/PKSI-ACP.hmm2'
DEBUG    29/09 00:19:21   Found file '/usr/local/lib/python3.7/dist-packages/antismash/modules/active_site_finder/data/PKSI-DH.hmm2'
DEBUG    29/09 00:19:21   Found file '/usr/local/lib/python3.7/dist-packages/antismash/modules/active_site_finder/data/Thioesterase.hmm2'
DEBUG    29/09 00:19:21   Found file '/usr/local/lib/python3.7/dist-packages/antismash/modules/active_site_finder/data/PKSI-ER.hmm2'
DEBUG    29/09 00:19:21   Found file '/usr/local/lib/python3.7/dist-packages/antismash/modules/active_site_finder/data/p450.hmm2'
DEBUG    29/09 00:19:21   Checking prerequisites for antismash.modules.pfam2go
DEBUG    29/09 00:19:21   Found file '/usr/local/lib/python3.7/dist-packages/antismash/modules/pfam2go/data/pfam2go.txt'
DEBUG    29/09 00:19:21   Checking prerequisites for antismash.modules.t2pks
DEBUG    29/09 00:19:21   Found file '/usr/local/lib/python3.7/dist-packages/antismash/modules/t2pks/data/KSIII.fasta'
DEBUG    29/09 00:19:21   Found file '/usr/local/lib/python3.7/dist-packages/antismash/modules/t2pks/data/KSIII.phr'
DEBUG    29/09 00:19:21   Found file '/usr/local/lib/python3.7/dist-packages/antismash/modules/t2pks/data/KSIII.pin'
DEBUG    29/09 00:19:21   Found file '/usr/local/lib/python3.7/dist-packages/antismash/modules/t2pks/data/KSIII.psq'
DEBUG    29/09 00:19:21   Found file '/usr/local/lib/python3.7/dist-packages/antismash/modules/t2pks/data/AT.fasta'
DEBUG    29/09 00:19:21   Found file '/usr/local/lib/python3.7/dist-packages/antismash/modules/t2pks/data/AT.phr'
DEBUG    29/09 00:19:21   Found file '/usr/local/lib/python3.7/dist-packages/antismash/modules/t2pks/data/AT.pin'
DEBUG    29/09 00:19:21   Found file '/usr/local/lib/python3.7/dist-packages/antismash/modules/t2pks/data/AT.psq'
DEBUG    29/09 00:19:21   Found file '/usr/local/lib/python3.7/dist-packages/antismash/modules/t2pks/data/LIG.fasta'
DEBUG    29/09 00:19:21   Found file '/usr/local/lib/python3.7/dist-packages/antismash/modules/t2pks/data/LIG.phr'
DEBUG    29/09 00:19:21   Found file '/usr/local/lib/python3.7/dist-packages/antismash/modules/t2pks/data/LIG.pin'
DEBUG    29/09 00:19:21   Found file '/usr/local/lib/python3.7/dist-packages/antismash/modules/t2pks/data/LIG.psq'
DEBUG    29/09 00:19:21   Found file '/usr/local/lib/python3.7/dist-packages/antismash/modules/t2pks/data/t2pks.hmm.h3f'
DEBUG    29/09 00:19:21   Found file '/usr/local/lib/python3.7/dist-packages/antismash/modules/t2pks/data/t2pks.hmm.h3i'
DEBUG    29/09 00:19:21   Found file '/usr/local/lib/python3.7/dist-packages/antismash/modules/t2pks/data/t2pks.hmm.h3m'
DEBUG    29/09 00:19:21   Found file '/usr/local/lib/python3.7/dist-packages/antismash/modules/t2pks/data/t2pks.hmm.h3p'
DEBUG    29/09 00:19:21   Checking prerequisites for antismash.modules.rrefinder
DEBUG    29/09 00:19:21   Found file '/usr/local/lib/python3.7/dist-packages/antismash/modules/rrefinder/data/RREFam.hmm.h3f'
DEBUG    29/09 00:19:21   Found file '/usr/local/lib/python3.7/dist-packages/antismash/modules/rrefinder/data/RREFam.hmm.h3i'
DEBUG    29/09 00:19:21   Found file '/usr/local/lib/python3.7/dist-packages/antismash/modules/rrefinder/data/RREFam.hmm.h3m'
DEBUG    29/09 00:19:21   Found file '/usr/local/lib/python3.7/dist-packages/antismash/modules/rrefinder/data/RREFam.hmm.h3p'
DEBUG    29/09 00:19:21   Checking prerequisites for antismash.modules.cluster_compare
DEBUG    29/09 00:19:21   Found file '/databases/clustercompare/mibig/data.json'
DEBUG    29/09 00:19:21   Found file '/databases/clustercompare/mibig/proteins.fasta'
DEBUG    29/09 00:19:21   Found file '/databases/clustercompare/mibig/proteins.dmnd'
DEBUG    29/09 00:19:21   Found file '/databases/clustercompare/mibig/proteins.dmnd'
DEBUG    29/09 00:19:21   Checking prerequisites for antismash.outputs.html
DEBUG    29/09 00:19:21   Found file '/usr/local/lib/python3.7/dist-packages/antismash/outputs/html/css/bacteria.css'
DEBUG    29/09 00:19:21   Found file '/usr/local/lib/python3.7/dist-packages/antismash/outputs/html/css/fungi.css'
DEBUG    29/09 00:19:21   Found file '/usr/local/lib/python3.7/dist-packages/antismash/outputs/html/css/plants.css'
DEBUG    29/09 00:19:21   Checking options for antismash.detection.genefinding
DEBUG    29/09 00:19:21   Checking options for antismash.detection.hmm_detection
DEBUG    29/09 00:19:21   Checking options for antismash.detection.nrps_pks_domains
DEBUG    29/09 00:19:21   Checking options for antismash.detection.cluster_hmmer
DEBUG    29/09 00:19:21   Found file '/databases/pfam/32.0/Pfam-A.hmm'
DEBUG    29/09 00:19:21   Found file '/databases/pfam/32.0/Pfam-A.hmm.h3f'
DEBUG    29/09 00:19:21   Found file '/databases/pfam/32.0/Pfam-A.hmm.h3i'
DEBUG    29/09 00:19:21   Found file '/databases/pfam/32.0/Pfam-A.hmm.h3m'
DEBUG    29/09 00:19:21   Found file '/databases/pfam/32.0/Pfam-A.hmm.h3p'
DEBUG    29/09 00:19:21   Checking options for antismash.detection.genefunctions
DEBUG    29/09 00:19:21   Checking options for antismash.detection.tigrfam
DEBUG    29/09 00:19:21   Checking options for antismash.modules.tta
DEBUG    29/09 00:19:21   Checking options for antismash.modules.lanthipeptides
DEBUG    29/09 00:19:21   Checking options for antismash.modules.thiopeptides
DEBUG    29/09 00:19:21   Checking options for antismash.modules.nrps_pks
DEBUG    29/09 00:19:21   Checking options for antismash.modules.clusterblast
DEBUG    29/09 00:19:21   Checking options for antismash.modules.sactipeptides
DEBUG    29/09 00:19:21   Checking options for antismash.modules.lassopeptides
DEBUG    29/09 00:19:21   Checking options for antismash.modules.active_site_finder
DEBUG    29/09 00:19:21   Checking options for antismash.modules.pfam2go
DEBUG    29/09 00:19:21   Checking options for antismash.modules.t2pks
DEBUG    29/09 00:19:21   Checking options for antismash.modules.rrefinder
DEBUG    29/09 00:19:21   Checking options for antismash.modules.cluster_compare
DEBUG    29/09 00:19:21   Checking options for antismash.outputs.html
INFO     29/09 00:19:21   Parsing input sequence '/input/6666666.867961.gbk'
DEBUG    29/09 00:19:23   Stripping antiSMASH features and annotations from record: NZ_LWAB01000008.1
DEBUG    29/09 00:19:23   Stripping antiSMASH features and annotations from record: NZ_LWAB01000001.1
DEBUG    29/09 00:19:23   Stripping antiSMASH features and annotations from record: NZ_LWAB01000006.1
DEBUG    29/09 00:19:23   Stripping antiSMASH features and annotations from record: NZ_LWAB01000002.1
DEBUG    29/09 00:19:23   Stripping antiSMASH features and annotations from record: NZ_LWAB01000005.1
DEBUG    29/09 00:19:23   Stripping antiSMASH features and annotations from record: NZ_LWAB01000011.1
DEBUG    29/09 00:19:23   Stripping antiSMASH features and annotations from record: NZ_LWAB01000007.1
DEBUG    29/09 00:19:23   Stripping antiSMASH features and annotations from record: NZ_LWAB01000003.1
DEBUG    29/09 00:19:23   Stripping antiSMASH features and annotations from record: NZ_LWAB01000004.1
DEBUG    29/09 00:19:23   Stripping antiSMASH features and annotations from record: NZ_LWAB01000010.1
DEBUG    29/09 00:19:23   Stripping antiSMASH features and annotations from record: NZ_LWAB01000009.1
DEBUG    29/09 00:19:23   Converting records from biopython to secmet
DEBUG    29/09 00:19:24   Removing existing region genbank files
DEBUG    29/09 00:19:24   Reusing output directory: /data/antismash/upload/bacteria-97e24748-925a-4548-9505-0e1f1bccf065
DEBUG    29/09 00:19:24   Preprocessing 11 sequences
DEBUG    29/09 00:19:24   Sanitising record ids and sequences
WARNING  29/09 00:19:24   Fasta header too long: renamed "NZ_LWAB01000008.1" to "NZ_LWAB01000008"
WARNING  29/09 00:19:24   Fasta header too long: renamed "NZ_LWAB01000001.1" to "NZ_LWAB01000001"
WARNING  29/09 00:19:24   Fasta header too long: renamed "NZ_LWAB01000006.1" to "NZ_LWAB01000006"
WARNING  29/09 00:19:24   Fasta header too long: renamed "NZ_LWAB01000002.1" to "NZ_LWAB01000002"
WARNING  29/09 00:19:24   Fasta header too long: renamed "NZ_LWAB01000005.1" to "NZ_LWAB01000005"
WARNING  29/09 00:19:24   Fasta header too long: renamed "NZ_LWAB01000011.1" to "NZ_LWAB01000011"
WARNING  29/09 00:19:24   Fasta header too long: renamed "NZ_LWAB01000007.1" to "NZ_LWAB01000007"
WARNING  29/09 00:19:24   Fasta header too long: renamed "NZ_LWAB01000003.1" to "NZ_LWAB01000003"
WARNING  29/09 00:19:24   Fasta header too long: renamed "NZ_LWAB01000004.1" to "NZ_LWAB01000004"
WARNING  29/09 00:19:24   Fasta header too long: renamed "NZ_LWAB01000010.1" to "NZ_LWAB01000010"
WARNING  29/09 00:19:24   Fasta header too long: renamed "NZ_LWAB01000009.1" to "NZ_LWAB01000009"
DEBUG    29/09 00:19:27   Removing sequences smaller than 1000 bases
DEBUG    29/09 00:19:27   Ensuring records have CDS features with all required information
INFO     29/09 00:19:28   Analysing record: NZ_LWAB01000008
DEBUG    29/09 00:19:28   Checking if antismash.detection.full_hmmer should be run
INFO     29/09 00:19:28   Detecting secondary metabolite clusters
DEBUG    29/09 00:19:28   Checking if antismash.detection.sideloader should be run
DEBUG    29/09 00:19:28   Checking if antismash.detection.hmm_detection should be run
INFO     29/09 00:19:28   Running antismash.detection.hmm_detection
INFO     29/09 00:19:28   HMM detection using strictness: relaxed
DEBUG    29/09 00:19:29   0 rule-based cluster(s) found in record
DEBUG    29/09 00:19:29   Checking if antismash.detection.cassis should be run
DEBUG    29/09 00:19:29   0 protoclusters found
DEBUG    29/09 00:19:29   0 subregions found
INFO     29/09 00:19:29   No regions detected, skipping record
INFO     29/09 00:19:29   Analysing record: NZ_LWAB01000001
DEBUG    29/09 00:19:29   Checking if antismash.detection.full_hmmer should be run
INFO     29/09 00:19:29   Detecting secondary metabolite clusters
DEBUG    29/09 00:19:29   Checking if antismash.detection.sideloader should be run
DEBUG    29/09 00:19:29   Checking if antismash.detection.hmm_detection should be run
INFO     29/09 00:19:29   Running antismash.detection.hmm_detection
INFO     29/09 00:19:29   HMM detection using strictness: relaxed
DEBUG    29/09 00:19:32   4 rule-based cluster(s) found in record
DEBUG    29/09 00:19:32   Checking if antismash.detection.cassis should be run
DEBUG    29/09 00:19:32   4 protoclusters found
DEBUG    29/09 00:19:32   0 subregions found
INFO     29/09 00:19:32   3 region(s) detected in record
DEBUG    29/09 00:19:32   Checking if antismash.detection.nrps_pks_domains should be run
INFO     29/09 00:19:32   Running antismash.detection.nrps_pks_domains
DEBUG    29/09 00:19:32   Marking NRPS/PKS CDS features and domains in clusters
DEBUG    29/09 00:19:33   Adding detection results from antismash.detection.nrps_pks_domains to record
DEBUG    29/09 00:19:33   Checking if antismash.detection.cluster_hmmer should be run
INFO     29/09 00:19:33   Running antismash.detection.cluster_hmmer
INFO     29/09 00:19:33   Running cluster PFAM search
DEBUG    29/09 00:20:17   Building mapping for pHMM database Pfam-A.hmm
DEBUG    29/09 00:20:25   Building mapping for HMMer database /databases/pfam/32.0/Pfam-A.hmm
DEBUG    29/09 00:20:32   Adding detection results from antismash.detection.cluster_hmmer to record
DEBUG    29/09 00:20:32   Checking if antismash.detection.genefunctions should be run
INFO     29/09 00:20:32   Running antismash.detection.genefunctions
DEBUG    29/09 00:20:36   Adding detection results from antismash.detection.genefunctions to record
DEBUG    29/09 00:20:36   annotating CDS features with resist info: 0 CDSes
DEBUG    29/09 00:20:36   annotating CDS features with smcogs info: 24 CDSes
DEBUG    29/09 00:20:36   Checking if antismash.detection.tigrfam should be run
INFO     29/09 00:20:36   Running antismash.detection.tigrfam
INFO     29/09 00:20:36   Running TIGRFam search
DEBUG    29/09 00:20:50   Building mapping for pHMM database TIGRFam.hmm
DEBUG    29/09 00:20:52   Adding detection results from antismash.detection.tigrfam to record
DEBUG    29/09 00:20:52   Checking if antismash.modules.smcog_trees should be run
DEBUG    29/09 00:20:52   Checking if antismash.modules.tta should be run
INFO     29/09 00:20:52   Running antismash.modules.tta
INFO     29/09 00:20:52   Detecting TTA codons
DEBUG    29/09 00:20:52   GC content: 70%
DEBUG    29/09 00:20:52   Detected 10 TTA codons
DEBUG    29/09 00:20:52   Checking if antismash.modules.lanthipeptides should be run
INFO     29/09 00:20:52   Running antismash.modules.lanthipeptides
DEBUG    29/09 00:20:52   Lanthipeptide module marked 0 motifs
DEBUG    29/09 00:20:52   Checking if antismash.modules.thiopeptides should be run
INFO     29/09 00:20:52   Running antismash.modules.thiopeptides
DEBUG    29/09 00:20:52   Thiopeptides marked 0 motifs
DEBUG    29/09 00:20:52   Checking if antismash.modules.nrps_pks should be run
INFO     29/09 00:20:52   Running antismash.modules.nrps_pks
INFO     29/09 00:20:52   Predicting A domain substrate specificities with NRPSPredictor2
DEBUG    29/09 00:20:55   Checking if antismash.modules.clusterblast should be run
INFO     29/09 00:20:55   Running antismash.modules.clusterblast
INFO     29/09 00:20:55   Finding internal homologs in each gene cluster...
INFO     29/09 00:20:57   Running ClusterBlast
INFO     29/09 00:20:57   ClusterBlast: Loading gene cluster database into memory...
INFO     29/09 00:20:59   ClusterBlast: Loading gene cluster database proteins into memory...
INFO     29/09 00:21:18   Comparing regions to reference database
INFO     29/09 00:21:37   Running subcluster search
INFO     29/09 00:21:37   SubClusterBlast: Loading gene cluster database into memory...
INFO     29/09 00:21:37   SubClusterBlast: Loading gene cluster database proteins into memory...
INFO     29/09 00:21:41   Running known cluster search
INFO     29/09 00:21:41   KnownClusterBlast: Loading gene cluster database into memory...
INFO     29/09 00:21:41   KnownClusterBlast: Loading gene cluster database proteins into memory...
DEBUG    29/09 00:21:41   Running DIAMOND knowncluster searches..
INFO     29/09 00:21:41   Comparing regions to reference database
DEBUG    29/09 00:21:45   Checking if antismash.modules.sactipeptides should be run
INFO     29/09 00:21:45   Running antismash.modules.sactipeptides
DEBUG    29/09 00:21:45   Found no sactipeptide motifs
DEBUG    29/09 00:21:45   Checking if antismash.modules.lassopeptides should be run
INFO     29/09 00:21:45   Running antismash.modules.lassopeptides
DEBUG    29/09 00:21:45   Lassopeptide module marked 0 motifs
DEBUG    29/09 00:21:45   Checking if antismash.modules.active_site_finder should be run
INFO     29/09 00:21:45   Running antismash.modules.active_site_finder
DEBUG    29/09 00:21:45   Checking if antismash.modules.pfam2go should be run
INFO     29/09 00:21:45   Running antismash.modules.pfam2go
DEBUG    29/09 00:21:46   Checking if antismash.modules.t2pks should be run
INFO     29/09 00:21:46   Running antismash.modules.t2pks
DEBUG    29/09 00:21:46   No type II PKS clusters to analyze
DEBUG    29/09 00:21:46   Checking if antismash.modules.rrefinder should be run
INFO     29/09 00:21:46   Running antismash.modules.rrefinder
DEBUG    29/09 00:21:46   Checking if antismash.modules.cluster_compare should be run
INFO     29/09 00:21:46   Running antismash.modules.cluster_compare
DEBUG    29/09 00:21:46   Loading comparison database: MIBiG
DEBUG    29/09 00:21:46   Comparison database loaded
INFO     29/09 00:21:46   Comparing regions to reference database
INFO     29/09 00:21:49   Analysing record: NZ_LWAB01000006
DEBUG    29/09 00:21:49   Checking if antismash.detection.full_hmmer should be run
INFO     29/09 00:21:49   Detecting secondary metabolite clusters
DEBUG    29/09 00:21:49   Checking if antismash.detection.sideloader should be run
DEBUG    29/09 00:21:49   Checking if antismash.detection.hmm_detection should be run
INFO     29/09 00:21:49   Running antismash.detection.hmm_detection
INFO     29/09 00:21:49   HMM detection using strictness: relaxed
DEBUG    29/09 00:21:50   1 rule-based cluster(s) found in record
DEBUG    29/09 00:21:50   Checking if antismash.detection.cassis should be run
DEBUG    29/09 00:21:50   1 protoclusters found
DEBUG    29/09 00:21:50   0 subregions found
INFO     29/09 00:21:50   1 region(s) detected in record
DEBUG    29/09 00:21:50   Checking if antismash.detection.nrps_pks_domains should be run
INFO     29/09 00:21:50   Running antismash.detection.nrps_pks_domains
DEBUG    29/09 00:21:50   Marking NRPS/PKS CDS features and domains in clusters
DEBUG    29/09 00:21:50   Adding detection results from antismash.detection.nrps_pks_domains to record
DEBUG    29/09 00:21:50   Checking if antismash.detection.cluster_hmmer should be run
INFO     29/09 00:21:50   Running antismash.detection.cluster_hmmer
INFO     29/09 00:21:50   Running cluster PFAM search
DEBUG    29/09 00:21:54   Adding detection results from antismash.detection.cluster_hmmer to record
DEBUG    29/09 00:21:54   Checking if antismash.detection.genefunctions should be run
INFO     29/09 00:21:54   Running antismash.detection.genefunctions
DEBUG    29/09 00:21:56   Adding detection results from antismash.detection.genefunctions to record
DEBUG    29/09 00:21:56   annotating CDS features with resist info: 0 CDSes
DEBUG    29/09 00:21:56   annotating CDS features with smcogs info: 5 CDSes
DEBUG    29/09 00:21:56   Checking if antismash.detection.tigrfam should be run
INFO     29/09 00:21:56   Running antismash.detection.tigrfam
INFO     29/09 00:21:56   Running TIGRFam search
DEBUG    29/09 00:21:57   Adding detection results from antismash.detection.tigrfam to record
DEBUG    29/09 00:21:57   Checking if antismash.modules.smcog_trees should be run
DEBUG    29/09 00:21:57   Checking if antismash.modules.tta should be run
INFO     29/09 00:21:57   Running antismash.modules.tta
INFO     29/09 00:21:57   Detecting TTA codons
DEBUG    29/09 00:21:57   GC content: 72%
DEBUG    29/09 00:21:57   Detected 0 TTA codons
DEBUG    29/09 00:21:57   Checking if antismash.modules.lanthipeptides should be run
INFO     29/09 00:21:57   Running antismash.modules.lanthipeptides
DEBUG    29/09 00:21:57   Lanthipeptide module marked 0 motifs
DEBUG    29/09 00:21:57   Checking if antismash.modules.thiopeptides should be run
INFO     29/09 00:21:57   Running antismash.modules.thiopeptides
DEBUG    29/09 00:21:57   Thiopeptides marked 0 motifs
DEBUG    29/09 00:21:57   Checking if antismash.modules.nrps_pks should be run
INFO     29/09 00:21:57   Running antismash.modules.nrps_pks
DEBUG    29/09 00:21:57   No NRPS or PKS genes found, skipping analysis
DEBUG    29/09 00:21:57   Checking if antismash.modules.clusterblast should be run
INFO     29/09 00:21:57   Running antismash.modules.clusterblast
INFO     29/09 00:21:57   Finding internal homologs in each gene cluster...
INFO     29/09 00:21:57   Running ClusterBlast
INFO     29/09 00:21:57   ClusterBlast: Loading gene cluster database into memory...
INFO     29/09 00:22:00   ClusterBlast: Loading gene cluster database proteins into memory...
INFO     29/09 00:22:20   Comparing regions to reference database
INFO     29/09 00:22:27   Running subcluster search
INFO     29/09 00:22:27   SubClusterBlast: Loading gene cluster database into memory...
INFO     29/09 00:22:27   SubClusterBlast: Loading gene cluster database proteins into memory...
INFO     29/09 00:22:28   Running known cluster search
INFO     29/09 00:22:28   KnownClusterBlast: Loading gene cluster database into memory...
INFO     29/09 00:22:28   KnownClusterBlast: Loading gene cluster database proteins into memory...
DEBUG    29/09 00:22:28   Running DIAMOND knowncluster searches..
INFO     29/09 00:22:28   Comparing regions to reference database
DEBUG    29/09 00:22:30   Checking if antismash.modules.sactipeptides should be run
INFO     29/09 00:22:30   Running antismash.modules.sactipeptides
DEBUG    29/09 00:22:30   Found no sactipeptide motifs
DEBUG    29/09 00:22:30   Checking if antismash.modules.lassopeptides should be run
INFO     29/09 00:22:30   Running antismash.modules.lassopeptides
DEBUG    29/09 00:22:30   Lassopeptide module marked 0 motifs
DEBUG    29/09 00:22:30   Checking if antismash.modules.active_site_finder should be run
INFO     29/09 00:22:30   Running antismash.modules.active_site_finder
DEBUG    29/09 00:22:30   Checking if antismash.modules.pfam2go should be run
INFO     29/09 00:22:30   Running antismash.modules.pfam2go
DEBUG    29/09 00:22:30   Checking if antismash.modules.t2pks should be run
INFO     29/09 00:22:30   Running antismash.modules.t2pks
DEBUG    29/09 00:22:30   No type II PKS clusters to analyze
DEBUG    29/09 00:22:30   Checking if antismash.modules.rrefinder should be run
INFO     29/09 00:22:30   Running antismash.modules.rrefinder
DEBUG    29/09 00:22:30   Checking if antismash.modules.cluster_compare should be run
INFO     29/09 00:22:30   Running antismash.modules.cluster_compare
DEBUG    29/09 00:22:30   Loading comparison database: MIBiG
DEBUG    29/09 00:22:30   Comparison database loaded
INFO     29/09 00:22:30   Comparing regions to reference database
INFO     29/09 00:22:30   Analysing record: NZ_LWAB01000002
DEBUG    29/09 00:22:30   Checking if antismash.detection.full_hmmer should be run
INFO     29/09 00:22:30   Detecting secondary metabolite clusters
DEBUG    29/09 00:22:30   Checking if antismash.detection.sideloader should be run
DEBUG    29/09 00:22:30   Checking if antismash.detection.hmm_detection should be run
INFO     29/09 00:22:30   Running antismash.detection.hmm_detection
INFO     29/09 00:22:30   HMM detection using strictness: relaxed
DEBUG    29/09 00:22:40   15 rule-based cluster(s) found in record
DEBUG    29/09 00:22:40   Checking if antismash.detection.cassis should be run
DEBUG    29/09 00:22:40   15 protoclusters found
DEBUG    29/09 00:22:40   0 subregions found
INFO     29/09 00:22:40   10 region(s) detected in record
DEBUG    29/09 00:22:40   Checking if antismash.detection.nrps_pks_domains should be run
INFO     29/09 00:22:40   Running antismash.detection.nrps_pks_domains
DEBUG    29/09 00:22:40   Marking NRPS/PKS CDS features and domains in clusters
DEBUG    29/09 00:22:45   Adding detection results from antismash.detection.nrps_pks_domains to record
DEBUG    29/09 00:22:45   Checking if antismash.detection.cluster_hmmer should be run
INFO     29/09 00:22:45   Running antismash.detection.cluster_hmmer
INFO     29/09 00:22:45   Running cluster PFAM search
DEBUG    29/09 00:25:00   Adding detection results from antismash.detection.cluster_hmmer to record
DEBUG    29/09 00:25:00   Checking if antismash.detection.genefunctions should be run
INFO     29/09 00:25:00   Running antismash.detection.genefunctions
DEBUG    29/09 00:25:14   Adding detection results from antismash.detection.genefunctions to record
DEBUG    29/09 00:25:14   annotating CDS features with resist info: 0 CDSes
DEBUG    29/09 00:25:14   annotating CDS features with smcogs info: 124 CDSes
DEBUG    29/09 00:25:14   Checking if antismash.detection.tigrfam should be run
INFO     29/09 00:25:14   Running antismash.detection.tigrfam
INFO     29/09 00:25:14   Running TIGRFam search
DEBUG    29/09 00:25:59   Adding detection results from antismash.detection.tigrfam to record
DEBUG    29/09 00:25:59   Checking if antismash.modules.smcog_trees should be run
DEBUG    29/09 00:25:59   Checking if antismash.modules.tta should be run
INFO     29/09 00:25:59   Running antismash.modules.tta
INFO     29/09 00:25:59   Detecting TTA codons
DEBUG    29/09 00:25:59   GC content: 73%
DEBUG    29/09 00:25:59   Detected 21 TTA codons
DEBUG    29/09 00:25:59   Checking if antismash.modules.lanthipeptides should be run
INFO     29/09 00:25:59   Running antismash.modules.lanthipeptides
DEBUG    29/09 00:26:03   Lanthipeptide module marked 0 motifs
DEBUG    29/09 00:26:03   Checking if antismash.modules.thiopeptides should be run
INFO     29/09 00:26:03   Running antismash.modules.thiopeptides
DEBUG    29/09 00:26:03   Thiopeptides marked 0 motifs
DEBUG    29/09 00:26:03   Checking if antismash.modules.nrps_pks should be run
INFO     29/09 00:26:03   Running antismash.modules.nrps_pks
INFO     29/09 00:26:03   Predicting A domain substrate specificities with NRPSPredictor2
INFO     29/09 00:26:19   Predicting PKS AT domain substrate specificities by Yadav et al. PKS signature sequences
INFO     29/09 00:26:20   Predicting PKS AT domain substrate specificities by Minowa et al. method
INFO     29/09 00:26:22   Predicting CAL domain substrate specificities by Minowa et al. method
INFO     29/09 00:26:22   Predicting PKS KR activity and stereochemistry using KR fingerprints from Starcevic et al.
DEBUG    29/09 00:26:24   CandidateCluster 2 monomer ordering method: colinear
DEBUG    29/09 00:26:24   CandidateCluster 3 monomer ordering method: colinear
DEBUG    29/09 00:26:24   CandidateCluster 5 monomer ordering method: colinear
DEBUG    29/09 00:26:24   CandidateCluster 6 monomer ordering method: colinear
DEBUG    29/09 00:26:24   CandidateCluster 7 monomer ordering method: colinear
DEBUG    29/09 00:26:24   CandidateCluster 8 monomer ordering method: colinear
DEBUG    29/09 00:26:24   CandidateCluster 9 monomer ordering method: colinear
DEBUG    29/09 00:26:24   CandidateCluster 10 monomer ordering method: colinear
DEBUG    29/09 00:26:24   CandidateCluster 11 monomer ordering method: colinear
DEBUG    29/09 00:26:24   Checking if antismash.modules.clusterblast should be run
INFO     29/09 00:26:24   Running antismash.modules.clusterblast
INFO     29/09 00:26:24   Finding internal homologs in each gene cluster...
INFO     29/09 00:26:28   Running ClusterBlast
INFO     29/09 00:26:28   ClusterBlast: Loading gene cluster database into memory...
INFO     29/09 00:26:30   ClusterBlast: Loading gene cluster database proteins into memory...
INFO     29/09 00:26:48   Comparing regions to reference database
INFO     29/09 00:30:55   Running subcluster search
INFO     29/09 00:30:55   SubClusterBlast: Loading gene cluster database into memory...
INFO     29/09 00:30:55   SubClusterBlast: Loading gene cluster database proteins into memory...
INFO     29/09 00:31:09   Running known cluster search
INFO     29/09 00:31:09   KnownClusterBlast: Loading gene cluster database into memory...
INFO     29/09 00:31:10   KnownClusterBlast: Loading gene cluster database proteins into memory...
DEBUG    29/09 00:31:10   Running DIAMOND knowncluster searches..
INFO     29/09 00:31:10   Comparing regions to reference database
DEBUG    29/09 00:31:24   Checking if antismash.modules.sactipeptides should be run
INFO     29/09 00:31:24   Running antismash.modules.sactipeptides
DEBUG    29/09 00:31:24   Found no sactipeptide motifs
DEBUG    29/09 00:31:24   Checking if antismash.modules.lassopeptides should be run
INFO     29/09 00:31:24   Running antismash.modules.lassopeptides
DEBUG    29/09 00:31:24   Lassopeptide module marked 0 motifs
DEBUG    29/09 00:31:24   Checking if antismash.modules.active_site_finder should be run
INFO     29/09 00:31:24   Running antismash.modules.active_site_finder
DEBUG    29/09 00:31:25   Checking if antismash.modules.pfam2go should be run
INFO     29/09 00:31:25   Running antismash.modules.pfam2go
DEBUG    29/09 00:31:25   Checking if antismash.modules.t2pks should be run
INFO     29/09 00:31:25   Running antismash.modules.t2pks
DEBUG    29/09 00:31:25   No type II PKS clusters to analyze
DEBUG    29/09 00:31:25   Checking if antismash.modules.rrefinder should be run
INFO     29/09 00:31:25   Running antismash.modules.rrefinder
DEBUG    29/09 00:31:26   Building mapping for pHMM database RREFam.hmm
DEBUG    29/09 00:31:26   Checking if antismash.modules.cluster_compare should be run
INFO     29/09 00:31:26   Running antismash.modules.cluster_compare
DEBUG    29/09 00:31:26   Loading comparison database: MIBiG
DEBUG    29/09 00:31:26   Comparison database loaded
INFO     29/09 00:31:26   Comparing regions to reference database
INFO     29/09 00:31:38   Analysing record: NZ_LWAB01000005
DEBUG    29/09 00:31:38   Checking if antismash.detection.full_hmmer should be run
INFO     29/09 00:31:38   Detecting secondary metabolite clusters
DEBUG    29/09 00:31:38   Checking if antismash.detection.sideloader should be run
DEBUG    29/09 00:31:38   Checking if antismash.detection.hmm_detection should be run
INFO     29/09 00:31:38   Running antismash.detection.hmm_detection
INFO     29/09 00:31:38   HMM detection using strictness: relaxed
DEBUG    29/09 00:31:39   0 rule-based cluster(s) found in record
DEBUG    29/09 00:31:39   Checking if antismash.detection.cassis should be run
DEBUG    29/09 00:31:39   0 protoclusters found
DEBUG    29/09 00:31:39   0 subregions found
INFO     29/09 00:31:39   No regions detected, skipping record
INFO     29/09 00:31:39   Analysing record: NZ_LWAB01000011
DEBUG    29/09 00:31:39   Checking if antismash.detection.full_hmmer should be run
INFO     29/09 00:31:39   Detecting secondary metabolite clusters
DEBUG    29/09 00:31:39   Checking if antismash.detection.sideloader should be run
DEBUG    29/09 00:31:39   Checking if antismash.detection.hmm_detection should be run
INFO     29/09 00:31:39   Running antismash.detection.hmm_detection
INFO     29/09 00:31:39   HMM detection using strictness: relaxed
DEBUG    29/09 00:31:52   8 rule-based cluster(s) found in record
DEBUG    29/09 00:31:52   Checking if antismash.detection.cassis should be run
DEBUG    29/09 00:31:52   8 protoclusters found
DEBUG    29/09 00:31:52   0 subregions found
INFO     29/09 00:31:52   6 region(s) detected in record
DEBUG    29/09 00:31:52   Checking if antismash.detection.nrps_pks_domains should be run
INFO     29/09 00:31:52   Running antismash.detection.nrps_pks_domains
DEBUG    29/09 00:31:52   Marking NRPS/PKS CDS features and domains in clusters
DEBUG    29/09 00:31:54   Adding detection results from antismash.detection.nrps_pks_domains to record
DEBUG    29/09 00:31:54   Checking if antismash.detection.cluster_hmmer should be run
INFO     29/09 00:31:54   Running antismash.detection.cluster_hmmer
INFO     29/09 00:31:54   Running cluster PFAM search
DEBUG    29/09 00:33:05   Adding detection results from antismash.detection.cluster_hmmer to record
DEBUG    29/09 00:33:05   Checking if antismash.detection.genefunctions should be run
INFO     29/09 00:33:05   Running antismash.detection.genefunctions
DEBUG    29/09 00:33:13   Adding detection results from antismash.detection.genefunctions to record
DEBUG    29/09 00:33:13   annotating CDS features with resist info: 0 CDSes
DEBUG    29/09 00:33:13   annotating CDS features with smcogs info: 56 CDSes
DEBUG    29/09 00:33:13   Checking if antismash.detection.tigrfam should be run
INFO     29/09 00:33:13   Running antismash.detection.tigrfam
INFO     29/09 00:33:13   Running TIGRFam search
DEBUG    29/09 00:33:37   Adding detection results from antismash.detection.tigrfam to record
DEBUG    29/09 00:33:37   Checking if antismash.modules.smcog_trees should be run
DEBUG    29/09 00:33:37   Checking if antismash.modules.tta should be run
INFO     29/09 00:33:37   Running antismash.modules.tta
INFO     29/09 00:33:37   Detecting TTA codons
DEBUG    29/09 00:33:37   GC content: 72%
DEBUG    29/09 00:33:37   Detected 6 TTA codons
DEBUG    29/09 00:33:37   Checking if antismash.modules.lanthipeptides should be run
INFO     29/09 00:33:37   Running antismash.modules.lanthipeptides
DEBUG    29/09 00:33:43   Lanthipeptide module marked 36 motifs
DEBUG    29/09 00:33:43   Checking if antismash.modules.thiopeptides should be run
INFO     29/09 00:33:43   Running antismash.modules.thiopeptides
DEBUG    29/09 00:33:43   Thiopeptides marked 0 motifs
DEBUG    29/09 00:33:43   Checking if antismash.modules.nrps_pks should be run
INFO     29/09 00:33:43   Running antismash.modules.nrps_pks
INFO     29/09 00:33:43   Predicting A domain substrate specificities with NRPSPredictor2
INFO     29/09 00:33:46   Predicting PKS AT domain substrate specificities by Yadav et al. PKS signature sequences
INFO     29/09 00:33:46   Predicting PKS AT domain substrate specificities by Minowa et al. method
INFO     29/09 00:33:49   Predicting CAL domain substrate specificities by Minowa et al. method
INFO     29/09 00:33:50   Predicting PKS KR activity and stereochemistry using KR fingerprints from Starcevic et al.
DEBUG    29/09 00:33:51   missing fatty_acid from SMILES parts for domain nrpspksdomains_cds95760_108351_CAL_domain.1
DEBUG    29/09 00:33:51   CandidateCluster 1 monomer ordering method: colinear
DEBUG    29/09 00:33:51   CandidateCluster 2 monomer ordering method: colinear
DEBUG    29/09 00:33:51   Checking if antismash.modules.clusterblast should be run
INFO     29/09 00:33:51   Running antismash.modules.clusterblast
INFO     29/09 00:33:51   Finding internal homologs in each gene cluster...
INFO     29/09 00:33:54   Running ClusterBlast
INFO     29/09 00:33:54   ClusterBlast: Loading gene cluster database into memory...
INFO     29/09 00:33:56   ClusterBlast: Loading gene cluster database proteins into memory...
INFO     29/09 00:34:16   Comparing regions to reference database
INFO     29/09 00:35:20   Running subcluster search
INFO     29/09 00:35:20   SubClusterBlast: Loading gene cluster database into memory...
INFO     29/09 00:35:20   SubClusterBlast: Loading gene cluster database proteins into memory...
INFO     29/09 00:35:29   Running known cluster search
INFO     29/09 00:35:29   KnownClusterBlast: Loading gene cluster database into memory...
INFO     29/09 00:35:29   KnownClusterBlast: Loading gene cluster database proteins into memory...
DEBUG    29/09 00:35:29   Running DIAMOND knowncluster searches..
INFO     29/09 00:35:29   Comparing regions to reference database
DEBUG    29/09 00:35:37   Checking if antismash.modules.sactipeptides should be run
INFO     29/09 00:35:37   Running antismash.modules.sactipeptides
DEBUG    29/09 00:35:37   Found no sactipeptide motifs
DEBUG    29/09 00:35:37   Checking if antismash.modules.lassopeptides should be run
INFO     29/09 00:35:37   Running antismash.modules.lassopeptides
DEBUG    29/09 00:35:37   Lassopeptide module marked 0 motifs
DEBUG    29/09 00:35:37   Checking if antismash.modules.active_site_finder should be run
INFO     29/09 00:35:37   Running antismash.modules.active_site_finder
DEBUG    29/09 00:35:39   Checking if antismash.modules.pfam2go should be run
INFO     29/09 00:35:39   Running antismash.modules.pfam2go
DEBUG    29/09 00:35:39   Checking if antismash.modules.t2pks should be run
INFO     29/09 00:35:39   Running antismash.modules.t2pks
INFO     29/09 00:35:39   Anlysing type II PKS clusters
DEBUG    29/09 00:35:40   Checking if antismash.modules.rrefinder should be run
INFO     29/09 00:35:40   Running antismash.modules.rrefinder
DEBUG    29/09 00:35:40   Checking if antismash.modules.cluster_compare should be run
INFO     29/09 00:35:40   Running antismash.modules.cluster_compare
DEBUG    29/09 00:35:40   Loading comparison database: MIBiG
DEBUG    29/09 00:35:40   Comparison database loaded
INFO     29/09 00:35:40   Comparing regions to reference database
INFO     29/09 00:35:47   Analysing record: NZ_LWAB01000007
DEBUG    29/09 00:35:47   Checking if antismash.detection.full_hmmer should be run
INFO     29/09 00:35:47   Detecting secondary metabolite clusters
DEBUG    29/09 00:35:47   Checking if antismash.detection.sideloader should be run
DEBUG    29/09 00:35:47   Checking if antismash.detection.hmm_detection should be run
INFO     29/09 00:35:47   Running antismash.detection.hmm_detection
INFO     29/09 00:35:47   HMM detection using strictness: relaxed
DEBUG    29/09 00:35:49   2 rule-based cluster(s) found in record
DEBUG    29/09 00:35:49   Checking if antismash.detection.cassis should be run
DEBUG    29/09 00:35:49   2 protoclusters found
DEBUG    29/09 00:35:49   0 subregions found
INFO     29/09 00:35:49   1 region(s) detected in record
DEBUG    29/09 00:35:49   Checking if antismash.detection.nrps_pks_domains should be run
INFO     29/09 00:35:49   Running antismash.detection.nrps_pks_domains
DEBUG    29/09 00:35:49   Marking NRPS/PKS CDS features and domains in clusters
DEBUG    29/09 00:35:50   Adding detection results from antismash.detection.nrps_pks_domains to record
DEBUG    29/09 00:35:50   Checking if antismash.detection.cluster_hmmer should be run
INFO     29/09 00:35:50   Running antismash.detection.cluster_hmmer
INFO     29/09 00:35:50   Running cluster PFAM search
DEBUG    29/09 00:36:06   Adding detection results from antismash.detection.cluster_hmmer to record
DEBUG    29/09 00:36:06   Checking if antismash.detection.genefunctions should be run
INFO     29/09 00:36:06   Running antismash.detection.genefunctions
DEBUG    29/09 00:36:09   Adding detection results from antismash.detection.genefunctions to record
DEBUG    29/09 00:36:09   annotating CDS features with resist info: 0 CDSes
DEBUG    29/09 00:36:09   annotating CDS features with smcogs info: 16 CDSes
DEBUG    29/09 00:36:09   Checking if antismash.detection.tigrfam should be run
INFO     29/09 00:36:09   Running antismash.detection.tigrfam
INFO     29/09 00:36:09   Running TIGRFam search
DEBUG    29/09 00:36:15   Adding detection results from antismash.detection.tigrfam to record
DEBUG    29/09 00:36:15   Checking if antismash.modules.smcog_trees should be run
DEBUG    29/09 00:36:15   Checking if antismash.modules.tta should be run
INFO     29/09 00:36:15   Running antismash.modules.tta
INFO     29/09 00:36:15   Detecting TTA codons
DEBUG    29/09 00:36:15   GC content: 75%
DEBUG    29/09 00:36:15   Detected 1 TTA codons
DEBUG    29/09 00:36:15   Checking if antismash.modules.lanthipeptides should be run
INFO     29/09 00:36:15   Running antismash.modules.lanthipeptides
DEBUG    29/09 00:36:15   Lanthipeptide module marked 0 motifs
DEBUG    29/09 00:36:15   Checking if antismash.modules.thiopeptides should be run
INFO     29/09 00:36:15   Running antismash.modules.thiopeptides
DEBUG    29/09 00:36:15   Thiopeptides marked 0 motifs
DEBUG    29/09 00:36:15   Checking if antismash.modules.nrps_pks should be run
INFO     29/09 00:36:15   Running antismash.modules.nrps_pks
INFO     29/09 00:36:15   Predicting PKS AT domain substrate specificities by Yadav et al. PKS signature sequences
INFO     29/09 00:36:18   Predicting PKS AT domain substrate specificities by Minowa et al. method
INFO     29/09 00:36:33   Predicting CAL domain substrate specificities by Minowa et al. method
INFO     29/09 00:36:33   Predicting PKS KR activity and stereochemistry using KR fingerprints from Starcevic et al.
DEBUG    29/09 00:36:36   CandidateCluster 1 monomer ordering method: domain docking analysis
DEBUG    29/09 00:36:39   Checking if antismash.modules.clusterblast should be run
INFO     29/09 00:36:39   Running antismash.modules.clusterblast
INFO     29/09 00:36:39   Finding internal homologs in each gene cluster...
INFO     29/09 00:36:40   Running ClusterBlast
INFO     29/09 00:36:40   ClusterBlast: Loading gene cluster database into memory...
INFO     29/09 00:36:42   ClusterBlast: Loading gene cluster database proteins into memory...
INFO     29/09 00:37:02   Comparing regions to reference database
INFO     29/09 00:38:01   Running subcluster search
INFO     29/09 00:38:01   SubClusterBlast: Loading gene cluster database into memory...
INFO     29/09 00:38:01   SubClusterBlast: Loading gene cluster database proteins into memory...
INFO     29/09 00:38:03   Running known cluster search
INFO     29/09 00:38:03   KnownClusterBlast: Loading gene cluster database into memory...
INFO     29/09 00:38:03   KnownClusterBlast: Loading gene cluster database proteins into memory...
DEBUG    29/09 00:38:03   Running DIAMOND knowncluster searches..
INFO     29/09 00:38:03   Comparing regions to reference database
DEBUG    29/09 00:38:13   Checking if antismash.modules.sactipeptides should be run
INFO     29/09 00:38:13   Running antismash.modules.sactipeptides
DEBUG    29/09 00:38:13   Found no sactipeptide motifs
DEBUG    29/09 00:38:13   Checking if antismash.modules.lassopeptides should be run
INFO     29/09 00:38:13   Running antismash.modules.lassopeptides
DEBUG    29/09 00:38:13   Lassopeptide module marked 0 motifs
DEBUG    29/09 00:38:13   Checking if antismash.modules.active_site_finder should be run
INFO     29/09 00:38:13   Running antismash.modules.active_site_finder
DEBUG    29/09 00:38:15   Checking if antismash.modules.pfam2go should be run
INFO     29/09 00:38:15   Running antismash.modules.pfam2go
DEBUG    29/09 00:38:15   Checking if antismash.modules.t2pks should be run
INFO     29/09 00:38:15   Running antismash.modules.t2pks
DEBUG    29/09 00:38:15   No type II PKS clusters to analyze
DEBUG    29/09 00:38:15   Checking if antismash.modules.rrefinder should be run
INFO     29/09 00:38:15   Running antismash.modules.rrefinder
DEBUG    29/09 00:38:15   Checking if antismash.modules.cluster_compare should be run
INFO     29/09 00:38:15   Running antismash.modules.cluster_compare
DEBUG    29/09 00:38:15   Loading comparison database: MIBiG
DEBUG    29/09 00:38:15   Comparison database loaded
INFO     29/09 00:38:15   Comparing regions to reference database
INFO     29/09 00:38:23   Analysing record: NZ_LWAB01000003
DEBUG    29/09 00:38:23   Checking if antismash.detection.full_hmmer should be run
INFO     29/09 00:38:23   Detecting secondary metabolite clusters
DEBUG    29/09 00:38:23   Checking if antismash.detection.sideloader should be run
DEBUG    29/09 00:38:23   Checking if antismash.detection.hmm_detection should be run
INFO     29/09 00:38:23   Running antismash.detection.hmm_detection
INFO     29/09 00:38:23   HMM detection using strictness: relaxed
DEBUG    29/09 00:38:24   0 rule-based cluster(s) found in record
DEBUG    29/09 00:38:24   Checking if antismash.detection.cassis should be run
DEBUG    29/09 00:38:24   0 protoclusters found
DEBUG    29/09 00:38:24   0 subregions found
INFO     29/09 00:38:24   No regions detected, skipping record
INFO     29/09 00:38:24   Analysing record: NZ_LWAB01000004
DEBUG    29/09 00:38:24   Checking if antismash.detection.full_hmmer should be run
INFO     29/09 00:38:24   Detecting secondary metabolite clusters
DEBUG    29/09 00:38:24   Checking if antismash.detection.sideloader should be run
DEBUG    29/09 00:38:24   Checking if antismash.detection.hmm_detection should be run
INFO     29/09 00:38:24   Running antismash.detection.hmm_detection
INFO     29/09 00:38:24   HMM detection using strictness: relaxed
DEBUG    29/09 00:38:25   1 rule-based cluster(s) found in record
DEBUG    29/09 00:38:25   Checking if antismash.detection.cassis should be run
DEBUG    29/09 00:38:25   1 protoclusters found
DEBUG    29/09 00:38:25   0 subregions found
INFO     29/09 00:38:25   1 region(s) detected in record
DEBUG    29/09 00:38:25   Checking if antismash.detection.nrps_pks_domains should be run
INFO     29/09 00:38:25   Running antismash.detection.nrps_pks_domains
DEBUG    29/09 00:38:25   Marking NRPS/PKS CDS features and domains in clusters
DEBUG    29/09 00:38:26   Adding detection results from antismash.detection.nrps_pks_domains to record
DEBUG    29/09 00:38:26   Checking if antismash.detection.cluster_hmmer should be run
INFO     29/09 00:38:26   Running antismash.detection.cluster_hmmer
INFO     29/09 00:38:26   Running cluster PFAM search
DEBUG    29/09 00:38:34   Adding detection results from antismash.detection.cluster_hmmer to record
DEBUG    29/09 00:38:34   Checking if antismash.detection.genefunctions should be run
INFO     29/09 00:38:34   Running antismash.detection.genefunctions
DEBUG    29/09 00:38:36   Adding detection results from antismash.detection.genefunctions to record
DEBUG    29/09 00:38:36   annotating CDS features with resist info: 0 CDSes
DEBUG    29/09 00:38:36   annotating CDS features with smcogs info: 3 CDSes
DEBUG    29/09 00:38:36   Checking if antismash.detection.tigrfam should be run
INFO     29/09 00:38:36   Running antismash.detection.tigrfam
INFO     29/09 00:38:36   Running TIGRFam search
DEBUG    29/09 00:38:39   Adding detection results from antismash.detection.tigrfam to record
DEBUG    29/09 00:38:39   Checking if antismash.modules.smcog_trees should be run
DEBUG    29/09 00:38:39   Checking if antismash.modules.tta should be run
INFO     29/09 00:38:39   Running antismash.modules.tta
INFO     29/09 00:38:39   Detecting TTA codons
DEBUG    29/09 00:38:39   GC content: 69%
DEBUG    29/09 00:38:39   Detected 2 TTA codons
DEBUG    29/09 00:38:39   Checking if antismash.modules.lanthipeptides should be run
INFO     29/09 00:38:39   Running antismash.modules.lanthipeptides
DEBUG    29/09 00:38:39   Lanthipeptide module marked 0 motifs
DEBUG    29/09 00:38:39   Checking if antismash.modules.thiopeptides should be run
INFO     29/09 00:38:39   Running antismash.modules.thiopeptides
DEBUG    29/09 00:38:39   Thiopeptides marked 0 motifs
DEBUG    29/09 00:38:39   Checking if antismash.modules.nrps_pks should be run
INFO     29/09 00:38:39   Running antismash.modules.nrps_pks
DEBUG    29/09 00:38:39   No NRPS or PKS genes found, skipping analysis
DEBUG    29/09 00:38:39   Checking if antismash.modules.clusterblast should be run
INFO     29/09 00:38:39   Running antismash.modules.clusterblast
INFO     29/09 00:38:39   Finding internal homologs in each gene cluster...
INFO     29/09 00:38:39   Running ClusterBlast
INFO     29/09 00:38:39   ClusterBlast: Loading gene cluster database into memory...
INFO     29/09 00:38:41   ClusterBlast: Loading gene cluster database proteins into memory...
INFO     29/09 00:39:00   Comparing regions to reference database
INFO     29/09 00:39:09   Running subcluster search
INFO     29/09 00:39:09   SubClusterBlast: Loading gene cluster database into memory...
INFO     29/09 00:39:09   SubClusterBlast: Loading gene cluster database proteins into memory...
INFO     29/09 00:39:10   Running known cluster search
INFO     29/09 00:39:10   KnownClusterBlast: Loading gene cluster database into memory...
INFO     29/09 00:39:10   KnownClusterBlast: Loading gene cluster database proteins into memory...
DEBUG    29/09 00:39:10   Running DIAMOND knowncluster searches..
INFO     29/09 00:39:10   Comparing regions to reference database
DEBUG    29/09 00:39:12   Checking if antismash.modules.sactipeptides should be run
INFO     29/09 00:39:12   Running antismash.modules.sactipeptides
DEBUG    29/09 00:39:12   Found no sactipeptide motifs
DEBUG    29/09 00:39:12   Checking if antismash.modules.lassopeptides should be run
INFO     29/09 00:39:12   Running antismash.modules.lassopeptides
DEBUG    29/09 00:39:23   Lassopeptide module marked 1 motifs
DEBUG    29/09 00:39:23   Checking if antismash.modules.active_site_finder should be run
INFO     29/09 00:39:23   Running antismash.modules.active_site_finder
DEBUG    29/09 00:39:23   Checking if antismash.modules.pfam2go should be run
INFO     29/09 00:39:23   Running antismash.modules.pfam2go
DEBUG    29/09 00:39:23   Checking if antismash.modules.t2pks should be run
INFO     29/09 00:39:23   Running antismash.modules.t2pks
DEBUG    29/09 00:39:23   No type II PKS clusters to analyze
DEBUG    29/09 00:39:23   Checking if antismash.modules.rrefinder should be run
INFO     29/09 00:39:23   Running antismash.modules.rrefinder
DEBUG    29/09 00:39:23   Checking if antismash.modules.cluster_compare should be run
INFO     29/09 00:39:23   Running antismash.modules.cluster_compare
DEBUG    29/09 00:39:23   Loading comparison database: MIBiG
DEBUG    29/09 00:39:23   Comparison database loaded
INFO     29/09 00:39:23   Comparing regions to reference database
INFO     29/09 00:39:24   Analysing record: NZ_LWAB01000010
DEBUG    29/09 00:39:24   Checking if antismash.detection.full_hmmer should be run
INFO     29/09 00:39:24   Detecting secondary metabolite clusters
DEBUG    29/09 00:39:24   Checking if antismash.detection.sideloader should be run
DEBUG    29/09 00:39:24   Checking if antismash.detection.hmm_detection should be run
INFO     29/09 00:39:24   Running antismash.detection.hmm_detection
INFO     29/09 00:39:24   HMM detection using strictness: relaxed
DEBUG    29/09 00:39:32   7 rule-based cluster(s) found in record
DEBUG    29/09 00:39:32   Checking if antismash.detection.cassis should be run
DEBUG    29/09 00:39:32   7 protoclusters found
DEBUG    29/09 00:39:32   0 subregions found
INFO     29/09 00:39:32   4 region(s) detected in record
DEBUG    29/09 00:39:32   Checking if antismash.detection.nrps_pks_domains should be run
INFO     29/09 00:39:32   Running antismash.detection.nrps_pks_domains
DEBUG    29/09 00:39:32   Marking NRPS/PKS CDS features and domains in clusters
DEBUG    29/09 00:39:35   Adding detection results from antismash.detection.nrps_pks_domains to record
DEBUG    29/09 00:39:35   Checking if antismash.detection.cluster_hmmer should be run
INFO     29/09 00:39:35   Running antismash.detection.cluster_hmmer
INFO     29/09 00:39:35   Running cluster PFAM search
DEBUG    29/09 00:40:31   Adding detection results from antismash.detection.cluster_hmmer to record
DEBUG    29/09 00:40:31   Checking if antismash.detection.genefunctions should be run
INFO     29/09 00:40:31   Running antismash.detection.genefunctions
DEBUG    29/09 00:40:39   Adding detection results from antismash.detection.genefunctions to record
DEBUG    29/09 00:40:39   annotating CDS features with resist info: 0 CDSes
DEBUG    29/09 00:40:39   annotating CDS features with smcogs info: 41 CDSes
DEBUG    29/09 00:40:39   Checking if antismash.detection.tigrfam should be run
INFO     29/09 00:40:39   Running antismash.detection.tigrfam
INFO     29/09 00:40:39   Running TIGRFam search
DEBUG    29/09 00:40:57   Adding detection results from antismash.detection.tigrfam to record
DEBUG    29/09 00:40:57   Checking if antismash.modules.smcog_trees should be run
DEBUG    29/09 00:40:57   Checking if antismash.modules.tta should be run
INFO     29/09 00:40:57   Running antismash.modules.tta
INFO     29/09 00:40:57   Detecting TTA codons
DEBUG    29/09 00:40:57   GC content: 72%
DEBUG    29/09 00:40:58   Detected 8 TTA codons
DEBUG    29/09 00:40:58   Checking if antismash.modules.lanthipeptides should be run
INFO     29/09 00:40:58   Running antismash.modules.lanthipeptides
DEBUG    29/09 00:41:03   Lanthipeptide module marked 0 motifs
DEBUG    29/09 00:41:03   Checking if antismash.modules.thiopeptides should be run
INFO     29/09 00:41:03   Running antismash.modules.thiopeptides
DEBUG    29/09 00:41:03   Thiopeptides marked 0 motifs
DEBUG    29/09 00:41:03   Checking if antismash.modules.nrps_pks should be run
INFO     29/09 00:41:03   Running antismash.modules.nrps_pks
INFO     29/09 00:41:03   Predicting A domain substrate specificities with NRPSPredictor2
INFO     29/09 00:41:07   Predicting PKS AT domain substrate specificities by Yadav et al. PKS signature sequences
INFO     29/09 00:41:09   Predicting PKS AT domain substrate specificities by Minowa et al. method
INFO     29/09 00:41:18   Predicting CAL domain substrate specificities by Minowa et al. method
INFO     29/09 00:41:18   Predicting PKS KR activity and stereochemistry using KR fingerprints from Starcevic et al.
DEBUG    29/09 00:41:22   CandidateCluster 1 monomer ordering method: domain docking analysis
DEBUG    29/09 00:41:24   CandidateCluster 2 monomer ordering method: colinear
DEBUG    29/09 00:41:24   CandidateCluster 4 monomer ordering method: colinear
DEBUG    29/09 00:41:24   CandidateCluster 6 monomer ordering method: colinear
DEBUG    29/09 00:41:24   Checking if antismash.modules.clusterblast should be run
INFO     29/09 00:41:24   Running antismash.modules.clusterblast
INFO     29/09 00:41:24   Finding internal homologs in each gene cluster...
INFO     29/09 00:41:26   Running ClusterBlast
INFO     29/09 00:41:26   ClusterBlast: Loading gene cluster database into memory...
INFO     29/09 00:41:28   ClusterBlast: Loading gene cluster database proteins into memory...
INFO     29/09 00:41:47   Comparing regions to reference database
INFO     29/09 00:43:04   Running subcluster search
INFO     29/09 00:43:04   SubClusterBlast: Loading gene cluster database into memory...
INFO     29/09 00:43:04   SubClusterBlast: Loading gene cluster database proteins into memory...
INFO     29/09 00:43:11   Running known cluster search
INFO     29/09 00:43:11   KnownClusterBlast: Loading gene cluster database into memory...
INFO     29/09 00:43:11   KnownClusterBlast: Loading gene cluster database proteins into memory...
DEBUG    29/09 00:43:11   Running DIAMOND knowncluster searches..
INFO     29/09 00:43:11   Comparing regions to reference database
DEBUG    29/09 00:43:21   Checking if antismash.modules.sactipeptides should be run
INFO     29/09 00:43:21   Running antismash.modules.sactipeptides
DEBUG    29/09 00:43:21   Found no sactipeptide motifs
DEBUG    29/09 00:43:21   Checking if antismash.modules.lassopeptides should be run
INFO     29/09 00:43:21   Running antismash.modules.lassopeptides
DEBUG    29/09 00:43:21   Lassopeptide module marked 0 motifs
DEBUG    29/09 00:43:21   Checking if antismash.modules.active_site_finder should be run
INFO     29/09 00:43:21   Running antismash.modules.active_site_finder
DEBUG    29/09 00:43:23   Checking if antismash.modules.pfam2go should be run
INFO     29/09 00:43:23   Running antismash.modules.pfam2go
DEBUG    29/09 00:43:23   Checking if antismash.modules.t2pks should be run
INFO     29/09 00:43:23   Running antismash.modules.t2pks
DEBUG    29/09 00:43:23   No type II PKS clusters to analyze
DEBUG    29/09 00:43:23   Checking if antismash.modules.rrefinder should be run
INFO     29/09 00:43:23   Running antismash.modules.rrefinder
DEBUG    29/09 00:43:24   Checking if antismash.modules.cluster_compare should be run
INFO     29/09 00:43:24   Running antismash.modules.cluster_compare
DEBUG    29/09 00:43:24   Loading comparison database: MIBiG
DEBUG    29/09 00:43:24   Comparison database loaded
INFO     29/09 00:43:24   Comparing regions to reference database
INFO     29/09 00:43:32   Analysing record: NZ_LWAB01000009
DEBUG    29/09 00:43:32   Checking if antismash.detection.full_hmmer should be run
INFO     29/09 00:43:32   Detecting secondary metabolite clusters
DEBUG    29/09 00:43:32   Checking if antismash.detection.sideloader should be run
DEBUG    29/09 00:43:32   Checking if antismash.detection.hmm_detection should be run
INFO     29/09 00:43:32   Running antismash.detection.hmm_detection
INFO     29/09 00:43:32   HMM detection using strictness: relaxed
DEBUG    29/09 00:43:33   0 rule-based cluster(s) found in record
DEBUG    29/09 00:43:33   Checking if antismash.detection.cassis should be run
DEBUG    29/09 00:43:33   0 protoclusters found
DEBUG    29/09 00:43:33   0 subregions found
INFO     29/09 00:43:33   No regions detected, skipping record
DEBUG    29/09 00:43:33   Writing json results to '/data/antismash/upload/bacteria-97e24748-925a-4548-9505-0e1f1bccf065/6666666.867961.json'
DEBUG    29/09 00:43:34   Record NZ_LWAB01000008 has results for modules: hmm_detection
DEBUG    29/09 00:43:34   Converting antismash.detection.hmm_detection results to json
DEBUG    29/09 00:43:34   Record NZ_LWAB01000001 has results for modules: hmm_detection, nrps_pks_domains, cluster_hmmer, genefunctions, tigrfam, tta, lanthipeptides, thiopeptides, nrps_pks, clusterblast, sactipeptides, lassopeptides, active_site_finder, pfam2go, t2pks, rrefinder, cluster_compare
DEBUG    29/09 00:43:34   Converting antismash.detection.hmm_detection results to json
DEBUG    29/09 00:43:34   Converting antismash.detection.nrps_pks_domains results to json
DEBUG    29/09 00:43:34   Converting antismash.detection.cluster_hmmer results to json
DEBUG    29/09 00:43:34   Converting antismash.detection.genefunctions results to json
DEBUG    29/09 00:43:34   Converting antismash.detection.tigrfam results to json
DEBUG    29/09 00:43:34   Converting antismash.modules.tta results to json
DEBUG    29/09 00:43:34   Converting antismash.modules.lanthipeptides results to json
DEBUG    29/09 00:43:34   Converting antismash.modules.thiopeptides results to json
DEBUG    29/09 00:43:34   Converting antismash.modules.nrps_pks results to json
DEBUG    29/09 00:43:34   Converting antismash.modules.clusterblast results to json
DEBUG    29/09 00:43:34   Converting antismash.modules.sactipeptides results to json
DEBUG    29/09 00:43:34   Converting antismash.modules.lassopeptides results to json
DEBUG    29/09 00:43:34   Converting antismash.modules.active_site_finder results to json
DEBUG    29/09 00:43:34   Converting antismash.modules.pfam2go results to json
DEBUG    29/09 00:43:34   Converting antismash.modules.t2pks results to json
DEBUG    29/09 00:43:34   Converting antismash.modules.rrefinder results to json
DEBUG    29/09 00:43:34   Converting antismash.modules.cluster_compare results to json
DEBUG    29/09 00:43:34   Record NZ_LWAB01000006 has results for modules: hmm_detection, nrps_pks_domains, cluster_hmmer, genefunctions, tigrfam, lanthipeptides, thiopeptides, nrps_pks, clusterblast, sactipeptides, lassopeptides, active_site_finder, pfam2go, t2pks, rrefinder, cluster_compare
DEBUG    29/09 00:43:34   Converting antismash.detection.hmm_detection results to json
DEBUG    29/09 00:43:34   Converting antismash.detection.nrps_pks_domains results to json
DEBUG    29/09 00:43:34   Converting antismash.detection.cluster_hmmer results to json
DEBUG    29/09 00:43:34   Converting antismash.detection.genefunctions results to json
DEBUG    29/09 00:43:34   Converting antismash.detection.tigrfam results to json
DEBUG    29/09 00:43:34   Converting antismash.modules.tta results to json
DEBUG    29/09 00:43:34   Converting antismash.modules.lanthipeptides results to json
DEBUG    29/09 00:43:34   Converting antismash.modules.thiopeptides results to json
DEBUG    29/09 00:43:34   Converting antismash.modules.nrps_pks results to json
DEBUG    29/09 00:43:34   Converting antismash.modules.clusterblast results to json
DEBUG    29/09 00:43:34   Converting antismash.modules.sactipeptides results to json
DEBUG    29/09 00:43:34   Converting antismash.modules.lassopeptides results to json
DEBUG    29/09 00:43:34   Converting antismash.modules.active_site_finder results to json
DEBUG    29/09 00:43:34   Converting antismash.modules.pfam2go results to json
DEBUG    29/09 00:43:34   Converting antismash.modules.t2pks results to json
DEBUG    29/09 00:43:34   Converting antismash.modules.rrefinder results to json
DEBUG    29/09 00:43:34   Converting antismash.modules.cluster_compare results to json
DEBUG    29/09 00:43:34   Record NZ_LWAB01000002 has results for modules: hmm_detection, nrps_pks_domains, cluster_hmmer, genefunctions, tigrfam, tta, lanthipeptides, thiopeptides, nrps_pks, clusterblast, sactipeptides, lassopeptides, active_site_finder, pfam2go, t2pks, rrefinder, cluster_compare
DEBUG    29/09 00:43:34   Converting antismash.detection.hmm_detection results to json
DEBUG    29/09 00:43:34   Converting antismash.detection.nrps_pks_domains results to json
DEBUG    29/09 00:43:34   Converting antismash.detection.cluster_hmmer results to json
DEBUG    29/09 00:43:34   Converting antismash.detection.genefunctions results to json
DEBUG    29/09 00:43:34   Converting antismash.detection.tigrfam results to json
DEBUG    29/09 00:43:34   Converting antismash.modules.tta results to json
DEBUG    29/09 00:43:34   Converting antismash.modules.lanthipeptides results to json
DEBUG    29/09 00:43:34   Converting antismash.modules.thiopeptides results to json
DEBUG    29/09 00:43:34   Converting antismash.modules.nrps_pks results to json
DEBUG    29/09 00:43:34   Converting antismash.modules.clusterblast results to json
DEBUG    29/09 00:43:34   Converting antismash.modules.sactipeptides results to json
DEBUG    29/09 00:43:34   Converting antismash.modules.lassopeptides results to json
DEBUG    29/09 00:43:34   Converting antismash.modules.active_site_finder results to json
DEBUG    29/09 00:43:34   Converting antismash.modules.pfam2go results to json
DEBUG    29/09 00:43:34   Converting antismash.modules.t2pks results to json
DEBUG    29/09 00:43:34   Converting antismash.modules.rrefinder results to json
DEBUG    29/09 00:43:34   Converting antismash.modules.cluster_compare results to json
DEBUG    29/09 00:43:34   Record NZ_LWAB01000005 has results for modules: hmm_detection
DEBUG    29/09 00:43:34   Converting antismash.detection.hmm_detection results to json
DEBUG    29/09 00:43:34   Record NZ_LWAB01000011 has results for modules: hmm_detection, nrps_pks_domains, cluster_hmmer, genefunctions, tigrfam, tta, lanthipeptides, thiopeptides, nrps_pks, clusterblast, sactipeptides, lassopeptides, active_site_finder, pfam2go, t2pks, rrefinder, cluster_compare
DEBUG    29/09 00:43:34   Converting antismash.detection.hmm_detection results to json
DEBUG    29/09 00:43:34   Converting antismash.detection.nrps_pks_domains results to json
DEBUG    29/09 00:43:34   Converting antismash.detection.cluster_hmmer results to json
DEBUG    29/09 00:43:34   Converting antismash.detection.genefunctions results to json
DEBUG    29/09 00:43:34   Converting antismash.detection.tigrfam results to json
DEBUG    29/09 00:43:34   Converting antismash.modules.tta results to json
DEBUG    29/09 00:43:34   Converting antismash.modules.lanthipeptides results to json
DEBUG    29/09 00:43:34   Converting antismash.modules.thiopeptides results to json
DEBUG    29/09 00:43:34   Converting antismash.modules.nrps_pks results to json
DEBUG    29/09 00:43:34   Converting antismash.modules.clusterblast results to json
DEBUG    29/09 00:43:34   Converting antismash.modules.sactipeptides results to json
DEBUG    29/09 00:43:34   Converting antismash.modules.lassopeptides results to json
DEBUG    29/09 00:43:34   Converting antismash.modules.active_site_finder results to json
DEBUG    29/09 00:43:34   Converting antismash.modules.pfam2go results to json
DEBUG    29/09 00:43:34   Converting antismash.modules.t2pks results to json
DEBUG    29/09 00:43:34   Converting antismash.modules.rrefinder results to json
DEBUG    29/09 00:43:34   Converting antismash.modules.cluster_compare results to json
DEBUG    29/09 00:43:35   Record NZ_LWAB01000007 has results for modules: hmm_detection, nrps_pks_domains, cluster_hmmer, genefunctions, tigrfam, tta, lanthipeptides, thiopeptides, nrps_pks, clusterblast, sactipeptides, lassopeptides, active_site_finder, pfam2go, t2pks, rrefinder, cluster_compare
DEBUG    29/09 00:43:35   Converting antismash.detection.hmm_detection results to json
DEBUG    29/09 00:43:35   Converting antismash.detection.nrps_pks_domains results to json
DEBUG    29/09 00:43:35   Converting antismash.detection.cluster_hmmer results to json
DEBUG    29/09 00:43:35   Converting antismash.detection.genefunctions results to json
DEBUG    29/09 00:43:35   Converting antismash.detection.tigrfam results to json
DEBUG    29/09 00:43:35   Converting antismash.modules.tta results to json
DEBUG    29/09 00:43:35   Converting antismash.modules.lanthipeptides results to json
DEBUG    29/09 00:43:35   Converting antismash.modules.thiopeptides results to json
DEBUG    29/09 00:43:35   Converting antismash.modules.nrps_pks results to json
DEBUG    29/09 00:43:35   Converting antismash.modules.clusterblast results to json
DEBUG    29/09 00:43:35   Converting antismash.modules.sactipeptides results to json
DEBUG    29/09 00:43:35   Converting antismash.modules.lassopeptides results to json
DEBUG    29/09 00:43:35   Converting antismash.modules.active_site_finder results to json
DEBUG    29/09 00:43:35   Converting antismash.modules.pfam2go results to json
DEBUG    29/09 00:43:35   Converting antismash.modules.t2pks results to json
DEBUG    29/09 00:43:35   Converting antismash.modules.rrefinder results to json
DEBUG    29/09 00:43:35   Converting antismash.modules.cluster_compare results to json
DEBUG    29/09 00:43:35   Record NZ_LWAB01000003 has results for modules: hmm_detection
DEBUG    29/09 00:43:35   Converting antismash.detection.hmm_detection results to json
DEBUG    29/09 00:43:35   Record NZ_LWAB01000004 has results for modules: hmm_detection, nrps_pks_domains, cluster_hmmer, genefunctions, tigrfam, tta, lanthipeptides, thiopeptides, nrps_pks, clusterblast, sactipeptides, lassopeptides, active_site_finder, pfam2go, t2pks, rrefinder, cluster_compare
DEBUG    29/09 00:43:35   Converting antismash.detection.hmm_detection results to json
DEBUG    29/09 00:43:35   Converting antismash.detection.nrps_pks_domains results to json
DEBUG    29/09 00:43:35   Converting antismash.detection.cluster_hmmer results to json
DEBUG    29/09 00:43:35   Converting antismash.detection.genefunctions results to json
DEBUG    29/09 00:43:35   Converting antismash.detection.tigrfam results to json
DEBUG    29/09 00:43:35   Converting antismash.modules.tta results to json
DEBUG    29/09 00:43:35   Converting antismash.modules.lanthipeptides results to json
DEBUG    29/09 00:43:35   Converting antismash.modules.thiopeptides results to json
DEBUG    29/09 00:43:35   Converting antismash.modules.nrps_pks results to json
DEBUG    29/09 00:43:35   Converting antismash.modules.clusterblast results to json
DEBUG    29/09 00:43:35   Converting antismash.modules.sactipeptides results to json
DEBUG    29/09 00:43:35   Converting antismash.modules.lassopeptides results to json
DEBUG    29/09 00:43:35   Converting antismash.modules.active_site_finder results to json
DEBUG    29/09 00:43:35   Converting antismash.modules.pfam2go results to json
DEBUG    29/09 00:43:35   Converting antismash.modules.t2pks results to json
DEBUG    29/09 00:43:35   Converting antismash.modules.rrefinder results to json
DEBUG    29/09 00:43:35   Converting antismash.modules.cluster_compare results to json
DEBUG    29/09 00:43:35   Record NZ_LWAB01000010 has results for modules: hmm_detection, nrps_pks_domains, cluster_hmmer, genefunctions, tigrfam, tta, lanthipeptides, thiopeptides, nrps_pks, clusterblast, sactipeptides, lassopeptides, active_site_finder, pfam2go, t2pks, rrefinder, cluster_compare
DEBUG    29/09 00:43:35   Converting antismash.detection.hmm_detection results to json
DEBUG    29/09 00:43:35   Converting antismash.detection.nrps_pks_domains results to json
DEBUG    29/09 00:43:35   Converting antismash.detection.cluster_hmmer results to json
DEBUG    29/09 00:43:35   Converting antismash.detection.genefunctions results to json
DEBUG    29/09 00:43:35   Converting antismash.detection.tigrfam results to json
DEBUG    29/09 00:43:35   Converting antismash.modules.tta results to json
DEBUG    29/09 00:43:35   Converting antismash.modules.lanthipeptides results to json
DEBUG    29/09 00:43:35   Converting antismash.modules.thiopeptides results to json
DEBUG    29/09 00:43:35   Converting antismash.modules.nrps_pks results to json
DEBUG    29/09 00:43:35   Converting antismash.modules.clusterblast results to json
DEBUG    29/09 00:43:35   Converting antismash.modules.sactipeptides results to json
DEBUG    29/09 00:43:35   Converting antismash.modules.lassopeptides results to json
DEBUG    29/09 00:43:35   Converting antismash.modules.active_site_finder results to json
DEBUG    29/09 00:43:35   Converting antismash.modules.pfam2go results to json
DEBUG    29/09 00:43:35   Converting antismash.modules.t2pks results to json
DEBUG    29/09 00:43:35   Converting antismash.modules.rrefinder results to json
DEBUG    29/09 00:43:35   Converting antismash.modules.cluster_compare results to json
DEBUG    29/09 00:43:35   Record NZ_LWAB01000009 has results for modules: hmm_detection
DEBUG    29/09 00:43:35   Converting antismash.detection.hmm_detection results to json
DEBUG    29/09 00:43:36   Not annotating skipped record NZ_LWAB01000008: No regions detected
DEBUG    29/09 00:43:36   Annotating record NZ_LWAB01000001 with results from: hmm_detection, nrps_pks_domains, cluster_hmmer, genefunctions, tigrfam, tta, lanthipeptides, thiopeptides, nrps_pks, clusterblast, sactipeptides, lassopeptides, active_site_finder, pfam2go, t2pks, rrefinder, cluster_compare
DEBUG    29/09 00:43:36    Adding results from antismash.modules.tta
DEBUG    29/09 00:43:36    Adding results from antismash.modules.lanthipeptides
DEBUG    29/09 00:43:36    Adding results from antismash.modules.thiopeptides
DEBUG    29/09 00:43:36    Adding results from antismash.modules.nrps_pks
DEBUG    29/09 00:43:36    Adding results from antismash.modules.clusterblast
DEBUG    29/09 00:43:36    Adding results from antismash.modules.sactipeptides
DEBUG    29/09 00:43:36    Adding results from antismash.modules.lassopeptides
DEBUG    29/09 00:43:36    Adding results from antismash.modules.active_site_finder
DEBUG    29/09 00:43:36    Adding results from antismash.modules.pfam2go
DEBUG    29/09 00:43:36    Adding results from antismash.modules.t2pks
DEBUG    29/09 00:43:36    Adding results from antismash.modules.rrefinder
DEBUG    29/09 00:43:36    Adding results from antismash.modules.cluster_compare
DEBUG    29/09 00:43:36   Annotating record NZ_LWAB01000006 with results from: hmm_detection, nrps_pks_domains, cluster_hmmer, genefunctions, tigrfam, tta, lanthipeptides, thiopeptides, nrps_pks, clusterblast, sactipeptides, lassopeptides, active_site_finder, pfam2go, t2pks, rrefinder, cluster_compare
DEBUG    29/09 00:43:36    Adding results from antismash.modules.tta
DEBUG    29/09 00:43:36    Adding results from antismash.modules.lanthipeptides
DEBUG    29/09 00:43:36    Adding results from antismash.modules.thiopeptides
DEBUG    29/09 00:43:36    Adding results from antismash.modules.nrps_pks
DEBUG    29/09 00:43:36    Adding results from antismash.modules.clusterblast
DEBUG    29/09 00:43:36    Adding results from antismash.modules.sactipeptides
DEBUG    29/09 00:43:36    Adding results from antismash.modules.lassopeptides
DEBUG    29/09 00:43:36    Adding results from antismash.modules.active_site_finder
DEBUG    29/09 00:43:36    Adding results from antismash.modules.pfam2go
DEBUG    29/09 00:43:36    Adding results from antismash.modules.t2pks
DEBUG    29/09 00:43:36    Adding results from antismash.modules.rrefinder
DEBUG    29/09 00:43:36    Adding results from antismash.modules.cluster_compare
DEBUG    29/09 00:43:36   Annotating record NZ_LWAB01000002 with results from: hmm_detection, nrps_pks_domains, cluster_hmmer, genefunctions, tigrfam, tta, lanthipeptides, thiopeptides, nrps_pks, clusterblast, sactipeptides, lassopeptides, active_site_finder, pfam2go, t2pks, rrefinder, cluster_compare
DEBUG    29/09 00:43:36    Adding results from antismash.modules.tta
DEBUG    29/09 00:43:36    Adding results from antismash.modules.lanthipeptides
DEBUG    29/09 00:43:36    Adding results from antismash.modules.thiopeptides
DEBUG    29/09 00:43:36    Adding results from antismash.modules.nrps_pks
DEBUG    29/09 00:43:36    Adding results from antismash.modules.clusterblast
DEBUG    29/09 00:43:36    Adding results from antismash.modules.sactipeptides
DEBUG    29/09 00:43:36    Adding results from antismash.modules.lassopeptides
DEBUG    29/09 00:43:36    Adding results from antismash.modules.active_site_finder
DEBUG    29/09 00:43:36    Adding results from antismash.modules.pfam2go
DEBUG    29/09 00:43:36    Adding results from antismash.modules.t2pks
DEBUG    29/09 00:43:36    Adding results from antismash.modules.rrefinder
DEBUG    29/09 00:43:36    Adding results from antismash.modules.cluster_compare
DEBUG    29/09 00:43:36   Not annotating skipped record NZ_LWAB01000005: No regions detected
DEBUG    29/09 00:43:36   Annotating record NZ_LWAB01000011 with results from: hmm_detection, nrps_pks_domains, cluster_hmmer, genefunctions, tigrfam, tta, lanthipeptides, thiopeptides, nrps_pks, clusterblast, sactipeptides, lassopeptides, active_site_finder, pfam2go, t2pks, rrefinder, cluster_compare
DEBUG    29/09 00:43:36    Adding results from antismash.modules.tta
DEBUG    29/09 00:43:36    Adding results from antismash.modules.lanthipeptides
DEBUG    29/09 00:43:36    Adding results from antismash.modules.thiopeptides
DEBUG    29/09 00:43:36    Adding results from antismash.modules.nrps_pks
DEBUG    29/09 00:43:36    Adding results from antismash.modules.clusterblast
DEBUG    29/09 00:43:36    Adding results from antismash.modules.sactipeptides
DEBUG    29/09 00:43:36    Adding results from antismash.modules.lassopeptides
DEBUG    29/09 00:43:36    Adding results from antismash.modules.active_site_finder
DEBUG    29/09 00:43:36    Adding results from antismash.modules.pfam2go
DEBUG    29/09 00:43:36    Adding results from antismash.modules.t2pks
DEBUG    29/09 00:43:36    Adding results from antismash.modules.rrefinder
DEBUG    29/09 00:43:36    Adding results from antismash.modules.cluster_compare
DEBUG    29/09 00:43:36   Annotating record NZ_LWAB01000007 with results from: hmm_detection, nrps_pks_domains, cluster_hmmer, genefunctions, tigrfam, tta, lanthipeptides, thiopeptides, nrps_pks, clusterblast, sactipeptides, lassopeptides, active_site_finder, pfam2go, t2pks, rrefinder, cluster_compare
DEBUG    29/09 00:43:36    Adding results from antismash.modules.tta
DEBUG    29/09 00:43:36    Adding results from antismash.modules.lanthipeptides
DEBUG    29/09 00:43:36    Adding results from antismash.modules.thiopeptides
DEBUG    29/09 00:43:36    Adding results from antismash.modules.nrps_pks
DEBUG    29/09 00:43:36    Adding results from antismash.modules.clusterblast
DEBUG    29/09 00:43:36    Adding results from antismash.modules.sactipeptides
DEBUG    29/09 00:43:36    Adding results from antismash.modules.lassopeptides
DEBUG    29/09 00:43:36    Adding results from antismash.modules.active_site_finder
DEBUG    29/09 00:43:36    Adding results from antismash.modules.pfam2go
DEBUG    29/09 00:43:36    Adding results from antismash.modules.t2pks
DEBUG    29/09 00:43:36    Adding results from antismash.modules.rrefinder
DEBUG    29/09 00:43:36    Adding results from antismash.modules.cluster_compare
DEBUG    29/09 00:43:36   Not annotating skipped record NZ_LWAB01000003: No regions detected
DEBUG    29/09 00:43:36   Annotating record NZ_LWAB01000004 with results from: hmm_detection, nrps_pks_domains, cluster_hmmer, genefunctions, tigrfam, tta, lanthipeptides, thiopeptides, nrps_pks, clusterblast, sactipeptides, lassopeptides, active_site_finder, pfam2go, t2pks, rrefinder, cluster_compare
DEBUG    29/09 00:43:36    Adding results from antismash.modules.tta
DEBUG    29/09 00:43:36    Adding results from antismash.modules.lanthipeptides
DEBUG    29/09 00:43:36    Adding results from antismash.modules.thiopeptides
DEBUG    29/09 00:43:36    Adding results from antismash.modules.nrps_pks
DEBUG    29/09 00:43:36    Adding results from antismash.modules.clusterblast
DEBUG    29/09 00:43:36    Adding results from antismash.modules.sactipeptides
DEBUG    29/09 00:43:36    Adding results from antismash.modules.lassopeptides
DEBUG    29/09 00:43:36    Adding results from antismash.modules.active_site_finder
DEBUG    29/09 00:43:36    Adding results from antismash.modules.pfam2go
DEBUG    29/09 00:43:36    Adding results from antismash.modules.t2pks
DEBUG    29/09 00:43:36    Adding results from antismash.modules.rrefinder
DEBUG    29/09 00:43:36    Adding results from antismash.modules.cluster_compare
DEBUG    29/09 00:43:36   Annotating record NZ_LWAB01000010 with results from: hmm_detection, nrps_pks_domains, cluster_hmmer, genefunctions, tigrfam, tta, lanthipeptides, thiopeptides, nrps_pks, clusterblast, sactipeptides, lassopeptides, active_site_finder, pfam2go, t2pks, rrefinder, cluster_compare
DEBUG    29/09 00:43:36    Adding results from antismash.modules.tta
DEBUG    29/09 00:43:36    Adding results from antismash.modules.lanthipeptides
DEBUG    29/09 00:43:36    Adding results from antismash.modules.thiopeptides
DEBUG    29/09 00:43:36    Adding results from antismash.modules.nrps_pks
DEBUG    29/09 00:43:36    Adding results from antismash.modules.clusterblast
DEBUG    29/09 00:43:36    Adding results from antismash.modules.sactipeptides
DEBUG    29/09 00:43:36    Adding results from antismash.modules.lassopeptides
DEBUG    29/09 00:43:36    Adding results from antismash.modules.active_site_finder
DEBUG    29/09 00:43:36    Adding results from antismash.modules.pfam2go
DEBUG    29/09 00:43:36    Adding results from antismash.modules.t2pks
DEBUG    29/09 00:43:36    Adding results from antismash.modules.rrefinder
DEBUG    29/09 00:43:36    Adding results from antismash.modules.cluster_compare
DEBUG    29/09 00:43:36   Not annotating skipped record NZ_LWAB01000009: No regions detected
DEBUG    29/09 00:43:36   Creating results page
DEBUG    29/09 00:44:05   Creating results SVGs
DEBUG    29/09 00:44:05   Writing seq_records SVGs to '/data/antismash/upload/bacteria-97e24748-925a-4548-9505-0e1f1bccf065/svg'
DEBUG    29/09 00:44:09   Writing cluster-specific genbank files
DEBUG    29/09 00:44:10   Writing final genbank file to '/data/antismash/upload/bacteria-97e24748-925a-4548-9505-0e1f1bccf065/6666666.867961.gbk'
DEBUG    29/09 00:44:11   Zipping output to '/data/antismash/upload/bacteria-97e24748-925a-4548-9505-0e1f1bccf065/6666666.867961.zip'
