INFO     28/09 23:32:05   antiSMASH version: 6.0.1
INFO     28/09 23:32:05   diamond using executable: /usr/bin/diamond-aligner (0.9.24)
INFO     28/09 23:32:05   hmmpfam2 using executable: /usr/bin/hmm2pfam (2.3.2)
INFO     28/09 23:32:05   fasttree using executable: /usr/bin/fasttree
INFO     28/09 23:32:05   hmmsearch using executable: /usr/bin/hmmsearch (3.2.1)
INFO     28/09 23:32:05   hmmpress using executable: /usr/bin/hmmpress (3.2.1)
INFO     28/09 23:32:05   hmmscan using executable: /usr/bin/hmmscan (3.2.1)
INFO     28/09 23:32:06   meme using executable: /usr/bin/meme (4.11.2)
INFO     28/09 23:32:06   fimo using executable: /usr/bin/fimo (4.11.2)
INFO     28/09 23:32:06   glimmerhmm using executable: /usr/bin/glimmerhmm
INFO     28/09 23:32:06   prodigal using executable: /usr/bin/prodigal (V2.6.3)
INFO     28/09 23:32:06   muscle using executable: /usr/bin/muscle (v3.8.1551)
INFO     28/09 23:32:06   java using executable: /usr/bin/java (11.0.9)
INFO     28/09 23:32:06   blastp using executable: /usr/bin/blastp (2.8.1+)
INFO     28/09 23:32:06   makeblastdb using executable: /usr/bin/makeblastdb (2.8.1+)
DEBUG    28/09 23:32:06   Checking prerequisites for antismash.detection.genefinding
DEBUG    28/09 23:32:06   Checking prerequisites for antismash.detection.hmm_detection
DEBUG    28/09 23:32:06   Found file '/usr/local/lib/python3.7/dist-packages/antismash/detection/hmm_detection/data/bgc_seeds.hmm'
DEBUG    28/09 23:32:06   Found file '/usr/local/lib/python3.7/dist-packages/antismash/detection/hmm_detection/data/bgc_seeds.hmm.h3f'
DEBUG    28/09 23:32:06   Found file '/usr/local/lib/python3.7/dist-packages/antismash/detection/hmm_detection/data/bgc_seeds.hmm.h3i'
DEBUG    28/09 23:32:06   Found file '/usr/local/lib/python3.7/dist-packages/antismash/detection/hmm_detection/data/bgc_seeds.hmm.h3m'
DEBUG    28/09 23:32:06   Found file '/usr/local/lib/python3.7/dist-packages/antismash/detection/hmm_detection/data/bgc_seeds.hmm.h3p'
DEBUG    28/09 23:32:06   Checking prerequisites for antismash.detection.nrps_pks_domains
DEBUG    28/09 23:32:06   Found file '/usr/local/lib/python3.7/dist-packages/antismash/detection/nrps_pks_domains/data/abmotifs.hmm.h3f'
DEBUG    28/09 23:32:06   Found file '/usr/local/lib/python3.7/dist-packages/antismash/detection/nrps_pks_domains/data/abmotifs.hmm.h3i'
DEBUG    28/09 23:32:06   Found file '/usr/local/lib/python3.7/dist-packages/antismash/detection/nrps_pks_domains/data/abmotifs.hmm.h3m'
DEBUG    28/09 23:32:06   Found file '/usr/local/lib/python3.7/dist-packages/antismash/detection/nrps_pks_domains/data/abmotifs.hmm.h3p'
DEBUG    28/09 23:32:06   Found file '/usr/local/lib/python3.7/dist-packages/antismash/detection/nrps_pks_domains/data/dockingdomains.hmm.h3f'
DEBUG    28/09 23:32:06   Found file '/usr/local/lib/python3.7/dist-packages/antismash/detection/nrps_pks_domains/data/dockingdomains.hmm.h3i'
DEBUG    28/09 23:32:06   Found file '/usr/local/lib/python3.7/dist-packages/antismash/detection/nrps_pks_domains/data/dockingdomains.hmm.h3m'
DEBUG    28/09 23:32:06   Found file '/usr/local/lib/python3.7/dist-packages/antismash/detection/nrps_pks_domains/data/dockingdomains.hmm.h3p'
DEBUG    28/09 23:32:06   Found file '/usr/local/lib/python3.7/dist-packages/antismash/detection/nrps_pks_domains/data/ksdomains.hmm.h3f'
DEBUG    28/09 23:32:06   Found file '/usr/local/lib/python3.7/dist-packages/antismash/detection/nrps_pks_domains/data/ksdomains.hmm.h3i'
DEBUG    28/09 23:32:06   Found file '/usr/local/lib/python3.7/dist-packages/antismash/detection/nrps_pks_domains/data/ksdomains.hmm.h3m'
DEBUG    28/09 23:32:06   Found file '/usr/local/lib/python3.7/dist-packages/antismash/detection/nrps_pks_domains/data/ksdomains.hmm.h3p'
DEBUG    28/09 23:32:06   Found file '/usr/local/lib/python3.7/dist-packages/antismash/detection/nrps_pks_domains/data/nrpspksdomains.hmm.h3f'
DEBUG    28/09 23:32:06   Found file '/usr/local/lib/python3.7/dist-packages/antismash/detection/nrps_pks_domains/data/nrpspksdomains.hmm.h3i'
DEBUG    28/09 23:32:06   Found file '/usr/local/lib/python3.7/dist-packages/antismash/detection/nrps_pks_domains/data/nrpspksdomains.hmm.h3m'
DEBUG    28/09 23:32:06   Found file '/usr/local/lib/python3.7/dist-packages/antismash/detection/nrps_pks_domains/data/nrpspksdomains.hmm.h3p'
DEBUG    28/09 23:32:06   Checking prerequisites for antismash.detection.cluster_hmmer
DEBUG    28/09 23:32:06   Found file '/databases/pfam/32.0/Pfam-A.hmm'
DEBUG    28/09 23:32:06   Found file '/databases/pfam/32.0/Pfam-A.hmm.h3f'
DEBUG    28/09 23:32:06   Found file '/databases/pfam/32.0/Pfam-A.hmm.h3i'
DEBUG    28/09 23:32:06   Found file '/databases/pfam/32.0/Pfam-A.hmm.h3m'
DEBUG    28/09 23:32:06   Found file '/databases/pfam/32.0/Pfam-A.hmm.h3p'
DEBUG    28/09 23:32:06   Checking prerequisites for antismash.detection.genefunctions
DEBUG    28/09 23:32:06   Found file '/databases/resfam/Resfams.hmm'
DEBUG    28/09 23:32:06   Found file '/usr/local/lib/python3.7/dist-packages/antismash/detection/genefunctions/data/smcogs.hmm.h3f'
DEBUG    28/09 23:32:06   Found file '/usr/local/lib/python3.7/dist-packages/antismash/detection/genefunctions/data/smcogs.hmm.h3i'
DEBUG    28/09 23:32:06   Found file '/usr/local/lib/python3.7/dist-packages/antismash/detection/genefunctions/data/smcogs.hmm.h3m'
DEBUG    28/09 23:32:06   Found file '/usr/local/lib/python3.7/dist-packages/antismash/detection/genefunctions/data/smcogs.hmm.h3p'
DEBUG    28/09 23:32:06   Checking prerequisites for antismash.detection.tigrfam
DEBUG    28/09 23:32:06   Found file '/databases/tigrfam/TIGRFam.hmm'
DEBUG    28/09 23:32:06   Found file '/databases/tigrfam/TIGRFam.hmm.h3f'
DEBUG    28/09 23:32:06   Found file '/databases/tigrfam/TIGRFam.hmm.h3i'
DEBUG    28/09 23:32:06   Found file '/databases/tigrfam/TIGRFam.hmm.h3m'
DEBUG    28/09 23:32:06   Found file '/databases/tigrfam/TIGRFam.hmm.h3p'
DEBUG    28/09 23:32:06   Checking prerequisites for antismash.modules.tta
DEBUG    28/09 23:32:06   Checking prerequisites for antismash.modules.lanthipeptides
DEBUG    28/09 23:32:06   missing cached SVM classifiers, rebuilding
DEBUG    28/09 23:32:06   Checking prerequisites for antismash.modules.thiopeptides
DEBUG    28/09 23:32:06   Checking prerequisites for antismash.modules.nrps_pks
DEBUG    28/09 23:32:06   Checking prerequisites for antismash.modules.clusterblast
DEBUG    28/09 23:32:06   Found file '/usr/local/lib/python3.7/dist-packages/antismash/modules/clusterblast/data/known/clusters.txt'
DEBUG    28/09 23:32:06   Found file '/usr/local/lib/python3.7/dist-packages/antismash/modules/clusterblast/data/known/proteins.fasta'
DEBUG    28/09 23:32:06   Found file '/usr/local/lib/python3.7/dist-packages/antismash/modules/clusterblast/data/known/proteins.dmnd'
DEBUG    28/09 23:32:06   Found file '/usr/local/lib/python3.7/dist-packages/antismash/modules/clusterblast/data/known/proteins.dmnd'
DEBUG    28/09 23:32:06   Found file '/databases/clusterblast/clusters.txt'
DEBUG    28/09 23:32:06   Found file '/databases/clusterblast/proteins.fasta'
DEBUG    28/09 23:32:06   Found file '/databases/clusterblast/proteins.dmnd'
DEBUG    28/09 23:32:06   Found file '/databases/clusterblast/proteins.dmnd'
DEBUG    28/09 23:32:06   Found file '/usr/local/lib/python3.7/dist-packages/antismash/modules/clusterblast/data/sub/proteins.fasta'
DEBUG    28/09 23:32:06   Found file '/usr/local/lib/python3.7/dist-packages/antismash/modules/clusterblast/data/sub/proteins.fasta.phr'
DEBUG    28/09 23:32:06   Found file '/usr/local/lib/python3.7/dist-packages/antismash/modules/clusterblast/data/sub/proteins.fasta.pin'
DEBUG    28/09 23:32:06   Found file '/usr/local/lib/python3.7/dist-packages/antismash/modules/clusterblast/data/sub/proteins.fasta.psq'
DEBUG    28/09 23:32:06   Found file '/usr/local/lib/python3.7/dist-packages/antismash/modules/clusterblast/data/sub/clusters.txt'
DEBUG    28/09 23:32:06   Checking prerequisites for antismash.modules.sactipeptides
DEBUG    28/09 23:32:06   Checking prerequisites for antismash.modules.lassopeptides
DEBUG    28/09 23:32:06   Checking prerequisites for antismash.modules.active_site_finder
DEBUG    28/09 23:32:06   Found file '/usr/local/lib/python3.7/dist-packages/antismash/modules/active_site_finder/data/PKSI-KR.hmm2'
DEBUG    28/09 23:32:06   Found file '/usr/local/lib/python3.7/dist-packages/antismash/modules/active_site_finder/data/PKSI-KS_N.hmm2'
DEBUG    28/09 23:32:06   Found file '/usr/local/lib/python3.7/dist-packages/antismash/modules/active_site_finder/data/PKSI-KS_C.hmm2'
DEBUG    28/09 23:32:06   Found file '/usr/local/lib/python3.7/dist-packages/antismash/modules/active_site_finder/data/PKSI-AT.hmm2'
DEBUG    28/09 23:32:06   Found file '/usr/local/lib/python3.7/dist-packages/antismash/modules/active_site_finder/data/PKSI-ACP.hmm2'
DEBUG    28/09 23:32:06   Found file '/usr/local/lib/python3.7/dist-packages/antismash/modules/active_site_finder/data/PKSI-DH.hmm2'
DEBUG    28/09 23:32:06   Found file '/usr/local/lib/python3.7/dist-packages/antismash/modules/active_site_finder/data/Thioesterase.hmm2'
DEBUG    28/09 23:32:06   Found file '/usr/local/lib/python3.7/dist-packages/antismash/modules/active_site_finder/data/PKSI-ER.hmm2'
DEBUG    28/09 23:32:06   Found file '/usr/local/lib/python3.7/dist-packages/antismash/modules/active_site_finder/data/p450.hmm2'
DEBUG    28/09 23:32:06   Checking prerequisites for antismash.modules.pfam2go
DEBUG    28/09 23:32:06   Found file '/usr/local/lib/python3.7/dist-packages/antismash/modules/pfam2go/data/pfam2go.txt'
DEBUG    28/09 23:32:06   Checking prerequisites for antismash.modules.t2pks
DEBUG    28/09 23:32:06   Found file '/usr/local/lib/python3.7/dist-packages/antismash/modules/t2pks/data/KSIII.fasta'
DEBUG    28/09 23:32:06   Found file '/usr/local/lib/python3.7/dist-packages/antismash/modules/t2pks/data/KSIII.phr'
DEBUG    28/09 23:32:06   Found file '/usr/local/lib/python3.7/dist-packages/antismash/modules/t2pks/data/KSIII.pin'
DEBUG    28/09 23:32:06   Found file '/usr/local/lib/python3.7/dist-packages/antismash/modules/t2pks/data/KSIII.psq'
DEBUG    28/09 23:32:06   Found file '/usr/local/lib/python3.7/dist-packages/antismash/modules/t2pks/data/AT.fasta'
DEBUG    28/09 23:32:06   Found file '/usr/local/lib/python3.7/dist-packages/antismash/modules/t2pks/data/AT.phr'
DEBUG    28/09 23:32:06   Found file '/usr/local/lib/python3.7/dist-packages/antismash/modules/t2pks/data/AT.pin'
DEBUG    28/09 23:32:06   Found file '/usr/local/lib/python3.7/dist-packages/antismash/modules/t2pks/data/AT.psq'
DEBUG    28/09 23:32:06   Found file '/usr/local/lib/python3.7/dist-packages/antismash/modules/t2pks/data/LIG.fasta'
DEBUG    28/09 23:32:06   Found file '/usr/local/lib/python3.7/dist-packages/antismash/modules/t2pks/data/LIG.phr'
DEBUG    28/09 23:32:06   Found file '/usr/local/lib/python3.7/dist-packages/antismash/modules/t2pks/data/LIG.pin'
DEBUG    28/09 23:32:06   Found file '/usr/local/lib/python3.7/dist-packages/antismash/modules/t2pks/data/LIG.psq'
DEBUG    28/09 23:32:06   Found file '/usr/local/lib/python3.7/dist-packages/antismash/modules/t2pks/data/t2pks.hmm.h3f'
DEBUG    28/09 23:32:06   Found file '/usr/local/lib/python3.7/dist-packages/antismash/modules/t2pks/data/t2pks.hmm.h3i'
DEBUG    28/09 23:32:06   Found file '/usr/local/lib/python3.7/dist-packages/antismash/modules/t2pks/data/t2pks.hmm.h3m'
DEBUG    28/09 23:32:06   Found file '/usr/local/lib/python3.7/dist-packages/antismash/modules/t2pks/data/t2pks.hmm.h3p'
DEBUG    28/09 23:32:06   Checking prerequisites for antismash.modules.rrefinder
DEBUG    28/09 23:32:06   Found file '/usr/local/lib/python3.7/dist-packages/antismash/modules/rrefinder/data/RREFam.hmm.h3f'
DEBUG    28/09 23:32:06   Found file '/usr/local/lib/python3.7/dist-packages/antismash/modules/rrefinder/data/RREFam.hmm.h3i'
DEBUG    28/09 23:32:06   Found file '/usr/local/lib/python3.7/dist-packages/antismash/modules/rrefinder/data/RREFam.hmm.h3m'
DEBUG    28/09 23:32:06   Found file '/usr/local/lib/python3.7/dist-packages/antismash/modules/rrefinder/data/RREFam.hmm.h3p'
DEBUG    28/09 23:32:06   Checking prerequisites for antismash.modules.cluster_compare
DEBUG    28/09 23:32:06   Found file '/databases/clustercompare/mibig/data.json'
DEBUG    28/09 23:32:06   Found file '/databases/clustercompare/mibig/proteins.fasta'
DEBUG    28/09 23:32:06   Found file '/databases/clustercompare/mibig/proteins.dmnd'
DEBUG    28/09 23:32:06   Found file '/databases/clustercompare/mibig/proteins.dmnd'
DEBUG    28/09 23:32:06   Checking prerequisites for antismash.outputs.html
DEBUG    28/09 23:32:06   Found file '/usr/local/lib/python3.7/dist-packages/antismash/outputs/html/css/bacteria.css'
DEBUG    28/09 23:32:06   Found file '/usr/local/lib/python3.7/dist-packages/antismash/outputs/html/css/fungi.css'
DEBUG    28/09 23:32:06   Found file '/usr/local/lib/python3.7/dist-packages/antismash/outputs/html/css/plants.css'
DEBUG    28/09 23:32:06   Checking options for antismash.detection.genefinding
DEBUG    28/09 23:32:06   Checking options for antismash.detection.hmm_detection
DEBUG    28/09 23:32:06   Checking options for antismash.detection.nrps_pks_domains
DEBUG    28/09 23:32:06   Checking options for antismash.detection.cluster_hmmer
DEBUG    28/09 23:32:06   Found file '/databases/pfam/32.0/Pfam-A.hmm'
DEBUG    28/09 23:32:06   Found file '/databases/pfam/32.0/Pfam-A.hmm.h3f'
DEBUG    28/09 23:32:06   Found file '/databases/pfam/32.0/Pfam-A.hmm.h3i'
DEBUG    28/09 23:32:06   Found file '/databases/pfam/32.0/Pfam-A.hmm.h3m'
DEBUG    28/09 23:32:06   Found file '/databases/pfam/32.0/Pfam-A.hmm.h3p'
DEBUG    28/09 23:32:06   Checking options for antismash.detection.genefunctions
DEBUG    28/09 23:32:06   Checking options for antismash.detection.tigrfam
DEBUG    28/09 23:32:06   Checking options for antismash.modules.tta
DEBUG    28/09 23:32:06   Checking options for antismash.modules.lanthipeptides
DEBUG    28/09 23:32:06   Checking options for antismash.modules.thiopeptides
DEBUG    28/09 23:32:06   Checking options for antismash.modules.nrps_pks
DEBUG    28/09 23:32:06   Checking options for antismash.modules.clusterblast
DEBUG    28/09 23:32:06   Checking options for antismash.modules.sactipeptides
DEBUG    28/09 23:32:06   Checking options for antismash.modules.lassopeptides
DEBUG    28/09 23:32:06   Checking options for antismash.modules.active_site_finder
DEBUG    28/09 23:32:06   Checking options for antismash.modules.pfam2go
DEBUG    28/09 23:32:06   Checking options for antismash.modules.t2pks
DEBUG    28/09 23:32:06   Checking options for antismash.modules.rrefinder
DEBUG    28/09 23:32:06   Checking options for antismash.modules.cluster_compare
DEBUG    28/09 23:32:06   Checking options for antismash.outputs.html
INFO     28/09 23:32:06   Parsing input sequence '/input/6666666.867955.gbk'
DEBUG    28/09 23:32:07   Stripping antiSMASH features and annotations from record: 1
DEBUG    28/09 23:32:07   Stripping antiSMASH features and annotations from record: 2
DEBUG    28/09 23:32:07   Converting records from biopython to secmet
DEBUG    28/09 23:32:08   Removing existing region genbank files
DEBUG    28/09 23:32:08   Reusing output directory: /data/antismash/upload/bacteria-a29f782b-7325-4884-910b-500bf0d17015
DEBUG    28/09 23:32:08   Preprocessing 2 sequences
DEBUG    28/09 23:32:08   Sanitising record ids and sequences
DEBUG    28/09 23:32:10   Removing sequences smaller than 1000 bases
DEBUG    28/09 23:32:10   Ensuring records have CDS features with all required information
INFO     28/09 23:32:11   Analysing record: 1
DEBUG    28/09 23:32:11   Checking if antismash.detection.full_hmmer should be run
INFO     28/09 23:32:11   Detecting secondary metabolite clusters
DEBUG    28/09 23:32:11   Checking if antismash.detection.sideloader should be run
DEBUG    28/09 23:32:11   Checking if antismash.detection.hmm_detection should be run
INFO     28/09 23:32:11   Running antismash.detection.hmm_detection
INFO     28/09 23:32:11   HMM detection using strictness: relaxed
DEBUG    28/09 23:32:23   5 rule-based cluster(s) found in record
DEBUG    28/09 23:32:23   Checking if antismash.detection.cassis should be run
DEBUG    28/09 23:32:23   5 protoclusters found
DEBUG    28/09 23:32:23   0 subregions found
INFO     28/09 23:32:23   5 region(s) detected in record
DEBUG    28/09 23:32:23   Checking if antismash.detection.nrps_pks_domains should be run
INFO     28/09 23:32:23   Running antismash.detection.nrps_pks_domains
DEBUG    28/09 23:32:23   Marking NRPS/PKS CDS features and domains in clusters
DEBUG    28/09 23:32:24   Adding detection results from antismash.detection.nrps_pks_domains to record
DEBUG    28/09 23:32:24   Checking if antismash.detection.cluster_hmmer should be run
INFO     28/09 23:32:24   Running antismash.detection.cluster_hmmer
INFO     28/09 23:32:24   Running cluster PFAM search
DEBUG    28/09 23:33:14   Building mapping for pHMM database Pfam-A.hmm
DEBUG    28/09 23:33:22   Building mapping for HMMer database /databases/pfam/32.0/Pfam-A.hmm
DEBUG    28/09 23:33:30   Adding detection results from antismash.detection.cluster_hmmer to record
DEBUG    28/09 23:33:30   Checking if antismash.detection.genefunctions should be run
INFO     28/09 23:33:30   Running antismash.detection.genefunctions
DEBUG    28/09 23:33:35   Adding detection results from antismash.detection.genefunctions to record
DEBUG    28/09 23:33:35   annotating CDS features with resist info: 0 CDSes
DEBUG    28/09 23:33:35   annotating CDS features with smcogs info: 43 CDSes
DEBUG    28/09 23:33:35   Checking if antismash.detection.tigrfam should be run
INFO     28/09 23:33:35   Running antismash.detection.tigrfam
INFO     28/09 23:33:35   Running TIGRFam search
DEBUG    28/09 23:33:53   Building mapping for pHMM database TIGRFam.hmm
DEBUG    28/09 23:33:55   Adding detection results from antismash.detection.tigrfam to record
DEBUG    28/09 23:33:55   Checking if antismash.modules.smcog_trees should be run
DEBUG    28/09 23:33:55   Checking if antismash.modules.tta should be run
INFO     28/09 23:33:55   Running antismash.modules.tta
INFO     28/09 23:33:55   Detecting TTA codons
DEBUG    28/09 23:33:55   GC content: 65%
DEBUG    28/09 23:33:55   Detected 1 TTA codons
DEBUG    28/09 23:33:55   Checking if antismash.modules.lanthipeptides should be run
INFO     28/09 23:33:55   Running antismash.modules.lanthipeptides
DEBUG    28/09 23:33:55   Lanthipeptide module marked 0 motifs
DEBUG    28/09 23:33:55   Checking if antismash.modules.thiopeptides should be run
INFO     28/09 23:33:55   Running antismash.modules.thiopeptides
DEBUG    28/09 23:33:55   Thiopeptides marked 0 motifs
DEBUG    28/09 23:33:55   Checking if antismash.modules.nrps_pks should be run
INFO     28/09 23:33:55   Running antismash.modules.nrps_pks
INFO     28/09 23:33:55   Predicting A domain substrate specificities with NRPSPredictor2
INFO     28/09 23:33:58   Predicting CAL domain substrate specificities by Minowa et al. method
INFO     28/09 23:33:58   Predicting PKS KR activity and stereochemistry using KR fingerprints from Starcevic et al.
DEBUG    28/09 23:33:59   CandidateCluster 1 monomer ordering method: colinear
DEBUG    28/09 23:33:59   CandidateCluster 5 monomer ordering method: colinear
DEBUG    28/09 23:33:59   Checking if antismash.modules.clusterblast should be run
INFO     28/09 23:33:59   Running antismash.modules.clusterblast
INFO     28/09 23:33:59   Finding internal homologs in each gene cluster...
INFO     28/09 23:34:00   Running ClusterBlast
INFO     28/09 23:34:00   ClusterBlast: Loading gene cluster database into memory...
INFO     28/09 23:34:03   ClusterBlast: Loading gene cluster database proteins into memory...
INFO     28/09 23:34:23   Comparing regions to reference database
INFO     28/09 23:34:47   Running subcluster search
INFO     28/09 23:34:47   SubClusterBlast: Loading gene cluster database into memory...
INFO     28/09 23:34:47   SubClusterBlast: Loading gene cluster database proteins into memory...
INFO     28/09 23:34:54   Running known cluster search
INFO     28/09 23:34:54   KnownClusterBlast: Loading gene cluster database into memory...
INFO     28/09 23:34:54   KnownClusterBlast: Loading gene cluster database proteins into memory...
DEBUG    28/09 23:34:54   Running DIAMOND knowncluster searches..
INFO     28/09 23:34:54   Comparing regions to reference database
DEBUG    28/09 23:34:57   Checking if antismash.modules.sactipeptides should be run
INFO     28/09 23:34:57   Running antismash.modules.sactipeptides
DEBUG    28/09 23:34:57   Found no sactipeptide motifs
DEBUG    28/09 23:34:57   Checking if antismash.modules.lassopeptides should be run
INFO     28/09 23:34:57   Running antismash.modules.lassopeptides
DEBUG    28/09 23:34:57   Lassopeptide module marked 0 motifs
DEBUG    28/09 23:34:57   Checking if antismash.modules.active_site_finder should be run
INFO     28/09 23:34:57   Running antismash.modules.active_site_finder
DEBUG    28/09 23:34:58   Checking if antismash.modules.pfam2go should be run
INFO     28/09 23:34:58   Running antismash.modules.pfam2go
DEBUG    28/09 23:34:58   Checking if antismash.modules.t2pks should be run
INFO     28/09 23:34:58   Running antismash.modules.t2pks
DEBUG    28/09 23:34:58   No type II PKS clusters to analyze
DEBUG    28/09 23:34:58   Checking if antismash.modules.rrefinder should be run
INFO     28/09 23:34:58   Running antismash.modules.rrefinder
DEBUG    28/09 23:34:58   Checking if antismash.modules.cluster_compare should be run
INFO     28/09 23:34:58   Running antismash.modules.cluster_compare
DEBUG    28/09 23:34:58   Loading comparison database: MIBiG
DEBUG    28/09 23:34:59   Comparison database loaded
INFO     28/09 23:34:59   Comparing regions to reference database
INFO     28/09 23:35:02   Analysing record: 2
DEBUG    28/09 23:35:02   Checking if antismash.detection.full_hmmer should be run
INFO     28/09 23:35:02   Detecting secondary metabolite clusters
DEBUG    28/09 23:35:02   Checking if antismash.detection.sideloader should be run
DEBUG    28/09 23:35:02   Checking if antismash.detection.hmm_detection should be run
INFO     28/09 23:35:02   Running antismash.detection.hmm_detection
INFO     28/09 23:35:02   HMM detection using strictness: relaxed
DEBUG    28/09 23:35:05   1 rule-based cluster(s) found in record
DEBUG    28/09 23:35:05   Checking if antismash.detection.cassis should be run
DEBUG    28/09 23:35:05   1 protoclusters found
DEBUG    28/09 23:35:05   0 subregions found
INFO     28/09 23:35:05   1 region(s) detected in record
DEBUG    28/09 23:35:05   Checking if antismash.detection.nrps_pks_domains should be run
INFO     28/09 23:35:05   Running antismash.detection.nrps_pks_domains
DEBUG    28/09 23:35:05   Marking NRPS/PKS CDS features and domains in clusters
DEBUG    28/09 23:35:06   Adding detection results from antismash.detection.nrps_pks_domains to record
DEBUG    28/09 23:35:06   Checking if antismash.detection.cluster_hmmer should be run
INFO     28/09 23:35:06   Running antismash.detection.cluster_hmmer
INFO     28/09 23:35:06   Running cluster PFAM search
DEBUG    28/09 23:35:24   Adding detection results from antismash.detection.cluster_hmmer to record
DEBUG    28/09 23:35:24   Checking if antismash.detection.genefunctions should be run
INFO     28/09 23:35:24   Running antismash.detection.genefunctions
DEBUG    28/09 23:35:26   Adding detection results from antismash.detection.genefunctions to record
DEBUG    28/09 23:35:26   annotating CDS features with resist info: 0 CDSes
DEBUG    28/09 23:35:26   annotating CDS features with smcogs info: 23 CDSes
DEBUG    28/09 23:35:26   Checking if antismash.detection.tigrfam should be run
INFO     28/09 23:35:26   Running antismash.detection.tigrfam
INFO     28/09 23:35:26   Running TIGRFam search
DEBUG    28/09 23:35:32   Adding detection results from antismash.detection.tigrfam to record
DEBUG    28/09 23:35:32   Checking if antismash.modules.smcog_trees should be run
DEBUG    28/09 23:35:32   Checking if antismash.modules.tta should be run
INFO     28/09 23:35:32   Running antismash.modules.tta
INFO     28/09 23:35:32   Skipping TTA codon detection, GC content too low: 65%
DEBUG    28/09 23:35:32   Checking if antismash.modules.lanthipeptides should be run
INFO     28/09 23:35:32   Running antismash.modules.lanthipeptides
DEBUG    28/09 23:35:32   Lanthipeptide module marked 0 motifs
DEBUG    28/09 23:35:32   Checking if antismash.modules.thiopeptides should be run
INFO     28/09 23:35:32   Running antismash.modules.thiopeptides
DEBUG    28/09 23:35:32   Thiopeptides marked 0 motifs
DEBUG    28/09 23:35:32   Checking if antismash.modules.nrps_pks should be run
INFO     28/09 23:35:32   Running antismash.modules.nrps_pks
INFO     28/09 23:35:32   Predicting A domain substrate specificities with NRPSPredictor2
INFO     28/09 23:35:36   Predicting CAL domain substrate specificities by Minowa et al. method
INFO     28/09 23:35:36   Predicting PKS KR activity and stereochemistry using KR fingerprints from Starcevic et al.
DEBUG    28/09 23:35:37   CandidateCluster 1 monomer ordering method: colinear
DEBUG    28/09 23:35:37   Checking if antismash.modules.clusterblast should be run
INFO     28/09 23:35:37   Running antismash.modules.clusterblast
INFO     28/09 23:35:37   Finding internal homologs in each gene cluster...
INFO     28/09 23:35:38   Running ClusterBlast
INFO     28/09 23:35:38   ClusterBlast: Loading gene cluster database into memory...
INFO     28/09 23:35:40   ClusterBlast: Loading gene cluster database proteins into memory...
INFO     28/09 23:35:58   Comparing regions to reference database
INFO     28/09 23:37:19   Running subcluster search
INFO     28/09 23:37:19   SubClusterBlast: Loading gene cluster database into memory...
INFO     28/09 23:37:19   SubClusterBlast: Loading gene cluster database proteins into memory...
INFO     28/09 23:37:20   Running known cluster search
INFO     28/09 23:37:20   KnownClusterBlast: Loading gene cluster database into memory...
INFO     28/09 23:37:21   KnownClusterBlast: Loading gene cluster database proteins into memory...
DEBUG    28/09 23:37:21   Running DIAMOND knowncluster searches..
INFO     28/09 23:37:21   Comparing regions to reference database
DEBUG    28/09 23:37:28   Checking if antismash.modules.sactipeptides should be run
INFO     28/09 23:37:28   Running antismash.modules.sactipeptides
DEBUG    28/09 23:37:28   Found no sactipeptide motifs
DEBUG    28/09 23:37:28   Checking if antismash.modules.lassopeptides should be run
INFO     28/09 23:37:28   Running antismash.modules.lassopeptides
DEBUG    28/09 23:37:28   Lassopeptide module marked 0 motifs
DEBUG    28/09 23:37:28   Checking if antismash.modules.active_site_finder should be run
INFO     28/09 23:37:28   Running antismash.modules.active_site_finder
DEBUG    28/09 23:37:28   Checking if antismash.modules.pfam2go should be run
INFO     28/09 23:37:28   Running antismash.modules.pfam2go
DEBUG    28/09 23:37:28   Checking if antismash.modules.t2pks should be run
INFO     28/09 23:37:28   Running antismash.modules.t2pks
DEBUG    28/09 23:37:28   No type II PKS clusters to analyze
DEBUG    28/09 23:37:28   Checking if antismash.modules.rrefinder should be run
INFO     28/09 23:37:28   Running antismash.modules.rrefinder
DEBUG    28/09 23:37:28   Checking if antismash.modules.cluster_compare should be run
INFO     28/09 23:37:28   Running antismash.modules.cluster_compare
DEBUG    28/09 23:37:28   Loading comparison database: MIBiG
DEBUG    28/09 23:37:28   Comparison database loaded
INFO     28/09 23:37:28   Comparing regions to reference database
DEBUG    28/09 23:37:34   Writing json results to '/data/antismash/upload/bacteria-a29f782b-7325-4884-910b-500bf0d17015/6666666.867955.json'
DEBUG    28/09 23:37:34   Record 1 has results for modules: hmm_detection, nrps_pks_domains, cluster_hmmer, genefunctions, tigrfam, tta, lanthipeptides, thiopeptides, nrps_pks, clusterblast, sactipeptides, lassopeptides, active_site_finder, pfam2go, t2pks, rrefinder, cluster_compare
DEBUG    28/09 23:37:34   Converting antismash.detection.hmm_detection results to json
DEBUG    28/09 23:37:34   Converting antismash.detection.nrps_pks_domains results to json
DEBUG    28/09 23:37:34   Converting antismash.detection.cluster_hmmer results to json
DEBUG    28/09 23:37:34   Converting antismash.detection.genefunctions results to json
DEBUG    28/09 23:37:34   Converting antismash.detection.tigrfam results to json
DEBUG    28/09 23:37:34   Converting antismash.modules.tta results to json
DEBUG    28/09 23:37:34   Converting antismash.modules.lanthipeptides results to json
DEBUG    28/09 23:37:34   Converting antismash.modules.thiopeptides results to json
DEBUG    28/09 23:37:34   Converting antismash.modules.nrps_pks results to json
DEBUG    28/09 23:37:34   Converting antismash.modules.clusterblast results to json
DEBUG    28/09 23:37:34   Converting antismash.modules.sactipeptides results to json
DEBUG    28/09 23:37:34   Converting antismash.modules.lassopeptides results to json
DEBUG    28/09 23:37:34   Converting antismash.modules.active_site_finder results to json
DEBUG    28/09 23:37:34   Converting antismash.modules.pfam2go results to json
DEBUG    28/09 23:37:34   Converting antismash.modules.t2pks results to json
DEBUG    28/09 23:37:34   Converting antismash.modules.rrefinder results to json
DEBUG    28/09 23:37:34   Converting antismash.modules.cluster_compare results to json
DEBUG    28/09 23:37:34   Record 2 has results for modules: hmm_detection, nrps_pks_domains, cluster_hmmer, genefunctions, tigrfam, lanthipeptides, thiopeptides, nrps_pks, clusterblast, sactipeptides, lassopeptides, active_site_finder, pfam2go, t2pks, rrefinder, cluster_compare
DEBUG    28/09 23:37:34   Converting antismash.detection.hmm_detection results to json
DEBUG    28/09 23:37:34   Converting antismash.detection.nrps_pks_domains results to json
DEBUG    28/09 23:37:34   Converting antismash.detection.cluster_hmmer results to json
DEBUG    28/09 23:37:34   Converting antismash.detection.genefunctions results to json
DEBUG    28/09 23:37:34   Converting antismash.detection.tigrfam results to json
DEBUG    28/09 23:37:34   Converting antismash.modules.tta results to json
DEBUG    28/09 23:37:34   Converting antismash.modules.lanthipeptides results to json
DEBUG    28/09 23:37:34   Converting antismash.modules.thiopeptides results to json
DEBUG    28/09 23:37:34   Converting antismash.modules.nrps_pks results to json
DEBUG    28/09 23:37:34   Converting antismash.modules.clusterblast results to json
DEBUG    28/09 23:37:34   Converting antismash.modules.sactipeptides results to json
DEBUG    28/09 23:37:34   Converting antismash.modules.lassopeptides results to json
DEBUG    28/09 23:37:34   Converting antismash.modules.active_site_finder results to json
DEBUG    28/09 23:37:34   Converting antismash.modules.pfam2go results to json
DEBUG    28/09 23:37:34   Converting antismash.modules.t2pks results to json
DEBUG    28/09 23:37:34   Converting antismash.modules.rrefinder results to json
DEBUG    28/09 23:37:34   Converting antismash.modules.cluster_compare results to json
DEBUG    28/09 23:37:34   Annotating record 1 with results from: hmm_detection, nrps_pks_domains, cluster_hmmer, genefunctions, tigrfam, tta, lanthipeptides, thiopeptides, nrps_pks, clusterblast, sactipeptides, lassopeptides, active_site_finder, pfam2go, t2pks, rrefinder, cluster_compare
DEBUG    28/09 23:37:34    Adding results from antismash.modules.tta
DEBUG    28/09 23:37:34    Adding results from antismash.modules.lanthipeptides
DEBUG    28/09 23:37:34    Adding results from antismash.modules.thiopeptides
DEBUG    28/09 23:37:34    Adding results from antismash.modules.nrps_pks
DEBUG    28/09 23:37:34    Adding results from antismash.modules.clusterblast
DEBUG    28/09 23:37:34    Adding results from antismash.modules.sactipeptides
DEBUG    28/09 23:37:34    Adding results from antismash.modules.lassopeptides
DEBUG    28/09 23:37:34    Adding results from antismash.modules.active_site_finder
DEBUG    28/09 23:37:34    Adding results from antismash.modules.pfam2go
DEBUG    28/09 23:37:34    Adding results from antismash.modules.t2pks
DEBUG    28/09 23:37:34    Adding results from antismash.modules.rrefinder
DEBUG    28/09 23:37:34    Adding results from antismash.modules.cluster_compare
DEBUG    28/09 23:37:34   Annotating record 2 with results from: hmm_detection, nrps_pks_domains, cluster_hmmer, genefunctions, tigrfam, tta, lanthipeptides, thiopeptides, nrps_pks, clusterblast, sactipeptides, lassopeptides, active_site_finder, pfam2go, t2pks, rrefinder, cluster_compare
DEBUG    28/09 23:37:34    Adding results from antismash.modules.tta
DEBUG    28/09 23:37:34    Adding results from antismash.modules.lanthipeptides
DEBUG    28/09 23:37:34    Adding results from antismash.modules.thiopeptides
DEBUG    28/09 23:37:34    Adding results from antismash.modules.nrps_pks
DEBUG    28/09 23:37:34    Adding results from antismash.modules.clusterblast
DEBUG    28/09 23:37:34    Adding results from antismash.modules.sactipeptides
DEBUG    28/09 23:37:34    Adding results from antismash.modules.lassopeptides
DEBUG    28/09 23:37:34    Adding results from antismash.modules.active_site_finder
DEBUG    28/09 23:37:34    Adding results from antismash.modules.pfam2go
DEBUG    28/09 23:37:34    Adding results from antismash.modules.t2pks
DEBUG    28/09 23:37:34    Adding results from antismash.modules.rrefinder
DEBUG    28/09 23:37:34    Adding results from antismash.modules.cluster_compare
DEBUG    28/09 23:37:34   Creating results page
DEBUG    28/09 23:37:40   Creating results SVGs
DEBUG    28/09 23:37:40   Writing seq_records SVGs to '/data/antismash/upload/bacteria-a29f782b-7325-4884-910b-500bf0d17015/svg'
DEBUG    28/09 23:37:41   Writing cluster-specific genbank files
DEBUG    28/09 23:37:42   Writing final genbank file to '/data/antismash/upload/bacteria-a29f782b-7325-4884-910b-500bf0d17015/6666666.867955.gbk'
DEBUG    28/09 23:37:43   Zipping output to '/data/antismash/upload/bacteria-a29f782b-7325-4884-910b-500bf0d17015/6666666.867955.zip'
