INFO     28/09 23:32:41   antiSMASH version: 6.0.1
INFO     28/09 23:32:41   diamond using executable: /usr/bin/diamond-aligner (0.9.24)
INFO     28/09 23:32:41   hmmpfam2 using executable: /usr/bin/hmm2pfam (2.3.2)
INFO     28/09 23:32:41   fasttree using executable: /usr/bin/fasttree
INFO     28/09 23:32:41   hmmsearch using executable: /usr/bin/hmmsearch (3.2.1)
INFO     28/09 23:32:41   hmmpress using executable: /usr/bin/hmmpress (3.2.1)
INFO     28/09 23:32:41   hmmscan using executable: /usr/bin/hmmscan (3.2.1)
INFO     28/09 23:32:42   meme using executable: /usr/bin/meme (4.11.2)
INFO     28/09 23:32:42   fimo using executable: /usr/bin/fimo (4.11.2)
INFO     28/09 23:32:42   glimmerhmm using executable: /usr/bin/glimmerhmm
INFO     28/09 23:32:42   prodigal using executable: /usr/bin/prodigal (V2.6.3)
INFO     28/09 23:32:42   muscle using executable: /usr/bin/muscle (v3.8.1551)
INFO     28/09 23:32:42   java using executable: /usr/bin/java (11.0.9)
INFO     28/09 23:32:43   blastp using executable: /usr/bin/blastp (2.8.1+)
INFO     28/09 23:32:43   makeblastdb using executable: /usr/bin/makeblastdb (2.8.1+)
DEBUG    28/09 23:32:43   Checking prerequisites for antismash.detection.genefinding
DEBUG    28/09 23:32:43   Checking prerequisites for antismash.detection.hmm_detection
DEBUG    28/09 23:32:43   Found file '/usr/local/lib/python3.7/dist-packages/antismash/detection/hmm_detection/data/bgc_seeds.hmm'
DEBUG    28/09 23:32:43   Found file '/usr/local/lib/python3.7/dist-packages/antismash/detection/hmm_detection/data/bgc_seeds.hmm.h3f'
DEBUG    28/09 23:32:43   Found file '/usr/local/lib/python3.7/dist-packages/antismash/detection/hmm_detection/data/bgc_seeds.hmm.h3i'
DEBUG    28/09 23:32:43   Found file '/usr/local/lib/python3.7/dist-packages/antismash/detection/hmm_detection/data/bgc_seeds.hmm.h3m'
DEBUG    28/09 23:32:43   Found file '/usr/local/lib/python3.7/dist-packages/antismash/detection/hmm_detection/data/bgc_seeds.hmm.h3p'
DEBUG    28/09 23:32:43   Checking prerequisites for antismash.detection.nrps_pks_domains
DEBUG    28/09 23:32:43   Found file '/usr/local/lib/python3.7/dist-packages/antismash/detection/nrps_pks_domains/data/abmotifs.hmm.h3f'
DEBUG    28/09 23:32:43   Found file '/usr/local/lib/python3.7/dist-packages/antismash/detection/nrps_pks_domains/data/abmotifs.hmm.h3i'
DEBUG    28/09 23:32:43   Found file '/usr/local/lib/python3.7/dist-packages/antismash/detection/nrps_pks_domains/data/abmotifs.hmm.h3m'
DEBUG    28/09 23:32:43   Found file '/usr/local/lib/python3.7/dist-packages/antismash/detection/nrps_pks_domains/data/abmotifs.hmm.h3p'
DEBUG    28/09 23:32:43   Found file '/usr/local/lib/python3.7/dist-packages/antismash/detection/nrps_pks_domains/data/dockingdomains.hmm.h3f'
DEBUG    28/09 23:32:43   Found file '/usr/local/lib/python3.7/dist-packages/antismash/detection/nrps_pks_domains/data/dockingdomains.hmm.h3i'
DEBUG    28/09 23:32:43   Found file '/usr/local/lib/python3.7/dist-packages/antismash/detection/nrps_pks_domains/data/dockingdomains.hmm.h3m'
DEBUG    28/09 23:32:43   Found file '/usr/local/lib/python3.7/dist-packages/antismash/detection/nrps_pks_domains/data/dockingdomains.hmm.h3p'
DEBUG    28/09 23:32:43   Found file '/usr/local/lib/python3.7/dist-packages/antismash/detection/nrps_pks_domains/data/ksdomains.hmm.h3f'
DEBUG    28/09 23:32:43   Found file '/usr/local/lib/python3.7/dist-packages/antismash/detection/nrps_pks_domains/data/ksdomains.hmm.h3i'
DEBUG    28/09 23:32:43   Found file '/usr/local/lib/python3.7/dist-packages/antismash/detection/nrps_pks_domains/data/ksdomains.hmm.h3m'
DEBUG    28/09 23:32:43   Found file '/usr/local/lib/python3.7/dist-packages/antismash/detection/nrps_pks_domains/data/ksdomains.hmm.h3p'
DEBUG    28/09 23:32:43   Found file '/usr/local/lib/python3.7/dist-packages/antismash/detection/nrps_pks_domains/data/nrpspksdomains.hmm.h3f'
DEBUG    28/09 23:32:43   Found file '/usr/local/lib/python3.7/dist-packages/antismash/detection/nrps_pks_domains/data/nrpspksdomains.hmm.h3i'
DEBUG    28/09 23:32:43   Found file '/usr/local/lib/python3.7/dist-packages/antismash/detection/nrps_pks_domains/data/nrpspksdomains.hmm.h3m'
DEBUG    28/09 23:32:43   Found file '/usr/local/lib/python3.7/dist-packages/antismash/detection/nrps_pks_domains/data/nrpspksdomains.hmm.h3p'
DEBUG    28/09 23:32:43   Checking prerequisites for antismash.detection.cluster_hmmer
DEBUG    28/09 23:32:43   Found file '/databases/pfam/32.0/Pfam-A.hmm'
DEBUG    28/09 23:32:43   Found file '/databases/pfam/32.0/Pfam-A.hmm.h3f'
DEBUG    28/09 23:32:43   Found file '/databases/pfam/32.0/Pfam-A.hmm.h3i'
DEBUG    28/09 23:32:43   Found file '/databases/pfam/32.0/Pfam-A.hmm.h3m'
DEBUG    28/09 23:32:43   Found file '/databases/pfam/32.0/Pfam-A.hmm.h3p'
DEBUG    28/09 23:32:43   Checking prerequisites for antismash.detection.genefunctions
DEBUG    28/09 23:32:43   Found file '/databases/resfam/Resfams.hmm'
DEBUG    28/09 23:32:43   Found file '/usr/local/lib/python3.7/dist-packages/antismash/detection/genefunctions/data/smcogs.hmm.h3f'
DEBUG    28/09 23:32:43   Found file '/usr/local/lib/python3.7/dist-packages/antismash/detection/genefunctions/data/smcogs.hmm.h3i'
DEBUG    28/09 23:32:43   Found file '/usr/local/lib/python3.7/dist-packages/antismash/detection/genefunctions/data/smcogs.hmm.h3m'
DEBUG    28/09 23:32:43   Found file '/usr/local/lib/python3.7/dist-packages/antismash/detection/genefunctions/data/smcogs.hmm.h3p'
DEBUG    28/09 23:32:43   Checking prerequisites for antismash.detection.tigrfam
DEBUG    28/09 23:32:43   Found file '/databases/tigrfam/TIGRFam.hmm'
DEBUG    28/09 23:32:43   Found file '/databases/tigrfam/TIGRFam.hmm.h3f'
DEBUG    28/09 23:32:43   Found file '/databases/tigrfam/TIGRFam.hmm.h3i'
DEBUG    28/09 23:32:43   Found file '/databases/tigrfam/TIGRFam.hmm.h3m'
DEBUG    28/09 23:32:43   Found file '/databases/tigrfam/TIGRFam.hmm.h3p'
DEBUG    28/09 23:32:43   Checking prerequisites for antismash.modules.tta
DEBUG    28/09 23:32:43   Checking prerequisites for antismash.modules.lanthipeptides
DEBUG    28/09 23:32:43   missing cached SVM classifiers, rebuilding
DEBUG    28/09 23:32:43   Checking prerequisites for antismash.modules.thiopeptides
DEBUG    28/09 23:32:43   Checking prerequisites for antismash.modules.nrps_pks
DEBUG    28/09 23:32:43   Checking prerequisites for antismash.modules.clusterblast
DEBUG    28/09 23:32:43   Found file '/usr/local/lib/python3.7/dist-packages/antismash/modules/clusterblast/data/known/clusters.txt'
DEBUG    28/09 23:32:43   Found file '/usr/local/lib/python3.7/dist-packages/antismash/modules/clusterblast/data/known/proteins.fasta'
DEBUG    28/09 23:32:43   Found file '/usr/local/lib/python3.7/dist-packages/antismash/modules/clusterblast/data/known/proteins.dmnd'
DEBUG    28/09 23:32:43   Found file '/usr/local/lib/python3.7/dist-packages/antismash/modules/clusterblast/data/known/proteins.dmnd'
DEBUG    28/09 23:32:43   Found file '/databases/clusterblast/clusters.txt'
DEBUG    28/09 23:32:43   Found file '/databases/clusterblast/proteins.fasta'
DEBUG    28/09 23:32:43   Found file '/databases/clusterblast/proteins.dmnd'
DEBUG    28/09 23:32:43   Found file '/databases/clusterblast/proteins.dmnd'
DEBUG    28/09 23:32:43   Found file '/usr/local/lib/python3.7/dist-packages/antismash/modules/clusterblast/data/sub/proteins.fasta'
DEBUG    28/09 23:32:43   Found file '/usr/local/lib/python3.7/dist-packages/antismash/modules/clusterblast/data/sub/proteins.fasta.phr'
DEBUG    28/09 23:32:43   Found file '/usr/local/lib/python3.7/dist-packages/antismash/modules/clusterblast/data/sub/proteins.fasta.pin'
DEBUG    28/09 23:32:43   Found file '/usr/local/lib/python3.7/dist-packages/antismash/modules/clusterblast/data/sub/proteins.fasta.psq'
DEBUG    28/09 23:32:43   Found file '/usr/local/lib/python3.7/dist-packages/antismash/modules/clusterblast/data/sub/clusters.txt'
DEBUG    28/09 23:32:43   Checking prerequisites for antismash.modules.sactipeptides
DEBUG    28/09 23:32:43   Checking prerequisites for antismash.modules.lassopeptides
DEBUG    28/09 23:32:43   Checking prerequisites for antismash.modules.active_site_finder
DEBUG    28/09 23:32:43   Found file '/usr/local/lib/python3.7/dist-packages/antismash/modules/active_site_finder/data/PKSI-KR.hmm2'
DEBUG    28/09 23:32:43   Found file '/usr/local/lib/python3.7/dist-packages/antismash/modules/active_site_finder/data/PKSI-KS_N.hmm2'
DEBUG    28/09 23:32:43   Found file '/usr/local/lib/python3.7/dist-packages/antismash/modules/active_site_finder/data/PKSI-KS_C.hmm2'
DEBUG    28/09 23:32:43   Found file '/usr/local/lib/python3.7/dist-packages/antismash/modules/active_site_finder/data/PKSI-AT.hmm2'
DEBUG    28/09 23:32:43   Found file '/usr/local/lib/python3.7/dist-packages/antismash/modules/active_site_finder/data/PKSI-ACP.hmm2'
DEBUG    28/09 23:32:43   Found file '/usr/local/lib/python3.7/dist-packages/antismash/modules/active_site_finder/data/PKSI-DH.hmm2'
DEBUG    28/09 23:32:43   Found file '/usr/local/lib/python3.7/dist-packages/antismash/modules/active_site_finder/data/Thioesterase.hmm2'
DEBUG    28/09 23:32:43   Found file '/usr/local/lib/python3.7/dist-packages/antismash/modules/active_site_finder/data/PKSI-ER.hmm2'
DEBUG    28/09 23:32:43   Found file '/usr/local/lib/python3.7/dist-packages/antismash/modules/active_site_finder/data/p450.hmm2'
DEBUG    28/09 23:32:43   Checking prerequisites for antismash.modules.pfam2go
DEBUG    28/09 23:32:43   Found file '/usr/local/lib/python3.7/dist-packages/antismash/modules/pfam2go/data/pfam2go.txt'
DEBUG    28/09 23:32:43   Checking prerequisites for antismash.modules.t2pks
DEBUG    28/09 23:32:43   Found file '/usr/local/lib/python3.7/dist-packages/antismash/modules/t2pks/data/KSIII.fasta'
DEBUG    28/09 23:32:43   Found file '/usr/local/lib/python3.7/dist-packages/antismash/modules/t2pks/data/KSIII.phr'
DEBUG    28/09 23:32:43   Found file '/usr/local/lib/python3.7/dist-packages/antismash/modules/t2pks/data/KSIII.pin'
DEBUG    28/09 23:32:43   Found file '/usr/local/lib/python3.7/dist-packages/antismash/modules/t2pks/data/KSIII.psq'
DEBUG    28/09 23:32:43   Found file '/usr/local/lib/python3.7/dist-packages/antismash/modules/t2pks/data/AT.fasta'
DEBUG    28/09 23:32:43   Found file '/usr/local/lib/python3.7/dist-packages/antismash/modules/t2pks/data/AT.phr'
DEBUG    28/09 23:32:43   Found file '/usr/local/lib/python3.7/dist-packages/antismash/modules/t2pks/data/AT.pin'
DEBUG    28/09 23:32:43   Found file '/usr/local/lib/python3.7/dist-packages/antismash/modules/t2pks/data/AT.psq'
DEBUG    28/09 23:32:43   Found file '/usr/local/lib/python3.7/dist-packages/antismash/modules/t2pks/data/LIG.fasta'
DEBUG    28/09 23:32:43   Found file '/usr/local/lib/python3.7/dist-packages/antismash/modules/t2pks/data/LIG.phr'
DEBUG    28/09 23:32:43   Found file '/usr/local/lib/python3.7/dist-packages/antismash/modules/t2pks/data/LIG.pin'
DEBUG    28/09 23:32:43   Found file '/usr/local/lib/python3.7/dist-packages/antismash/modules/t2pks/data/LIG.psq'
DEBUG    28/09 23:32:43   Found file '/usr/local/lib/python3.7/dist-packages/antismash/modules/t2pks/data/t2pks.hmm.h3f'
DEBUG    28/09 23:32:43   Found file '/usr/local/lib/python3.7/dist-packages/antismash/modules/t2pks/data/t2pks.hmm.h3i'
DEBUG    28/09 23:32:43   Found file '/usr/local/lib/python3.7/dist-packages/antismash/modules/t2pks/data/t2pks.hmm.h3m'
DEBUG    28/09 23:32:43   Found file '/usr/local/lib/python3.7/dist-packages/antismash/modules/t2pks/data/t2pks.hmm.h3p'
DEBUG    28/09 23:32:43   Checking prerequisites for antismash.modules.rrefinder
DEBUG    28/09 23:32:43   Found file '/usr/local/lib/python3.7/dist-packages/antismash/modules/rrefinder/data/RREFam.hmm.h3f'
DEBUG    28/09 23:32:43   Found file '/usr/local/lib/python3.7/dist-packages/antismash/modules/rrefinder/data/RREFam.hmm.h3i'
DEBUG    28/09 23:32:43   Found file '/usr/local/lib/python3.7/dist-packages/antismash/modules/rrefinder/data/RREFam.hmm.h3m'
DEBUG    28/09 23:32:43   Found file '/usr/local/lib/python3.7/dist-packages/antismash/modules/rrefinder/data/RREFam.hmm.h3p'
DEBUG    28/09 23:32:43   Checking prerequisites for antismash.modules.cluster_compare
DEBUG    28/09 23:32:43   Found file '/databases/clustercompare/mibig/data.json'
DEBUG    28/09 23:32:43   Found file '/databases/clustercompare/mibig/proteins.fasta'
DEBUG    28/09 23:32:43   Found file '/databases/clustercompare/mibig/proteins.dmnd'
DEBUG    28/09 23:32:43   Found file '/databases/clustercompare/mibig/proteins.dmnd'
DEBUG    28/09 23:32:43   Checking prerequisites for antismash.outputs.html
DEBUG    28/09 23:32:43   Found file '/usr/local/lib/python3.7/dist-packages/antismash/outputs/html/css/bacteria.css'
DEBUG    28/09 23:32:43   Found file '/usr/local/lib/python3.7/dist-packages/antismash/outputs/html/css/fungi.css'
DEBUG    28/09 23:32:43   Found file '/usr/local/lib/python3.7/dist-packages/antismash/outputs/html/css/plants.css'
DEBUG    28/09 23:32:43   Checking options for antismash.detection.genefinding
DEBUG    28/09 23:32:43   Checking options for antismash.detection.hmm_detection
DEBUG    28/09 23:32:43   Checking options for antismash.detection.nrps_pks_domains
DEBUG    28/09 23:32:43   Checking options for antismash.detection.cluster_hmmer
DEBUG    28/09 23:32:43   Found file '/databases/pfam/32.0/Pfam-A.hmm'
DEBUG    28/09 23:32:43   Found file '/databases/pfam/32.0/Pfam-A.hmm.h3f'
DEBUG    28/09 23:32:43   Found file '/databases/pfam/32.0/Pfam-A.hmm.h3i'
DEBUG    28/09 23:32:43   Found file '/databases/pfam/32.0/Pfam-A.hmm.h3m'
DEBUG    28/09 23:32:43   Found file '/databases/pfam/32.0/Pfam-A.hmm.h3p'
DEBUG    28/09 23:32:43   Checking options for antismash.detection.genefunctions
DEBUG    28/09 23:32:43   Checking options for antismash.detection.tigrfam
DEBUG    28/09 23:32:43   Checking options for antismash.modules.tta
DEBUG    28/09 23:32:43   Checking options for antismash.modules.lanthipeptides
DEBUG    28/09 23:32:43   Checking options for antismash.modules.thiopeptides
DEBUG    28/09 23:32:43   Checking options for antismash.modules.nrps_pks
DEBUG    28/09 23:32:43   Checking options for antismash.modules.clusterblast
DEBUG    28/09 23:32:43   Checking options for antismash.modules.sactipeptides
DEBUG    28/09 23:32:43   Checking options for antismash.modules.lassopeptides
DEBUG    28/09 23:32:43   Checking options for antismash.modules.active_site_finder
DEBUG    28/09 23:32:43   Checking options for antismash.modules.pfam2go
DEBUG    28/09 23:32:43   Checking options for antismash.modules.t2pks
DEBUG    28/09 23:32:43   Checking options for antismash.modules.rrefinder
DEBUG    28/09 23:32:43   Checking options for antismash.modules.cluster_compare
DEBUG    28/09 23:32:43   Checking options for antismash.outputs.html
INFO     28/09 23:32:43   Parsing input sequence '/input/6666666.867956.gbk'
DEBUG    28/09 23:32:43   Stripping antiSMASH features and annotations from record: NZ_PTJO01000008.1
DEBUG    28/09 23:32:43   Stripping antiSMASH features and annotations from record: NZ_PTJO01000009.1
DEBUG    28/09 23:32:43   Stripping antiSMASH features and annotations from record: NZ_PTJO01000012.1
DEBUG    28/09 23:32:43   Stripping antiSMASH features and annotations from record: NZ_PTJO01000010.1
DEBUG    28/09 23:32:43   Stripping antiSMASH features and annotations from record: NZ_PTJO01000004.1
DEBUG    28/09 23:32:43   Stripping antiSMASH features and annotations from record: NZ_PTJO01000001.1
DEBUG    28/09 23:32:43   Stripping antiSMASH features and annotations from record: NZ_PTJO01000002.1
DEBUG    28/09 23:32:43   Stripping antiSMASH features and annotations from record: NZ_PTJO01000007.1
DEBUG    28/09 23:32:43   Stripping antiSMASH features and annotations from record: NZ_PTJO01000005.1
DEBUG    28/09 23:32:43   Stripping antiSMASH features and annotations from record: NZ_PTJO01000003.1
DEBUG    28/09 23:32:43   Stripping antiSMASH features and annotations from record: NZ_PTJO01000006.1
DEBUG    28/09 23:32:43   Converting records from biopython to secmet
DEBUG    28/09 23:32:44   Removing existing region genbank files
DEBUG    28/09 23:32:44   Reusing output directory: /data/antismash/upload/bacteria-58a96dbc-ba55-40e0-b426-3433a1d61d25
DEBUG    28/09 23:32:44   Preprocessing 11 sequences
DEBUG    28/09 23:32:44   Sanitising record ids and sequences
WARNING  28/09 23:32:44   Fasta header too long: renamed "NZ_PTJO01000008.1" to "NZ_PTJO01000008"
WARNING  28/09 23:32:44   Fasta header too long: renamed "NZ_PTJO01000009.1" to "NZ_PTJO01000009"
WARNING  28/09 23:32:44   Fasta header too long: renamed "NZ_PTJO01000012.1" to "NZ_PTJO01000012"
WARNING  28/09 23:32:44   Fasta header too long: renamed "NZ_PTJO01000010.1" to "NZ_PTJO01000010"
WARNING  28/09 23:32:44   Fasta header too long: renamed "NZ_PTJO01000004.1" to "NZ_PTJO01000004"
WARNING  28/09 23:32:44   Fasta header too long: renamed "NZ_PTJO01000001.1" to "NZ_PTJO01000001"
WARNING  28/09 23:32:44   Fasta header too long: renamed "NZ_PTJO01000002.1" to "NZ_PTJO01000002"
WARNING  28/09 23:32:44   Fasta header too long: renamed "NZ_PTJO01000007.1" to "NZ_PTJO01000007"
WARNING  28/09 23:32:44   Fasta header too long: renamed "NZ_PTJO01000005.1" to "NZ_PTJO01000005"
WARNING  28/09 23:32:44   Fasta header too long: renamed "NZ_PTJO01000003.1" to "NZ_PTJO01000003"
WARNING  28/09 23:32:44   Fasta header too long: renamed "NZ_PTJO01000006.1" to "NZ_PTJO01000006"
DEBUG    28/09 23:32:45   Removing sequences smaller than 1000 bases
DEBUG    28/09 23:32:45   Ensuring records have CDS features with all required information
INFO     28/09 23:32:45   Analysing record: NZ_PTJO01000008
DEBUG    28/09 23:32:45   Checking if antismash.detection.full_hmmer should be run
INFO     28/09 23:32:45   Detecting secondary metabolite clusters
DEBUG    28/09 23:32:45   Checking if antismash.detection.sideloader should be run
DEBUG    28/09 23:32:45   Checking if antismash.detection.hmm_detection should be run
INFO     28/09 23:32:45   Running antismash.detection.hmm_detection
INFO     28/09 23:32:45   HMM detection using strictness: relaxed
DEBUG    28/09 23:32:46   0 rule-based cluster(s) found in record
DEBUG    28/09 23:32:46   Checking if antismash.detection.cassis should be run
DEBUG    28/09 23:32:46   0 protoclusters found
DEBUG    28/09 23:32:46   0 subregions found
INFO     28/09 23:32:46   No regions detected, skipping record
INFO     28/09 23:32:46   Analysing record: NZ_PTJO01000009
DEBUG    28/09 23:32:46   Checking if antismash.detection.full_hmmer should be run
INFO     28/09 23:32:46   Detecting secondary metabolite clusters
DEBUG    28/09 23:32:46   Checking if antismash.detection.sideloader should be run
DEBUG    28/09 23:32:46   Checking if antismash.detection.hmm_detection should be run
INFO     28/09 23:32:46   Running antismash.detection.hmm_detection
INFO     28/09 23:32:46   HMM detection using strictness: relaxed
DEBUG    28/09 23:32:46   0 rule-based cluster(s) found in record
DEBUG    28/09 23:32:46   Checking if antismash.detection.cassis should be run
DEBUG    28/09 23:32:46   0 protoclusters found
DEBUG    28/09 23:32:46   0 subregions found
INFO     28/09 23:32:46   No regions detected, skipping record
INFO     28/09 23:32:46   Analysing record: NZ_PTJO01000012
DEBUG    28/09 23:32:46   Checking if antismash.detection.full_hmmer should be run
INFO     28/09 23:32:46   Detecting secondary metabolite clusters
DEBUG    28/09 23:32:46   Checking if antismash.detection.sideloader should be run
DEBUG    28/09 23:32:46   Checking if antismash.detection.hmm_detection should be run
INFO     28/09 23:32:46   Running antismash.detection.hmm_detection
INFO     28/09 23:32:46   HMM detection using strictness: relaxed
DEBUG    28/09 23:32:47   0 rule-based cluster(s) found in record
DEBUG    28/09 23:32:47   Checking if antismash.detection.cassis should be run
DEBUG    28/09 23:32:47   0 protoclusters found
DEBUG    28/09 23:32:47   0 subregions found
INFO     28/09 23:32:47   No regions detected, skipping record
INFO     28/09 23:32:47   Analysing record: NZ_PTJO01000010
DEBUG    28/09 23:32:47   Checking if antismash.detection.full_hmmer should be run
INFO     28/09 23:32:47   Detecting secondary metabolite clusters
DEBUG    28/09 23:32:47   Checking if antismash.detection.sideloader should be run
DEBUG    28/09 23:32:47   Checking if antismash.detection.hmm_detection should be run
INFO     28/09 23:32:47   Running antismash.detection.hmm_detection
INFO     28/09 23:32:47   HMM detection using strictness: relaxed
DEBUG    28/09 23:32:48   0 rule-based cluster(s) found in record
DEBUG    28/09 23:32:48   Checking if antismash.detection.cassis should be run
DEBUG    28/09 23:32:48   0 protoclusters found
DEBUG    28/09 23:32:48   0 subregions found
INFO     28/09 23:32:48   No regions detected, skipping record
INFO     28/09 23:32:48   Analysing record: NZ_PTJO01000004
DEBUG    28/09 23:32:48   Checking if antismash.detection.full_hmmer should be run
INFO     28/09 23:32:48   Detecting secondary metabolite clusters
DEBUG    28/09 23:32:48   Checking if antismash.detection.sideloader should be run
DEBUG    28/09 23:32:48   Checking if antismash.detection.hmm_detection should be run
INFO     28/09 23:32:48   Running antismash.detection.hmm_detection
INFO     28/09 23:32:48   HMM detection using strictness: relaxed
DEBUG    28/09 23:32:51   1 rule-based cluster(s) found in record
DEBUG    28/09 23:32:51   Checking if antismash.detection.cassis should be run
DEBUG    28/09 23:32:51   1 protoclusters found
DEBUG    28/09 23:32:51   0 subregions found
INFO     28/09 23:32:51   1 region(s) detected in record
DEBUG    28/09 23:32:51   Checking if antismash.detection.nrps_pks_domains should be run
INFO     28/09 23:32:51   Running antismash.detection.nrps_pks_domains
DEBUG    28/09 23:32:51   Marking NRPS/PKS CDS features and domains in clusters
DEBUG    28/09 23:32:51   Adding detection results from antismash.detection.nrps_pks_domains to record
DEBUG    28/09 23:32:51   Checking if antismash.detection.cluster_hmmer should be run
INFO     28/09 23:32:51   Running antismash.detection.cluster_hmmer
INFO     28/09 23:32:51   Running cluster PFAM search
DEBUG    28/09 23:33:01   Building mapping for pHMM database Pfam-A.hmm
DEBUG    28/09 23:33:09   Building mapping for HMMer database /databases/pfam/32.0/Pfam-A.hmm
DEBUG    28/09 23:33:17   Adding detection results from antismash.detection.cluster_hmmer to record
DEBUG    28/09 23:33:17   Checking if antismash.detection.genefunctions should be run
INFO     28/09 23:33:17   Running antismash.detection.genefunctions
DEBUG    28/09 23:33:19   Adding detection results from antismash.detection.genefunctions to record
DEBUG    28/09 23:33:19   annotating CDS features with resist info: 0 CDSes
DEBUG    28/09 23:33:19   annotating CDS features with smcogs info: 5 CDSes
DEBUG    28/09 23:33:19   Checking if antismash.detection.tigrfam should be run
INFO     28/09 23:33:19   Running antismash.detection.tigrfam
INFO     28/09 23:33:19   Running TIGRFam search
DEBUG    28/09 23:33:22   Building mapping for pHMM database TIGRFam.hmm
DEBUG    28/09 23:33:24   Adding detection results from antismash.detection.tigrfam to record
DEBUG    28/09 23:33:24   Checking if antismash.modules.smcog_trees should be run
DEBUG    28/09 23:33:24   Checking if antismash.modules.tta should be run
INFO     28/09 23:33:24   Running antismash.modules.tta
INFO     28/09 23:33:24   Skipping TTA codon detection, GC content too low: 57%
DEBUG    28/09 23:33:24   Checking if antismash.modules.lanthipeptides should be run
INFO     28/09 23:33:24   Running antismash.modules.lanthipeptides
DEBUG    28/09 23:33:24   Lanthipeptide module marked 0 motifs
DEBUG    28/09 23:33:24   Checking if antismash.modules.thiopeptides should be run
INFO     28/09 23:33:24   Running antismash.modules.thiopeptides
DEBUG    28/09 23:33:24   Thiopeptides marked 0 motifs
DEBUG    28/09 23:33:24   Checking if antismash.modules.nrps_pks should be run
INFO     28/09 23:33:24   Running antismash.modules.nrps_pks
DEBUG    28/09 23:33:24   No NRPS or PKS genes found, skipping analysis
DEBUG    28/09 23:33:24   Checking if antismash.modules.clusterblast should be run
INFO     28/09 23:33:24   Running antismash.modules.clusterblast
INFO     28/09 23:33:24   Finding internal homologs in each gene cluster...
INFO     28/09 23:33:25   Running ClusterBlast
INFO     28/09 23:33:25   ClusterBlast: Loading gene cluster database into memory...
INFO     28/09 23:33:27   ClusterBlast: Loading gene cluster database proteins into memory...
INFO     28/09 23:33:46   Comparing regions to reference database
INFO     28/09 23:33:53   Running subcluster search
INFO     28/09 23:33:53   SubClusterBlast: Loading gene cluster database into memory...
INFO     28/09 23:33:53   SubClusterBlast: Loading gene cluster database proteins into memory...
INFO     28/09 23:33:54   Running known cluster search
INFO     28/09 23:33:54   KnownClusterBlast: Loading gene cluster database into memory...
INFO     28/09 23:33:54   KnownClusterBlast: Loading gene cluster database proteins into memory...
DEBUG    28/09 23:33:54   Running DIAMOND knowncluster searches..
INFO     28/09 23:33:54   Comparing regions to reference database
DEBUG    28/09 23:33:56   Checking if antismash.modules.sactipeptides should be run
INFO     28/09 23:33:56   Running antismash.modules.sactipeptides
DEBUG    28/09 23:33:56   Found no sactipeptide motifs
DEBUG    28/09 23:33:56   Checking if antismash.modules.lassopeptides should be run
INFO     28/09 23:33:56   Running antismash.modules.lassopeptides
DEBUG    28/09 23:33:56   Lassopeptide module marked 0 motifs
DEBUG    28/09 23:33:56   Checking if antismash.modules.active_site_finder should be run
INFO     28/09 23:33:56   Running antismash.modules.active_site_finder
DEBUG    28/09 23:33:56   Checking if antismash.modules.pfam2go should be run
INFO     28/09 23:33:56   Running antismash.modules.pfam2go
DEBUG    28/09 23:33:56   Checking if antismash.modules.t2pks should be run
INFO     28/09 23:33:56   Running antismash.modules.t2pks
DEBUG    28/09 23:33:56   No type II PKS clusters to analyze
DEBUG    28/09 23:33:56   Checking if antismash.modules.rrefinder should be run
INFO     28/09 23:33:56   Running antismash.modules.rrefinder
DEBUG    28/09 23:33:56   Checking if antismash.modules.cluster_compare should be run
INFO     28/09 23:33:56   Running antismash.modules.cluster_compare
DEBUG    28/09 23:33:56   Loading comparison database: MIBiG
DEBUG    28/09 23:33:57   Comparison database loaded
INFO     28/09 23:33:57   Comparing regions to reference database
INFO     28/09 23:33:57   Analysing record: NZ_PTJO01000001
DEBUG    28/09 23:33:57   Checking if antismash.detection.full_hmmer should be run
INFO     28/09 23:33:57   Detecting secondary metabolite clusters
DEBUG    28/09 23:33:57   Checking if antismash.detection.sideloader should be run
DEBUG    28/09 23:33:57   Checking if antismash.detection.hmm_detection should be run
INFO     28/09 23:33:57   Running antismash.detection.hmm_detection
INFO     28/09 23:33:57   HMM detection using strictness: relaxed
DEBUG    28/09 23:34:00   2 rule-based cluster(s) found in record
DEBUG    28/09 23:34:00   Checking if antismash.detection.cassis should be run
DEBUG    28/09 23:34:00   2 protoclusters found
DEBUG    28/09 23:34:00   0 subregions found
INFO     28/09 23:34:00   2 region(s) detected in record
DEBUG    28/09 23:34:00   Checking if antismash.detection.nrps_pks_domains should be run
INFO     28/09 23:34:00   Running antismash.detection.nrps_pks_domains
DEBUG    28/09 23:34:00   Marking NRPS/PKS CDS features and domains in clusters
DEBUG    28/09 23:34:01   Adding detection results from antismash.detection.nrps_pks_domains to record
DEBUG    28/09 23:34:01   Checking if antismash.detection.cluster_hmmer should be run
INFO     28/09 23:34:01   Running antismash.detection.cluster_hmmer
INFO     28/09 23:34:01   Running cluster PFAM search
DEBUG    28/09 23:34:29   Adding detection results from antismash.detection.cluster_hmmer to record
DEBUG    28/09 23:34:29   Checking if antismash.detection.genefunctions should be run
INFO     28/09 23:34:29   Running antismash.detection.genefunctions
DEBUG    28/09 23:34:32   Adding detection results from antismash.detection.genefunctions to record
DEBUG    28/09 23:34:32   annotating CDS features with resist info: 0 CDSes
DEBUG    28/09 23:34:32   annotating CDS features with smcogs info: 14 CDSes
DEBUG    28/09 23:34:32   Checking if antismash.detection.tigrfam should be run
INFO     28/09 23:34:32   Running antismash.detection.tigrfam
INFO     28/09 23:34:32   Running TIGRFam search
DEBUG    28/09 23:34:41   Adding detection results from antismash.detection.tigrfam to record
DEBUG    28/09 23:34:41   Checking if antismash.modules.smcog_trees should be run
DEBUG    28/09 23:34:41   Checking if antismash.modules.tta should be run
INFO     28/09 23:34:41   Running antismash.modules.tta
INFO     28/09 23:34:41   Skipping TTA codon detection, GC content too low: 57%
DEBUG    28/09 23:34:41   Checking if antismash.modules.lanthipeptides should be run
INFO     28/09 23:34:41   Running antismash.modules.lanthipeptides
DEBUG    28/09 23:34:41   Lanthipeptide module marked 0 motifs
DEBUG    28/09 23:34:41   Checking if antismash.modules.thiopeptides should be run
INFO     28/09 23:34:41   Running antismash.modules.thiopeptides
DEBUG    28/09 23:34:41   Thiopeptides marked 0 motifs
DEBUG    28/09 23:34:41   Checking if antismash.modules.nrps_pks should be run
INFO     28/09 23:34:41   Running antismash.modules.nrps_pks
INFO     28/09 23:34:41   Predicting A domain substrate specificities with NRPSPredictor2
INFO     28/09 23:34:45   Predicting PKS AT domain substrate specificities by Yadav et al. PKS signature sequences
INFO     28/09 23:34:45   Predicting PKS AT domain substrate specificities by Minowa et al. method
INFO     28/09 23:34:48   Predicting CAL domain substrate specificities by Minowa et al. method
INFO     28/09 23:34:48   Predicting PKS KR activity and stereochemistry using KR fingerprints from Starcevic et al.
DEBUG    28/09 23:34:48   missing NH2 from SMILES parts for domain nrpspksdomains_cds229330_231181_CAL_domain.1
DEBUG    28/09 23:34:48   CandidateCluster 2 monomer ordering method: colinear
DEBUG    28/09 23:34:48   Checking if antismash.modules.clusterblast should be run
INFO     28/09 23:34:48   Running antismash.modules.clusterblast
INFO     28/09 23:34:48   Finding internal homologs in each gene cluster...
INFO     28/09 23:34:49   Running ClusterBlast
INFO     28/09 23:34:49   ClusterBlast: Loading gene cluster database into memory...
INFO     28/09 23:34:51   ClusterBlast: Loading gene cluster database proteins into memory...
INFO     28/09 23:35:09   Comparing regions to reference database
INFO     28/09 23:35:31   Running subcluster search
INFO     28/09 23:35:31   SubClusterBlast: Loading gene cluster database into memory...
INFO     28/09 23:35:31   SubClusterBlast: Loading gene cluster database proteins into memory...
INFO     28/09 23:35:34   Running known cluster search
INFO     28/09 23:35:34   KnownClusterBlast: Loading gene cluster database into memory...
INFO     28/09 23:35:34   KnownClusterBlast: Loading gene cluster database proteins into memory...
DEBUG    28/09 23:35:36   Running DIAMOND knowncluster searches..
INFO     28/09 23:35:36   Comparing regions to reference database
DEBUG    28/09 23:35:41   Checking if antismash.modules.sactipeptides should be run
INFO     28/09 23:35:41   Running antismash.modules.sactipeptides
DEBUG    28/09 23:35:41   Found no sactipeptide motifs
DEBUG    28/09 23:35:41   Checking if antismash.modules.lassopeptides should be run
INFO     28/09 23:35:41   Running antismash.modules.lassopeptides
DEBUG    28/09 23:35:41   Lassopeptide module marked 0 motifs
DEBUG    28/09 23:35:41   Checking if antismash.modules.active_site_finder should be run
INFO     28/09 23:35:41   Running antismash.modules.active_site_finder
DEBUG    28/09 23:35:41   Checking if antismash.modules.pfam2go should be run
INFO     28/09 23:35:41   Running antismash.modules.pfam2go
DEBUG    28/09 23:35:42   Checking if antismash.modules.t2pks should be run
INFO     28/09 23:35:42   Running antismash.modules.t2pks
DEBUG    28/09 23:35:42   No type II PKS clusters to analyze
DEBUG    28/09 23:35:42   Checking if antismash.modules.rrefinder should be run
INFO     28/09 23:35:42   Running antismash.modules.rrefinder
DEBUG    28/09 23:35:42   Checking if antismash.modules.cluster_compare should be run
INFO     28/09 23:35:42   Running antismash.modules.cluster_compare
DEBUG    28/09 23:35:42   Loading comparison database: MIBiG
DEBUG    28/09 23:35:42   Comparison database loaded
INFO     28/09 23:35:42   Comparing regions to reference database
INFO     28/09 23:35:45   Analysing record: NZ_PTJO01000002
DEBUG    28/09 23:35:45   Checking if antismash.detection.full_hmmer should be run
INFO     28/09 23:35:45   Detecting secondary metabolite clusters
DEBUG    28/09 23:35:45   Checking if antismash.detection.sideloader should be run
DEBUG    28/09 23:35:45   Checking if antismash.detection.hmm_detection should be run
INFO     28/09 23:35:45   Running antismash.detection.hmm_detection
INFO     28/09 23:35:45   HMM detection using strictness: relaxed
DEBUG    28/09 23:35:46   0 rule-based cluster(s) found in record
DEBUG    28/09 23:35:46   Checking if antismash.detection.cassis should be run
DEBUG    28/09 23:35:46   0 protoclusters found
DEBUG    28/09 23:35:46   0 subregions found
INFO     28/09 23:35:46   No regions detected, skipping record
INFO     28/09 23:35:46   Analysing record: NZ_PTJO01000007
DEBUG    28/09 23:35:46   Checking if antismash.detection.full_hmmer should be run
INFO     28/09 23:35:46   Detecting secondary metabolite clusters
DEBUG    28/09 23:35:46   Checking if antismash.detection.sideloader should be run
DEBUG    28/09 23:35:46   Checking if antismash.detection.hmm_detection should be run
INFO     28/09 23:35:46   Running antismash.detection.hmm_detection
INFO     28/09 23:35:46   HMM detection using strictness: relaxed
DEBUG    28/09 23:35:47   0 rule-based cluster(s) found in record
DEBUG    28/09 23:35:47   Checking if antismash.detection.cassis should be run
DEBUG    28/09 23:35:47   0 protoclusters found
DEBUG    28/09 23:35:47   0 subregions found
INFO     28/09 23:35:47   No regions detected, skipping record
INFO     28/09 23:35:47   Analysing record: NZ_PTJO01000005
DEBUG    28/09 23:35:47   Checking if antismash.detection.full_hmmer should be run
INFO     28/09 23:35:47   Detecting secondary metabolite clusters
DEBUG    28/09 23:35:47   Checking if antismash.detection.sideloader should be run
DEBUG    28/09 23:35:47   Checking if antismash.detection.hmm_detection should be run
INFO     28/09 23:35:47   Running antismash.detection.hmm_detection
INFO     28/09 23:35:47   HMM detection using strictness: relaxed
DEBUG    28/09 23:35:50   0 rule-based cluster(s) found in record
DEBUG    28/09 23:35:50   Checking if antismash.detection.cassis should be run
DEBUG    28/09 23:35:50   0 protoclusters found
DEBUG    28/09 23:35:50   0 subregions found
INFO     28/09 23:35:50   No regions detected, skipping record
INFO     28/09 23:35:50   Analysing record: NZ_PTJO01000003
DEBUG    28/09 23:35:50   Checking if antismash.detection.full_hmmer should be run
INFO     28/09 23:35:50   Detecting secondary metabolite clusters
DEBUG    28/09 23:35:50   Checking if antismash.detection.sideloader should be run
DEBUG    28/09 23:35:50   Checking if antismash.detection.hmm_detection should be run
INFO     28/09 23:35:50   Running antismash.detection.hmm_detection
INFO     28/09 23:35:50   HMM detection using strictness: relaxed
DEBUG    28/09 23:35:54   1 rule-based cluster(s) found in record
DEBUG    28/09 23:35:55   Checking if antismash.detection.cassis should be run
DEBUG    28/09 23:35:55   1 protoclusters found
DEBUG    28/09 23:35:55   0 subregions found
INFO     28/09 23:35:55   1 region(s) detected in record
DEBUG    28/09 23:35:55   Checking if antismash.detection.nrps_pks_domains should be run
INFO     28/09 23:35:55   Running antismash.detection.nrps_pks_domains
DEBUG    28/09 23:35:55   Marking NRPS/PKS CDS features and domains in clusters
DEBUG    28/09 23:35:55   Adding detection results from antismash.detection.nrps_pks_domains to record
DEBUG    28/09 23:35:55   Checking if antismash.detection.cluster_hmmer should be run
INFO     28/09 23:35:55   Running antismash.detection.cluster_hmmer
INFO     28/09 23:35:55   Running cluster PFAM search
DEBUG    28/09 23:36:08   Adding detection results from antismash.detection.cluster_hmmer to record
DEBUG    28/09 23:36:08   Checking if antismash.detection.genefunctions should be run
INFO     28/09 23:36:08   Running antismash.detection.genefunctions
DEBUG    28/09 23:36:11   Adding detection results from antismash.detection.genefunctions to record
DEBUG    28/09 23:36:11   annotating CDS features with resist info: 0 CDSes
DEBUG    28/09 23:36:11   annotating CDS features with smcogs info: 6 CDSes
DEBUG    28/09 23:36:11   Checking if antismash.detection.tigrfam should be run
INFO     28/09 23:36:11   Running antismash.detection.tigrfam
INFO     28/09 23:36:11   Running TIGRFam search
DEBUG    28/09 23:36:15   Adding detection results from antismash.detection.tigrfam to record
DEBUG    28/09 23:36:15   Checking if antismash.modules.smcog_trees should be run
DEBUG    28/09 23:36:15   Checking if antismash.modules.tta should be run
INFO     28/09 23:36:15   Running antismash.modules.tta
INFO     28/09 23:36:15   Skipping TTA codon detection, GC content too low: 57%
DEBUG    28/09 23:36:15   Checking if antismash.modules.lanthipeptides should be run
INFO     28/09 23:36:15   Running antismash.modules.lanthipeptides
DEBUG    28/09 23:36:15   Lanthipeptide module marked 0 motifs
DEBUG    28/09 23:36:15   Checking if antismash.modules.thiopeptides should be run
INFO     28/09 23:36:15   Running antismash.modules.thiopeptides
DEBUG    28/09 23:36:15   Thiopeptides marked 0 motifs
DEBUG    28/09 23:36:15   Checking if antismash.modules.nrps_pks should be run
INFO     28/09 23:36:15   Running antismash.modules.nrps_pks
INFO     28/09 23:36:15   Predicting A domain substrate specificities with NRPSPredictor2
DEBUG    28/09 23:36:18   Checking if antismash.modules.clusterblast should be run
INFO     28/09 23:36:18   Running antismash.modules.clusterblast
INFO     28/09 23:36:18   Finding internal homologs in each gene cluster...
INFO     28/09 23:36:18   Running ClusterBlast
INFO     28/09 23:36:18   ClusterBlast: Loading gene cluster database into memory...
INFO     28/09 23:36:20   ClusterBlast: Loading gene cluster database proteins into memory...
INFO     28/09 23:36:38   Comparing regions to reference database
INFO     28/09 23:36:56   Running subcluster search
INFO     28/09 23:36:56   SubClusterBlast: Loading gene cluster database into memory...
INFO     28/09 23:36:56   SubClusterBlast: Loading gene cluster database proteins into memory...
INFO     28/09 23:36:57   Running known cluster search
INFO     28/09 23:36:57   KnownClusterBlast: Loading gene cluster database into memory...
INFO     28/09 23:36:57   KnownClusterBlast: Loading gene cluster database proteins into memory...
DEBUG    28/09 23:36:57   Running DIAMOND knowncluster searches..
INFO     28/09 23:36:57   Comparing regions to reference database
DEBUG    28/09 23:37:01   Checking if antismash.modules.sactipeptides should be run
INFO     28/09 23:37:01   Running antismash.modules.sactipeptides
DEBUG    28/09 23:37:01   Found no sactipeptide motifs
DEBUG    28/09 23:37:01   Checking if antismash.modules.lassopeptides should be run
INFO     28/09 23:37:01   Running antismash.modules.lassopeptides
DEBUG    28/09 23:37:01   Lassopeptide module marked 0 motifs
DEBUG    28/09 23:37:01   Checking if antismash.modules.active_site_finder should be run
INFO     28/09 23:37:01   Running antismash.modules.active_site_finder
DEBUG    28/09 23:37:01   Checking if antismash.modules.pfam2go should be run
INFO     28/09 23:37:01   Running antismash.modules.pfam2go
DEBUG    28/09 23:37:01   Checking if antismash.modules.t2pks should be run
INFO     28/09 23:37:01   Running antismash.modules.t2pks
DEBUG    28/09 23:37:01   No type II PKS clusters to analyze
DEBUG    28/09 23:37:01   Checking if antismash.modules.rrefinder should be run
INFO     28/09 23:37:01   Running antismash.modules.rrefinder
DEBUG    28/09 23:37:01   Checking if antismash.modules.cluster_compare should be run
INFO     28/09 23:37:01   Running antismash.modules.cluster_compare
DEBUG    28/09 23:37:01   Loading comparison database: MIBiG
DEBUG    28/09 23:37:01   Comparison database loaded
INFO     28/09 23:37:01   Comparing regions to reference database
INFO     28/09 23:37:03   Analysing record: NZ_PTJO01000006
DEBUG    28/09 23:37:03   Checking if antismash.detection.full_hmmer should be run
INFO     28/09 23:37:03   Detecting secondary metabolite clusters
DEBUG    28/09 23:37:03   Checking if antismash.detection.sideloader should be run
DEBUG    28/09 23:37:03   Checking if antismash.detection.hmm_detection should be run
INFO     28/09 23:37:03   Running antismash.detection.hmm_detection
INFO     28/09 23:37:03   HMM detection using strictness: relaxed
DEBUG    28/09 23:37:04   0 rule-based cluster(s) found in record
DEBUG    28/09 23:37:04   Checking if antismash.detection.cassis should be run
DEBUG    28/09 23:37:04   0 protoclusters found
DEBUG    28/09 23:37:04   0 subregions found
INFO     28/09 23:37:04   No regions detected, skipping record
DEBUG    28/09 23:37:04   Writing json results to '/data/antismash/upload/bacteria-58a96dbc-ba55-40e0-b426-3433a1d61d25/6666666.867956.json'
DEBUG    28/09 23:37:05   Record NZ_PTJO01000008 has results for modules: hmm_detection
DEBUG    28/09 23:37:05   Converting antismash.detection.hmm_detection results to json
DEBUG    28/09 23:37:05   Record NZ_PTJO01000009 has results for modules: hmm_detection
DEBUG    28/09 23:37:05   Converting antismash.detection.hmm_detection results to json
DEBUG    28/09 23:37:05   Record NZ_PTJO01000012 has results for modules: hmm_detection
DEBUG    28/09 23:37:05   Converting antismash.detection.hmm_detection results to json
DEBUG    28/09 23:37:05   Record NZ_PTJO01000010 has results for modules: hmm_detection
DEBUG    28/09 23:37:05   Converting antismash.detection.hmm_detection results to json
DEBUG    28/09 23:37:05   Record NZ_PTJO01000004 has results for modules: hmm_detection, nrps_pks_domains, cluster_hmmer, genefunctions, tigrfam, lanthipeptides, thiopeptides, nrps_pks, clusterblast, sactipeptides, lassopeptides, active_site_finder, pfam2go, t2pks, rrefinder, cluster_compare
DEBUG    28/09 23:37:05   Converting antismash.detection.hmm_detection results to json
DEBUG    28/09 23:37:05   Converting antismash.detection.nrps_pks_domains results to json
DEBUG    28/09 23:37:05   Converting antismash.detection.cluster_hmmer results to json
DEBUG    28/09 23:37:05   Converting antismash.detection.genefunctions results to json
DEBUG    28/09 23:37:05   Converting antismash.detection.tigrfam results to json
DEBUG    28/09 23:37:05   Converting antismash.modules.tta results to json
DEBUG    28/09 23:37:05   Converting antismash.modules.lanthipeptides results to json
DEBUG    28/09 23:37:05   Converting antismash.modules.thiopeptides results to json
DEBUG    28/09 23:37:05   Converting antismash.modules.nrps_pks results to json
DEBUG    28/09 23:37:05   Converting antismash.modules.clusterblast results to json
DEBUG    28/09 23:37:05   Converting antismash.modules.sactipeptides results to json
DEBUG    28/09 23:37:05   Converting antismash.modules.lassopeptides results to json
DEBUG    28/09 23:37:05   Converting antismash.modules.active_site_finder results to json
DEBUG    28/09 23:37:05   Converting antismash.modules.pfam2go results to json
DEBUG    28/09 23:37:05   Converting antismash.modules.t2pks results to json
DEBUG    28/09 23:37:05   Converting antismash.modules.rrefinder results to json
DEBUG    28/09 23:37:05   Converting antismash.modules.cluster_compare results to json
DEBUG    28/09 23:37:05   Record NZ_PTJO01000001 has results for modules: hmm_detection, nrps_pks_domains, cluster_hmmer, genefunctions, tigrfam, lanthipeptides, thiopeptides, nrps_pks, clusterblast, sactipeptides, lassopeptides, active_site_finder, pfam2go, t2pks, rrefinder, cluster_compare
DEBUG    28/09 23:37:05   Converting antismash.detection.hmm_detection results to json
DEBUG    28/09 23:37:05   Converting antismash.detection.nrps_pks_domains results to json
DEBUG    28/09 23:37:05   Converting antismash.detection.cluster_hmmer results to json
DEBUG    28/09 23:37:05   Converting antismash.detection.genefunctions results to json
DEBUG    28/09 23:37:05   Converting antismash.detection.tigrfam results to json
DEBUG    28/09 23:37:05   Converting antismash.modules.tta results to json
DEBUG    28/09 23:37:05   Converting antismash.modules.lanthipeptides results to json
DEBUG    28/09 23:37:05   Converting antismash.modules.thiopeptides results to json
DEBUG    28/09 23:37:05   Converting antismash.modules.nrps_pks results to json
DEBUG    28/09 23:37:05   Converting antismash.modules.clusterblast results to json
DEBUG    28/09 23:37:05   Converting antismash.modules.sactipeptides results to json
DEBUG    28/09 23:37:05   Converting antismash.modules.lassopeptides results to json
DEBUG    28/09 23:37:05   Converting antismash.modules.active_site_finder results to json
DEBUG    28/09 23:37:05   Converting antismash.modules.pfam2go results to json
DEBUG    28/09 23:37:05   Converting antismash.modules.t2pks results to json
DEBUG    28/09 23:37:05   Converting antismash.modules.rrefinder results to json
DEBUG    28/09 23:37:05   Converting antismash.modules.cluster_compare results to json
DEBUG    28/09 23:37:05   Record NZ_PTJO01000002 has results for modules: hmm_detection
DEBUG    28/09 23:37:05   Converting antismash.detection.hmm_detection results to json
DEBUG    28/09 23:37:05   Record NZ_PTJO01000007 has results for modules: hmm_detection
DEBUG    28/09 23:37:05   Converting antismash.detection.hmm_detection results to json
DEBUG    28/09 23:37:05   Record NZ_PTJO01000005 has results for modules: hmm_detection
DEBUG    28/09 23:37:05   Converting antismash.detection.hmm_detection results to json
DEBUG    28/09 23:37:05   Record NZ_PTJO01000003 has results for modules: hmm_detection, nrps_pks_domains, cluster_hmmer, genefunctions, tigrfam, lanthipeptides, thiopeptides, nrps_pks, clusterblast, sactipeptides, lassopeptides, active_site_finder, pfam2go, t2pks, rrefinder, cluster_compare
DEBUG    28/09 23:37:05   Converting antismash.detection.hmm_detection results to json
DEBUG    28/09 23:37:05   Converting antismash.detection.nrps_pks_domains results to json
DEBUG    28/09 23:37:05   Converting antismash.detection.cluster_hmmer results to json
DEBUG    28/09 23:37:05   Converting antismash.detection.genefunctions results to json
DEBUG    28/09 23:37:05   Converting antismash.detection.tigrfam results to json
DEBUG    28/09 23:37:05   Converting antismash.modules.tta results to json
DEBUG    28/09 23:37:05   Converting antismash.modules.lanthipeptides results to json
DEBUG    28/09 23:37:05   Converting antismash.modules.thiopeptides results to json
DEBUG    28/09 23:37:05   Converting antismash.modules.nrps_pks results to json
DEBUG    28/09 23:37:05   Converting antismash.modules.clusterblast results to json
DEBUG    28/09 23:37:05   Converting antismash.modules.sactipeptides results to json
DEBUG    28/09 23:37:05   Converting antismash.modules.lassopeptides results to json
DEBUG    28/09 23:37:05   Converting antismash.modules.active_site_finder results to json
DEBUG    28/09 23:37:05   Converting antismash.modules.pfam2go results to json
DEBUG    28/09 23:37:05   Converting antismash.modules.t2pks results to json
DEBUG    28/09 23:37:05   Converting antismash.modules.rrefinder results to json
DEBUG    28/09 23:37:05   Converting antismash.modules.cluster_compare results to json
DEBUG    28/09 23:37:05   Record NZ_PTJO01000006 has results for modules: hmm_detection
DEBUG    28/09 23:37:05   Converting antismash.detection.hmm_detection results to json
DEBUG    28/09 23:37:05   Not annotating skipped record NZ_PTJO01000008: No regions detected
DEBUG    28/09 23:37:05   Not annotating skipped record NZ_PTJO01000009: No regions detected
DEBUG    28/09 23:37:05   Not annotating skipped record NZ_PTJO01000012: No regions detected
DEBUG    28/09 23:37:05   Not annotating skipped record NZ_PTJO01000010: No regions detected
DEBUG    28/09 23:37:05   Annotating record NZ_PTJO01000004 with results from: hmm_detection, nrps_pks_domains, cluster_hmmer, genefunctions, tigrfam, tta, lanthipeptides, thiopeptides, nrps_pks, clusterblast, sactipeptides, lassopeptides, active_site_finder, pfam2go, t2pks, rrefinder, cluster_compare
DEBUG    28/09 23:37:05    Adding results from antismash.modules.tta
DEBUG    28/09 23:37:05    Adding results from antismash.modules.lanthipeptides
DEBUG    28/09 23:37:05    Adding results from antismash.modules.thiopeptides
DEBUG    28/09 23:37:05    Adding results from antismash.modules.nrps_pks
DEBUG    28/09 23:37:05    Adding results from antismash.modules.clusterblast
DEBUG    28/09 23:37:05    Adding results from antismash.modules.sactipeptides
DEBUG    28/09 23:37:05    Adding results from antismash.modules.lassopeptides
DEBUG    28/09 23:37:05    Adding results from antismash.modules.active_site_finder
DEBUG    28/09 23:37:05    Adding results from antismash.modules.pfam2go
DEBUG    28/09 23:37:05    Adding results from antismash.modules.t2pks
DEBUG    28/09 23:37:05    Adding results from antismash.modules.rrefinder
DEBUG    28/09 23:37:05    Adding results from antismash.modules.cluster_compare
DEBUG    28/09 23:37:05   Annotating record NZ_PTJO01000001 with results from: hmm_detection, nrps_pks_domains, cluster_hmmer, genefunctions, tigrfam, tta, lanthipeptides, thiopeptides, nrps_pks, clusterblast, sactipeptides, lassopeptides, active_site_finder, pfam2go, t2pks, rrefinder, cluster_compare
DEBUG    28/09 23:37:05    Adding results from antismash.modules.tta
DEBUG    28/09 23:37:05    Adding results from antismash.modules.lanthipeptides
DEBUG    28/09 23:37:05    Adding results from antismash.modules.thiopeptides
DEBUG    28/09 23:37:05    Adding results from antismash.modules.nrps_pks
DEBUG    28/09 23:37:05    Adding results from antismash.modules.clusterblast
DEBUG    28/09 23:37:05    Adding results from antismash.modules.sactipeptides
DEBUG    28/09 23:37:05    Adding results from antismash.modules.lassopeptides
DEBUG    28/09 23:37:05    Adding results from antismash.modules.active_site_finder
DEBUG    28/09 23:37:05    Adding results from antismash.modules.pfam2go
DEBUG    28/09 23:37:05    Adding results from antismash.modules.t2pks
DEBUG    28/09 23:37:05    Adding results from antismash.modules.rrefinder
DEBUG    28/09 23:37:05    Adding results from antismash.modules.cluster_compare
DEBUG    28/09 23:37:05   Not annotating skipped record NZ_PTJO01000002: No regions detected
DEBUG    28/09 23:37:05   Not annotating skipped record NZ_PTJO01000007: No regions detected
DEBUG    28/09 23:37:05   Not annotating skipped record NZ_PTJO01000005: No regions detected
DEBUG    28/09 23:37:05   Annotating record NZ_PTJO01000003 with results from: hmm_detection, nrps_pks_domains, cluster_hmmer, genefunctions, tigrfam, tta, lanthipeptides, thiopeptides, nrps_pks, clusterblast, sactipeptides, lassopeptides, active_site_finder, pfam2go, t2pks, rrefinder, cluster_compare
DEBUG    28/09 23:37:05    Adding results from antismash.modules.tta
DEBUG    28/09 23:37:05    Adding results from antismash.modules.lanthipeptides
DEBUG    28/09 23:37:05    Adding results from antismash.modules.thiopeptides
DEBUG    28/09 23:37:05    Adding results from antismash.modules.nrps_pks
DEBUG    28/09 23:37:05    Adding results from antismash.modules.clusterblast
DEBUG    28/09 23:37:05    Adding results from antismash.modules.sactipeptides
DEBUG    28/09 23:37:05    Adding results from antismash.modules.lassopeptides
DEBUG    28/09 23:37:05    Adding results from antismash.modules.active_site_finder
DEBUG    28/09 23:37:05    Adding results from antismash.modules.pfam2go
DEBUG    28/09 23:37:05    Adding results from antismash.modules.t2pks
DEBUG    28/09 23:37:05    Adding results from antismash.modules.rrefinder
DEBUG    28/09 23:37:05    Adding results from antismash.modules.cluster_compare
DEBUG    28/09 23:37:05   Not annotating skipped record NZ_PTJO01000006: No regions detected
DEBUG    28/09 23:37:05   Creating results page
DEBUG    28/09 23:37:09   Creating results SVGs
DEBUG    28/09 23:37:09   Writing seq_records SVGs to '/data/antismash/upload/bacteria-58a96dbc-ba55-40e0-b426-3433a1d61d25/svg'
DEBUG    28/09 23:37:09   Writing cluster-specific genbank files
DEBUG    28/09 23:37:09   Writing final genbank file to '/data/antismash/upload/bacteria-58a96dbc-ba55-40e0-b426-3433a1d61d25/6666666.867956.gbk'
DEBUG    28/09 23:37:10   Zipping output to '/data/antismash/upload/bacteria-58a96dbc-ba55-40e0-b426-3433a1d61d25/6666666.867956.zip'
