INFO     28/09 23:33:26   antiSMASH version: 6.0.1
INFO     28/09 23:33:26   diamond using executable: /usr/bin/diamond-aligner (0.9.24)
INFO     28/09 23:33:26   hmmpfam2 using executable: /usr/bin/hmm2pfam (2.3.2)
INFO     28/09 23:33:26   fasttree using executable: /usr/bin/fasttree
INFO     28/09 23:33:26   hmmsearch using executable: /usr/bin/hmmsearch (3.2.1)
INFO     28/09 23:33:26   hmmpress using executable: /usr/bin/hmmpress (3.2.1)
INFO     28/09 23:33:26   hmmscan using executable: /usr/bin/hmmscan (3.2.1)
INFO     28/09 23:33:27   meme using executable: /usr/bin/meme (4.11.2)
INFO     28/09 23:33:27   fimo using executable: /usr/bin/fimo (4.11.2)
INFO     28/09 23:33:27   glimmerhmm using executable: /usr/bin/glimmerhmm
INFO     28/09 23:33:27   prodigal using executable: /usr/bin/prodigal (V2.6.3)
INFO     28/09 23:33:27   muscle using executable: /usr/bin/muscle (v3.8.1551)
INFO     28/09 23:33:28   java using executable: /usr/bin/java (11.0.9)
INFO     28/09 23:33:28   blastp using executable: /usr/bin/blastp (2.8.1+)
INFO     28/09 23:33:28   makeblastdb using executable: /usr/bin/makeblastdb (2.8.1+)
DEBUG    28/09 23:33:28   Checking prerequisites for antismash.detection.genefinding
DEBUG    28/09 23:33:28   Checking prerequisites for antismash.detection.hmm_detection
DEBUG    28/09 23:33:28   Found file '/usr/local/lib/python3.7/dist-packages/antismash/detection/hmm_detection/data/bgc_seeds.hmm'
DEBUG    28/09 23:33:28   Found file '/usr/local/lib/python3.7/dist-packages/antismash/detection/hmm_detection/data/bgc_seeds.hmm.h3f'
DEBUG    28/09 23:33:28   Found file '/usr/local/lib/python3.7/dist-packages/antismash/detection/hmm_detection/data/bgc_seeds.hmm.h3i'
DEBUG    28/09 23:33:28   Found file '/usr/local/lib/python3.7/dist-packages/antismash/detection/hmm_detection/data/bgc_seeds.hmm.h3m'
DEBUG    28/09 23:33:28   Found file '/usr/local/lib/python3.7/dist-packages/antismash/detection/hmm_detection/data/bgc_seeds.hmm.h3p'
DEBUG    28/09 23:33:28   Checking prerequisites for antismash.detection.nrps_pks_domains
DEBUG    28/09 23:33:28   Found file '/usr/local/lib/python3.7/dist-packages/antismash/detection/nrps_pks_domains/data/abmotifs.hmm.h3f'
DEBUG    28/09 23:33:28   Found file '/usr/local/lib/python3.7/dist-packages/antismash/detection/nrps_pks_domains/data/abmotifs.hmm.h3i'
DEBUG    28/09 23:33:28   Found file '/usr/local/lib/python3.7/dist-packages/antismash/detection/nrps_pks_domains/data/abmotifs.hmm.h3m'
DEBUG    28/09 23:33:28   Found file '/usr/local/lib/python3.7/dist-packages/antismash/detection/nrps_pks_domains/data/abmotifs.hmm.h3p'
DEBUG    28/09 23:33:28   Found file '/usr/local/lib/python3.7/dist-packages/antismash/detection/nrps_pks_domains/data/dockingdomains.hmm.h3f'
DEBUG    28/09 23:33:28   Found file '/usr/local/lib/python3.7/dist-packages/antismash/detection/nrps_pks_domains/data/dockingdomains.hmm.h3i'
DEBUG    28/09 23:33:28   Found file '/usr/local/lib/python3.7/dist-packages/antismash/detection/nrps_pks_domains/data/dockingdomains.hmm.h3m'
DEBUG    28/09 23:33:28   Found file '/usr/local/lib/python3.7/dist-packages/antismash/detection/nrps_pks_domains/data/dockingdomains.hmm.h3p'
DEBUG    28/09 23:33:28   Found file '/usr/local/lib/python3.7/dist-packages/antismash/detection/nrps_pks_domains/data/ksdomains.hmm.h3f'
DEBUG    28/09 23:33:28   Found file '/usr/local/lib/python3.7/dist-packages/antismash/detection/nrps_pks_domains/data/ksdomains.hmm.h3i'
DEBUG    28/09 23:33:28   Found file '/usr/local/lib/python3.7/dist-packages/antismash/detection/nrps_pks_domains/data/ksdomains.hmm.h3m'
DEBUG    28/09 23:33:28   Found file '/usr/local/lib/python3.7/dist-packages/antismash/detection/nrps_pks_domains/data/ksdomains.hmm.h3p'
DEBUG    28/09 23:33:28   Found file '/usr/local/lib/python3.7/dist-packages/antismash/detection/nrps_pks_domains/data/nrpspksdomains.hmm.h3f'
DEBUG    28/09 23:33:28   Found file '/usr/local/lib/python3.7/dist-packages/antismash/detection/nrps_pks_domains/data/nrpspksdomains.hmm.h3i'
DEBUG    28/09 23:33:28   Found file '/usr/local/lib/python3.7/dist-packages/antismash/detection/nrps_pks_domains/data/nrpspksdomains.hmm.h3m'
DEBUG    28/09 23:33:28   Found file '/usr/local/lib/python3.7/dist-packages/antismash/detection/nrps_pks_domains/data/nrpspksdomains.hmm.h3p'
DEBUG    28/09 23:33:28   Checking prerequisites for antismash.detection.cluster_hmmer
DEBUG    28/09 23:33:28   Found file '/databases/pfam/32.0/Pfam-A.hmm'
DEBUG    28/09 23:33:28   Found file '/databases/pfam/32.0/Pfam-A.hmm.h3f'
DEBUG    28/09 23:33:28   Found file '/databases/pfam/32.0/Pfam-A.hmm.h3i'
DEBUG    28/09 23:33:28   Found file '/databases/pfam/32.0/Pfam-A.hmm.h3m'
DEBUG    28/09 23:33:28   Found file '/databases/pfam/32.0/Pfam-A.hmm.h3p'
DEBUG    28/09 23:33:28   Checking prerequisites for antismash.detection.genefunctions
DEBUG    28/09 23:33:28   Found file '/databases/resfam/Resfams.hmm'
DEBUG    28/09 23:33:28   Found file '/usr/local/lib/python3.7/dist-packages/antismash/detection/genefunctions/data/smcogs.hmm.h3f'
DEBUG    28/09 23:33:28   Found file '/usr/local/lib/python3.7/dist-packages/antismash/detection/genefunctions/data/smcogs.hmm.h3i'
DEBUG    28/09 23:33:28   Found file '/usr/local/lib/python3.7/dist-packages/antismash/detection/genefunctions/data/smcogs.hmm.h3m'
DEBUG    28/09 23:33:28   Found file '/usr/local/lib/python3.7/dist-packages/antismash/detection/genefunctions/data/smcogs.hmm.h3p'
DEBUG    28/09 23:33:28   Checking prerequisites for antismash.detection.tigrfam
DEBUG    28/09 23:33:28   Found file '/databases/tigrfam/TIGRFam.hmm'
DEBUG    28/09 23:33:28   Found file '/databases/tigrfam/TIGRFam.hmm.h3f'
DEBUG    28/09 23:33:28   Found file '/databases/tigrfam/TIGRFam.hmm.h3i'
DEBUG    28/09 23:33:28   Found file '/databases/tigrfam/TIGRFam.hmm.h3m'
DEBUG    28/09 23:33:28   Found file '/databases/tigrfam/TIGRFam.hmm.h3p'
DEBUG    28/09 23:33:28   Checking prerequisites for antismash.modules.tta
DEBUG    28/09 23:33:28   Checking prerequisites for antismash.modules.lanthipeptides
DEBUG    28/09 23:33:28   missing cached SVM classifiers, rebuilding
DEBUG    28/09 23:33:28   Checking prerequisites for antismash.modules.thiopeptides
DEBUG    28/09 23:33:28   Checking prerequisites for antismash.modules.nrps_pks
DEBUG    28/09 23:33:28   Checking prerequisites for antismash.modules.clusterblast
DEBUG    28/09 23:33:28   Found file '/usr/local/lib/python3.7/dist-packages/antismash/modules/clusterblast/data/known/clusters.txt'
DEBUG    28/09 23:33:28   Found file '/usr/local/lib/python3.7/dist-packages/antismash/modules/clusterblast/data/known/proteins.fasta'
DEBUG    28/09 23:33:28   Found file '/usr/local/lib/python3.7/dist-packages/antismash/modules/clusterblast/data/known/proteins.dmnd'
DEBUG    28/09 23:33:28   Found file '/usr/local/lib/python3.7/dist-packages/antismash/modules/clusterblast/data/known/proteins.dmnd'
DEBUG    28/09 23:33:28   Found file '/databases/clusterblast/clusters.txt'
DEBUG    28/09 23:33:28   Found file '/databases/clusterblast/proteins.fasta'
DEBUG    28/09 23:33:28   Found file '/databases/clusterblast/proteins.dmnd'
DEBUG    28/09 23:33:28   Found file '/databases/clusterblast/proteins.dmnd'
DEBUG    28/09 23:33:28   Found file '/usr/local/lib/python3.7/dist-packages/antismash/modules/clusterblast/data/sub/proteins.fasta'
DEBUG    28/09 23:33:28   Found file '/usr/local/lib/python3.7/dist-packages/antismash/modules/clusterblast/data/sub/proteins.fasta.phr'
DEBUG    28/09 23:33:28   Found file '/usr/local/lib/python3.7/dist-packages/antismash/modules/clusterblast/data/sub/proteins.fasta.pin'
DEBUG    28/09 23:33:28   Found file '/usr/local/lib/python3.7/dist-packages/antismash/modules/clusterblast/data/sub/proteins.fasta.psq'
DEBUG    28/09 23:33:28   Found file '/usr/local/lib/python3.7/dist-packages/antismash/modules/clusterblast/data/sub/clusters.txt'
DEBUG    28/09 23:33:28   Checking prerequisites for antismash.modules.sactipeptides
DEBUG    28/09 23:33:28   Checking prerequisites for antismash.modules.lassopeptides
DEBUG    28/09 23:33:28   Checking prerequisites for antismash.modules.active_site_finder
DEBUG    28/09 23:33:28   Found file '/usr/local/lib/python3.7/dist-packages/antismash/modules/active_site_finder/data/PKSI-KR.hmm2'
DEBUG    28/09 23:33:28   Found file '/usr/local/lib/python3.7/dist-packages/antismash/modules/active_site_finder/data/PKSI-KS_N.hmm2'
DEBUG    28/09 23:33:28   Found file '/usr/local/lib/python3.7/dist-packages/antismash/modules/active_site_finder/data/PKSI-KS_C.hmm2'
DEBUG    28/09 23:33:28   Found file '/usr/local/lib/python3.7/dist-packages/antismash/modules/active_site_finder/data/PKSI-AT.hmm2'
DEBUG    28/09 23:33:28   Found file '/usr/local/lib/python3.7/dist-packages/antismash/modules/active_site_finder/data/PKSI-ACP.hmm2'
DEBUG    28/09 23:33:28   Found file '/usr/local/lib/python3.7/dist-packages/antismash/modules/active_site_finder/data/PKSI-DH.hmm2'
DEBUG    28/09 23:33:28   Found file '/usr/local/lib/python3.7/dist-packages/antismash/modules/active_site_finder/data/Thioesterase.hmm2'
DEBUG    28/09 23:33:28   Found file '/usr/local/lib/python3.7/dist-packages/antismash/modules/active_site_finder/data/PKSI-ER.hmm2'
DEBUG    28/09 23:33:28   Found file '/usr/local/lib/python3.7/dist-packages/antismash/modules/active_site_finder/data/p450.hmm2'
DEBUG    28/09 23:33:28   Checking prerequisites for antismash.modules.pfam2go
DEBUG    28/09 23:33:28   Found file '/usr/local/lib/python3.7/dist-packages/antismash/modules/pfam2go/data/pfam2go.txt'
DEBUG    28/09 23:33:28   Checking prerequisites for antismash.modules.t2pks
DEBUG    28/09 23:33:28   Found file '/usr/local/lib/python3.7/dist-packages/antismash/modules/t2pks/data/KSIII.fasta'
DEBUG    28/09 23:33:28   Found file '/usr/local/lib/python3.7/dist-packages/antismash/modules/t2pks/data/KSIII.phr'
DEBUG    28/09 23:33:28   Found file '/usr/local/lib/python3.7/dist-packages/antismash/modules/t2pks/data/KSIII.pin'
DEBUG    28/09 23:33:28   Found file '/usr/local/lib/python3.7/dist-packages/antismash/modules/t2pks/data/KSIII.psq'
DEBUG    28/09 23:33:28   Found file '/usr/local/lib/python3.7/dist-packages/antismash/modules/t2pks/data/AT.fasta'
DEBUG    28/09 23:33:28   Found file '/usr/local/lib/python3.7/dist-packages/antismash/modules/t2pks/data/AT.phr'
DEBUG    28/09 23:33:28   Found file '/usr/local/lib/python3.7/dist-packages/antismash/modules/t2pks/data/AT.pin'
DEBUG    28/09 23:33:28   Found file '/usr/local/lib/python3.7/dist-packages/antismash/modules/t2pks/data/AT.psq'
DEBUG    28/09 23:33:28   Found file '/usr/local/lib/python3.7/dist-packages/antismash/modules/t2pks/data/LIG.fasta'
DEBUG    28/09 23:33:28   Found file '/usr/local/lib/python3.7/dist-packages/antismash/modules/t2pks/data/LIG.phr'
DEBUG    28/09 23:33:28   Found file '/usr/local/lib/python3.7/dist-packages/antismash/modules/t2pks/data/LIG.pin'
DEBUG    28/09 23:33:28   Found file '/usr/local/lib/python3.7/dist-packages/antismash/modules/t2pks/data/LIG.psq'
DEBUG    28/09 23:33:28   Found file '/usr/local/lib/python3.7/dist-packages/antismash/modules/t2pks/data/t2pks.hmm.h3f'
DEBUG    28/09 23:33:28   Found file '/usr/local/lib/python3.7/dist-packages/antismash/modules/t2pks/data/t2pks.hmm.h3i'
DEBUG    28/09 23:33:28   Found file '/usr/local/lib/python3.7/dist-packages/antismash/modules/t2pks/data/t2pks.hmm.h3m'
DEBUG    28/09 23:33:28   Found file '/usr/local/lib/python3.7/dist-packages/antismash/modules/t2pks/data/t2pks.hmm.h3p'
DEBUG    28/09 23:33:28   Checking prerequisites for antismash.modules.rrefinder
DEBUG    28/09 23:33:28   Found file '/usr/local/lib/python3.7/dist-packages/antismash/modules/rrefinder/data/RREFam.hmm.h3f'
DEBUG    28/09 23:33:28   Found file '/usr/local/lib/python3.7/dist-packages/antismash/modules/rrefinder/data/RREFam.hmm.h3i'
DEBUG    28/09 23:33:28   Found file '/usr/local/lib/python3.7/dist-packages/antismash/modules/rrefinder/data/RREFam.hmm.h3m'
DEBUG    28/09 23:33:28   Found file '/usr/local/lib/python3.7/dist-packages/antismash/modules/rrefinder/data/RREFam.hmm.h3p'
DEBUG    28/09 23:33:28   Checking prerequisites for antismash.modules.cluster_compare
DEBUG    28/09 23:33:28   Found file '/databases/clustercompare/mibig/data.json'
DEBUG    28/09 23:33:28   Found file '/databases/clustercompare/mibig/proteins.fasta'
DEBUG    28/09 23:33:28   Found file '/databases/clustercompare/mibig/proteins.dmnd'
DEBUG    28/09 23:33:28   Found file '/databases/clustercompare/mibig/proteins.dmnd'
DEBUG    28/09 23:33:28   Checking prerequisites for antismash.outputs.html
DEBUG    28/09 23:33:28   Found file '/usr/local/lib/python3.7/dist-packages/antismash/outputs/html/css/bacteria.css'
DEBUG    28/09 23:33:28   Found file '/usr/local/lib/python3.7/dist-packages/antismash/outputs/html/css/fungi.css'
DEBUG    28/09 23:33:28   Found file '/usr/local/lib/python3.7/dist-packages/antismash/outputs/html/css/plants.css'
DEBUG    28/09 23:33:28   Checking options for antismash.detection.genefinding
DEBUG    28/09 23:33:28   Checking options for antismash.detection.hmm_detection
DEBUG    28/09 23:33:28   Checking options for antismash.detection.nrps_pks_domains
DEBUG    28/09 23:33:28   Checking options for antismash.detection.cluster_hmmer
DEBUG    28/09 23:33:28   Found file '/databases/pfam/32.0/Pfam-A.hmm'
DEBUG    28/09 23:33:28   Found file '/databases/pfam/32.0/Pfam-A.hmm.h3f'
DEBUG    28/09 23:33:28   Found file '/databases/pfam/32.0/Pfam-A.hmm.h3i'
DEBUG    28/09 23:33:28   Found file '/databases/pfam/32.0/Pfam-A.hmm.h3m'
DEBUG    28/09 23:33:28   Found file '/databases/pfam/32.0/Pfam-A.hmm.h3p'
DEBUG    28/09 23:33:28   Checking options for antismash.detection.genefunctions
DEBUG    28/09 23:33:28   Checking options for antismash.detection.tigrfam
DEBUG    28/09 23:33:28   Checking options for antismash.modules.tta
DEBUG    28/09 23:33:28   Checking options for antismash.modules.lanthipeptides
DEBUG    28/09 23:33:28   Checking options for antismash.modules.thiopeptides
DEBUG    28/09 23:33:28   Checking options for antismash.modules.nrps_pks
DEBUG    28/09 23:33:28   Checking options for antismash.modules.clusterblast
DEBUG    28/09 23:33:28   Checking options for antismash.modules.sactipeptides
DEBUG    28/09 23:33:28   Checking options for antismash.modules.lassopeptides
DEBUG    28/09 23:33:28   Checking options for antismash.modules.active_site_finder
DEBUG    28/09 23:33:28   Checking options for antismash.modules.pfam2go
DEBUG    28/09 23:33:28   Checking options for antismash.modules.t2pks
DEBUG    28/09 23:33:28   Checking options for antismash.modules.rrefinder
DEBUG    28/09 23:33:28   Checking options for antismash.modules.cluster_compare
DEBUG    28/09 23:33:28   Checking options for antismash.outputs.html
INFO     28/09 23:33:28   Parsing input sequence '/input/6666666.867957.gbk'
DEBUG    28/09 23:33:29   Stripping antiSMASH features and annotations from record: 11
DEBUG    28/09 23:33:29   Stripping antiSMASH features and annotations from record: 21
DEBUG    28/09 23:33:29   Stripping antiSMASH features and annotations from record: 7
DEBUG    28/09 23:33:29   Stripping antiSMASH features and annotations from record: 26
DEBUG    28/09 23:33:29   Stripping antiSMASH features and annotations from record: 2
DEBUG    28/09 23:33:29   Stripping antiSMASH features and annotations from record: 17
DEBUG    28/09 23:33:29   Stripping antiSMASH features and annotations from record: 22
DEBUG    28/09 23:33:29   Stripping antiSMASH features and annotations from record: 1
DEBUG    28/09 23:33:29   Stripping antiSMASH features and annotations from record: 18
DEBUG    28/09 23:33:29   Stripping antiSMASH features and annotations from record: 30
DEBUG    28/09 23:33:29   Stripping antiSMASH features and annotations from record: 23
DEBUG    28/09 23:33:29   Stripping antiSMASH features and annotations from record: 13
DEBUG    28/09 23:33:29   Stripping antiSMASH features and annotations from record: 16
DEBUG    28/09 23:33:29   Stripping antiSMASH features and annotations from record: 29
DEBUG    28/09 23:33:29   Stripping antiSMASH features and annotations from record: 6
DEBUG    28/09 23:33:29   Stripping antiSMASH features and annotations from record: 27
DEBUG    28/09 23:33:29   Stripping antiSMASH features and annotations from record: 25
DEBUG    28/09 23:33:29   Stripping antiSMASH features and annotations from record: 28
DEBUG    28/09 23:33:29   Stripping antiSMASH features and annotations from record: 3
DEBUG    28/09 23:33:29   Stripping antiSMASH features and annotations from record: 9
DEBUG    28/09 23:33:29   Stripping antiSMASH features and annotations from record: 12
DEBUG    28/09 23:33:29   Stripping antiSMASH features and annotations from record: 14
DEBUG    28/09 23:33:29   Stripping antiSMASH features and annotations from record: 15
DEBUG    28/09 23:33:29   Stripping antiSMASH features and annotations from record: 20
DEBUG    28/09 23:33:29   Stripping antiSMASH features and annotations from record: 8
DEBUG    28/09 23:33:29   Stripping antiSMASH features and annotations from record: 4
DEBUG    28/09 23:33:29   Stripping antiSMASH features and annotations from record: 24
DEBUG    28/09 23:33:29   Stripping antiSMASH features and annotations from record: 10
DEBUG    28/09 23:33:29   Stripping antiSMASH features and annotations from record: 19
DEBUG    28/09 23:33:29   Stripping antiSMASH features and annotations from record: 5
DEBUG    28/09 23:33:29   Converting records from biopython to secmet
DEBUG    28/09 23:33:29   Removing existing region genbank files
DEBUG    28/09 23:33:29   Reusing output directory: /data/antismash/upload/bacteria-8e5ca96c-1c72-4654-8b36-370ac435108d
DEBUG    28/09 23:33:29   Preprocessing 30 sequences
DEBUG    28/09 23:33:29   Sanitising record ids and sequences
DEBUG    28/09 23:33:30   Removing sequences smaller than 1000 bases
DEBUG    28/09 23:33:30   Ensuring records have CDS features with all required information
INFO     28/09 23:33:31   No CDS features found in record '22', running gene finding.
DEBUG    28/09 23:33:31   Running prodigal based genefinding
DEBUG    28/09 23:33:31   prodigal found 2 CDS features
INFO     28/09 23:33:31   Analysing record: 11
DEBUG    28/09 23:33:31   Checking if antismash.detection.full_hmmer should be run
INFO     28/09 23:33:31   Detecting secondary metabolite clusters
DEBUG    28/09 23:33:31   Checking if antismash.detection.sideloader should be run
DEBUG    28/09 23:33:31   Checking if antismash.detection.hmm_detection should be run
INFO     28/09 23:33:31   Running antismash.detection.hmm_detection
INFO     28/09 23:33:31   HMM detection using strictness: relaxed
DEBUG    28/09 23:33:32   0 rule-based cluster(s) found in record
DEBUG    28/09 23:33:32   Checking if antismash.detection.cassis should be run
DEBUG    28/09 23:33:32   0 protoclusters found
DEBUG    28/09 23:33:32   0 subregions found
INFO     28/09 23:33:32   No regions detected, skipping record
INFO     28/09 23:33:32   Analysing record: 21
DEBUG    28/09 23:33:32   Checking if antismash.detection.full_hmmer should be run
INFO     28/09 23:33:32   Detecting secondary metabolite clusters
DEBUG    28/09 23:33:32   Checking if antismash.detection.sideloader should be run
DEBUG    28/09 23:33:32   Checking if antismash.detection.hmm_detection should be run
INFO     28/09 23:33:32   Running antismash.detection.hmm_detection
INFO     28/09 23:33:32   HMM detection using strictness: relaxed
DEBUG    28/09 23:33:33   0 rule-based cluster(s) found in record
DEBUG    28/09 23:33:33   Checking if antismash.detection.cassis should be run
DEBUG    28/09 23:33:33   0 protoclusters found
DEBUG    28/09 23:33:33   0 subregions found
INFO     28/09 23:33:33   No regions detected, skipping record
INFO     28/09 23:33:33   Analysing record: 7
DEBUG    28/09 23:33:33   Checking if antismash.detection.full_hmmer should be run
INFO     28/09 23:33:33   Detecting secondary metabolite clusters
DEBUG    28/09 23:33:33   Checking if antismash.detection.sideloader should be run
DEBUG    28/09 23:33:33   Checking if antismash.detection.hmm_detection should be run
INFO     28/09 23:33:33   Running antismash.detection.hmm_detection
INFO     28/09 23:33:33   HMM detection using strictness: relaxed
DEBUG    28/09 23:33:34   0 rule-based cluster(s) found in record
DEBUG    28/09 23:33:34   Checking if antismash.detection.cassis should be run
DEBUG    28/09 23:33:34   0 protoclusters found
DEBUG    28/09 23:33:34   0 subregions found
INFO     28/09 23:33:34   No regions detected, skipping record
INFO     28/09 23:33:34   Analysing record: 26
DEBUG    28/09 23:33:34   Checking if antismash.detection.full_hmmer should be run
INFO     28/09 23:33:34   Detecting secondary metabolite clusters
DEBUG    28/09 23:33:34   Checking if antismash.detection.sideloader should be run
DEBUG    28/09 23:33:34   Checking if antismash.detection.hmm_detection should be run
INFO     28/09 23:33:34   Running antismash.detection.hmm_detection
INFO     28/09 23:33:34   HMM detection using strictness: relaxed
DEBUG    28/09 23:33:35   0 rule-based cluster(s) found in record
DEBUG    28/09 23:33:35   Checking if antismash.detection.cassis should be run
DEBUG    28/09 23:33:35   0 protoclusters found
DEBUG    28/09 23:33:35   0 subregions found
INFO     28/09 23:33:35   No regions detected, skipping record
INFO     28/09 23:33:35   Analysing record: 2
DEBUG    28/09 23:33:35   Checking if antismash.detection.full_hmmer should be run
INFO     28/09 23:33:35   Detecting secondary metabolite clusters
DEBUG    28/09 23:33:35   Checking if antismash.detection.sideloader should be run
DEBUG    28/09 23:33:35   Checking if antismash.detection.hmm_detection should be run
INFO     28/09 23:33:35   Running antismash.detection.hmm_detection
INFO     28/09 23:33:35   HMM detection using strictness: relaxed
DEBUG    28/09 23:33:37   0 rule-based cluster(s) found in record
DEBUG    28/09 23:33:37   Checking if antismash.detection.cassis should be run
DEBUG    28/09 23:33:37   0 protoclusters found
DEBUG    28/09 23:33:37   0 subregions found
INFO     28/09 23:33:37   No regions detected, skipping record
INFO     28/09 23:33:37   Analysing record: 17
DEBUG    28/09 23:33:37   Checking if antismash.detection.full_hmmer should be run
INFO     28/09 23:33:37   Detecting secondary metabolite clusters
DEBUG    28/09 23:33:37   Checking if antismash.detection.sideloader should be run
DEBUG    28/09 23:33:37   Checking if antismash.detection.hmm_detection should be run
INFO     28/09 23:33:37   Running antismash.detection.hmm_detection
INFO     28/09 23:33:37   HMM detection using strictness: relaxed
DEBUG    28/09 23:33:38   2 rule-based cluster(s) found in record
DEBUG    28/09 23:33:38   Checking if antismash.detection.cassis should be run
DEBUG    28/09 23:33:38   2 protoclusters found
DEBUG    28/09 23:33:38   0 subregions found
INFO     28/09 23:33:38   2 region(s) detected in record
DEBUG    28/09 23:33:38   Checking if antismash.detection.nrps_pks_domains should be run
INFO     28/09 23:33:38   Running antismash.detection.nrps_pks_domains
DEBUG    28/09 23:33:38   Marking NRPS/PKS CDS features and domains in clusters
DEBUG    28/09 23:33:39   Adding detection results from antismash.detection.nrps_pks_domains to record
DEBUG    28/09 23:33:39   Checking if antismash.detection.cluster_hmmer should be run
INFO     28/09 23:33:39   Running antismash.detection.cluster_hmmer
INFO     28/09 23:33:39   Running cluster PFAM search
DEBUG    28/09 23:33:52   Building mapping for pHMM database Pfam-A.hmm
DEBUG    28/09 23:33:59   Building mapping for HMMer database /databases/pfam/32.0/Pfam-A.hmm
DEBUG    28/09 23:34:07   Adding detection results from antismash.detection.cluster_hmmer to record
DEBUG    28/09 23:34:07   Checking if antismash.detection.genefunctions should be run
INFO     28/09 23:34:07   Running antismash.detection.genefunctions
DEBUG    28/09 23:34:09   Adding detection results from antismash.detection.genefunctions to record
DEBUG    28/09 23:34:09   annotating CDS features with resist info: 0 CDSes
DEBUG    28/09 23:34:09   annotating CDS features with smcogs info: 11 CDSes
DEBUG    28/09 23:34:09   Checking if antismash.detection.tigrfam should be run
INFO     28/09 23:34:09   Running antismash.detection.tigrfam
INFO     28/09 23:34:09   Running TIGRFam search
DEBUG    28/09 23:34:13   Building mapping for pHMM database TIGRFam.hmm
DEBUG    28/09 23:34:15   Adding detection results from antismash.detection.tigrfam to record
DEBUG    28/09 23:34:15   Checking if antismash.modules.smcog_trees should be run
DEBUG    28/09 23:34:15   Checking if antismash.modules.tta should be run
INFO     28/09 23:34:15   Running antismash.modules.tta
INFO     28/09 23:34:15   Detecting TTA codons
DEBUG    28/09 23:34:15   GC content: 75%
DEBUG    28/09 23:34:15   Detected 0 TTA codons
DEBUG    28/09 23:34:15   Checking if antismash.modules.lanthipeptides should be run
INFO     28/09 23:34:15   Running antismash.modules.lanthipeptides
DEBUG    28/09 23:34:15   Lanthipeptide module marked 0 motifs
DEBUG    28/09 23:34:15   Checking if antismash.modules.thiopeptides should be run
INFO     28/09 23:34:15   Running antismash.modules.thiopeptides
DEBUG    28/09 23:34:15   Thiopeptides marked 0 motifs
DEBUG    28/09 23:34:15   Checking if antismash.modules.nrps_pks should be run
INFO     28/09 23:34:15   Running antismash.modules.nrps_pks
DEBUG    28/09 23:34:15   No NRPS or PKS genes found, skipping analysis
DEBUG    28/09 23:34:15   Checking if antismash.modules.clusterblast should be run
INFO     28/09 23:34:15   Running antismash.modules.clusterblast
INFO     28/09 23:34:15   Finding internal homologs in each gene cluster...
INFO     28/09 23:34:16   Running ClusterBlast
INFO     28/09 23:34:16   ClusterBlast: Loading gene cluster database into memory...
INFO     28/09 23:34:19   ClusterBlast: Loading gene cluster database proteins into memory...
INFO     28/09 23:34:38   Comparing regions to reference database
INFO     28/09 23:34:46   Running subcluster search
INFO     28/09 23:34:46   SubClusterBlast: Loading gene cluster database into memory...
INFO     28/09 23:34:46   SubClusterBlast: Loading gene cluster database proteins into memory...
INFO     28/09 23:34:48   Running known cluster search
INFO     28/09 23:34:48   KnownClusterBlast: Loading gene cluster database into memory...
INFO     28/09 23:34:48   KnownClusterBlast: Loading gene cluster database proteins into memory...
DEBUG    28/09 23:34:49   Running DIAMOND knowncluster searches..
INFO     28/09 23:34:49   Comparing regions to reference database
DEBUG    28/09 23:34:50   Checking if antismash.modules.sactipeptides should be run
INFO     28/09 23:34:50   Running antismash.modules.sactipeptides
DEBUG    28/09 23:34:50   Found no sactipeptide motifs
DEBUG    28/09 23:34:50   Checking if antismash.modules.lassopeptides should be run
INFO     28/09 23:34:50   Running antismash.modules.lassopeptides
DEBUG    28/09 23:34:50   Lassopeptide module marked 0 motifs
DEBUG    28/09 23:34:50   Checking if antismash.modules.active_site_finder should be run
INFO     28/09 23:34:50   Running antismash.modules.active_site_finder
DEBUG    28/09 23:34:50   Checking if antismash.modules.pfam2go should be run
INFO     28/09 23:34:50   Running antismash.modules.pfam2go
DEBUG    28/09 23:34:50   Checking if antismash.modules.t2pks should be run
INFO     28/09 23:34:50   Running antismash.modules.t2pks
DEBUG    28/09 23:34:50   No type II PKS clusters to analyze
DEBUG    28/09 23:34:50   Checking if antismash.modules.rrefinder should be run
INFO     28/09 23:34:50   Running antismash.modules.rrefinder
DEBUG    28/09 23:34:51   Checking if antismash.modules.cluster_compare should be run
INFO     28/09 23:34:51   Running antismash.modules.cluster_compare
DEBUG    28/09 23:34:51   Loading comparison database: MIBiG
DEBUG    28/09 23:34:52   Comparison database loaded
INFO     28/09 23:34:52   Comparing regions to reference database
INFO     28/09 23:34:52   Analysing record: 22
DEBUG    28/09 23:34:52   Checking if antismash.detection.full_hmmer should be run
INFO     28/09 23:34:52   Detecting secondary metabolite clusters
DEBUG    28/09 23:34:52   Checking if antismash.detection.sideloader should be run
DEBUG    28/09 23:34:52   Checking if antismash.detection.hmm_detection should be run
INFO     28/09 23:34:52   Running antismash.detection.hmm_detection
INFO     28/09 23:34:52   HMM detection using strictness: relaxed
DEBUG    28/09 23:34:53   0 rule-based cluster(s) found in record
DEBUG    28/09 23:34:53   Checking if antismash.detection.cassis should be run
DEBUG    28/09 23:34:53   0 protoclusters found
DEBUG    28/09 23:34:53   0 subregions found
INFO     28/09 23:34:53   No regions detected, skipping record
INFO     28/09 23:34:53   Analysing record: 1
DEBUG    28/09 23:34:53   Checking if antismash.detection.full_hmmer should be run
INFO     28/09 23:34:53   Detecting secondary metabolite clusters
DEBUG    28/09 23:34:53   Checking if antismash.detection.sideloader should be run
DEBUG    28/09 23:34:53   Checking if antismash.detection.hmm_detection should be run
INFO     28/09 23:34:53   Running antismash.detection.hmm_detection
INFO     28/09 23:34:53   HMM detection using strictness: relaxed
DEBUG    28/09 23:34:59   2 rule-based cluster(s) found in record
DEBUG    28/09 23:34:59   Checking if antismash.detection.cassis should be run
DEBUG    28/09 23:34:59   2 protoclusters found
DEBUG    28/09 23:34:59   0 subregions found
INFO     28/09 23:34:59   2 region(s) detected in record
DEBUG    28/09 23:34:59   Checking if antismash.detection.nrps_pks_domains should be run
INFO     28/09 23:34:59   Running antismash.detection.nrps_pks_domains
DEBUG    28/09 23:34:59   Marking NRPS/PKS CDS features and domains in clusters
DEBUG    28/09 23:35:00   Adding detection results from antismash.detection.nrps_pks_domains to record
DEBUG    28/09 23:35:00   Checking if antismash.detection.cluster_hmmer should be run
INFO     28/09 23:35:00   Running antismash.detection.cluster_hmmer
INFO     28/09 23:35:00   Running cluster PFAM search
DEBUG    28/09 23:35:31   Adding detection results from antismash.detection.cluster_hmmer to record
DEBUG    28/09 23:35:31   Checking if antismash.detection.genefunctions should be run
INFO     28/09 23:35:31   Running antismash.detection.genefunctions
DEBUG    28/09 23:35:36   Adding detection results from antismash.detection.genefunctions to record
DEBUG    28/09 23:35:36   annotating CDS features with resist info: 0 CDSes
DEBUG    28/09 23:35:36   annotating CDS features with smcogs info: 19 CDSes
DEBUG    28/09 23:35:36   Checking if antismash.detection.tigrfam should be run
INFO     28/09 23:35:36   Running antismash.detection.tigrfam
INFO     28/09 23:35:36   Running TIGRFam search
DEBUG    28/09 23:35:46   Adding detection results from antismash.detection.tigrfam to record
DEBUG    28/09 23:35:46   Checking if antismash.modules.smcog_trees should be run
DEBUG    28/09 23:35:46   Checking if antismash.modules.tta should be run
INFO     28/09 23:35:46   Running antismash.modules.tta
INFO     28/09 23:35:46   Detecting TTA codons
DEBUG    28/09 23:35:46   GC content: 72%
DEBUG    28/09 23:35:46   Detected 1 TTA codons
DEBUG    28/09 23:35:46   Checking if antismash.modules.lanthipeptides should be run
INFO     28/09 23:35:46   Running antismash.modules.lanthipeptides
DEBUG    28/09 23:35:46   Lanthipeptide module marked 0 motifs
DEBUG    28/09 23:35:46   Checking if antismash.modules.thiopeptides should be run
INFO     28/09 23:35:46   Running antismash.modules.thiopeptides
DEBUG    28/09 23:35:46   Thiopeptides marked 0 motifs
DEBUG    28/09 23:35:46   Checking if antismash.modules.nrps_pks should be run
INFO     28/09 23:35:46   Running antismash.modules.nrps_pks
INFO     28/09 23:35:46   Predicting A domain substrate specificities with NRPSPredictor2
DEBUG    28/09 23:35:50   CandidateCluster 2 monomer ordering method: colinear
DEBUG    28/09 23:35:50   Checking if antismash.modules.clusterblast should be run
INFO     28/09 23:35:50   Running antismash.modules.clusterblast
INFO     28/09 23:35:50   Finding internal homologs in each gene cluster...
INFO     28/09 23:35:51   Running ClusterBlast
INFO     28/09 23:35:51   ClusterBlast: Loading gene cluster database into memory...
INFO     28/09 23:35:53   ClusterBlast: Loading gene cluster database proteins into memory...
INFO     28/09 23:36:12   Comparing regions to reference database
INFO     28/09 23:36:32   Running subcluster search
INFO     28/09 23:36:32   SubClusterBlast: Loading gene cluster database into memory...
INFO     28/09 23:36:32   SubClusterBlast: Loading gene cluster database proteins into memory...
INFO     28/09 23:36:35   Running known cluster search
INFO     28/09 23:36:35   KnownClusterBlast: Loading gene cluster database into memory...
INFO     28/09 23:36:35   KnownClusterBlast: Loading gene cluster database proteins into memory...
DEBUG    28/09 23:36:35   Running DIAMOND knowncluster searches..
INFO     28/09 23:36:35   Comparing regions to reference database
DEBUG    28/09 23:36:39   Checking if antismash.modules.sactipeptides should be run
INFO     28/09 23:36:39   Running antismash.modules.sactipeptides
DEBUG    28/09 23:36:39   Found no sactipeptide motifs
DEBUG    28/09 23:36:39   Checking if antismash.modules.lassopeptides should be run
INFO     28/09 23:36:39   Running antismash.modules.lassopeptides
DEBUG    28/09 23:36:39   Lassopeptide module marked 0 motifs
DEBUG    28/09 23:36:39   Checking if antismash.modules.active_site_finder should be run
INFO     28/09 23:36:39   Running antismash.modules.active_site_finder
DEBUG    28/09 23:36:39   Checking if antismash.modules.pfam2go should be run
INFO     28/09 23:36:39   Running antismash.modules.pfam2go
DEBUG    28/09 23:36:39   Checking if antismash.modules.t2pks should be run
INFO     28/09 23:36:39   Running antismash.modules.t2pks
DEBUG    28/09 23:36:39   No type II PKS clusters to analyze
DEBUG    28/09 23:36:39   Checking if antismash.modules.rrefinder should be run
INFO     28/09 23:36:39   Running antismash.modules.rrefinder
DEBUG    28/09 23:36:39   Checking if antismash.modules.cluster_compare should be run
INFO     28/09 23:36:39   Running antismash.modules.cluster_compare
DEBUG    28/09 23:36:39   Loading comparison database: MIBiG
DEBUG    28/09 23:36:39   Comparison database loaded
INFO     28/09 23:36:39   Comparing regions to reference database
INFO     28/09 23:36:41   Analysing record: 18
DEBUG    28/09 23:36:41   Checking if antismash.detection.full_hmmer should be run
INFO     28/09 23:36:41   Detecting secondary metabolite clusters
DEBUG    28/09 23:36:41   Checking if antismash.detection.sideloader should be run
DEBUG    28/09 23:36:41   Checking if antismash.detection.hmm_detection should be run
INFO     28/09 23:36:41   Running antismash.detection.hmm_detection
INFO     28/09 23:36:41   HMM detection using strictness: relaxed
DEBUG    28/09 23:36:42   0 rule-based cluster(s) found in record
DEBUG    28/09 23:36:42   Checking if antismash.detection.cassis should be run
DEBUG    28/09 23:36:42   0 protoclusters found
DEBUG    28/09 23:36:42   0 subregions found
INFO     28/09 23:36:42   No regions detected, skipping record
INFO     28/09 23:36:42   Analysing record: 30
DEBUG    28/09 23:36:42   Checking if antismash.detection.full_hmmer should be run
INFO     28/09 23:36:42   Detecting secondary metabolite clusters
DEBUG    28/09 23:36:42   Checking if antismash.detection.sideloader should be run
DEBUG    28/09 23:36:42   Checking if antismash.detection.hmm_detection should be run
INFO     28/09 23:36:42   Running antismash.detection.hmm_detection
INFO     28/09 23:36:42   HMM detection using strictness: relaxed
DEBUG    28/09 23:36:43   0 rule-based cluster(s) found in record
DEBUG    28/09 23:36:43   Checking if antismash.detection.cassis should be run
DEBUG    28/09 23:36:43   0 protoclusters found
DEBUG    28/09 23:36:43   0 subregions found
INFO     28/09 23:36:43   No regions detected, skipping record
INFO     28/09 23:36:43   Analysing record: 23
DEBUG    28/09 23:36:43   Checking if antismash.detection.full_hmmer should be run
INFO     28/09 23:36:43   Detecting secondary metabolite clusters
DEBUG    28/09 23:36:43   Checking if antismash.detection.sideloader should be run
DEBUG    28/09 23:36:43   Checking if antismash.detection.hmm_detection should be run
INFO     28/09 23:36:43   Running antismash.detection.hmm_detection
INFO     28/09 23:36:43   HMM detection using strictness: relaxed
DEBUG    28/09 23:36:44   0 rule-based cluster(s) found in record
DEBUG    28/09 23:36:44   Checking if antismash.detection.cassis should be run
DEBUG    28/09 23:36:44   0 protoclusters found
DEBUG    28/09 23:36:44   0 subregions found
INFO     28/09 23:36:44   No regions detected, skipping record
INFO     28/09 23:36:44   Analysing record: 13
DEBUG    28/09 23:36:44   Checking if antismash.detection.full_hmmer should be run
INFO     28/09 23:36:44   Detecting secondary metabolite clusters
DEBUG    28/09 23:36:44   Checking if antismash.detection.sideloader should be run
DEBUG    28/09 23:36:44   Checking if antismash.detection.hmm_detection should be run
INFO     28/09 23:36:44   Running antismash.detection.hmm_detection
INFO     28/09 23:36:44   HMM detection using strictness: relaxed
DEBUG    28/09 23:36:45   1 rule-based cluster(s) found in record
DEBUG    28/09 23:36:45   Checking if antismash.detection.cassis should be run
DEBUG    28/09 23:36:45   1 protoclusters found
DEBUG    28/09 23:36:45   0 subregions found
INFO     28/09 23:36:45   1 region(s) detected in record
DEBUG    28/09 23:36:45   Checking if antismash.detection.nrps_pks_domains should be run
INFO     28/09 23:36:45   Running antismash.detection.nrps_pks_domains
DEBUG    28/09 23:36:45   Marking NRPS/PKS CDS features and domains in clusters
DEBUG    28/09 23:36:46   Adding detection results from antismash.detection.nrps_pks_domains to record
DEBUG    28/09 23:36:46   Checking if antismash.detection.cluster_hmmer should be run
INFO     28/09 23:36:46   Running antismash.detection.cluster_hmmer
INFO     28/09 23:36:46   Running cluster PFAM search
DEBUG    28/09 23:36:56   Adding detection results from antismash.detection.cluster_hmmer to record
DEBUG    28/09 23:36:56   Checking if antismash.detection.genefunctions should be run
INFO     28/09 23:36:56   Running antismash.detection.genefunctions
DEBUG    28/09 23:36:58   Adding detection results from antismash.detection.genefunctions to record
DEBUG    28/09 23:36:58   annotating CDS features with resist info: 0 CDSes
DEBUG    28/09 23:36:58   annotating CDS features with smcogs info: 9 CDSes
DEBUG    28/09 23:36:58   Checking if antismash.detection.tigrfam should be run
INFO     28/09 23:36:58   Running antismash.detection.tigrfam
INFO     28/09 23:36:58   Running TIGRFam search
DEBUG    28/09 23:37:02   Adding detection results from antismash.detection.tigrfam to record
DEBUG    28/09 23:37:02   Checking if antismash.modules.smcog_trees should be run
DEBUG    28/09 23:37:02   Checking if antismash.modules.tta should be run
INFO     28/09 23:37:02   Running antismash.modules.tta
INFO     28/09 23:37:02   Detecting TTA codons
DEBUG    28/09 23:37:02   GC content: 74%
DEBUG    28/09 23:37:02   Detected 0 TTA codons
DEBUG    28/09 23:37:02   Checking if antismash.modules.lanthipeptides should be run
INFO     28/09 23:37:02   Running antismash.modules.lanthipeptides
DEBUG    28/09 23:37:02   Lanthipeptide module marked 0 motifs
DEBUG    28/09 23:37:02   Checking if antismash.modules.thiopeptides should be run
INFO     28/09 23:37:02   Running antismash.modules.thiopeptides
DEBUG    28/09 23:37:02   Thiopeptides marked 0 motifs
DEBUG    28/09 23:37:02   Checking if antismash.modules.nrps_pks should be run
INFO     28/09 23:37:02   Running antismash.modules.nrps_pks
INFO     28/09 23:37:02   Predicting A domain substrate specificities with NRPSPredictor2
DEBUG    28/09 23:37:05   Checking if antismash.modules.clusterblast should be run
INFO     28/09 23:37:05   Running antismash.modules.clusterblast
INFO     28/09 23:37:05   Finding internal homologs in each gene cluster...
INFO     28/09 23:37:05   Running ClusterBlast
INFO     28/09 23:37:05   ClusterBlast: Loading gene cluster database into memory...
INFO     28/09 23:37:07   ClusterBlast: Loading gene cluster database proteins into memory...
INFO     28/09 23:37:26   Comparing regions to reference database
INFO     28/09 23:37:38   Running subcluster search
INFO     28/09 23:37:38   SubClusterBlast: Loading gene cluster database into memory...
INFO     28/09 23:37:38   SubClusterBlast: Loading gene cluster database proteins into memory...
INFO     28/09 23:37:40   Running known cluster search
INFO     28/09 23:37:40   KnownClusterBlast: Loading gene cluster database into memory...
INFO     28/09 23:37:40   KnownClusterBlast: Loading gene cluster database proteins into memory...
DEBUG    28/09 23:37:40   Running DIAMOND knowncluster searches..
INFO     28/09 23:37:40   Comparing regions to reference database
DEBUG    28/09 23:37:42   Checking if antismash.modules.sactipeptides should be run
INFO     28/09 23:37:42   Running antismash.modules.sactipeptides
DEBUG    28/09 23:37:42   Found no sactipeptide motifs
DEBUG    28/09 23:37:42   Checking if antismash.modules.lassopeptides should be run
INFO     28/09 23:37:42   Running antismash.modules.lassopeptides
DEBUG    28/09 23:37:42   Lassopeptide module marked 0 motifs
DEBUG    28/09 23:37:42   Checking if antismash.modules.active_site_finder should be run
INFO     28/09 23:37:42   Running antismash.modules.active_site_finder
DEBUG    28/09 23:37:42   Checking if antismash.modules.pfam2go should be run
INFO     28/09 23:37:42   Running antismash.modules.pfam2go
DEBUG    28/09 23:37:42   Checking if antismash.modules.t2pks should be run
INFO     28/09 23:37:42   Running antismash.modules.t2pks
DEBUG    28/09 23:37:42   No type II PKS clusters to analyze
DEBUG    28/09 23:37:42   Checking if antismash.modules.rrefinder should be run
INFO     28/09 23:37:42   Running antismash.modules.rrefinder
DEBUG    28/09 23:37:42   Checking if antismash.modules.cluster_compare should be run
INFO     28/09 23:37:42   Running antismash.modules.cluster_compare
DEBUG    28/09 23:37:42   Loading comparison database: MIBiG
DEBUG    28/09 23:37:42   Comparison database loaded
INFO     28/09 23:37:42   Comparing regions to reference database
INFO     28/09 23:37:43   Analysing record: 16
DEBUG    28/09 23:37:43   Checking if antismash.detection.full_hmmer should be run
INFO     28/09 23:37:43   Detecting secondary metabolite clusters
DEBUG    28/09 23:37:43   Checking if antismash.detection.sideloader should be run
DEBUG    28/09 23:37:43   Checking if antismash.detection.hmm_detection should be run
INFO     28/09 23:37:43   Running antismash.detection.hmm_detection
INFO     28/09 23:37:43   HMM detection using strictness: relaxed
DEBUG    28/09 23:37:44   0 rule-based cluster(s) found in record
DEBUG    28/09 23:37:44   Checking if antismash.detection.cassis should be run
DEBUG    28/09 23:37:44   0 protoclusters found
DEBUG    28/09 23:37:44   0 subregions found
INFO     28/09 23:37:44   No regions detected, skipping record
INFO     28/09 23:37:44   Analysing record: 29
DEBUG    28/09 23:37:44   Checking if antismash.detection.full_hmmer should be run
INFO     28/09 23:37:44   Detecting secondary metabolite clusters
DEBUG    28/09 23:37:44   Checking if antismash.detection.sideloader should be run
DEBUG    28/09 23:37:44   Checking if antismash.detection.hmm_detection should be run
INFO     28/09 23:37:44   Running antismash.detection.hmm_detection
INFO     28/09 23:37:44   HMM detection using strictness: relaxed
DEBUG    28/09 23:37:45   0 rule-based cluster(s) found in record
DEBUG    28/09 23:37:45   Checking if antismash.detection.cassis should be run
DEBUG    28/09 23:37:45   0 protoclusters found
DEBUG    28/09 23:37:45   0 subregions found
INFO     28/09 23:37:45   No regions detected, skipping record
INFO     28/09 23:37:45   Analysing record: 6
DEBUG    28/09 23:37:45   Checking if antismash.detection.full_hmmer should be run
INFO     28/09 23:37:45   Detecting secondary metabolite clusters
DEBUG    28/09 23:37:45   Checking if antismash.detection.sideloader should be run
DEBUG    28/09 23:37:45   Checking if antismash.detection.hmm_detection should be run
INFO     28/09 23:37:45   Running antismash.detection.hmm_detection
INFO     28/09 23:37:45   HMM detection using strictness: relaxed
DEBUG    28/09 23:37:46   0 rule-based cluster(s) found in record
DEBUG    28/09 23:37:47   Checking if antismash.detection.cassis should be run
DEBUG    28/09 23:37:47   0 protoclusters found
DEBUG    28/09 23:37:47   0 subregions found
INFO     28/09 23:37:47   No regions detected, skipping record
INFO     28/09 23:37:47   Analysing record: 27
DEBUG    28/09 23:37:47   Checking if antismash.detection.full_hmmer should be run
INFO     28/09 23:37:47   Detecting secondary metabolite clusters
DEBUG    28/09 23:37:47   Checking if antismash.detection.sideloader should be run
DEBUG    28/09 23:37:47   Checking if antismash.detection.hmm_detection should be run
INFO     28/09 23:37:47   Running antismash.detection.hmm_detection
INFO     28/09 23:37:47   HMM detection using strictness: relaxed
DEBUG    28/09 23:37:47   0 rule-based cluster(s) found in record
DEBUG    28/09 23:37:47   Checking if antismash.detection.cassis should be run
DEBUG    28/09 23:37:47   0 protoclusters found
DEBUG    28/09 23:37:47   0 subregions found
INFO     28/09 23:37:47   No regions detected, skipping record
INFO     28/09 23:37:47   Analysing record: 25
DEBUG    28/09 23:37:47   Checking if antismash.detection.full_hmmer should be run
INFO     28/09 23:37:47   Detecting secondary metabolite clusters
DEBUG    28/09 23:37:47   Checking if antismash.detection.sideloader should be run
DEBUG    28/09 23:37:47   Checking if antismash.detection.hmm_detection should be run
INFO     28/09 23:37:47   Running antismash.detection.hmm_detection
INFO     28/09 23:37:47   HMM detection using strictness: relaxed
DEBUG    28/09 23:37:48   0 rule-based cluster(s) found in record
DEBUG    28/09 23:37:48   Checking if antismash.detection.cassis should be run
DEBUG    28/09 23:37:48   0 protoclusters found
DEBUG    28/09 23:37:48   0 subregions found
INFO     28/09 23:37:48   No regions detected, skipping record
INFO     28/09 23:37:48   Analysing record: 28
DEBUG    28/09 23:37:48   Checking if antismash.detection.full_hmmer should be run
INFO     28/09 23:37:48   Detecting secondary metabolite clusters
DEBUG    28/09 23:37:48   Checking if antismash.detection.sideloader should be run
DEBUG    28/09 23:37:48   Checking if antismash.detection.hmm_detection should be run
INFO     28/09 23:37:48   Running antismash.detection.hmm_detection
INFO     28/09 23:37:48   HMM detection using strictness: relaxed
DEBUG    28/09 23:37:49   0 rule-based cluster(s) found in record
DEBUG    28/09 23:37:49   Checking if antismash.detection.cassis should be run
DEBUG    28/09 23:37:49   0 protoclusters found
DEBUG    28/09 23:37:49   0 subregions found
INFO     28/09 23:37:49   No regions detected, skipping record
INFO     28/09 23:37:49   Analysing record: 3
DEBUG    28/09 23:37:49   Checking if antismash.detection.full_hmmer should be run
INFO     28/09 23:37:49   Detecting secondary metabolite clusters
DEBUG    28/09 23:37:49   Checking if antismash.detection.sideloader should be run
DEBUG    28/09 23:37:49   Checking if antismash.detection.hmm_detection should be run
INFO     28/09 23:37:49   Running antismash.detection.hmm_detection
INFO     28/09 23:37:49   HMM detection using strictness: relaxed
DEBUG    28/09 23:37:51   0 rule-based cluster(s) found in record
DEBUG    28/09 23:37:51   Checking if antismash.detection.cassis should be run
DEBUG    28/09 23:37:51   0 protoclusters found
DEBUG    28/09 23:37:51   0 subregions found
INFO     28/09 23:37:51   No regions detected, skipping record
INFO     28/09 23:37:51   Analysing record: 9
DEBUG    28/09 23:37:51   Checking if antismash.detection.full_hmmer should be run
INFO     28/09 23:37:51   Detecting secondary metabolite clusters
DEBUG    28/09 23:37:51   Checking if antismash.detection.sideloader should be run
DEBUG    28/09 23:37:51   Checking if antismash.detection.hmm_detection should be run
INFO     28/09 23:37:51   Running antismash.detection.hmm_detection
INFO     28/09 23:37:51   HMM detection using strictness: relaxed
DEBUG    28/09 23:37:53   2 rule-based cluster(s) found in record
DEBUG    28/09 23:37:53   Checking if antismash.detection.cassis should be run
DEBUG    28/09 23:37:53   2 protoclusters found
DEBUG    28/09 23:37:53   0 subregions found
INFO     28/09 23:37:53   2 region(s) detected in record
DEBUG    28/09 23:37:53   Checking if antismash.detection.nrps_pks_domains should be run
INFO     28/09 23:37:53   Running antismash.detection.nrps_pks_domains
DEBUG    28/09 23:37:53   Marking NRPS/PKS CDS features and domains in clusters
DEBUG    28/09 23:37:53   Adding detection results from antismash.detection.nrps_pks_domains to record
DEBUG    28/09 23:37:53   Checking if antismash.detection.cluster_hmmer should be run
INFO     28/09 23:37:53   Running antismash.detection.cluster_hmmer
INFO     28/09 23:37:53   Running cluster PFAM search
DEBUG    28/09 23:38:06   Adding detection results from antismash.detection.cluster_hmmer to record
DEBUG    28/09 23:38:06   Checking if antismash.detection.genefunctions should be run
INFO     28/09 23:38:06   Running antismash.detection.genefunctions
DEBUG    28/09 23:38:09   Adding detection results from antismash.detection.genefunctions to record
DEBUG    28/09 23:38:09   annotating CDS features with resist info: 0 CDSes
DEBUG    28/09 23:38:09   annotating CDS features with smcogs info: 16 CDSes
DEBUG    28/09 23:38:09   Checking if antismash.detection.tigrfam should be run
INFO     28/09 23:38:09   Running antismash.detection.tigrfam
INFO     28/09 23:38:09   Running TIGRFam search
DEBUG    28/09 23:38:14   Adding detection results from antismash.detection.tigrfam to record
DEBUG    28/09 23:38:14   Checking if antismash.modules.smcog_trees should be run
DEBUG    28/09 23:38:14   Checking if antismash.modules.tta should be run
INFO     28/09 23:38:14   Running antismash.modules.tta
INFO     28/09 23:38:14   Detecting TTA codons
DEBUG    28/09 23:38:14   GC content: 74%
DEBUG    28/09 23:38:14   Detected 0 TTA codons
DEBUG    28/09 23:38:14   Checking if antismash.modules.lanthipeptides should be run
INFO     28/09 23:38:14   Running antismash.modules.lanthipeptides
DEBUG    28/09 23:38:14   Lanthipeptide module marked 0 motifs
DEBUG    28/09 23:38:14   Checking if antismash.modules.thiopeptides should be run
INFO     28/09 23:38:14   Running antismash.modules.thiopeptides
DEBUG    28/09 23:38:14   Thiopeptides marked 0 motifs
DEBUG    28/09 23:38:14   Checking if antismash.modules.nrps_pks should be run
INFO     28/09 23:38:14   Running antismash.modules.nrps_pks
DEBUG    28/09 23:38:14   CandidateCluster 1 monomer ordering method: colinear
DEBUG    28/09 23:38:14   Checking if antismash.modules.clusterblast should be run
INFO     28/09 23:38:14   Running antismash.modules.clusterblast
INFO     28/09 23:38:14   Finding internal homologs in each gene cluster...
INFO     28/09 23:38:15   Running ClusterBlast
INFO     28/09 23:38:15   ClusterBlast: Loading gene cluster database into memory...
INFO     28/09 23:38:16   ClusterBlast: Loading gene cluster database proteins into memory...
INFO     28/09 23:38:36   Comparing regions to reference database
INFO     28/09 23:38:44   Running subcluster search
INFO     28/09 23:38:44   SubClusterBlast: Loading gene cluster database into memory...
INFO     28/09 23:38:44   SubClusterBlast: Loading gene cluster database proteins into memory...
INFO     28/09 23:38:47   Running known cluster search
INFO     28/09 23:38:47   KnownClusterBlast: Loading gene cluster database into memory...
INFO     28/09 23:38:47   KnownClusterBlast: Loading gene cluster database proteins into memory...
DEBUG    28/09 23:38:47   Running DIAMOND knowncluster searches..
INFO     28/09 23:38:47   Comparing regions to reference database
DEBUG    28/09 23:38:50   Checking if antismash.modules.sactipeptides should be run
INFO     28/09 23:38:50   Running antismash.modules.sactipeptides
DEBUG    28/09 23:38:50   Found no sactipeptide motifs
DEBUG    28/09 23:38:50   Checking if antismash.modules.lassopeptides should be run
INFO     28/09 23:38:50   Running antismash.modules.lassopeptides
DEBUG    28/09 23:38:50   Lassopeptide module marked 0 motifs
DEBUG    28/09 23:38:50   Checking if antismash.modules.active_site_finder should be run
INFO     28/09 23:38:50   Running antismash.modules.active_site_finder
DEBUG    28/09 23:38:51   Checking if antismash.modules.pfam2go should be run
INFO     28/09 23:38:51   Running antismash.modules.pfam2go
DEBUG    28/09 23:38:51   Checking if antismash.modules.t2pks should be run
INFO     28/09 23:38:51   Running antismash.modules.t2pks
DEBUG    28/09 23:38:51   No type II PKS clusters to analyze
DEBUG    28/09 23:38:51   Checking if antismash.modules.rrefinder should be run
INFO     28/09 23:38:51   Running antismash.modules.rrefinder
DEBUG    28/09 23:38:51   Checking if antismash.modules.cluster_compare should be run
INFO     28/09 23:38:51   Running antismash.modules.cluster_compare
DEBUG    28/09 23:38:51   Loading comparison database: MIBiG
DEBUG    28/09 23:38:51   Comparison database loaded
INFO     28/09 23:38:51   Comparing regions to reference database
INFO     28/09 23:38:53   Analysing record: 12
DEBUG    28/09 23:38:53   Checking if antismash.detection.full_hmmer should be run
INFO     28/09 23:38:53   Detecting secondary metabolite clusters
DEBUG    28/09 23:38:53   Checking if antismash.detection.sideloader should be run
DEBUG    28/09 23:38:53   Checking if antismash.detection.hmm_detection should be run
INFO     28/09 23:38:53   Running antismash.detection.hmm_detection
INFO     28/09 23:38:53   HMM detection using strictness: relaxed
DEBUG    28/09 23:38:54   0 rule-based cluster(s) found in record
DEBUG    28/09 23:38:54   Checking if antismash.detection.cassis should be run
DEBUG    28/09 23:38:54   0 protoclusters found
DEBUG    28/09 23:38:54   0 subregions found
INFO     28/09 23:38:54   No regions detected, skipping record
INFO     28/09 23:38:54   Analysing record: 14
DEBUG    28/09 23:38:54   Checking if antismash.detection.full_hmmer should be run
INFO     28/09 23:38:54   Detecting secondary metabolite clusters
DEBUG    28/09 23:38:54   Checking if antismash.detection.sideloader should be run
DEBUG    28/09 23:38:54   Checking if antismash.detection.hmm_detection should be run
INFO     28/09 23:38:54   Running antismash.detection.hmm_detection
INFO     28/09 23:38:54   HMM detection using strictness: relaxed
DEBUG    28/09 23:38:55   0 rule-based cluster(s) found in record
DEBUG    28/09 23:38:56   Checking if antismash.detection.cassis should be run
DEBUG    28/09 23:38:56   0 protoclusters found
DEBUG    28/09 23:38:56   0 subregions found
INFO     28/09 23:38:56   No regions detected, skipping record
INFO     28/09 23:38:56   Analysing record: 15
DEBUG    28/09 23:38:56   Checking if antismash.detection.full_hmmer should be run
INFO     28/09 23:38:56   Detecting secondary metabolite clusters
DEBUG    28/09 23:38:56   Checking if antismash.detection.sideloader should be run
DEBUG    28/09 23:38:56   Checking if antismash.detection.hmm_detection should be run
INFO     28/09 23:38:56   Running antismash.detection.hmm_detection
INFO     28/09 23:38:56   HMM detection using strictness: relaxed
DEBUG    28/09 23:38:56   0 rule-based cluster(s) found in record
DEBUG    28/09 23:38:56   Checking if antismash.detection.cassis should be run
DEBUG    28/09 23:38:56   0 protoclusters found
DEBUG    28/09 23:38:56   0 subregions found
INFO     28/09 23:38:56   No regions detected, skipping record
INFO     28/09 23:38:56   Analysing record: 20
DEBUG    28/09 23:38:56   Checking if antismash.detection.full_hmmer should be run
INFO     28/09 23:38:56   Detecting secondary metabolite clusters
DEBUG    28/09 23:38:56   Checking if antismash.detection.sideloader should be run
DEBUG    28/09 23:38:56   Checking if antismash.detection.hmm_detection should be run
INFO     28/09 23:38:56   Running antismash.detection.hmm_detection
INFO     28/09 23:38:56   HMM detection using strictness: relaxed
DEBUG    28/09 23:38:57   0 rule-based cluster(s) found in record
DEBUG    28/09 23:38:57   Checking if antismash.detection.cassis should be run
DEBUG    28/09 23:38:57   0 protoclusters found
DEBUG    28/09 23:38:57   0 subregions found
INFO     28/09 23:38:57   No regions detected, skipping record
INFO     28/09 23:38:57   Analysing record: 8
DEBUG    28/09 23:38:57   Checking if antismash.detection.full_hmmer should be run
INFO     28/09 23:38:57   Detecting secondary metabolite clusters
DEBUG    28/09 23:38:57   Checking if antismash.detection.sideloader should be run
DEBUG    28/09 23:38:57   Checking if antismash.detection.hmm_detection should be run
INFO     28/09 23:38:57   Running antismash.detection.hmm_detection
INFO     28/09 23:38:57   HMM detection using strictness: relaxed
DEBUG    28/09 23:38:59   0 rule-based cluster(s) found in record
DEBUG    28/09 23:38:59   Checking if antismash.detection.cassis should be run
DEBUG    28/09 23:38:59   0 protoclusters found
DEBUG    28/09 23:38:59   0 subregions found
INFO     28/09 23:38:59   No regions detected, skipping record
INFO     28/09 23:38:59   Analysing record: 4
DEBUG    28/09 23:38:59   Checking if antismash.detection.full_hmmer should be run
INFO     28/09 23:38:59   Detecting secondary metabolite clusters
DEBUG    28/09 23:38:59   Checking if antismash.detection.sideloader should be run
DEBUG    28/09 23:38:59   Checking if antismash.detection.hmm_detection should be run
INFO     28/09 23:38:59   Running antismash.detection.hmm_detection
INFO     28/09 23:38:59   HMM detection using strictness: relaxed
DEBUG    28/09 23:39:01   2 rule-based cluster(s) found in record
DEBUG    28/09 23:39:01   Checking if antismash.detection.cassis should be run
DEBUG    28/09 23:39:01   2 protoclusters found
DEBUG    28/09 23:39:01   0 subregions found
INFO     28/09 23:39:01   1 region(s) detected in record
DEBUG    28/09 23:39:01   Checking if antismash.detection.nrps_pks_domains should be run
INFO     28/09 23:39:01   Running antismash.detection.nrps_pks_domains
DEBUG    28/09 23:39:01   Marking NRPS/PKS CDS features and domains in clusters
DEBUG    28/09 23:39:02   Adding detection results from antismash.detection.nrps_pks_domains to record
DEBUG    28/09 23:39:03   Checking if antismash.detection.cluster_hmmer should be run
INFO     28/09 23:39:03   Running antismash.detection.cluster_hmmer
INFO     28/09 23:39:03   Running cluster PFAM search
DEBUG    28/09 23:39:24   Adding detection results from antismash.detection.cluster_hmmer to record
DEBUG    28/09 23:39:24   Checking if antismash.detection.genefunctions should be run
INFO     28/09 23:39:24   Running antismash.detection.genefunctions
DEBUG    28/09 23:39:28   Adding detection results from antismash.detection.genefunctions to record
DEBUG    28/09 23:39:28   annotating CDS features with resist info: 0 CDSes
DEBUG    28/09 23:39:28   annotating CDS features with smcogs info: 20 CDSes
DEBUG    28/09 23:39:28   Checking if antismash.detection.tigrfam should be run
INFO     28/09 23:39:28   Running antismash.detection.tigrfam
INFO     28/09 23:39:28   Running TIGRFam search
DEBUG    28/09 23:39:35   Adding detection results from antismash.detection.tigrfam to record
DEBUG    28/09 23:39:35   Checking if antismash.modules.smcog_trees should be run
DEBUG    28/09 23:39:35   Checking if antismash.modules.tta should be run
INFO     28/09 23:39:35   Running antismash.modules.tta
INFO     28/09 23:39:35   Detecting TTA codons
DEBUG    28/09 23:39:35   GC content: 72%
DEBUG    28/09 23:39:36   Detected 2 TTA codons
DEBUG    28/09 23:39:36   Checking if antismash.modules.lanthipeptides should be run
INFO     28/09 23:39:36   Running antismash.modules.lanthipeptides
DEBUG    28/09 23:39:36   Lanthipeptide module marked 0 motifs
DEBUG    28/09 23:39:36   Checking if antismash.modules.thiopeptides should be run
INFO     28/09 23:39:36   Running antismash.modules.thiopeptides
DEBUG    28/09 23:39:36   Thiopeptides marked 0 motifs
DEBUG    28/09 23:39:36   Checking if antismash.modules.nrps_pks should be run
INFO     28/09 23:39:36   Running antismash.modules.nrps_pks
INFO     28/09 23:39:36   Predicting A domain substrate specificities with NRPSPredictor2
DEBUG    28/09 23:39:39   Checking if antismash.modules.clusterblast should be run
INFO     28/09 23:39:39   Running antismash.modules.clusterblast
INFO     28/09 23:39:39   Finding internal homologs in each gene cluster...
INFO     28/09 23:39:39   Running ClusterBlast
INFO     28/09 23:39:39   ClusterBlast: Loading gene cluster database into memory...
INFO     28/09 23:39:42   ClusterBlast: Loading gene cluster database proteins into memory...
INFO     28/09 23:40:01   Comparing regions to reference database
INFO     28/09 23:40:22   Running subcluster search
INFO     28/09 23:40:22   SubClusterBlast: Loading gene cluster database into memory...
INFO     28/09 23:40:22   SubClusterBlast: Loading gene cluster database proteins into memory...
INFO     28/09 23:40:23   Running known cluster search
INFO     28/09 23:40:23   KnownClusterBlast: Loading gene cluster database into memory...
INFO     28/09 23:40:23   KnownClusterBlast: Loading gene cluster database proteins into memory...
DEBUG    28/09 23:40:23   Running DIAMOND knowncluster searches..
INFO     28/09 23:40:23   Comparing regions to reference database
DEBUG    28/09 23:40:27   Checking if antismash.modules.sactipeptides should be run
INFO     28/09 23:40:27   Running antismash.modules.sactipeptides
DEBUG    28/09 23:40:27   Found no sactipeptide motifs
DEBUG    28/09 23:40:27   Checking if antismash.modules.lassopeptides should be run
INFO     28/09 23:40:27   Running antismash.modules.lassopeptides
DEBUG    28/09 23:40:27   Lassopeptide module marked 0 motifs
DEBUG    28/09 23:40:27   Checking if antismash.modules.active_site_finder should be run
INFO     28/09 23:40:27   Running antismash.modules.active_site_finder
DEBUG    28/09 23:40:27   Checking if antismash.modules.pfam2go should be run
INFO     28/09 23:40:27   Running antismash.modules.pfam2go
DEBUG    28/09 23:40:28   Checking if antismash.modules.t2pks should be run
INFO     28/09 23:40:28   Running antismash.modules.t2pks
DEBUG    28/09 23:40:28   No type II PKS clusters to analyze
DEBUG    28/09 23:40:28   Checking if antismash.modules.rrefinder should be run
INFO     28/09 23:40:28   Running antismash.modules.rrefinder
DEBUG    28/09 23:40:28   Checking if antismash.modules.cluster_compare should be run
INFO     28/09 23:40:28   Running antismash.modules.cluster_compare
DEBUG    28/09 23:40:28   Loading comparison database: MIBiG
DEBUG    28/09 23:40:28   Comparison database loaded
INFO     28/09 23:40:28   Comparing regions to reference database
INFO     28/09 23:40:30   Analysing record: 24
DEBUG    28/09 23:40:30   Checking if antismash.detection.full_hmmer should be run
INFO     28/09 23:40:30   Detecting secondary metabolite clusters
DEBUG    28/09 23:40:30   Checking if antismash.detection.sideloader should be run
DEBUG    28/09 23:40:30   Checking if antismash.detection.hmm_detection should be run
INFO     28/09 23:40:30   Running antismash.detection.hmm_detection
INFO     28/09 23:40:30   HMM detection using strictness: relaxed
DEBUG    28/09 23:40:31   0 rule-based cluster(s) found in record
DEBUG    28/09 23:40:31   Checking if antismash.detection.cassis should be run
DEBUG    28/09 23:40:31   0 protoclusters found
DEBUG    28/09 23:40:31   0 subregions found
INFO     28/09 23:40:31   No regions detected, skipping record
INFO     28/09 23:40:31   Analysing record: 10
DEBUG    28/09 23:40:31   Checking if antismash.detection.full_hmmer should be run
INFO     28/09 23:40:31   Detecting secondary metabolite clusters
DEBUG    28/09 23:40:31   Checking if antismash.detection.sideloader should be run
DEBUG    28/09 23:40:31   Checking if antismash.detection.hmm_detection should be run
INFO     28/09 23:40:31   Running antismash.detection.hmm_detection
INFO     28/09 23:40:31   HMM detection using strictness: relaxed
DEBUG    28/09 23:40:32   0 rule-based cluster(s) found in record
DEBUG    28/09 23:40:32   Checking if antismash.detection.cassis should be run
DEBUG    28/09 23:40:32   0 protoclusters found
DEBUG    28/09 23:40:32   0 subregions found
INFO     28/09 23:40:32   No regions detected, skipping record
INFO     28/09 23:40:32   Analysing record: 19
DEBUG    28/09 23:40:32   Checking if antismash.detection.full_hmmer should be run
INFO     28/09 23:40:32   Detecting secondary metabolite clusters
DEBUG    28/09 23:40:32   Checking if antismash.detection.sideloader should be run
DEBUG    28/09 23:40:32   Checking if antismash.detection.hmm_detection should be run
INFO     28/09 23:40:32   Running antismash.detection.hmm_detection
INFO     28/09 23:40:32   HMM detection using strictness: relaxed
DEBUG    28/09 23:40:33   0 rule-based cluster(s) found in record
DEBUG    28/09 23:40:33   Checking if antismash.detection.cassis should be run
DEBUG    28/09 23:40:33   0 protoclusters found
DEBUG    28/09 23:40:33   0 subregions found
INFO     28/09 23:40:33   No regions detected, skipping record
INFO     28/09 23:40:33   Analysing record: 5
DEBUG    28/09 23:40:33   Checking if antismash.detection.full_hmmer should be run
INFO     28/09 23:40:33   Detecting secondary metabolite clusters
DEBUG    28/09 23:40:33   Checking if antismash.detection.sideloader should be run
DEBUG    28/09 23:40:33   Checking if antismash.detection.hmm_detection should be run
INFO     28/09 23:40:33   Running antismash.detection.hmm_detection
INFO     28/09 23:40:33   HMM detection using strictness: relaxed
DEBUG    28/09 23:40:35   0 rule-based cluster(s) found in record
DEBUG    28/09 23:40:35   Checking if antismash.detection.cassis should be run
DEBUG    28/09 23:40:35   0 protoclusters found
DEBUG    28/09 23:40:35   0 subregions found
INFO     28/09 23:40:35   No regions detected, skipping record
DEBUG    28/09 23:40:35   Writing json results to '/data/antismash/upload/bacteria-8e5ca96c-1c72-4654-8b36-370ac435108d/6666666.867957.json'
DEBUG    28/09 23:40:35   Record 11 has results for modules: hmm_detection
DEBUG    28/09 23:40:35   Converting antismash.detection.hmm_detection results to json
DEBUG    28/09 23:40:35   Record 21 has results for modules: hmm_detection
DEBUG    28/09 23:40:35   Converting antismash.detection.hmm_detection results to json
DEBUG    28/09 23:40:35   Record 7 has results for modules: hmm_detection
DEBUG    28/09 23:40:35   Converting antismash.detection.hmm_detection results to json
DEBUG    28/09 23:40:35   Record 26 has results for modules: hmm_detection
DEBUG    28/09 23:40:35   Converting antismash.detection.hmm_detection results to json
DEBUG    28/09 23:40:35   Record 2 has results for modules: hmm_detection
DEBUG    28/09 23:40:35   Converting antismash.detection.hmm_detection results to json
DEBUG    28/09 23:40:35   Record 17 has results for modules: hmm_detection, nrps_pks_domains, cluster_hmmer, genefunctions, tigrfam, lanthipeptides, thiopeptides, nrps_pks, clusterblast, sactipeptides, lassopeptides, active_site_finder, pfam2go, t2pks, rrefinder, cluster_compare
DEBUG    28/09 23:40:35   Converting antismash.detection.hmm_detection results to json
DEBUG    28/09 23:40:35   Converting antismash.detection.nrps_pks_domains results to json
DEBUG    28/09 23:40:35   Converting antismash.detection.cluster_hmmer results to json
DEBUG    28/09 23:40:35   Converting antismash.detection.genefunctions results to json
DEBUG    28/09 23:40:35   Converting antismash.detection.tigrfam results to json
DEBUG    28/09 23:40:35   Converting antismash.modules.tta results to json
DEBUG    28/09 23:40:35   Converting antismash.modules.lanthipeptides results to json
DEBUG    28/09 23:40:35   Converting antismash.modules.thiopeptides results to json
DEBUG    28/09 23:40:35   Converting antismash.modules.nrps_pks results to json
DEBUG    28/09 23:40:35   Converting antismash.modules.clusterblast results to json
DEBUG    28/09 23:40:35   Converting antismash.modules.sactipeptides results to json
DEBUG    28/09 23:40:35   Converting antismash.modules.lassopeptides results to json
DEBUG    28/09 23:40:35   Converting antismash.modules.active_site_finder results to json
DEBUG    28/09 23:40:35   Converting antismash.modules.pfam2go results to json
DEBUG    28/09 23:40:35   Converting antismash.modules.t2pks results to json
DEBUG    28/09 23:40:35   Converting antismash.modules.rrefinder results to json
DEBUG    28/09 23:40:35   Converting antismash.modules.cluster_compare results to json
DEBUG    28/09 23:40:35   Record 22 has results for modules: hmm_detection
DEBUG    28/09 23:40:35   Converting antismash.detection.hmm_detection results to json
DEBUG    28/09 23:40:35   Record 1 has results for modules: hmm_detection, nrps_pks_domains, cluster_hmmer, genefunctions, tigrfam, tta, lanthipeptides, thiopeptides, nrps_pks, clusterblast, sactipeptides, lassopeptides, active_site_finder, pfam2go, t2pks, rrefinder, cluster_compare
DEBUG    28/09 23:40:35   Converting antismash.detection.hmm_detection results to json
DEBUG    28/09 23:40:35   Converting antismash.detection.nrps_pks_domains results to json
DEBUG    28/09 23:40:35   Converting antismash.detection.cluster_hmmer results to json
DEBUG    28/09 23:40:35   Converting antismash.detection.genefunctions results to json
DEBUG    28/09 23:40:35   Converting antismash.detection.tigrfam results to json
DEBUG    28/09 23:40:35   Converting antismash.modules.tta results to json
DEBUG    28/09 23:40:35   Converting antismash.modules.lanthipeptides results to json
DEBUG    28/09 23:40:35   Converting antismash.modules.thiopeptides results to json
DEBUG    28/09 23:40:35   Converting antismash.modules.nrps_pks results to json
DEBUG    28/09 23:40:35   Converting antismash.modules.clusterblast results to json
DEBUG    28/09 23:40:35   Converting antismash.modules.sactipeptides results to json
DEBUG    28/09 23:40:35   Converting antismash.modules.lassopeptides results to json
DEBUG    28/09 23:40:35   Converting antismash.modules.active_site_finder results to json
DEBUG    28/09 23:40:35   Converting antismash.modules.pfam2go results to json
DEBUG    28/09 23:40:35   Converting antismash.modules.t2pks results to json
DEBUG    28/09 23:40:35   Converting antismash.modules.rrefinder results to json
DEBUG    28/09 23:40:35   Converting antismash.modules.cluster_compare results to json
DEBUG    28/09 23:40:36   Record 18 has results for modules: hmm_detection
DEBUG    28/09 23:40:36   Converting antismash.detection.hmm_detection results to json
DEBUG    28/09 23:40:36   Record 30 has results for modules: hmm_detection
DEBUG    28/09 23:40:36   Converting antismash.detection.hmm_detection results to json
DEBUG    28/09 23:40:36   Record 23 has results for modules: hmm_detection
DEBUG    28/09 23:40:36   Converting antismash.detection.hmm_detection results to json
DEBUG    28/09 23:40:36   Record 13 has results for modules: hmm_detection, nrps_pks_domains, cluster_hmmer, genefunctions, tigrfam, lanthipeptides, thiopeptides, nrps_pks, clusterblast, sactipeptides, lassopeptides, active_site_finder, pfam2go, t2pks, rrefinder, cluster_compare
DEBUG    28/09 23:40:36   Converting antismash.detection.hmm_detection results to json
DEBUG    28/09 23:40:36   Converting antismash.detection.nrps_pks_domains results to json
DEBUG    28/09 23:40:36   Converting antismash.detection.cluster_hmmer results to json
DEBUG    28/09 23:40:36   Converting antismash.detection.genefunctions results to json
DEBUG    28/09 23:40:36   Converting antismash.detection.tigrfam results to json
DEBUG    28/09 23:40:36   Converting antismash.modules.tta results to json
DEBUG    28/09 23:40:36   Converting antismash.modules.lanthipeptides results to json
DEBUG    28/09 23:40:36   Converting antismash.modules.thiopeptides results to json
DEBUG    28/09 23:40:36   Converting antismash.modules.nrps_pks results to json
DEBUG    28/09 23:40:36   Converting antismash.modules.clusterblast results to json
DEBUG    28/09 23:40:36   Converting antismash.modules.sactipeptides results to json
DEBUG    28/09 23:40:36   Converting antismash.modules.lassopeptides results to json
DEBUG    28/09 23:40:36   Converting antismash.modules.active_site_finder results to json
DEBUG    28/09 23:40:36   Converting antismash.modules.pfam2go results to json
DEBUG    28/09 23:40:36   Converting antismash.modules.t2pks results to json
DEBUG    28/09 23:40:36   Converting antismash.modules.rrefinder results to json
DEBUG    28/09 23:40:36   Converting antismash.modules.cluster_compare results to json
DEBUG    28/09 23:40:36   Record 16 has results for modules: hmm_detection
DEBUG    28/09 23:40:36   Converting antismash.detection.hmm_detection results to json
DEBUG    28/09 23:40:36   Record 29 has results for modules: hmm_detection
DEBUG    28/09 23:40:36   Converting antismash.detection.hmm_detection results to json
DEBUG    28/09 23:40:36   Record 6 has results for modules: hmm_detection
DEBUG    28/09 23:40:36   Converting antismash.detection.hmm_detection results to json
DEBUG    28/09 23:40:36   Record 27 has results for modules: hmm_detection
DEBUG    28/09 23:40:36   Converting antismash.detection.hmm_detection results to json
DEBUG    28/09 23:40:36   Record 25 has results for modules: hmm_detection
DEBUG    28/09 23:40:36   Converting antismash.detection.hmm_detection results to json
DEBUG    28/09 23:40:36   Record 28 has results for modules: hmm_detection
DEBUG    28/09 23:40:36   Converting antismash.detection.hmm_detection results to json
DEBUG    28/09 23:40:36   Record 3 has results for modules: hmm_detection
DEBUG    28/09 23:40:36   Converting antismash.detection.hmm_detection results to json
DEBUG    28/09 23:40:36   Record 9 has results for modules: hmm_detection, nrps_pks_domains, cluster_hmmer, genefunctions, tigrfam, lanthipeptides, thiopeptides, nrps_pks, clusterblast, sactipeptides, lassopeptides, active_site_finder, pfam2go, t2pks, rrefinder, cluster_compare
DEBUG    28/09 23:40:36   Converting antismash.detection.hmm_detection results to json
DEBUG    28/09 23:40:36   Converting antismash.detection.nrps_pks_domains results to json
DEBUG    28/09 23:40:36   Converting antismash.detection.cluster_hmmer results to json
DEBUG    28/09 23:40:36   Converting antismash.detection.genefunctions results to json
DEBUG    28/09 23:40:36   Converting antismash.detection.tigrfam results to json
DEBUG    28/09 23:40:36   Converting antismash.modules.tta results to json
DEBUG    28/09 23:40:36   Converting antismash.modules.lanthipeptides results to json
DEBUG    28/09 23:40:36   Converting antismash.modules.thiopeptides results to json
DEBUG    28/09 23:40:36   Converting antismash.modules.nrps_pks results to json
DEBUG    28/09 23:40:36   Converting antismash.modules.clusterblast results to json
DEBUG    28/09 23:40:36   Converting antismash.modules.sactipeptides results to json
DEBUG    28/09 23:40:36   Converting antismash.modules.lassopeptides results to json
DEBUG    28/09 23:40:36   Converting antismash.modules.active_site_finder results to json
DEBUG    28/09 23:40:36   Converting antismash.modules.pfam2go results to json
DEBUG    28/09 23:40:36   Converting antismash.modules.t2pks results to json
DEBUG    28/09 23:40:36   Converting antismash.modules.rrefinder results to json
DEBUG    28/09 23:40:36   Converting antismash.modules.cluster_compare results to json
DEBUG    28/09 23:40:36   Record 12 has results for modules: hmm_detection
DEBUG    28/09 23:40:36   Converting antismash.detection.hmm_detection results to json
DEBUG    28/09 23:40:36   Record 14 has results for modules: hmm_detection
DEBUG    28/09 23:40:36   Converting antismash.detection.hmm_detection results to json
DEBUG    28/09 23:40:36   Record 15 has results for modules: hmm_detection
DEBUG    28/09 23:40:36   Converting antismash.detection.hmm_detection results to json
DEBUG    28/09 23:40:36   Record 20 has results for modules: hmm_detection
DEBUG    28/09 23:40:36   Converting antismash.detection.hmm_detection results to json
DEBUG    28/09 23:40:36   Record 8 has results for modules: hmm_detection
DEBUG    28/09 23:40:36   Converting antismash.detection.hmm_detection results to json
DEBUG    28/09 23:40:36   Record 4 has results for modules: hmm_detection, nrps_pks_domains, cluster_hmmer, genefunctions, tigrfam, tta, lanthipeptides, thiopeptides, nrps_pks, clusterblast, sactipeptides, lassopeptides, active_site_finder, pfam2go, t2pks, rrefinder, cluster_compare
DEBUG    28/09 23:40:36   Converting antismash.detection.hmm_detection results to json
DEBUG    28/09 23:40:36   Converting antismash.detection.nrps_pks_domains results to json
DEBUG    28/09 23:40:36   Converting antismash.detection.cluster_hmmer results to json
DEBUG    28/09 23:40:36   Converting antismash.detection.genefunctions results to json
DEBUG    28/09 23:40:36   Converting antismash.detection.tigrfam results to json
DEBUG    28/09 23:40:36   Converting antismash.modules.tta results to json
DEBUG    28/09 23:40:36   Converting antismash.modules.lanthipeptides results to json
DEBUG    28/09 23:40:36   Converting antismash.modules.thiopeptides results to json
DEBUG    28/09 23:40:36   Converting antismash.modules.nrps_pks results to json
DEBUG    28/09 23:40:36   Converting antismash.modules.clusterblast results to json
DEBUG    28/09 23:40:36   Converting antismash.modules.sactipeptides results to json
DEBUG    28/09 23:40:36   Converting antismash.modules.lassopeptides results to json
DEBUG    28/09 23:40:36   Converting antismash.modules.active_site_finder results to json
DEBUG    28/09 23:40:36   Converting antismash.modules.pfam2go results to json
DEBUG    28/09 23:40:36   Converting antismash.modules.t2pks results to json
DEBUG    28/09 23:40:36   Converting antismash.modules.rrefinder results to json
DEBUG    28/09 23:40:36   Converting antismash.modules.cluster_compare results to json
DEBUG    28/09 23:40:36   Record 24 has results for modules: hmm_detection
DEBUG    28/09 23:40:36   Converting antismash.detection.hmm_detection results to json
DEBUG    28/09 23:40:36   Record 10 has results for modules: hmm_detection
DEBUG    28/09 23:40:36   Converting antismash.detection.hmm_detection results to json
DEBUG    28/09 23:40:36   Record 19 has results for modules: hmm_detection
DEBUG    28/09 23:40:36   Converting antismash.detection.hmm_detection results to json
DEBUG    28/09 23:40:36   Record 5 has results for modules: hmm_detection
DEBUG    28/09 23:40:36   Converting antismash.detection.hmm_detection results to json
DEBUG    28/09 23:40:36   Not annotating skipped record 11: No regions detected
DEBUG    28/09 23:40:36   Not annotating skipped record 21: No regions detected
DEBUG    28/09 23:40:36   Not annotating skipped record 7: No regions detected
DEBUG    28/09 23:40:36   Not annotating skipped record 26: No regions detected
DEBUG    28/09 23:40:36   Not annotating skipped record 2: No regions detected
DEBUG    28/09 23:40:36   Annotating record 17 with results from: hmm_detection, nrps_pks_domains, cluster_hmmer, genefunctions, tigrfam, tta, lanthipeptides, thiopeptides, nrps_pks, clusterblast, sactipeptides, lassopeptides, active_site_finder, pfam2go, t2pks, rrefinder, cluster_compare
DEBUG    28/09 23:40:36    Adding results from antismash.modules.tta
DEBUG    28/09 23:40:36    Adding results from antismash.modules.lanthipeptides
DEBUG    28/09 23:40:36    Adding results from antismash.modules.thiopeptides
DEBUG    28/09 23:40:36    Adding results from antismash.modules.nrps_pks
DEBUG    28/09 23:40:36    Adding results from antismash.modules.clusterblast
DEBUG    28/09 23:40:36    Adding results from antismash.modules.sactipeptides
DEBUG    28/09 23:40:36    Adding results from antismash.modules.lassopeptides
DEBUG    28/09 23:40:36    Adding results from antismash.modules.active_site_finder
DEBUG    28/09 23:40:36    Adding results from antismash.modules.pfam2go
DEBUG    28/09 23:40:36    Adding results from antismash.modules.t2pks
DEBUG    28/09 23:40:36    Adding results from antismash.modules.rrefinder
DEBUG    28/09 23:40:36    Adding results from antismash.modules.cluster_compare
DEBUG    28/09 23:40:36   Not annotating skipped record 22: No regions detected
DEBUG    28/09 23:40:36   Annotating record 1 with results from: hmm_detection, nrps_pks_domains, cluster_hmmer, genefunctions, tigrfam, tta, lanthipeptides, thiopeptides, nrps_pks, clusterblast, sactipeptides, lassopeptides, active_site_finder, pfam2go, t2pks, rrefinder, cluster_compare
DEBUG    28/09 23:40:36    Adding results from antismash.modules.tta
DEBUG    28/09 23:40:36    Adding results from antismash.modules.lanthipeptides
DEBUG    28/09 23:40:36    Adding results from antismash.modules.thiopeptides
DEBUG    28/09 23:40:36    Adding results from antismash.modules.nrps_pks
DEBUG    28/09 23:40:36    Adding results from antismash.modules.clusterblast
DEBUG    28/09 23:40:36    Adding results from antismash.modules.sactipeptides
DEBUG    28/09 23:40:36    Adding results from antismash.modules.lassopeptides
DEBUG    28/09 23:40:36    Adding results from antismash.modules.active_site_finder
DEBUG    28/09 23:40:36    Adding results from antismash.modules.pfam2go
DEBUG    28/09 23:40:36    Adding results from antismash.modules.t2pks
DEBUG    28/09 23:40:36    Adding results from antismash.modules.rrefinder
DEBUG    28/09 23:40:36    Adding results from antismash.modules.cluster_compare
DEBUG    28/09 23:40:36   Not annotating skipped record 18: No regions detected
DEBUG    28/09 23:40:36   Not annotating skipped record 30: No regions detected
DEBUG    28/09 23:40:36   Not annotating skipped record 23: No regions detected
DEBUG    28/09 23:40:36   Annotating record 13 with results from: hmm_detection, nrps_pks_domains, cluster_hmmer, genefunctions, tigrfam, tta, lanthipeptides, thiopeptides, nrps_pks, clusterblast, sactipeptides, lassopeptides, active_site_finder, pfam2go, t2pks, rrefinder, cluster_compare
DEBUG    28/09 23:40:36    Adding results from antismash.modules.tta
DEBUG    28/09 23:40:36    Adding results from antismash.modules.lanthipeptides
DEBUG    28/09 23:40:36    Adding results from antismash.modules.thiopeptides
DEBUG    28/09 23:40:36    Adding results from antismash.modules.nrps_pks
DEBUG    28/09 23:40:36    Adding results from antismash.modules.clusterblast
DEBUG    28/09 23:40:36    Adding results from antismash.modules.sactipeptides
DEBUG    28/09 23:40:36    Adding results from antismash.modules.lassopeptides
DEBUG    28/09 23:40:36    Adding results from antismash.modules.active_site_finder
DEBUG    28/09 23:40:36    Adding results from antismash.modules.pfam2go
DEBUG    28/09 23:40:36    Adding results from antismash.modules.t2pks
DEBUG    28/09 23:40:36    Adding results from antismash.modules.rrefinder
DEBUG    28/09 23:40:36    Adding results from antismash.modules.cluster_compare
DEBUG    28/09 23:40:36   Not annotating skipped record 16: No regions detected
DEBUG    28/09 23:40:36   Not annotating skipped record 29: No regions detected
DEBUG    28/09 23:40:36   Not annotating skipped record 6: No regions detected
DEBUG    28/09 23:40:36   Not annotating skipped record 27: No regions detected
DEBUG    28/09 23:40:36   Not annotating skipped record 25: No regions detected
DEBUG    28/09 23:40:36   Not annotating skipped record 28: No regions detected
DEBUG    28/09 23:40:36   Not annotating skipped record 3: No regions detected
DEBUG    28/09 23:40:36   Annotating record 9 with results from: hmm_detection, nrps_pks_domains, cluster_hmmer, genefunctions, tigrfam, tta, lanthipeptides, thiopeptides, nrps_pks, clusterblast, sactipeptides, lassopeptides, active_site_finder, pfam2go, t2pks, rrefinder, cluster_compare
DEBUG    28/09 23:40:36    Adding results from antismash.modules.tta
DEBUG    28/09 23:40:36    Adding results from antismash.modules.lanthipeptides
DEBUG    28/09 23:40:36    Adding results from antismash.modules.thiopeptides
DEBUG    28/09 23:40:36    Adding results from antismash.modules.nrps_pks
DEBUG    28/09 23:40:36    Adding results from antismash.modules.clusterblast
DEBUG    28/09 23:40:36    Adding results from antismash.modules.sactipeptides
DEBUG    28/09 23:40:36    Adding results from antismash.modules.lassopeptides
DEBUG    28/09 23:40:36    Adding results from antismash.modules.active_site_finder
DEBUG    28/09 23:40:36    Adding results from antismash.modules.pfam2go
DEBUG    28/09 23:40:36    Adding results from antismash.modules.t2pks
DEBUG    28/09 23:40:36    Adding results from antismash.modules.rrefinder
DEBUG    28/09 23:40:36    Adding results from antismash.modules.cluster_compare
DEBUG    28/09 23:40:36   Not annotating skipped record 12: No regions detected
DEBUG    28/09 23:40:36   Not annotating skipped record 14: No regions detected
DEBUG    28/09 23:40:36   Not annotating skipped record 15: No regions detected
DEBUG    28/09 23:40:36   Not annotating skipped record 20: No regions detected
DEBUG    28/09 23:40:36   Not annotating skipped record 8: No regions detected
DEBUG    28/09 23:40:36   Annotating record 4 with results from: hmm_detection, nrps_pks_domains, cluster_hmmer, genefunctions, tigrfam, tta, lanthipeptides, thiopeptides, nrps_pks, clusterblast, sactipeptides, lassopeptides, active_site_finder, pfam2go, t2pks, rrefinder, cluster_compare
DEBUG    28/09 23:40:36    Adding results from antismash.modules.tta
DEBUG    28/09 23:40:36    Adding results from antismash.modules.lanthipeptides
DEBUG    28/09 23:40:36    Adding results from antismash.modules.thiopeptides
DEBUG    28/09 23:40:36    Adding results from antismash.modules.nrps_pks
DEBUG    28/09 23:40:36    Adding results from antismash.modules.clusterblast
DEBUG    28/09 23:40:36    Adding results from antismash.modules.sactipeptides
DEBUG    28/09 23:40:36    Adding results from antismash.modules.lassopeptides
DEBUG    28/09 23:40:36    Adding results from antismash.modules.active_site_finder
DEBUG    28/09 23:40:36    Adding results from antismash.modules.pfam2go
DEBUG    28/09 23:40:36    Adding results from antismash.modules.t2pks
DEBUG    28/09 23:40:36    Adding results from antismash.modules.rrefinder
DEBUG    28/09 23:40:36    Adding results from antismash.modules.cluster_compare
DEBUG    28/09 23:40:36   Not annotating skipped record 24: No regions detected
DEBUG    28/09 23:40:36   Not annotating skipped record 10: No regions detected
DEBUG    28/09 23:40:36   Not annotating skipped record 19: No regions detected
DEBUG    28/09 23:40:36   Not annotating skipped record 5: No regions detected
DEBUG    28/09 23:40:36   Creating results page
DEBUG    28/09 23:40:43   Creating results SVGs
DEBUG    28/09 23:40:43   Writing seq_records SVGs to '/data/antismash/upload/bacteria-8e5ca96c-1c72-4654-8b36-370ac435108d/svg'
DEBUG    28/09 23:40:44   Writing cluster-specific genbank files
DEBUG    28/09 23:40:44   Writing final genbank file to '/data/antismash/upload/bacteria-8e5ca96c-1c72-4654-8b36-370ac435108d/6666666.867957.gbk'
DEBUG    28/09 23:40:44   Zipping output to '/data/antismash/upload/bacteria-8e5ca96c-1c72-4654-8b36-370ac435108d/6666666.867957.zip'
