INFO     14/10 20:59:56   antiSMASH version: 6.0.1
INFO     14/10 20:59:56   diamond using executable: /usr/bin/diamond-aligner (0.9.24)
INFO     14/10 20:59:56   hmmpfam2 using executable: /usr/bin/hmm2pfam (2.3.2)
INFO     14/10 20:59:56   fasttree using executable: /usr/bin/fasttree
INFO     14/10 20:59:56   hmmsearch using executable: /usr/bin/hmmsearch (3.2.1)
INFO     14/10 20:59:56   hmmpress using executable: /usr/bin/hmmpress (3.2.1)
INFO     14/10 20:59:56   hmmscan using executable: /usr/bin/hmmscan (3.2.1)
INFO     14/10 20:59:57   meme using executable: /usr/bin/meme (4.11.2)
INFO     14/10 20:59:57   fimo using executable: /usr/bin/fimo (4.11.2)
INFO     14/10 20:59:57   glimmerhmm using executable: /usr/bin/glimmerhmm
INFO     14/10 20:59:57   prodigal using executable: /usr/bin/prodigal (V2.6.3)
INFO     14/10 20:59:57   muscle using executable: /usr/bin/muscle (v3.8.1551)
INFO     14/10 20:59:57   java using executable: /usr/bin/java (11.0.9)
INFO     14/10 20:59:57   blastp using executable: /usr/bin/blastp (2.8.1+)
INFO     14/10 20:59:57   makeblastdb using executable: /usr/bin/makeblastdb (2.8.1+)
DEBUG    14/10 20:59:57   Checking prerequisites for antismash.detection.genefinding
DEBUG    14/10 20:59:57   Checking prerequisites for antismash.detection.hmm_detection
DEBUG    14/10 20:59:57   Found file '/usr/local/lib/python3.7/dist-packages/antismash/detection/hmm_detection/data/bgc_seeds.hmm'
DEBUG    14/10 20:59:57   Found file '/usr/local/lib/python3.7/dist-packages/antismash/detection/hmm_detection/data/bgc_seeds.hmm.h3f'
DEBUG    14/10 20:59:57   Found file '/usr/local/lib/python3.7/dist-packages/antismash/detection/hmm_detection/data/bgc_seeds.hmm.h3i'
DEBUG    14/10 20:59:57   Found file '/usr/local/lib/python3.7/dist-packages/antismash/detection/hmm_detection/data/bgc_seeds.hmm.h3m'
DEBUG    14/10 20:59:57   Found file '/usr/local/lib/python3.7/dist-packages/antismash/detection/hmm_detection/data/bgc_seeds.hmm.h3p'
DEBUG    14/10 20:59:57   Checking prerequisites for antismash.detection.nrps_pks_domains
DEBUG    14/10 20:59:57   Found file '/usr/local/lib/python3.7/dist-packages/antismash/detection/nrps_pks_domains/data/abmotifs.hmm.h3f'
DEBUG    14/10 20:59:57   Found file '/usr/local/lib/python3.7/dist-packages/antismash/detection/nrps_pks_domains/data/abmotifs.hmm.h3i'
DEBUG    14/10 20:59:57   Found file '/usr/local/lib/python3.7/dist-packages/antismash/detection/nrps_pks_domains/data/abmotifs.hmm.h3m'
DEBUG    14/10 20:59:57   Found file '/usr/local/lib/python3.7/dist-packages/antismash/detection/nrps_pks_domains/data/abmotifs.hmm.h3p'
DEBUG    14/10 20:59:57   Found file '/usr/local/lib/python3.7/dist-packages/antismash/detection/nrps_pks_domains/data/dockingdomains.hmm.h3f'
DEBUG    14/10 20:59:57   Found file '/usr/local/lib/python3.7/dist-packages/antismash/detection/nrps_pks_domains/data/dockingdomains.hmm.h3i'
DEBUG    14/10 20:59:57   Found file '/usr/local/lib/python3.7/dist-packages/antismash/detection/nrps_pks_domains/data/dockingdomains.hmm.h3m'
DEBUG    14/10 20:59:57   Found file '/usr/local/lib/python3.7/dist-packages/antismash/detection/nrps_pks_domains/data/dockingdomains.hmm.h3p'
DEBUG    14/10 20:59:57   Found file '/usr/local/lib/python3.7/dist-packages/antismash/detection/nrps_pks_domains/data/ksdomains.hmm.h3f'
DEBUG    14/10 20:59:57   Found file '/usr/local/lib/python3.7/dist-packages/antismash/detection/nrps_pks_domains/data/ksdomains.hmm.h3i'
DEBUG    14/10 20:59:57   Found file '/usr/local/lib/python3.7/dist-packages/antismash/detection/nrps_pks_domains/data/ksdomains.hmm.h3m'
DEBUG    14/10 20:59:57   Found file '/usr/local/lib/python3.7/dist-packages/antismash/detection/nrps_pks_domains/data/ksdomains.hmm.h3p'
DEBUG    14/10 20:59:57   Found file '/usr/local/lib/python3.7/dist-packages/antismash/detection/nrps_pks_domains/data/nrpspksdomains.hmm.h3f'
DEBUG    14/10 20:59:57   Found file '/usr/local/lib/python3.7/dist-packages/antismash/detection/nrps_pks_domains/data/nrpspksdomains.hmm.h3i'
DEBUG    14/10 20:59:57   Found file '/usr/local/lib/python3.7/dist-packages/antismash/detection/nrps_pks_domains/data/nrpspksdomains.hmm.h3m'
DEBUG    14/10 20:59:57   Found file '/usr/local/lib/python3.7/dist-packages/antismash/detection/nrps_pks_domains/data/nrpspksdomains.hmm.h3p'
DEBUG    14/10 20:59:57   Checking prerequisites for antismash.detection.cluster_hmmer
DEBUG    14/10 20:59:57   Found file '/databases/pfam/32.0/Pfam-A.hmm'
DEBUG    14/10 20:59:57   Found file '/databases/pfam/32.0/Pfam-A.hmm.h3f'
DEBUG    14/10 20:59:57   Found file '/databases/pfam/32.0/Pfam-A.hmm.h3i'
DEBUG    14/10 20:59:57   Found file '/databases/pfam/32.0/Pfam-A.hmm.h3m'
DEBUG    14/10 20:59:57   Found file '/databases/pfam/32.0/Pfam-A.hmm.h3p'
DEBUG    14/10 20:59:57   Checking prerequisites for antismash.detection.genefunctions
DEBUG    14/10 20:59:57   Found file '/databases/resfam/Resfams.hmm'
DEBUG    14/10 20:59:57   Found file '/usr/local/lib/python3.7/dist-packages/antismash/detection/genefunctions/data/smcogs.hmm.h3f'
DEBUG    14/10 20:59:57   Found file '/usr/local/lib/python3.7/dist-packages/antismash/detection/genefunctions/data/smcogs.hmm.h3i'
DEBUG    14/10 20:59:57   Found file '/usr/local/lib/python3.7/dist-packages/antismash/detection/genefunctions/data/smcogs.hmm.h3m'
DEBUG    14/10 20:59:57   Found file '/usr/local/lib/python3.7/dist-packages/antismash/detection/genefunctions/data/smcogs.hmm.h3p'
DEBUG    14/10 20:59:57   Checking prerequisites for antismash.detection.tigrfam
DEBUG    14/10 20:59:57   Found file '/databases/tigrfam/TIGRFam.hmm'
DEBUG    14/10 20:59:57   Found file '/databases/tigrfam/TIGRFam.hmm.h3f'
DEBUG    14/10 20:59:57   Found file '/databases/tigrfam/TIGRFam.hmm.h3i'
DEBUG    14/10 20:59:57   Found file '/databases/tigrfam/TIGRFam.hmm.h3m'
DEBUG    14/10 20:59:57   Found file '/databases/tigrfam/TIGRFam.hmm.h3p'
DEBUG    14/10 20:59:57   Checking prerequisites for antismash.modules.tta
DEBUG    14/10 20:59:57   Checking prerequisites for antismash.modules.lanthipeptides
DEBUG    14/10 20:59:57   missing cached SVM classifiers, rebuilding
DEBUG    14/10 20:59:57   Checking prerequisites for antismash.modules.thiopeptides
DEBUG    14/10 20:59:57   Checking prerequisites for antismash.modules.nrps_pks
DEBUG    14/10 20:59:57   Checking prerequisites for antismash.modules.clusterblast
DEBUG    14/10 20:59:57   Found file '/usr/local/lib/python3.7/dist-packages/antismash/modules/clusterblast/data/known/clusters.txt'
DEBUG    14/10 20:59:57   Found file '/usr/local/lib/python3.7/dist-packages/antismash/modules/clusterblast/data/known/proteins.fasta'
DEBUG    14/10 20:59:57   Found file '/usr/local/lib/python3.7/dist-packages/antismash/modules/clusterblast/data/known/proteins.dmnd'
DEBUG    14/10 20:59:57   Found file '/usr/local/lib/python3.7/dist-packages/antismash/modules/clusterblast/data/known/proteins.dmnd'
DEBUG    14/10 20:59:57   Found file '/databases/clusterblast/clusters.txt'
DEBUG    14/10 20:59:57   Found file '/databases/clusterblast/proteins.fasta'
DEBUG    14/10 20:59:57   Found file '/databases/clusterblast/proteins.dmnd'
DEBUG    14/10 20:59:57   Found file '/databases/clusterblast/proteins.dmnd'
DEBUG    14/10 20:59:57   Found file '/usr/local/lib/python3.7/dist-packages/antismash/modules/clusterblast/data/sub/proteins.fasta'
DEBUG    14/10 20:59:57   Found file '/usr/local/lib/python3.7/dist-packages/antismash/modules/clusterblast/data/sub/proteins.fasta.phr'
DEBUG    14/10 20:59:57   Found file '/usr/local/lib/python3.7/dist-packages/antismash/modules/clusterblast/data/sub/proteins.fasta.pin'
DEBUG    14/10 20:59:57   Found file '/usr/local/lib/python3.7/dist-packages/antismash/modules/clusterblast/data/sub/proteins.fasta.psq'
DEBUG    14/10 20:59:57   Found file '/usr/local/lib/python3.7/dist-packages/antismash/modules/clusterblast/data/sub/clusters.txt'
DEBUG    14/10 20:59:57   Checking prerequisites for antismash.modules.sactipeptides
DEBUG    14/10 20:59:57   Checking prerequisites for antismash.modules.lassopeptides
DEBUG    14/10 20:59:57   Checking prerequisites for antismash.modules.active_site_finder
DEBUG    14/10 20:59:57   Found file '/usr/local/lib/python3.7/dist-packages/antismash/modules/active_site_finder/data/PKSI-KR.hmm2'
DEBUG    14/10 20:59:57   Found file '/usr/local/lib/python3.7/dist-packages/antismash/modules/active_site_finder/data/PKSI-KS_N.hmm2'
DEBUG    14/10 20:59:57   Found file '/usr/local/lib/python3.7/dist-packages/antismash/modules/active_site_finder/data/PKSI-KS_C.hmm2'
DEBUG    14/10 20:59:57   Found file '/usr/local/lib/python3.7/dist-packages/antismash/modules/active_site_finder/data/PKSI-AT.hmm2'
DEBUG    14/10 20:59:57   Found file '/usr/local/lib/python3.7/dist-packages/antismash/modules/active_site_finder/data/PKSI-ACP.hmm2'
DEBUG    14/10 20:59:57   Found file '/usr/local/lib/python3.7/dist-packages/antismash/modules/active_site_finder/data/PKSI-DH.hmm2'
DEBUG    14/10 20:59:57   Found file '/usr/local/lib/python3.7/dist-packages/antismash/modules/active_site_finder/data/Thioesterase.hmm2'
DEBUG    14/10 20:59:57   Found file '/usr/local/lib/python3.7/dist-packages/antismash/modules/active_site_finder/data/PKSI-ER.hmm2'
DEBUG    14/10 20:59:57   Found file '/usr/local/lib/python3.7/dist-packages/antismash/modules/active_site_finder/data/p450.hmm2'
DEBUG    14/10 20:59:57   Checking prerequisites for antismash.modules.pfam2go
DEBUG    14/10 20:59:57   Found file '/usr/local/lib/python3.7/dist-packages/antismash/modules/pfam2go/data/pfam2go.txt'
DEBUG    14/10 20:59:57   Checking prerequisites for antismash.modules.t2pks
DEBUG    14/10 20:59:57   Found file '/usr/local/lib/python3.7/dist-packages/antismash/modules/t2pks/data/KSIII.fasta'
DEBUG    14/10 20:59:57   Found file '/usr/local/lib/python3.7/dist-packages/antismash/modules/t2pks/data/KSIII.phr'
DEBUG    14/10 20:59:57   Found file '/usr/local/lib/python3.7/dist-packages/antismash/modules/t2pks/data/KSIII.pin'
DEBUG    14/10 20:59:57   Found file '/usr/local/lib/python3.7/dist-packages/antismash/modules/t2pks/data/KSIII.psq'
DEBUG    14/10 20:59:57   Found file '/usr/local/lib/python3.7/dist-packages/antismash/modules/t2pks/data/AT.fasta'
DEBUG    14/10 20:59:57   Found file '/usr/local/lib/python3.7/dist-packages/antismash/modules/t2pks/data/AT.phr'
DEBUG    14/10 20:59:57   Found file '/usr/local/lib/python3.7/dist-packages/antismash/modules/t2pks/data/AT.pin'
DEBUG    14/10 20:59:57   Found file '/usr/local/lib/python3.7/dist-packages/antismash/modules/t2pks/data/AT.psq'
DEBUG    14/10 20:59:57   Found file '/usr/local/lib/python3.7/dist-packages/antismash/modules/t2pks/data/LIG.fasta'
DEBUG    14/10 20:59:57   Found file '/usr/local/lib/python3.7/dist-packages/antismash/modules/t2pks/data/LIG.phr'
DEBUG    14/10 20:59:57   Found file '/usr/local/lib/python3.7/dist-packages/antismash/modules/t2pks/data/LIG.pin'
DEBUG    14/10 20:59:57   Found file '/usr/local/lib/python3.7/dist-packages/antismash/modules/t2pks/data/LIG.psq'
DEBUG    14/10 20:59:57   Found file '/usr/local/lib/python3.7/dist-packages/antismash/modules/t2pks/data/t2pks.hmm.h3f'
DEBUG    14/10 20:59:57   Found file '/usr/local/lib/python3.7/dist-packages/antismash/modules/t2pks/data/t2pks.hmm.h3i'
DEBUG    14/10 20:59:57   Found file '/usr/local/lib/python3.7/dist-packages/antismash/modules/t2pks/data/t2pks.hmm.h3m'
DEBUG    14/10 20:59:57   Found file '/usr/local/lib/python3.7/dist-packages/antismash/modules/t2pks/data/t2pks.hmm.h3p'
DEBUG    14/10 20:59:57   Checking prerequisites for antismash.modules.rrefinder
DEBUG    14/10 20:59:57   Found file '/usr/local/lib/python3.7/dist-packages/antismash/modules/rrefinder/data/RREFam.hmm.h3f'
DEBUG    14/10 20:59:57   Found file '/usr/local/lib/python3.7/dist-packages/antismash/modules/rrefinder/data/RREFam.hmm.h3i'
DEBUG    14/10 20:59:57   Found file '/usr/local/lib/python3.7/dist-packages/antismash/modules/rrefinder/data/RREFam.hmm.h3m'
DEBUG    14/10 20:59:57   Found file '/usr/local/lib/python3.7/dist-packages/antismash/modules/rrefinder/data/RREFam.hmm.h3p'
DEBUG    14/10 20:59:57   Checking prerequisites for antismash.modules.cluster_compare
DEBUG    14/10 20:59:57   Found file '/databases/clustercompare/mibig/data.json'
DEBUG    14/10 20:59:57   Found file '/databases/clustercompare/mibig/proteins.fasta'
DEBUG    14/10 20:59:57   Found file '/databases/clustercompare/mibig/proteins.dmnd'
DEBUG    14/10 20:59:57   Found file '/databases/clustercompare/mibig/proteins.dmnd'
DEBUG    14/10 20:59:57   Checking prerequisites for antismash.outputs.html
DEBUG    14/10 20:59:57   Found file '/usr/local/lib/python3.7/dist-packages/antismash/outputs/html/css/bacteria.css'
DEBUG    14/10 20:59:57   Found file '/usr/local/lib/python3.7/dist-packages/antismash/outputs/html/css/fungi.css'
DEBUG    14/10 20:59:57   Found file '/usr/local/lib/python3.7/dist-packages/antismash/outputs/html/css/plants.css'
DEBUG    14/10 20:59:57   Checking options for antismash.detection.genefinding
DEBUG    14/10 20:59:57   Checking options for antismash.detection.hmm_detection
DEBUG    14/10 20:59:57   Checking options for antismash.detection.nrps_pks_domains
DEBUG    14/10 20:59:57   Checking options for antismash.detection.cluster_hmmer
DEBUG    14/10 20:59:57   Found file '/databases/pfam/32.0/Pfam-A.hmm'
DEBUG    14/10 20:59:57   Found file '/databases/pfam/32.0/Pfam-A.hmm.h3f'
DEBUG    14/10 20:59:57   Found file '/databases/pfam/32.0/Pfam-A.hmm.h3i'
DEBUG    14/10 20:59:57   Found file '/databases/pfam/32.0/Pfam-A.hmm.h3m'
DEBUG    14/10 20:59:57   Found file '/databases/pfam/32.0/Pfam-A.hmm.h3p'
DEBUG    14/10 20:59:57   Checking options for antismash.detection.genefunctions
DEBUG    14/10 20:59:57   Checking options for antismash.detection.tigrfam
DEBUG    14/10 20:59:57   Checking options for antismash.modules.tta
DEBUG    14/10 20:59:57   Checking options for antismash.modules.lanthipeptides
DEBUG    14/10 20:59:57   Checking options for antismash.modules.thiopeptides
DEBUG    14/10 20:59:57   Checking options for antismash.modules.nrps_pks
DEBUG    14/10 20:59:57   Checking options for antismash.modules.clusterblast
DEBUG    14/10 20:59:57   Checking options for antismash.modules.sactipeptides
DEBUG    14/10 20:59:57   Checking options for antismash.modules.lassopeptides
DEBUG    14/10 20:59:57   Checking options for antismash.modules.active_site_finder
DEBUG    14/10 20:59:57   Checking options for antismash.modules.pfam2go
DEBUG    14/10 20:59:57   Checking options for antismash.modules.t2pks
DEBUG    14/10 20:59:57   Checking options for antismash.modules.rrefinder
DEBUG    14/10 20:59:57   Checking options for antismash.modules.cluster_compare
DEBUG    14/10 20:59:57   Checking options for antismash.outputs.html
INFO     14/10 20:59:57   Parsing input sequence '/input/6666666.871044.gbk'
DEBUG    14/10 20:59:59   Stripping antiSMASH features and annotations from record: CC210A_hibrido_contig_2
DEBUG    14/10 20:59:59   Stripping antiSMASH features and annotations from record: CC210A_hibrido_contig_6
DEBUG    14/10 20:59:59   Stripping antiSMASH features and annotations from record: CC210A_hibrido_contig_9
DEBUG    14/10 20:59:59   Stripping antiSMASH features and annotations from record: CC210A_hibrido_contig_8
DEBUG    14/10 20:59:59   Stripping antiSMASH features and annotations from record: CC210A_hibrido_contig_1
DEBUG    14/10 20:59:59   Stripping antiSMASH features and annotations from record: CC210A_hibrido_contig_7
DEBUG    14/10 20:59:59   Stripping antiSMASH features and annotations from record: CC210A_hibrido_contig_4
DEBUG    14/10 20:59:59   Stripping antiSMASH features and annotations from record: CC210A_hibrido_contig_5
DEBUG    14/10 20:59:59   Stripping antiSMASH features and annotations from record: CC210A_hibrido_contig_3
DEBUG    14/10 20:59:59   Converting records from biopython to secmet
DEBUG    14/10 21:00:00   Removing existing region genbank files
DEBUG    14/10 21:00:00   Reusing output directory: /data/antismash/upload/bacteria-f12e1d2b-eb4c-408e-a4fe-7055a0956eac
DEBUG    14/10 21:00:00   Preprocessing 9 sequences
DEBUG    14/10 21:00:00   Sanitising record ids and sequences
WARNING  14/10 21:00:00   Fasta header too long: renamed "CC210A_hibrido_contig_2" to "c00001_CC210A_.."
WARNING  14/10 21:00:00   Fasta header too long: renamed "CC210A_hibrido_contig_6" to "c00002_CC210A_.."
WARNING  14/10 21:00:00   Fasta header too long: renamed "CC210A_hibrido_contig_9" to "c00003_CC210A_.."
WARNING  14/10 21:00:00   Fasta header too long: renamed "CC210A_hibrido_contig_8" to "c00004_CC210A_.."
WARNING  14/10 21:00:00   Fasta header too long: renamed "CC210A_hibrido_contig_1" to "c00005_CC210A_.."
WARNING  14/10 21:00:00   Fasta header too long: renamed "CC210A_hibrido_contig_7" to "c00006_CC210A_.."
WARNING  14/10 21:00:00   Fasta header too long: renamed "CC210A_hibrido_contig_4" to "c00007_CC210A_.."
WARNING  14/10 21:00:00   Fasta header too long: renamed "CC210A_hibrido_contig_5" to "c00008_CC210A_.."
WARNING  14/10 21:00:00   Fasta header too long: renamed "CC210A_hibrido_contig_3" to "c00009_CC210A_.."
DEBUG    14/10 21:00:02   Removing sequences smaller than 1000 bases
DEBUG    14/10 21:00:02   Ensuring records have CDS features with all required information
INFO     14/10 21:00:03   Analysing record: c00001_CC210A_..
DEBUG    14/10 21:00:03   Checking if antismash.detection.full_hmmer should be run
INFO     14/10 21:00:03   Detecting secondary metabolite clusters
DEBUG    14/10 21:00:03   Checking if antismash.detection.sideloader should be run
DEBUG    14/10 21:00:03   Checking if antismash.detection.hmm_detection should be run
INFO     14/10 21:00:03   Running antismash.detection.hmm_detection
INFO     14/10 21:00:03   HMM detection using strictness: relaxed
DEBUG    14/10 21:00:10   2 rule-based cluster(s) found in record
DEBUG    14/10 21:00:10   Checking if antismash.detection.cassis should be run
DEBUG    14/10 21:00:10   2 protoclusters found
DEBUG    14/10 21:00:10   0 subregions found
INFO     14/10 21:00:10   2 region(s) detected in record
DEBUG    14/10 21:00:10   Checking if antismash.detection.nrps_pks_domains should be run
INFO     14/10 21:00:10   Running antismash.detection.nrps_pks_domains
DEBUG    14/10 21:00:10   Marking NRPS/PKS CDS features and domains in clusters
DEBUG    14/10 21:00:11   Adding detection results from antismash.detection.nrps_pks_domains to record
DEBUG    14/10 21:00:11   Checking if antismash.detection.cluster_hmmer should be run
INFO     14/10 21:00:11   Running antismash.detection.cluster_hmmer
INFO     14/10 21:00:11   Running cluster PFAM search
DEBUG    14/10 21:00:20   Building mapping for pHMM database Pfam-A.hmm
DEBUG    14/10 21:00:28   Building mapping for HMMer database /databases/pfam/32.0/Pfam-A.hmm
DEBUG    14/10 21:00:36   Adding detection results from antismash.detection.cluster_hmmer to record
DEBUG    14/10 21:00:36   Checking if antismash.detection.genefunctions should be run
INFO     14/10 21:00:36   Running antismash.detection.genefunctions
DEBUG    14/10 21:00:38   Adding detection results from antismash.detection.genefunctions to record
DEBUG    14/10 21:00:38   annotating CDS features with resist info: 0 CDSes
DEBUG    14/10 21:00:38   annotating CDS features with smcogs info: 9 CDSes
DEBUG    14/10 21:00:38   Checking if antismash.detection.tigrfam should be run
INFO     14/10 21:00:38   Running antismash.detection.tigrfam
INFO     14/10 21:00:38   Running TIGRFam search
DEBUG    14/10 21:00:41   Building mapping for pHMM database TIGRFam.hmm
DEBUG    14/10 21:00:44   Adding detection results from antismash.detection.tigrfam to record
DEBUG    14/10 21:00:44   Checking if antismash.modules.smcog_trees should be run
DEBUG    14/10 21:00:44   Checking if antismash.modules.tta should be run
INFO     14/10 21:00:44   Running antismash.modules.tta
INFO     14/10 21:00:44   Detecting TTA codons
DEBUG    14/10 21:00:44   GC content: 74%
DEBUG    14/10 21:00:44   Detected 0 TTA codons
DEBUG    14/10 21:00:44   Checking if antismash.modules.lanthipeptides should be run
INFO     14/10 21:00:44   Running antismash.modules.lanthipeptides
DEBUG    14/10 21:00:44   Lanthipeptide module marked 0 motifs
DEBUG    14/10 21:00:44   Checking if antismash.modules.thiopeptides should be run
INFO     14/10 21:00:44   Running antismash.modules.thiopeptides
DEBUG    14/10 21:00:44   Thiopeptides marked 0 motifs
DEBUG    14/10 21:00:44   Checking if antismash.modules.nrps_pks should be run
INFO     14/10 21:00:44   Running antismash.modules.nrps_pks
DEBUG    14/10 21:00:44   Checking if antismash.modules.clusterblast should be run
INFO     14/10 21:00:44   Running antismash.modules.clusterblast
INFO     14/10 21:00:44   Finding internal homologs in each gene cluster...
INFO     14/10 21:00:44   Running ClusterBlast
INFO     14/10 21:00:44   ClusterBlast: Loading gene cluster database into memory...
INFO     14/10 21:00:47   ClusterBlast: Loading gene cluster database proteins into memory...
INFO     14/10 21:01:06   Comparing regions to reference database
INFO     14/10 21:01:15   Running subcluster search
INFO     14/10 21:01:15   SubClusterBlast: Loading gene cluster database into memory...
INFO     14/10 21:01:15   SubClusterBlast: Loading gene cluster database proteins into memory...
INFO     14/10 21:01:18   Running known cluster search
INFO     14/10 21:01:18   KnownClusterBlast: Loading gene cluster database into memory...
INFO     14/10 21:01:18   KnownClusterBlast: Loading gene cluster database proteins into memory...
DEBUG    14/10 21:01:18   Running DIAMOND knowncluster searches..
INFO     14/10 21:01:18   Comparing regions to reference database
DEBUG    14/10 21:01:20   Checking if antismash.modules.sactipeptides should be run
INFO     14/10 21:01:20   Running antismash.modules.sactipeptides
DEBUG    14/10 21:01:20   Found no sactipeptide motifs
DEBUG    14/10 21:01:20   Checking if antismash.modules.lassopeptides should be run
INFO     14/10 21:01:20   Running antismash.modules.lassopeptides
DEBUG    14/10 21:01:20   Lassopeptide module marked 0 motifs
DEBUG    14/10 21:01:20   Checking if antismash.modules.active_site_finder should be run
INFO     14/10 21:01:20   Running antismash.modules.active_site_finder
DEBUG    14/10 21:01:20   Checking if antismash.modules.pfam2go should be run
INFO     14/10 21:01:20   Running antismash.modules.pfam2go
DEBUG    14/10 21:01:20   Checking if antismash.modules.t2pks should be run
INFO     14/10 21:01:20   Running antismash.modules.t2pks
DEBUG    14/10 21:01:20   No type II PKS clusters to analyze
DEBUG    14/10 21:01:20   Checking if antismash.modules.rrefinder should be run
INFO     14/10 21:01:20   Running antismash.modules.rrefinder
DEBUG    14/10 21:01:20   Checking if antismash.modules.cluster_compare should be run
INFO     14/10 21:01:20   Running antismash.modules.cluster_compare
DEBUG    14/10 21:01:20   Loading comparison database: MIBiG
DEBUG    14/10 21:01:20   Comparison database loaded
INFO     14/10 21:01:20   Comparing regions to reference database
INFO     14/10 21:01:21   Analysing record: c00002_CC210A_..
DEBUG    14/10 21:01:21   Checking if antismash.detection.full_hmmer should be run
INFO     14/10 21:01:21   Detecting secondary metabolite clusters
DEBUG    14/10 21:01:21   Checking if antismash.detection.sideloader should be run
DEBUG    14/10 21:01:21   Checking if antismash.detection.hmm_detection should be run
INFO     14/10 21:01:21   Running antismash.detection.hmm_detection
INFO     14/10 21:01:21   HMM detection using strictness: relaxed
DEBUG    14/10 21:01:22   0 rule-based cluster(s) found in record
DEBUG    14/10 21:01:22   Checking if antismash.detection.cassis should be run
DEBUG    14/10 21:01:22   0 protoclusters found
DEBUG    14/10 21:01:22   0 subregions found
INFO     14/10 21:01:22   No regions detected, skipping record
INFO     14/10 21:01:22   Analysing record: c00003_CC210A_..
DEBUG    14/10 21:01:22   Checking if antismash.detection.full_hmmer should be run
INFO     14/10 21:01:22   Detecting secondary metabolite clusters
DEBUG    14/10 21:01:22   Checking if antismash.detection.sideloader should be run
DEBUG    14/10 21:01:22   Checking if antismash.detection.hmm_detection should be run
INFO     14/10 21:01:22   Running antismash.detection.hmm_detection
INFO     14/10 21:01:22   HMM detection using strictness: relaxed
DEBUG    14/10 21:01:22   0 rule-based cluster(s) found in record
DEBUG    14/10 21:01:23   Checking if antismash.detection.cassis should be run
DEBUG    14/10 21:01:23   0 protoclusters found
DEBUG    14/10 21:01:23   0 subregions found
INFO     14/10 21:01:23   No regions detected, skipping record
INFO     14/10 21:01:23   Analysing record: c00004_CC210A_..
DEBUG    14/10 21:01:23   Checking if antismash.detection.full_hmmer should be run
INFO     14/10 21:01:23   Detecting secondary metabolite clusters
DEBUG    14/10 21:01:23   Checking if antismash.detection.sideloader should be run
DEBUG    14/10 21:01:23   Checking if antismash.detection.hmm_detection should be run
INFO     14/10 21:01:23   Running antismash.detection.hmm_detection
INFO     14/10 21:01:23   HMM detection using strictness: relaxed
DEBUG    14/10 21:01:23   0 rule-based cluster(s) found in record
DEBUG    14/10 21:01:23   Checking if antismash.detection.cassis should be run
DEBUG    14/10 21:01:23   0 protoclusters found
DEBUG    14/10 21:01:23   0 subregions found
INFO     14/10 21:01:23   No regions detected, skipping record
INFO     14/10 21:01:23   Analysing record: c00005_CC210A_..
DEBUG    14/10 21:01:23   Checking if antismash.detection.full_hmmer should be run
INFO     14/10 21:01:23   Detecting secondary metabolite clusters
DEBUG    14/10 21:01:23   Checking if antismash.detection.sideloader should be run
DEBUG    14/10 21:01:23   Checking if antismash.detection.hmm_detection should be run
INFO     14/10 21:01:23   Running antismash.detection.hmm_detection
INFO     14/10 21:01:23   HMM detection using strictness: relaxed
DEBUG    14/10 21:01:33   15 rule-based cluster(s) found in record
DEBUG    14/10 21:01:33   Checking if antismash.detection.cassis should be run
DEBUG    14/10 21:01:33   15 protoclusters found
DEBUG    14/10 21:01:33   0 subregions found
INFO     14/10 21:01:33   8 region(s) detected in record
DEBUG    14/10 21:01:33   Checking if antismash.detection.nrps_pks_domains should be run
INFO     14/10 21:01:33   Running antismash.detection.nrps_pks_domains
DEBUG    14/10 21:01:33   Marking NRPS/PKS CDS features and domains in clusters
DEBUG    14/10 21:01:37   Adding detection results from antismash.detection.nrps_pks_domains to record
DEBUG    14/10 21:01:37   Checking if antismash.detection.cluster_hmmer should be run
INFO     14/10 21:01:37   Running antismash.detection.cluster_hmmer
INFO     14/10 21:01:37   Running cluster PFAM search
DEBUG    14/10 21:03:49   Adding detection results from antismash.detection.cluster_hmmer to record
DEBUG    14/10 21:03:49   Checking if antismash.detection.genefunctions should be run
INFO     14/10 21:03:49   Running antismash.detection.genefunctions
DEBUG    14/10 21:04:05   Adding detection results from antismash.detection.genefunctions to record
DEBUG    14/10 21:04:05   annotating CDS features with resist info: 1 CDSes
DEBUG    14/10 21:04:05   annotating CDS features with smcogs info: 107 CDSes
DEBUG    14/10 21:04:05   Checking if antismash.detection.tigrfam should be run
INFO     14/10 21:04:05   Running antismash.detection.tigrfam
INFO     14/10 21:04:05   Running TIGRFam search
DEBUG    14/10 21:04:53   Adding detection results from antismash.detection.tigrfam to record
DEBUG    14/10 21:04:53   Checking if antismash.modules.smcog_trees should be run
DEBUG    14/10 21:04:53   Checking if antismash.modules.tta should be run
INFO     14/10 21:04:53   Running antismash.modules.tta
INFO     14/10 21:04:53   Detecting TTA codons
DEBUG    14/10 21:04:53   GC content: 73%
DEBUG    14/10 21:04:54   Detected 1 TTA codons
DEBUG    14/10 21:04:54   Checking if antismash.modules.lanthipeptides should be run
INFO     14/10 21:04:54   Running antismash.modules.lanthipeptides
DEBUG    14/10 21:04:54   Lanthipeptide module marked 0 motifs
DEBUG    14/10 21:04:54   Checking if antismash.modules.thiopeptides should be run
INFO     14/10 21:04:54   Running antismash.modules.thiopeptides
DEBUG    14/10 21:04:57   Thiopeptides marked 0 motifs
DEBUG    14/10 21:04:57   Checking if antismash.modules.nrps_pks should be run
INFO     14/10 21:04:57   Running antismash.modules.nrps_pks
INFO     14/10 21:04:57   Predicting A domain substrate specificities with NRPSPredictor2
INFO     14/10 21:05:05   Predicting CAL domain substrate specificities by Minowa et al. method
INFO     14/10 21:05:05   Predicting PKS KR activity and stereochemistry using KR fingerprints from Starcevic et al.
DEBUG    14/10 21:05:08   missing fatty_acid from SMILES parts for domain nrpspksdomains_cds314798_321158_CAL_domain.1
DEBUG    14/10 21:05:08   CandidateCluster 1 monomer ordering method: colinear
DEBUG    14/10 21:05:08   CandidateCluster 2 monomer ordering method: colinear
DEBUG    14/10 21:05:08   CandidateCluster 3 monomer ordering method: colinear
DEBUG    14/10 21:05:08   CandidateCluster 4 monomer ordering method: colinear
DEBUG    14/10 21:05:08   CandidateCluster 5 monomer ordering method: colinear
DEBUG    14/10 21:05:08   CandidateCluster 6 monomer ordering method: colinear
DEBUG    14/10 21:05:08   CandidateCluster 7 monomer ordering method: colinear
DEBUG    14/10 21:05:08   CandidateCluster 9 monomer ordering method: colinear
DEBUG    14/10 21:05:08   CandidateCluster 12 monomer ordering method: colinear
DEBUG    14/10 21:05:08   CandidateCluster 15 monomer ordering method: colinear
DEBUG    14/10 21:05:08   Checking if antismash.modules.clusterblast should be run
INFO     14/10 21:05:08   Running antismash.modules.clusterblast
INFO     14/10 21:05:08   Finding internal homologs in each gene cluster...
INFO     14/10 21:05:11   Running ClusterBlast
INFO     14/10 21:05:11   ClusterBlast: Loading gene cluster database into memory...
INFO     14/10 21:05:13   ClusterBlast: Loading gene cluster database proteins into memory...
INFO     14/10 21:05:31   Comparing regions to reference database
INFO     14/10 21:06:19   Running subcluster search
INFO     14/10 21:06:19   SubClusterBlast: Loading gene cluster database into memory...
INFO     14/10 21:06:19   SubClusterBlast: Loading gene cluster database proteins into memory...
INFO     14/10 21:06:30   Running known cluster search
INFO     14/10 21:06:30   KnownClusterBlast: Loading gene cluster database into memory...
INFO     14/10 21:06:30   KnownClusterBlast: Loading gene cluster database proteins into memory...
DEBUG    14/10 21:06:30   Running DIAMOND knowncluster searches..
INFO     14/10 21:06:30   Comparing regions to reference database
DEBUG    14/10 21:06:35   Checking if antismash.modules.sactipeptides should be run
INFO     14/10 21:06:35   Running antismash.modules.sactipeptides
DEBUG    14/10 21:06:35   Found no sactipeptide motifs
DEBUG    14/10 21:06:35   Checking if antismash.modules.lassopeptides should be run
INFO     14/10 21:06:35   Running antismash.modules.lassopeptides
DEBUG    14/10 21:06:35   Lassopeptide module marked 0 motifs
DEBUG    14/10 21:06:35   Checking if antismash.modules.active_site_finder should be run
INFO     14/10 21:06:35   Running antismash.modules.active_site_finder
DEBUG    14/10 21:06:36   Checking if antismash.modules.pfam2go should be run
INFO     14/10 21:06:36   Running antismash.modules.pfam2go
DEBUG    14/10 21:06:36   Checking if antismash.modules.t2pks should be run
INFO     14/10 21:06:36   Running antismash.modules.t2pks
DEBUG    14/10 21:06:36   No type II PKS clusters to analyze
DEBUG    14/10 21:06:36   Checking if antismash.modules.rrefinder should be run
INFO     14/10 21:06:36   Running antismash.modules.rrefinder
DEBUG    14/10 21:06:37   Building mapping for pHMM database RREFam.hmm
DEBUG    14/10 21:06:37   Checking if antismash.modules.cluster_compare should be run
INFO     14/10 21:06:37   Running antismash.modules.cluster_compare
DEBUG    14/10 21:06:37   Loading comparison database: MIBiG
DEBUG    14/10 21:06:37   Comparison database loaded
INFO     14/10 21:06:37   Comparing regions to reference database
INFO     14/10 21:06:42   Analysing record: c00006_CC210A_..
DEBUG    14/10 21:06:42   Checking if antismash.detection.full_hmmer should be run
INFO     14/10 21:06:42   Detecting secondary metabolite clusters
DEBUG    14/10 21:06:42   Checking if antismash.detection.sideloader should be run
DEBUG    14/10 21:06:42   Checking if antismash.detection.hmm_detection should be run
INFO     14/10 21:06:42   Running antismash.detection.hmm_detection
INFO     14/10 21:06:42   HMM detection using strictness: relaxed
DEBUG    14/10 21:06:43   2 rule-based cluster(s) found in record
DEBUG    14/10 21:06:43   Checking if antismash.detection.cassis should be run
DEBUG    14/10 21:06:43   2 protoclusters found
DEBUG    14/10 21:06:43   0 subregions found
INFO     14/10 21:06:43   1 region(s) detected in record
DEBUG    14/10 21:06:43   Checking if antismash.detection.nrps_pks_domains should be run
INFO     14/10 21:06:43   Running antismash.detection.nrps_pks_domains
DEBUG    14/10 21:06:43   Marking NRPS/PKS CDS features and domains in clusters
DEBUG    14/10 21:06:44   Adding detection results from antismash.detection.nrps_pks_domains to record
DEBUG    14/10 21:06:44   Checking if antismash.detection.cluster_hmmer should be run
INFO     14/10 21:06:44   Running antismash.detection.cluster_hmmer
INFO     14/10 21:06:44   Running cluster PFAM search
DEBUG    14/10 21:06:55   Adding detection results from antismash.detection.cluster_hmmer to record
DEBUG    14/10 21:06:55   Checking if antismash.detection.genefunctions should be run
INFO     14/10 21:06:55   Running antismash.detection.genefunctions
DEBUG    14/10 21:06:57   Adding detection results from antismash.detection.genefunctions to record
DEBUG    14/10 21:06:57   annotating CDS features with resist info: 0 CDSes
DEBUG    14/10 21:06:57   annotating CDS features with smcogs info: 8 CDSes
DEBUG    14/10 21:06:57   Checking if antismash.detection.tigrfam should be run
INFO     14/10 21:06:57   Running antismash.detection.tigrfam
INFO     14/10 21:06:57   Running TIGRFam search
DEBUG    14/10 21:07:01   Adding detection results from antismash.detection.tigrfam to record
DEBUG    14/10 21:07:01   Checking if antismash.modules.smcog_trees should be run
DEBUG    14/10 21:07:01   Checking if antismash.modules.tta should be run
INFO     14/10 21:07:01   Running antismash.modules.tta
INFO     14/10 21:07:01   Detecting TTA codons
DEBUG    14/10 21:07:01   GC content: 71%
DEBUG    14/10 21:07:01   Detected 0 TTA codons
DEBUG    14/10 21:07:01   Checking if antismash.modules.lanthipeptides should be run
INFO     14/10 21:07:01   Running antismash.modules.lanthipeptides
DEBUG    14/10 21:07:01   Lanthipeptide module marked 0 motifs
DEBUG    14/10 21:07:01   Checking if antismash.modules.thiopeptides should be run
INFO     14/10 21:07:01   Running antismash.modules.thiopeptides
DEBUG    14/10 21:07:01   Thiopeptides marked 0 motifs
DEBUG    14/10 21:07:01   Checking if antismash.modules.nrps_pks should be run
INFO     14/10 21:07:01   Running antismash.modules.nrps_pks
INFO     14/10 21:07:01   Predicting A domain substrate specificities with NRPSPredictor2
DEBUG    14/10 21:07:03   Checking if antismash.modules.clusterblast should be run
INFO     14/10 21:07:03   Running antismash.modules.clusterblast
INFO     14/10 21:07:03   Finding internal homologs in each gene cluster...
INFO     14/10 21:07:04   Running ClusterBlast
INFO     14/10 21:07:04   ClusterBlast: Loading gene cluster database into memory...
INFO     14/10 21:07:06   ClusterBlast: Loading gene cluster database proteins into memory...
INFO     14/10 21:07:24   Comparing regions to reference database
INFO     14/10 21:07:36   Running subcluster search
INFO     14/10 21:07:36   SubClusterBlast: Loading gene cluster database into memory...
INFO     14/10 21:07:36   SubClusterBlast: Loading gene cluster database proteins into memory...
INFO     14/10 21:07:38   Running known cluster search
INFO     14/10 21:07:38   KnownClusterBlast: Loading gene cluster database into memory...
INFO     14/10 21:07:38   KnownClusterBlast: Loading gene cluster database proteins into memory...
DEBUG    14/10 21:07:38   Running DIAMOND knowncluster searches..
INFO     14/10 21:07:38   Comparing regions to reference database
DEBUG    14/10 21:07:40   Checking if antismash.modules.sactipeptides should be run
INFO     14/10 21:07:40   Running antismash.modules.sactipeptides
DEBUG    14/10 21:07:40   Found no sactipeptide motifs
DEBUG    14/10 21:07:40   Checking if antismash.modules.lassopeptides should be run
INFO     14/10 21:07:40   Running antismash.modules.lassopeptides
DEBUG    14/10 21:07:40   Lassopeptide module marked 0 motifs
DEBUG    14/10 21:07:40   Checking if antismash.modules.active_site_finder should be run
INFO     14/10 21:07:40   Running antismash.modules.active_site_finder
DEBUG    14/10 21:07:40   Checking if antismash.modules.pfam2go should be run
INFO     14/10 21:07:40   Running antismash.modules.pfam2go
DEBUG    14/10 21:07:40   Checking if antismash.modules.t2pks should be run
INFO     14/10 21:07:40   Running antismash.modules.t2pks
DEBUG    14/10 21:07:40   No type II PKS clusters to analyze
DEBUG    14/10 21:07:40   Checking if antismash.modules.rrefinder should be run
INFO     14/10 21:07:40   Running antismash.modules.rrefinder
DEBUG    14/10 21:07:40   Checking if antismash.modules.cluster_compare should be run
INFO     14/10 21:07:40   Running antismash.modules.cluster_compare
DEBUG    14/10 21:07:40   Loading comparison database: MIBiG
DEBUG    14/10 21:07:40   Comparison database loaded
INFO     14/10 21:07:40   Comparing regions to reference database
INFO     14/10 21:07:41   Analysing record: c00007_CC210A_..
DEBUG    14/10 21:07:41   Checking if antismash.detection.full_hmmer should be run
INFO     14/10 21:07:41   Detecting secondary metabolite clusters
DEBUG    14/10 21:07:41   Checking if antismash.detection.sideloader should be run
DEBUG    14/10 21:07:41   Checking if antismash.detection.hmm_detection should be run
INFO     14/10 21:07:41   Running antismash.detection.hmm_detection
INFO     14/10 21:07:41   HMM detection using strictness: relaxed
DEBUG    14/10 21:07:47   3 rule-based cluster(s) found in record
DEBUG    14/10 21:07:47   Checking if antismash.detection.cassis should be run
DEBUG    14/10 21:07:47   3 protoclusters found
DEBUG    14/10 21:07:47   0 subregions found
INFO     14/10 21:07:47   2 region(s) detected in record
DEBUG    14/10 21:07:47   Checking if antismash.detection.nrps_pks_domains should be run
INFO     14/10 21:07:47   Running antismash.detection.nrps_pks_domains
DEBUG    14/10 21:07:47   Marking NRPS/PKS CDS features and domains in clusters
DEBUG    14/10 21:07:48   Adding detection results from antismash.detection.nrps_pks_domains to record
DEBUG    14/10 21:07:48   Checking if antismash.detection.cluster_hmmer should be run
INFO     14/10 21:07:48   Running antismash.detection.cluster_hmmer
INFO     14/10 21:07:48   Running cluster PFAM search
DEBUG    14/10 21:08:14   Adding detection results from antismash.detection.cluster_hmmer to record
DEBUG    14/10 21:08:14   Checking if antismash.detection.genefunctions should be run
INFO     14/10 21:08:14   Running antismash.detection.genefunctions
DEBUG    14/10 21:08:18   Adding detection results from antismash.detection.genefunctions to record
DEBUG    14/10 21:08:18   annotating CDS features with resist info: 0 CDSes
DEBUG    14/10 21:08:18   annotating CDS features with smcogs info: 20 CDSes
DEBUG    14/10 21:08:18   Checking if antismash.detection.tigrfam should be run
INFO     14/10 21:08:18   Running antismash.detection.tigrfam
INFO     14/10 21:08:18   Running TIGRFam search
DEBUG    14/10 21:08:27   Adding detection results from antismash.detection.tigrfam to record
DEBUG    14/10 21:08:27   Checking if antismash.modules.smcog_trees should be run
DEBUG    14/10 21:08:27   Checking if antismash.modules.tta should be run
INFO     14/10 21:08:27   Running antismash.modules.tta
INFO     14/10 21:08:27   Detecting TTA codons
DEBUG    14/10 21:08:27   GC content: 73%
DEBUG    14/10 21:08:27   Detected 4 TTA codons
DEBUG    14/10 21:08:27   Checking if antismash.modules.lanthipeptides should be run
INFO     14/10 21:08:27   Running antismash.modules.lanthipeptides
DEBUG    14/10 21:08:28   Lanthipeptide module marked 0 motifs
DEBUG    14/10 21:08:28   Checking if antismash.modules.thiopeptides should be run
INFO     14/10 21:08:28   Running antismash.modules.thiopeptides
DEBUG    14/10 21:08:28   Thiopeptides marked 0 motifs
DEBUG    14/10 21:08:28   Checking if antismash.modules.nrps_pks should be run
INFO     14/10 21:08:28   Running antismash.modules.nrps_pks
INFO     14/10 21:08:28   Predicting A domain substrate specificities with NRPSPredictor2
DEBUG    14/10 21:08:31   CandidateCluster 1 monomer ordering method: colinear
DEBUG    14/10 21:08:31   Checking if antismash.modules.clusterblast should be run
INFO     14/10 21:08:31   Running antismash.modules.clusterblast
INFO     14/10 21:08:31   Finding internal homologs in each gene cluster...
INFO     14/10 21:08:32   Running ClusterBlast
INFO     14/10 21:08:32   ClusterBlast: Loading gene cluster database into memory...
INFO     14/10 21:08:34   ClusterBlast: Loading gene cluster database proteins into memory...
INFO     14/10 21:08:52   Comparing regions to reference database
INFO     14/10 21:09:10   Running subcluster search
INFO     14/10 21:09:10   SubClusterBlast: Loading gene cluster database into memory...
INFO     14/10 21:09:10   SubClusterBlast: Loading gene cluster database proteins into memory...
INFO     14/10 21:09:12   Running known cluster search
INFO     14/10 21:09:12   KnownClusterBlast: Loading gene cluster database into memory...
INFO     14/10 21:09:12   KnownClusterBlast: Loading gene cluster database proteins into memory...
DEBUG    14/10 21:09:12   Running DIAMOND knowncluster searches..
INFO     14/10 21:09:12   Comparing regions to reference database
DEBUG    14/10 21:09:17   Checking if antismash.modules.sactipeptides should be run
INFO     14/10 21:09:17   Running antismash.modules.sactipeptides
DEBUG    14/10 21:09:17   Found no sactipeptide motifs
DEBUG    14/10 21:09:17   Checking if antismash.modules.lassopeptides should be run
INFO     14/10 21:09:17   Running antismash.modules.lassopeptides
DEBUG    14/10 21:09:17   Lassopeptide module marked 0 motifs
DEBUG    14/10 21:09:17   Checking if antismash.modules.active_site_finder should be run
INFO     14/10 21:09:17   Running antismash.modules.active_site_finder
DEBUG    14/10 21:09:17   Checking if antismash.modules.pfam2go should be run
INFO     14/10 21:09:17   Running antismash.modules.pfam2go
DEBUG    14/10 21:09:17   Checking if antismash.modules.t2pks should be run
INFO     14/10 21:09:17   Running antismash.modules.t2pks
DEBUG    14/10 21:09:17   No type II PKS clusters to analyze
DEBUG    14/10 21:09:17   Checking if antismash.modules.rrefinder should be run
INFO     14/10 21:09:17   Running antismash.modules.rrefinder
DEBUG    14/10 21:09:17   Checking if antismash.modules.cluster_compare should be run
INFO     14/10 21:09:17   Running antismash.modules.cluster_compare
DEBUG    14/10 21:09:17   Loading comparison database: MIBiG
DEBUG    14/10 21:09:17   Comparison database loaded
INFO     14/10 21:09:17   Comparing regions to reference database
INFO     14/10 21:09:20   Analysing record: c00008_CC210A_..
DEBUG    14/10 21:09:20   Checking if antismash.detection.full_hmmer should be run
INFO     14/10 21:09:20   Detecting secondary metabolite clusters
DEBUG    14/10 21:09:20   Checking if antismash.detection.sideloader should be run
DEBUG    14/10 21:09:20   Checking if antismash.detection.hmm_detection should be run
INFO     14/10 21:09:20   Running antismash.detection.hmm_detection
INFO     14/10 21:09:20   HMM detection using strictness: relaxed
DEBUG    14/10 21:09:22   1 rule-based cluster(s) found in record
DEBUG    14/10 21:09:22   Checking if antismash.detection.cassis should be run
DEBUG    14/10 21:09:22   1 protoclusters found
DEBUG    14/10 21:09:22   0 subregions found
INFO     14/10 21:09:22   1 region(s) detected in record
DEBUG    14/10 21:09:22   Checking if antismash.detection.nrps_pks_domains should be run
INFO     14/10 21:09:22   Running antismash.detection.nrps_pks_domains
DEBUG    14/10 21:09:22   Marking NRPS/PKS CDS features and domains in clusters
DEBUG    14/10 21:09:23   Adding detection results from antismash.detection.nrps_pks_domains to record
DEBUG    14/10 21:09:23   Checking if antismash.detection.cluster_hmmer should be run
INFO     14/10 21:09:23   Running antismash.detection.cluster_hmmer
INFO     14/10 21:09:23   Running cluster PFAM search
DEBUG    14/10 21:09:36   Adding detection results from antismash.detection.cluster_hmmer to record
DEBUG    14/10 21:09:36   Checking if antismash.detection.genefunctions should be run
INFO     14/10 21:09:36   Running antismash.detection.genefunctions
DEBUG    14/10 21:09:39   Adding detection results from antismash.detection.genefunctions to record
DEBUG    14/10 21:09:39   annotating CDS features with resist info: 0 CDSes
DEBUG    14/10 21:09:39   annotating CDS features with smcogs info: 10 CDSes
DEBUG    14/10 21:09:39   Checking if antismash.detection.tigrfam should be run
INFO     14/10 21:09:39   Running antismash.detection.tigrfam
INFO     14/10 21:09:39   Running TIGRFam search
DEBUG    14/10 21:09:44   Adding detection results from antismash.detection.tigrfam to record
DEBUG    14/10 21:09:44   Checking if antismash.modules.smcog_trees should be run
DEBUG    14/10 21:09:44   Checking if antismash.modules.tta should be run
INFO     14/10 21:09:44   Running antismash.modules.tta
INFO     14/10 21:09:44   Detecting TTA codons
DEBUG    14/10 21:09:44   GC content: 73%
DEBUG    14/10 21:09:44   Detected 0 TTA codons
DEBUG    14/10 21:09:44   Checking if antismash.modules.lanthipeptides should be run
INFO     14/10 21:09:44   Running antismash.modules.lanthipeptides
DEBUG    14/10 21:09:44   Lanthipeptide module marked 0 motifs
DEBUG    14/10 21:09:44   Checking if antismash.modules.thiopeptides should be run
INFO     14/10 21:09:44   Running antismash.modules.thiopeptides
DEBUG    14/10 21:09:44   Thiopeptides marked 0 motifs
DEBUG    14/10 21:09:44   Checking if antismash.modules.nrps_pks should be run
INFO     14/10 21:09:44   Running antismash.modules.nrps_pks
DEBUG    14/10 21:09:44   No NRPS or PKS genes found, skipping analysis
DEBUG    14/10 21:09:44   Checking if antismash.modules.clusterblast should be run
INFO     14/10 21:09:44   Running antismash.modules.clusterblast
INFO     14/10 21:09:44   Finding internal homologs in each gene cluster...
INFO     14/10 21:09:45   Running ClusterBlast
INFO     14/10 21:09:45   ClusterBlast: Loading gene cluster database into memory...
INFO     14/10 21:09:46   ClusterBlast: Loading gene cluster database proteins into memory...
INFO     14/10 21:10:05   Comparing regions to reference database
INFO     14/10 21:10:14   Running subcluster search
INFO     14/10 21:10:14   SubClusterBlast: Loading gene cluster database into memory...
INFO     14/10 21:10:14   SubClusterBlast: Loading gene cluster database proteins into memory...
INFO     14/10 21:10:15   Running known cluster search
INFO     14/10 21:10:15   KnownClusterBlast: Loading gene cluster database into memory...
INFO     14/10 21:10:15   KnownClusterBlast: Loading gene cluster database proteins into memory...
DEBUG    14/10 21:10:16   Running DIAMOND knowncluster searches..
INFO     14/10 21:10:16   Comparing regions to reference database
DEBUG    14/10 21:10:19   Checking if antismash.modules.sactipeptides should be run
INFO     14/10 21:10:19   Running antismash.modules.sactipeptides
DEBUG    14/10 21:10:19   Found no sactipeptide motifs
DEBUG    14/10 21:10:19   Checking if antismash.modules.lassopeptides should be run
INFO     14/10 21:10:19   Running antismash.modules.lassopeptides
DEBUG    14/10 21:10:19   Lassopeptide module marked 0 motifs
DEBUG    14/10 21:10:19   Checking if antismash.modules.active_site_finder should be run
INFO     14/10 21:10:19   Running antismash.modules.active_site_finder
DEBUG    14/10 21:10:19   Checking if antismash.modules.pfam2go should be run
INFO     14/10 21:10:19   Running antismash.modules.pfam2go
DEBUG    14/10 21:10:19   Checking if antismash.modules.t2pks should be run
INFO     14/10 21:10:19   Running antismash.modules.t2pks
DEBUG    14/10 21:10:19   No type II PKS clusters to analyze
DEBUG    14/10 21:10:19   Checking if antismash.modules.rrefinder should be run
INFO     14/10 21:10:19   Running antismash.modules.rrefinder
DEBUG    14/10 21:10:19   Checking if antismash.modules.cluster_compare should be run
INFO     14/10 21:10:19   Running antismash.modules.cluster_compare
DEBUG    14/10 21:10:19   Loading comparison database: MIBiG
DEBUG    14/10 21:10:19   Comparison database loaded
INFO     14/10 21:10:19   Comparing regions to reference database
INFO     14/10 21:10:22   Analysing record: c00009_CC210A_..
DEBUG    14/10 21:10:22   Checking if antismash.detection.full_hmmer should be run
INFO     14/10 21:10:22   Detecting secondary metabolite clusters
DEBUG    14/10 21:10:22   Checking if antismash.detection.sideloader should be run
DEBUG    14/10 21:10:22   Checking if antismash.detection.hmm_detection should be run
INFO     14/10 21:10:22   Running antismash.detection.hmm_detection
INFO     14/10 21:10:22   HMM detection using strictness: relaxed
DEBUG    14/10 21:10:32   12 rule-based cluster(s) found in record
DEBUG    14/10 21:10:32   Checking if antismash.detection.cassis should be run
DEBUG    14/10 21:10:32   12 protoclusters found
DEBUG    14/10 21:10:32   0 subregions found
INFO     14/10 21:10:32   10 region(s) detected in record
DEBUG    14/10 21:10:32   Checking if antismash.detection.nrps_pks_domains should be run
INFO     14/10 21:10:32   Running antismash.detection.nrps_pks_domains
DEBUG    14/10 21:10:32   Marking NRPS/PKS CDS features and domains in clusters
DEBUG    14/10 21:10:35   Adding detection results from antismash.detection.nrps_pks_domains to record
DEBUG    14/10 21:10:35   Checking if antismash.detection.cluster_hmmer should be run
INFO     14/10 21:10:35   Running antismash.detection.cluster_hmmer
INFO     14/10 21:10:35   Running cluster PFAM search
DEBUG    14/10 21:12:46   Adding detection results from antismash.detection.cluster_hmmer to record
DEBUG    14/10 21:12:46   Checking if antismash.detection.genefunctions should be run
INFO     14/10 21:12:46   Running antismash.detection.genefunctions
DEBUG    14/10 21:13:03   Adding detection results from antismash.detection.genefunctions to record
DEBUG    14/10 21:13:03   annotating CDS features with resist info: 0 CDSes
DEBUG    14/10 21:13:03   annotating CDS features with smcogs info: 112 CDSes
DEBUG    14/10 21:13:03   Checking if antismash.detection.tigrfam should be run
INFO     14/10 21:13:03   Running antismash.detection.tigrfam
INFO     14/10 21:13:03   Running TIGRFam search
DEBUG    14/10 21:13:47   Adding detection results from antismash.detection.tigrfam to record
DEBUG    14/10 21:13:47   Checking if antismash.modules.smcog_trees should be run
DEBUG    14/10 21:13:47   Checking if antismash.modules.tta should be run
INFO     14/10 21:13:47   Running antismash.modules.tta
INFO     14/10 21:13:47   Detecting TTA codons
DEBUG    14/10 21:13:47   GC content: 74%
DEBUG    14/10 21:13:48   Detected 7 TTA codons
DEBUG    14/10 21:13:48   Checking if antismash.modules.lanthipeptides should be run
INFO     14/10 21:13:48   Running antismash.modules.lanthipeptides
DEBUG    14/10 21:13:48   Lanthipeptide module marked 0 motifs
DEBUG    14/10 21:13:48   Checking if antismash.modules.thiopeptides should be run
INFO     14/10 21:13:48   Running antismash.modules.thiopeptides
DEBUG    14/10 21:13:48   Thiopeptides marked 0 motifs
DEBUG    14/10 21:13:48   Checking if antismash.modules.nrps_pks should be run
INFO     14/10 21:13:48   Running antismash.modules.nrps_pks
INFO     14/10 21:13:48   Predicting A domain substrate specificities with NRPSPredictor2
INFO     14/10 21:13:53   Predicting PKS AT domain substrate specificities by Yadav et al. PKS signature sequences
INFO     14/10 21:13:55   Predicting PKS AT domain substrate specificities by Minowa et al. method
INFO     14/10 21:14:04   Predicting CAL domain substrate specificities by Minowa et al. method
INFO     14/10 21:14:05   Predicting PKS KR activity and stereochemistry using KR fingerprints from Starcevic et al.
DEBUG    14/10 21:14:07   missing fatty_acid from SMILES parts for domain nrpspksdomains_cds460870_462655_CAL_domain.1
DEBUG    14/10 21:14:07   CandidateCluster 1 monomer ordering method: colinear
DEBUG    14/10 21:14:07   CandidateCluster 2 monomer ordering method: colinear
DEBUG    14/10 21:14:07   CandidateCluster 5 monomer ordering method: colinear
DEBUG    14/10 21:14:07   CandidateCluster 10 monomer ordering method: colinear
DEBUG    14/10 21:14:07   CandidateCluster 12 monomer ordering method: colinear
DEBUG    14/10 21:14:07   Checking if antismash.modules.clusterblast should be run
INFO     14/10 21:14:07   Running antismash.modules.clusterblast
INFO     14/10 21:14:07   Finding internal homologs in each gene cluster...
INFO     14/10 21:14:12   Running ClusterBlast
INFO     14/10 21:14:12   ClusterBlast: Loading gene cluster database into memory...
INFO     14/10 21:14:15   ClusterBlast: Loading gene cluster database proteins into memory...
INFO     14/10 21:14:33   Comparing regions to reference database
INFO     14/10 21:15:20   Running subcluster search
INFO     14/10 21:15:20   SubClusterBlast: Loading gene cluster database into memory...
INFO     14/10 21:15:20   SubClusterBlast: Loading gene cluster database proteins into memory...
INFO     14/10 21:15:36   Running known cluster search
INFO     14/10 21:15:36   KnownClusterBlast: Loading gene cluster database into memory...
INFO     14/10 21:15:36   KnownClusterBlast: Loading gene cluster database proteins into memory...
DEBUG    14/10 21:15:36   Running DIAMOND knowncluster searches..
INFO     14/10 21:15:36   Comparing regions to reference database
DEBUG    14/10 21:15:42   Checking if antismash.modules.sactipeptides should be run
INFO     14/10 21:15:42   Running antismash.modules.sactipeptides
DEBUG    14/10 21:15:42   Found no sactipeptide motifs
DEBUG    14/10 21:15:42   Checking if antismash.modules.lassopeptides should be run
INFO     14/10 21:15:42   Running antismash.modules.lassopeptides
DEBUG    14/10 21:15:56   Lassopeptide module marked 0 motifs
DEBUG    14/10 21:15:56   Checking if antismash.modules.active_site_finder should be run
INFO     14/10 21:15:56   Running antismash.modules.active_site_finder
DEBUG    14/10 21:15:58   Checking if antismash.modules.pfam2go should be run
INFO     14/10 21:15:58   Running antismash.modules.pfam2go
DEBUG    14/10 21:15:58   Checking if antismash.modules.t2pks should be run
INFO     14/10 21:15:58   Running antismash.modules.t2pks
DEBUG    14/10 21:15:58   No type II PKS clusters to analyze
DEBUG    14/10 21:15:58   Checking if antismash.modules.rrefinder should be run
INFO     14/10 21:15:58   Running antismash.modules.rrefinder
DEBUG    14/10 21:15:59   Checking if antismash.modules.cluster_compare should be run
INFO     14/10 21:15:59   Running antismash.modules.cluster_compare
DEBUG    14/10 21:15:59   Loading comparison database: MIBiG
DEBUG    14/10 21:15:59   Comparison database loaded
INFO     14/10 21:15:59   Comparing regions to reference database
DEBUG    14/10 21:16:05   Writing json results to '/data/antismash/upload/bacteria-f12e1d2b-eb4c-408e-a4fe-7055a0956eac/6666666.871044.json'
DEBUG    14/10 21:16:05   Record c00001_CC210A_.. has results for modules: hmm_detection, nrps_pks_domains, cluster_hmmer, genefunctions, tigrfam, lanthipeptides, thiopeptides, nrps_pks, clusterblast, sactipeptides, lassopeptides, active_site_finder, pfam2go, t2pks, rrefinder, cluster_compare
DEBUG    14/10 21:16:05   Converting antismash.detection.hmm_detection results to json
DEBUG    14/10 21:16:05   Converting antismash.detection.nrps_pks_domains results to json
DEBUG    14/10 21:16:05   Converting antismash.detection.cluster_hmmer results to json
DEBUG    14/10 21:16:05   Converting antismash.detection.genefunctions results to json
DEBUG    14/10 21:16:05   Converting antismash.detection.tigrfam results to json
DEBUG    14/10 21:16:05   Converting antismash.modules.tta results to json
DEBUG    14/10 21:16:05   Converting antismash.modules.lanthipeptides results to json
DEBUG    14/10 21:16:05   Converting antismash.modules.thiopeptides results to json
DEBUG    14/10 21:16:05   Converting antismash.modules.nrps_pks results to json
DEBUG    14/10 21:16:05   Converting antismash.modules.clusterblast results to json
DEBUG    14/10 21:16:05   Converting antismash.modules.sactipeptides results to json
DEBUG    14/10 21:16:05   Converting antismash.modules.lassopeptides results to json
DEBUG    14/10 21:16:05   Converting antismash.modules.active_site_finder results to json
DEBUG    14/10 21:16:05   Converting antismash.modules.pfam2go results to json
DEBUG    14/10 21:16:05   Converting antismash.modules.t2pks results to json
DEBUG    14/10 21:16:05   Converting antismash.modules.rrefinder results to json
DEBUG    14/10 21:16:05   Converting antismash.modules.cluster_compare results to json
DEBUG    14/10 21:16:05   Record c00002_CC210A_.. has results for modules: hmm_detection
DEBUG    14/10 21:16:05   Converting antismash.detection.hmm_detection results to json
DEBUG    14/10 21:16:05   Record c00003_CC210A_.. has results for modules: hmm_detection
DEBUG    14/10 21:16:05   Converting antismash.detection.hmm_detection results to json
DEBUG    14/10 21:16:05   Record c00004_CC210A_.. has results for modules: hmm_detection
DEBUG    14/10 21:16:05   Converting antismash.detection.hmm_detection results to json
DEBUG    14/10 21:16:05   Record c00005_CC210A_.. has results for modules: hmm_detection, nrps_pks_domains, cluster_hmmer, genefunctions, tigrfam, tta, lanthipeptides, thiopeptides, nrps_pks, clusterblast, sactipeptides, lassopeptides, active_site_finder, pfam2go, t2pks, rrefinder, cluster_compare
DEBUG    14/10 21:16:05   Converting antismash.detection.hmm_detection results to json
DEBUG    14/10 21:16:05   Converting antismash.detection.nrps_pks_domains results to json
DEBUG    14/10 21:16:05   Converting antismash.detection.cluster_hmmer results to json
DEBUG    14/10 21:16:05   Converting antismash.detection.genefunctions results to json
DEBUG    14/10 21:16:05   Converting antismash.detection.tigrfam results to json
DEBUG    14/10 21:16:05   Converting antismash.modules.tta results to json
DEBUG    14/10 21:16:05   Converting antismash.modules.lanthipeptides results to json
DEBUG    14/10 21:16:05   Converting antismash.modules.thiopeptides results to json
DEBUG    14/10 21:16:05   Converting antismash.modules.nrps_pks results to json
DEBUG    14/10 21:16:05   Converting antismash.modules.clusterblast results to json
DEBUG    14/10 21:16:05   Converting antismash.modules.sactipeptides results to json
DEBUG    14/10 21:16:05   Converting antismash.modules.lassopeptides results to json
DEBUG    14/10 21:16:05   Converting antismash.modules.active_site_finder results to json
DEBUG    14/10 21:16:05   Converting antismash.modules.pfam2go results to json
DEBUG    14/10 21:16:05   Converting antismash.modules.t2pks results to json
DEBUG    14/10 21:16:05   Converting antismash.modules.rrefinder results to json
DEBUG    14/10 21:16:05   Converting antismash.modules.cluster_compare results to json
DEBUG    14/10 21:16:05   Record c00006_CC210A_.. has results for modules: hmm_detection, nrps_pks_domains, cluster_hmmer, genefunctions, tigrfam, lanthipeptides, thiopeptides, nrps_pks, clusterblast, sactipeptides, lassopeptides, active_site_finder, pfam2go, t2pks, rrefinder, cluster_compare
DEBUG    14/10 21:16:05   Converting antismash.detection.hmm_detection results to json
DEBUG    14/10 21:16:05   Converting antismash.detection.nrps_pks_domains results to json
DEBUG    14/10 21:16:05   Converting antismash.detection.cluster_hmmer results to json
DEBUG    14/10 21:16:05   Converting antismash.detection.genefunctions results to json
DEBUG    14/10 21:16:05   Converting antismash.detection.tigrfam results to json
DEBUG    14/10 21:16:05   Converting antismash.modules.tta results to json
DEBUG    14/10 21:16:05   Converting antismash.modules.lanthipeptides results to json
DEBUG    14/10 21:16:05   Converting antismash.modules.thiopeptides results to json
DEBUG    14/10 21:16:05   Converting antismash.modules.nrps_pks results to json
DEBUG    14/10 21:16:05   Converting antismash.modules.clusterblast results to json
DEBUG    14/10 21:16:05   Converting antismash.modules.sactipeptides results to json
DEBUG    14/10 21:16:05   Converting antismash.modules.lassopeptides results to json
DEBUG    14/10 21:16:05   Converting antismash.modules.active_site_finder results to json
DEBUG    14/10 21:16:05   Converting antismash.modules.pfam2go results to json
DEBUG    14/10 21:16:05   Converting antismash.modules.t2pks results to json
DEBUG    14/10 21:16:05   Converting antismash.modules.rrefinder results to json
DEBUG    14/10 21:16:05   Converting antismash.modules.cluster_compare results to json
DEBUG    14/10 21:16:05   Record c00007_CC210A_.. has results for modules: hmm_detection, nrps_pks_domains, cluster_hmmer, genefunctions, tigrfam, tta, lanthipeptides, thiopeptides, nrps_pks, clusterblast, sactipeptides, lassopeptides, active_site_finder, pfam2go, t2pks, rrefinder, cluster_compare
DEBUG    14/10 21:16:05   Converting antismash.detection.hmm_detection results to json
DEBUG    14/10 21:16:05   Converting antismash.detection.nrps_pks_domains results to json
DEBUG    14/10 21:16:05   Converting antismash.detection.cluster_hmmer results to json
DEBUG    14/10 21:16:05   Converting antismash.detection.genefunctions results to json
DEBUG    14/10 21:16:05   Converting antismash.detection.tigrfam results to json
DEBUG    14/10 21:16:05   Converting antismash.modules.tta results to json
DEBUG    14/10 21:16:05   Converting antismash.modules.lanthipeptides results to json
DEBUG    14/10 21:16:05   Converting antismash.modules.thiopeptides results to json
DEBUG    14/10 21:16:05   Converting antismash.modules.nrps_pks results to json
DEBUG    14/10 21:16:05   Converting antismash.modules.clusterblast results to json
DEBUG    14/10 21:16:05   Converting antismash.modules.sactipeptides results to json
DEBUG    14/10 21:16:05   Converting antismash.modules.lassopeptides results to json
DEBUG    14/10 21:16:05   Converting antismash.modules.active_site_finder results to json
DEBUG    14/10 21:16:05   Converting antismash.modules.pfam2go results to json
DEBUG    14/10 21:16:05   Converting antismash.modules.t2pks results to json
DEBUG    14/10 21:16:05   Converting antismash.modules.rrefinder results to json
DEBUG    14/10 21:16:05   Converting antismash.modules.cluster_compare results to json
DEBUG    14/10 21:16:05   Record c00008_CC210A_.. has results for modules: hmm_detection, nrps_pks_domains, cluster_hmmer, genefunctions, tigrfam, lanthipeptides, thiopeptides, nrps_pks, clusterblast, sactipeptides, lassopeptides, active_site_finder, pfam2go, t2pks, rrefinder, cluster_compare
DEBUG    14/10 21:16:05   Converting antismash.detection.hmm_detection results to json
DEBUG    14/10 21:16:05   Converting antismash.detection.nrps_pks_domains results to json
DEBUG    14/10 21:16:05   Converting antismash.detection.cluster_hmmer results to json
DEBUG    14/10 21:16:05   Converting antismash.detection.genefunctions results to json
DEBUG    14/10 21:16:05   Converting antismash.detection.tigrfam results to json
DEBUG    14/10 21:16:05   Converting antismash.modules.tta results to json
DEBUG    14/10 21:16:05   Converting antismash.modules.lanthipeptides results to json
DEBUG    14/10 21:16:05   Converting antismash.modules.thiopeptides results to json
DEBUG    14/10 21:16:05   Converting antismash.modules.nrps_pks results to json
DEBUG    14/10 21:16:05   Converting antismash.modules.clusterblast results to json
DEBUG    14/10 21:16:05   Converting antismash.modules.sactipeptides results to json
DEBUG    14/10 21:16:05   Converting antismash.modules.lassopeptides results to json
DEBUG    14/10 21:16:05   Converting antismash.modules.active_site_finder results to json
DEBUG    14/10 21:16:05   Converting antismash.modules.pfam2go results to json
DEBUG    14/10 21:16:05   Converting antismash.modules.t2pks results to json
DEBUG    14/10 21:16:05   Converting antismash.modules.rrefinder results to json
DEBUG    14/10 21:16:05   Converting antismash.modules.cluster_compare results to json
DEBUG    14/10 21:16:05   Record c00009_CC210A_.. has results for modules: hmm_detection, nrps_pks_domains, cluster_hmmer, genefunctions, tigrfam, tta, lanthipeptides, thiopeptides, nrps_pks, clusterblast, sactipeptides, lassopeptides, active_site_finder, pfam2go, t2pks, rrefinder, cluster_compare
DEBUG    14/10 21:16:05   Converting antismash.detection.hmm_detection results to json
DEBUG    14/10 21:16:05   Converting antismash.detection.nrps_pks_domains results to json
DEBUG    14/10 21:16:05   Converting antismash.detection.cluster_hmmer results to json
DEBUG    14/10 21:16:05   Converting antismash.detection.genefunctions results to json
DEBUG    14/10 21:16:05   Converting antismash.detection.tigrfam results to json
DEBUG    14/10 21:16:05   Converting antismash.modules.tta results to json
DEBUG    14/10 21:16:05   Converting antismash.modules.lanthipeptides results to json
DEBUG    14/10 21:16:05   Converting antismash.modules.thiopeptides results to json
DEBUG    14/10 21:16:05   Converting antismash.modules.nrps_pks results to json
DEBUG    14/10 21:16:05   Converting antismash.modules.clusterblast results to json
DEBUG    14/10 21:16:05   Converting antismash.modules.sactipeptides results to json
DEBUG    14/10 21:16:05   Converting antismash.modules.lassopeptides results to json
DEBUG    14/10 21:16:05   Converting antismash.modules.active_site_finder results to json
DEBUG    14/10 21:16:05   Converting antismash.modules.pfam2go results to json
DEBUG    14/10 21:16:05   Converting antismash.modules.t2pks results to json
DEBUG    14/10 21:16:05   Converting antismash.modules.rrefinder results to json
DEBUG    14/10 21:16:05   Converting antismash.modules.cluster_compare results to json
DEBUG    14/10 21:16:06   Annotating record c00001_CC210A_.. with results from: hmm_detection, nrps_pks_domains, cluster_hmmer, genefunctions, tigrfam, tta, lanthipeptides, thiopeptides, nrps_pks, clusterblast, sactipeptides, lassopeptides, active_site_finder, pfam2go, t2pks, rrefinder, cluster_compare
DEBUG    14/10 21:16:06    Adding results from antismash.modules.tta
DEBUG    14/10 21:16:06    Adding results from antismash.modules.lanthipeptides
DEBUG    14/10 21:16:06    Adding results from antismash.modules.thiopeptides
DEBUG    14/10 21:16:06    Adding results from antismash.modules.nrps_pks
DEBUG    14/10 21:16:06    Adding results from antismash.modules.clusterblast
DEBUG    14/10 21:16:06    Adding results from antismash.modules.sactipeptides
DEBUG    14/10 21:16:06    Adding results from antismash.modules.lassopeptides
DEBUG    14/10 21:16:06    Adding results from antismash.modules.active_site_finder
DEBUG    14/10 21:16:06    Adding results from antismash.modules.pfam2go
DEBUG    14/10 21:16:06    Adding results from antismash.modules.t2pks
DEBUG    14/10 21:16:06    Adding results from antismash.modules.rrefinder
DEBUG    14/10 21:16:06    Adding results from antismash.modules.cluster_compare
DEBUG    14/10 21:16:06   Not annotating skipped record c00002_CC210A_..: No regions detected
DEBUG    14/10 21:16:06   Not annotating skipped record c00003_CC210A_..: No regions detected
DEBUG    14/10 21:16:06   Not annotating skipped record c00004_CC210A_..: No regions detected
DEBUG    14/10 21:16:06   Annotating record c00005_CC210A_.. with results from: hmm_detection, nrps_pks_domains, cluster_hmmer, genefunctions, tigrfam, tta, lanthipeptides, thiopeptides, nrps_pks, clusterblast, sactipeptides, lassopeptides, active_site_finder, pfam2go, t2pks, rrefinder, cluster_compare
DEBUG    14/10 21:16:06    Adding results from antismash.modules.tta
DEBUG    14/10 21:16:06    Adding results from antismash.modules.lanthipeptides
DEBUG    14/10 21:16:06    Adding results from antismash.modules.thiopeptides
DEBUG    14/10 21:16:06    Adding results from antismash.modules.nrps_pks
DEBUG    14/10 21:16:06    Adding results from antismash.modules.clusterblast
DEBUG    14/10 21:16:06    Adding results from antismash.modules.sactipeptides
DEBUG    14/10 21:16:06    Adding results from antismash.modules.lassopeptides
DEBUG    14/10 21:16:06    Adding results from antismash.modules.active_site_finder
DEBUG    14/10 21:16:06    Adding results from antismash.modules.pfam2go
DEBUG    14/10 21:16:06    Adding results from antismash.modules.t2pks
DEBUG    14/10 21:16:06    Adding results from antismash.modules.rrefinder
DEBUG    14/10 21:16:06    Adding results from antismash.modules.cluster_compare
DEBUG    14/10 21:16:06   Annotating record c00006_CC210A_.. with results from: hmm_detection, nrps_pks_domains, cluster_hmmer, genefunctions, tigrfam, tta, lanthipeptides, thiopeptides, nrps_pks, clusterblast, sactipeptides, lassopeptides, active_site_finder, pfam2go, t2pks, rrefinder, cluster_compare
DEBUG    14/10 21:16:06    Adding results from antismash.modules.tta
DEBUG    14/10 21:16:06    Adding results from antismash.modules.lanthipeptides
DEBUG    14/10 21:16:06    Adding results from antismash.modules.thiopeptides
DEBUG    14/10 21:16:06    Adding results from antismash.modules.nrps_pks
DEBUG    14/10 21:16:06    Adding results from antismash.modules.clusterblast
DEBUG    14/10 21:16:06    Adding results from antismash.modules.sactipeptides
DEBUG    14/10 21:16:06    Adding results from antismash.modules.lassopeptides
DEBUG    14/10 21:16:06    Adding results from antismash.modules.active_site_finder
DEBUG    14/10 21:16:06    Adding results from antismash.modules.pfam2go
DEBUG    14/10 21:16:06    Adding results from antismash.modules.t2pks
DEBUG    14/10 21:16:06    Adding results from antismash.modules.rrefinder
DEBUG    14/10 21:16:06    Adding results from antismash.modules.cluster_compare
DEBUG    14/10 21:16:06   Annotating record c00007_CC210A_.. with results from: hmm_detection, nrps_pks_domains, cluster_hmmer, genefunctions, tigrfam, tta, lanthipeptides, thiopeptides, nrps_pks, clusterblast, sactipeptides, lassopeptides, active_site_finder, pfam2go, t2pks, rrefinder, cluster_compare
DEBUG    14/10 21:16:06    Adding results from antismash.modules.tta
DEBUG    14/10 21:16:06    Adding results from antismash.modules.lanthipeptides
DEBUG    14/10 21:16:06    Adding results from antismash.modules.thiopeptides
DEBUG    14/10 21:16:06    Adding results from antismash.modules.nrps_pks
DEBUG    14/10 21:16:06    Adding results from antismash.modules.clusterblast
DEBUG    14/10 21:16:06    Adding results from antismash.modules.sactipeptides
DEBUG    14/10 21:16:06    Adding results from antismash.modules.lassopeptides
DEBUG    14/10 21:16:06    Adding results from antismash.modules.active_site_finder
DEBUG    14/10 21:16:06    Adding results from antismash.modules.pfam2go
DEBUG    14/10 21:16:06    Adding results from antismash.modules.t2pks
DEBUG    14/10 21:16:06    Adding results from antismash.modules.rrefinder
DEBUG    14/10 21:16:06    Adding results from antismash.modules.cluster_compare
DEBUG    14/10 21:16:06   Annotating record c00008_CC210A_.. with results from: hmm_detection, nrps_pks_domains, cluster_hmmer, genefunctions, tigrfam, tta, lanthipeptides, thiopeptides, nrps_pks, clusterblast, sactipeptides, lassopeptides, active_site_finder, pfam2go, t2pks, rrefinder, cluster_compare
DEBUG    14/10 21:16:06    Adding results from antismash.modules.tta
DEBUG    14/10 21:16:06    Adding results from antismash.modules.lanthipeptides
DEBUG    14/10 21:16:06    Adding results from antismash.modules.thiopeptides
DEBUG    14/10 21:16:06    Adding results from antismash.modules.nrps_pks
DEBUG    14/10 21:16:06    Adding results from antismash.modules.clusterblast
DEBUG    14/10 21:16:06    Adding results from antismash.modules.sactipeptides
DEBUG    14/10 21:16:06    Adding results from antismash.modules.lassopeptides
DEBUG    14/10 21:16:06    Adding results from antismash.modules.active_site_finder
DEBUG    14/10 21:16:06    Adding results from antismash.modules.pfam2go
DEBUG    14/10 21:16:06    Adding results from antismash.modules.t2pks
DEBUG    14/10 21:16:06    Adding results from antismash.modules.rrefinder
DEBUG    14/10 21:16:06    Adding results from antismash.modules.cluster_compare
DEBUG    14/10 21:16:06   Annotating record c00009_CC210A_.. with results from: hmm_detection, nrps_pks_domains, cluster_hmmer, genefunctions, tigrfam, tta, lanthipeptides, thiopeptides, nrps_pks, clusterblast, sactipeptides, lassopeptides, active_site_finder, pfam2go, t2pks, rrefinder, cluster_compare
DEBUG    14/10 21:16:06    Adding results from antismash.modules.tta
DEBUG    14/10 21:16:06    Adding results from antismash.modules.lanthipeptides
DEBUG    14/10 21:16:06    Adding results from antismash.modules.thiopeptides
DEBUG    14/10 21:16:06    Adding results from antismash.modules.nrps_pks
DEBUG    14/10 21:16:06    Adding results from antismash.modules.clusterblast
DEBUG    14/10 21:16:06    Adding results from antismash.modules.sactipeptides
DEBUG    14/10 21:16:06    Adding results from antismash.modules.lassopeptides
DEBUG    14/10 21:16:06    Adding results from antismash.modules.active_site_finder
DEBUG    14/10 21:16:06    Adding results from antismash.modules.pfam2go
DEBUG    14/10 21:16:06    Adding results from antismash.modules.t2pks
DEBUG    14/10 21:16:06    Adding results from antismash.modules.rrefinder
DEBUG    14/10 21:16:06    Adding results from antismash.modules.cluster_compare
DEBUG    14/10 21:16:06   Creating results page
DEBUG    14/10 21:16:32   Creating results SVGs
DEBUG    14/10 21:16:32   Writing seq_records SVGs to '/data/antismash/upload/bacteria-f12e1d2b-eb4c-408e-a4fe-7055a0956eac/svg'
DEBUG    14/10 21:16:36   Writing cluster-specific genbank files
DEBUG    14/10 21:16:37   Writing final genbank file to '/data/antismash/upload/bacteria-f12e1d2b-eb4c-408e-a4fe-7055a0956eac/6666666.871044.gbk'
DEBUG    14/10 21:16:38   Zipping output to '/data/antismash/upload/bacteria-f12e1d2b-eb4c-408e-a4fe-7055a0956eac/6666666.871044.zip'
